#
# A fatal error has been detected by the Java Runtime Environment:
#
#  EXCEPTION_ACCESS_VIOLATION (0xc0000005) at pc=0x00007fff07261390, pid=612, tid=21428
#
# JRE version: Java(TM) SE Runtime Environment 18.9 (11.0.7+8) (build 11.0.7+8-LTS)
# Java VM: Java HotSpot(TM) 64-Bit Server VM 18.9 (11.0.7+8-LTS, mixed mode, tiered, compressed oops, g1 gc, windows-amd64)
# Problematic frame:
# V  [jvm.dll+0x111390]
#
# No core dump will be written. Minidumps are not enabled by default on client versions of Windows
#
# If you would like to submit a bug report, please visit:
#   https://bugreport.java.com/bugreport/crash.jsp
#

---------------  S U M M A R Y ------------

Command Line: --module-path=F:\openjfx-11.0.2_windows-x64_bin-sdk\javafx-sdk-11.0.2\lib --add-modules=javafx.controls,javafx.media,javafx.graphics,javafx.fxml --add-exports=javafx.graphics/com.sun.javafx.sg.prism=ALL-UNNAMED --add-modules=javafx.base,javafx.graphics --add-reads=javafx.base=ALL-UNNAMED --add-reads=javafx.graphics=ALL-UNNAMED -javaagent:C:\Program Files\JetBrains\IntelliJ IDEA Community Edition 2019.3.3\lib\idea_rt.jar=64372:C:\Program Files\JetBrains\IntelliJ IDEA Community Edition 2019.3.3\bin -Dfile.encoding=UTF-8 sample.Main

Host: Intel(R) Core(TM) i5-8265U CPU @ 1.60GHz, 8 cores, 7G,  Windows 10 , 64 bit Build 18362 (10.0.18362.1110)
Time: Fri Dec 11 19:10:22 2020 India Standard Time elapsed time: 7 seconds (0d 0h 0m 7s)

---------------  T H R E A D  ---------------

Current thread (0x000002224fc3b000):  JavaThread "JavaFX Application Thread" [_thread_in_Java, id=21428, stack(0x00000089d7c00000,0x00000089d7d00000)]

Stack: [0x00000089d7c00000,0x00000089d7d00000],  sp=0x00000089d7cfb8d8,  free space=1006k
Native frames: (J=compiled Java code, j=interpreted, Vv=VM code, C=native code)
V  [jvm.dll+0x111390]


siginfo: EXCEPTION_ACCESS_VIOLATION (0xc0000005), reading address 0x00000000000001b0


Register to memory mapping:

RIP=0x00007fff07261390 jvm.dll
RAX=0x00000089d7cfbb88 is pointing into the stack for thread: 0x000002224fc3b000
RBX=0x0000000000000001 is an unknown value
RCX=0x00000000000001b0 is an unknown value
RDX=0x00000000000001b0 is an unknown value
RSP=0x00000089d7cfb8d8 is pointing into the stack for thread: 0x000002224fc3b000
RBP=0x00000089d7cfb9e0 is pointing into the stack for thread: 0x000002224fc3b000
RSI=0x00000089d7cfbb80 is pointing into the stack for thread: 0x000002224fc3b000
RDI=0x0000000000000001 is an unknown value
R8 =0x000002224feb91c0 points into unknown readable memory: 02 00 00 00 00 00 00 00
R9 =0x00000089d7cfbc90 is pointing into the stack for thread: 0x000002224fc3b000
R10=0x00000089d7cfbb00 is pointing into the stack for thread: 0x000002224fc3b000
R11=0x00000089d7cfb888 is pointing into the stack for thread: 0x000002224fc3b000
R12=0x0 is NULL
R13=0x00000089d7cfbb00 is pointing into the stack for thread: 0x000002224fc3b000
R14=0x000002224fc3b000 is a thread
R15=0x0000000000000003 is an unknown value


Registers:
RAX=0x00000089d7cfbb88, RBX=0x0000000000000001, RCX=0x00000000000001b0, RDX=0x00000000000001b0
RSP=0x00000089d7cfb8d8, RBP=0x00000089d7cfb9e0, RSI=0x00000089d7cfbb80, RDI=0x0000000000000001
R8 =0x000002224feb91c0, R9 =0x00000089d7cfbc90, R10=0x00000089d7cfbb00, R11=0x00000089d7cfb888
R12=0x0000000000000000, R13=0x00000089d7cfbb00, R14=0x000002224fc3b000, R15=0x0000000000000003
RIP=0x00007fff07261390, EFLAGS=0x0000000000010246

Top of Stack: (sp=0x00000089d7cfb8d8)
0x00000089d7cfb8d8:   00007fff074e0d35 00000089d7cf48e0
0x00000089d7cfb8e8:   00000089d7cfb9e0 00000089d7cfbb80
0x00000089d7cfb8f8:   0000000000000000 000002224fc3b000
0x00000089d7cfb908:   000002222d759570 0000980c0b311658
0x00000089d7cfb918:   00007fff661145bd 000002223772db40
0x00000089d7cfb928:   000002224fc38c28 000002224fc3b000
0x00000089d7cfb938:   000002224edcb370 000002224e0d8488
0x00000089d7cfb948:   0000000081c74800 00000089d7cfc090
0x00000089d7cfb958:   000002223772f008 00000089d7cfc120
0x00000089d7cfb968:   00000089d7cfbc90 00000089d7cfbc98
0x00000089d7cfb978:   0000000000000047 0000000000000000
0x00000089d7cfb988:   0000000000000000 0000000000000287
0x00000089d7cfb998:   00007fff66bb251f 00003c0278406da9
0x00000089d7cfb9a8:   0000000000000000 0000000000000006
0x00000089d7cfb9b8:   0000000000000000 000002224fa69bc0
0x00000089d7cfb9c8:   0000000000000287 000002224fc3b000 

Instructions: (pc=0x00007fff07261390)
0x00007fff07261370:   8b 01 85 c0 75 03 33 c0 c3 8b 0d 09 2c 93 00 48
0x00007fff07261380:   d3 e0 48 03 05 f7 2b 93 00 c3 cc cc cc cc cc cc
0x00007fff07261390:   48 8b 01 c3 cc cc cc cc cc cc cc cc cc cc cc cc
0x00007fff072613a0:   48 89 5c 24 08 48 89 74 24 10 57 48 83 ec 20 48 


Stack slot to memory mapping:
stack at sp + 0 slots: 0x00007fff074e0d35 jvm.dll
stack at sp + 1 slots: 0x00000089d7cf48e0 is pointing into the stack for thread: 0x000002224fc3b000
stack at sp + 2 slots: 0x00000089d7cfb9e0 is pointing into the stack for thread: 0x000002224fc3b000
stack at sp + 3 slots: 0x00000089d7cfbb80 is pointing into the stack for thread: 0x000002224fc3b000
stack at sp + 4 slots: 0x0 is NULL
stack at sp + 5 slots: 0x000002224fc3b000 is a thread
stack at sp + 6 slots: 0x000002222d759570 points into unknown readable memory: 5e 03 10 00 00 00 00 00
stack at sp + 7 slots: 0x0000980c0b311658 is an unknown value


---------------  P R O C E S S  ---------------

Threads class SMR info:
_java_thread_list=0x0000022257526910, length=40, elements={
0x000002222f319800, 0x000002224dfe7000, 0x000002224dfdd000, 0x000002224dfe9800,
0x000002224dff2000, 0x000002224dff5800, 0x000002224e94f800, 0x000002224e952800,
0x000002224eaca000, 0x000002224eb10800, 0x000002224f2a7800, 0x000002224fc0e000,
0x000002224fcfc800, 0x000002224fc3b000, 0x000002224f74c000, 0x000002224f3cc800,
0x000002224eb1f000, 0x000002224f853000, 0x0000022257958000, 0x000002224fd16800,
0x000002224fd9e000, 0x000002224fd9f000, 0x000002224fd9f800, 0x0000022250041000,
0x000002225003e800, 0x0000022250043800, 0x0000022250044000, 0x000002225004a000,
0x0000022250049000, 0x000002225004b800, 0x0000022250045800, 0x0000022250042800,
0x0000022250040000, 0x000002225003c800, 0x0000022250041800, 0x000002225003f000,
0x000002225003d800, 0x000002225004a800, 0x0000022250047800, 0x0000022250045000
}

Java Threads: ( => current thread )
  0x000002222f319800 JavaThread "main" [_thread_blocked, id=17644, stack(0x00000089d6600000,0x00000089d6700000)]
  0x000002224dfe7000 JavaThread "Reference Handler" daemon [_thread_blocked, id=21920, stack(0x00000089d6d00000,0x00000089d6e00000)]
  0x000002224dfdd000 JavaThread "Finalizer" daemon [_thread_blocked, id=3592, stack(0x00000089d6e00000,0x00000089d6f00000)]
  0x000002224dfe9800 JavaThread "Signal Dispatcher" daemon [_thread_blocked, id=21408, stack(0x00000089d6f00000,0x00000089d7000000)]
  0x000002224dff2000 JavaThread "Attach Listener" daemon [_thread_blocked, id=8136, stack(0x00000089d7000000,0x00000089d7100000)]
  0x000002224dff5800 JavaThread "C2 CompilerThread0" daemon [_thread_blocked, id=10152, stack(0x00000089d7100000,0x00000089d7200000)]
  0x000002224e94f800 JavaThread "C1 CompilerThread0" daemon [_thread_blocked, id=15368, stack(0x00000089d7200000,0x00000089d7300000)]
  0x000002224e952800 JavaThread "Sweeper thread" daemon [_thread_blocked, id=21220, stack(0x00000089d7300000,0x00000089d7400000)]
  0x000002224eaca000 JavaThread "Common-Cleaner" daemon [_thread_blocked, id=20840, stack(0x00000089d7400000,0x00000089d7500000)]
  0x000002224eb10800 JavaThread "Monitor Ctrl-Break" daemon [_thread_in_native, id=19408, stack(0x00000089d7700000,0x00000089d7800000)]
  0x000002224f2a7800 JavaThread "Service Thread" daemon [_thread_blocked, id=10452, stack(0x00000089d7800000,0x00000089d7900000)]
  0x000002224fc0e000 JavaThread "QuantumRenderer-0" daemon [_thread_blocked, id=2196, stack(0x00000089d7a00000,0x00000089d7b00000)]
  0x000002224fcfc800 JavaThread "InvokeLaterDispatcher" daemon [_thread_blocked, id=17908, stack(0x00000089d7b00000,0x00000089d7c00000)]
=>0x000002224fc3b000 JavaThread "JavaFX Application Thread" [_thread_in_Java, id=21428, stack(0x00000089d7c00000,0x00000089d7d00000)]
  0x000002224f74c000 JavaThread "JavaFX-Launcher" [_thread_blocked, id=16012, stack(0x00000089d8100000,0x00000089d8200000)]
  0x000002224f3cc800 JavaThread "Thread-2" daemon [_thread_in_native, id=10912, stack(0x00000089d8000000,0x00000089d8100000)]
  0x000002224eb1f000 JavaThread "Prism Font Disposer" daemon [_thread_blocked, id=14900, stack(0x00000089d7500000,0x00000089d7600000)]
  0x000002224f853000 JavaThread "C2 CompilerThread1" daemon [_thread_blocked, id=5344, stack(0x00000089d8900000,0x00000089d8a00000)]
  0x0000022257958000 JavaThread "Cleaner-0" daemon [_thread_blocked, id=12356, stack(0x00000089d8a00000,0x00000089d8b00000)]
  0x000002224fd16800 JavaThread "C2 CompilerThread2" daemon [_thread_blocked, id=21404, stack(0x00000089d8f00000,0x00000089d9000000)]
  0x000002224fd9e000 JavaThread "JFXMedia Player EventQueueThread" daemon [_thread_blocked, id=628, stack(0x00000089d9200000,0x00000089d9300000)]
  0x000002224fd9f000 JavaThread "Media Resource Disposer" daemon [_thread_blocked, id=17184, stack(0x00000089d9700000,0x00000089d9800000)]
  0x000002224fd9f800 JavaThread "Timer-0" daemon [_thread_blocked, id=16316, stack(0x00000089d9c00000,0x00000089d9d00000)]
  0x0000022250041000 JavaThread "Timer-6" daemon [_thread_blocked, id=556, stack(0x00000089d9f00000,0x00000089da000000)]
  0x000002225003e800 JavaThread "Timer-7" daemon [_thread_blocked, id=22360, stack(0x00000089dad00000,0x00000089dae00000)]
  0x0000022250043800 JavaThread "Timer-8" daemon [_thread_blocked, id=6116, stack(0x00000089daf00000,0x00000089db000000)]
  0x0000022250044000 JavaThread "Timer-9" daemon [_thread_blocked, id=10540, stack(0x00000089da100000,0x00000089da200000)]
  0x000002225004a000 JavaThread "Timer-10" daemon [_thread_blocked, id=19868, stack(0x00000089db800000,0x00000089db900000)]
  0x0000022250049000 JavaThread "Timer-11" daemon [_thread_blocked, id=4800, stack(0x00000089dbd00000,0x00000089dbe00000)]
  0x000002225004b800 JavaThread "Timer-12" daemon [_thread_blocked, id=19520, stack(0x00000089dc200000,0x00000089dc300000)]
  0x0000022250045800 JavaThread "Timer-13" daemon [_thread_blocked, id=3444, stack(0x00000089dc700000,0x00000089dc800000)]
  0x0000022250042800 JavaThread "JFXMedia Player EventQueueThread" daemon [_thread_blocked, id=9288, stack(0x00000089d9800000,0x00000089d9900000)]
  0x0000022250040000 JavaThread "Timer-14" daemon [_thread_blocked, id=4044, stack(0x00000089da000000,0x00000089da100000)]
  0x000002225003c800 JavaThread "JFXMedia Player EventQueueThread" daemon [_thread_blocked, id=18440, stack(0x00000089da200000,0x00000089da300000)]
  0x0000022250041800 JavaThread "Timer-15" daemon [_thread_blocked, id=21632, stack(0x00000089da400000,0x00000089da500000)]
  0x000002225003f000 JavaThread "JFXMedia Player EventQueueThread" daemon [_thread_blocked, id=10220, stack(0x00000089d9a00000,0x00000089d9b00000)]
  0x000002225003d800 JavaThread "Timer-16" daemon [_thread_blocked, id=6432, stack(0x00000089da600000,0x00000089da700000)]
  0x000002225004a800 JavaThread "JFXMedia Player EventQueueThread" daemon [_thread_blocked, id=5500, stack(0x00000089da700000,0x00000089da800000)]
  0x0000022250047800 JavaThread "Timer-17" daemon [_thread_blocked, id=16820, stack(0x00000089dae00000,0x00000089daf00000)]
  0x0000022250045000 JavaThread "JFXMedia Player EventQueueThread" daemon [_thread_blocked, id=21000, stack(0x00000089db100000,0x00000089db200000)]

Other Threads:
  0x000002224dfae800 VMThread "VM Thread" [stack: 0x00000089d6c00000,0x00000089d6d00000] [id=10472]
  0x000002224f2a8800 WatcherThread [stack: 0x00000089d7900000,0x00000089d7a00000] [id=18188]
  0x000002222f332800 GCTaskThread "GC Thread#0" [stack: 0x00000089d6700000,0x00000089d6800000] [id=12032]
  0x000002224ec8b800 GCTaskThread "GC Thread#1" [stack: 0x00000089d7600000,0x00000089d7700000] [id=21976]
  0x000002224f7f6000 GCTaskThread "GC Thread#2" [stack: 0x00000089d8500000,0x00000089d8600000] [id=12520]
  0x00000222503d1800 GCTaskThread "GC Thread#3" [stack: 0x00000089d8600000,0x00000089d8700000] [id=6476]
  0x00000222503d2800 GCTaskThread "GC Thread#4" [stack: 0x00000089d8700000,0x00000089d8800000] [id=4264]
  0x000002225714e000 GCTaskThread "GC Thread#5" [stack: 0x00000089d8800000,0x00000089d8900000] [id=12944]
  0x000002222f363000 ConcurrentGCThread "G1 Main Marker" [stack: 0x00000089d6800000,0x00000089d6900000] [id=9088]
  0x000002222f364800 ConcurrentGCThread "G1 Conc#0" [stack: 0x00000089d6900000,0x00000089d6a00000] [id=2668]
  0x0000022257573000 ConcurrentGCThread "G1 Conc#1" [stack: 0x00000089d9100000,0x00000089d9200000] [id=8388]
  0x000002224de20800 ConcurrentGCThread "G1 Refine#0" [stack: 0x00000089d6a00000,0x00000089d6b00000] [id=3176]
  0x000002224de21800 ConcurrentGCThread "G1 Young RemSet Sampling" [stack: 0x00000089d6b00000,0x00000089d6c00000] [id=19916]

Threads with active compile tasks:

VM state:not at safepoint (normal execution)

VM Mutex/Monitor currently owned by a thread: None

Heap address: 0x0000000081c00000, size: 2020 MB, Compressed Oops mode: 32-bit
Narrow klass base: 0x0000000000000000, Narrow klass shift: 3
Compressed class space size: 1073741824 Address: 0x0000000100000000

Heap:
 garbage-first heap   total 131072K, used 94165K [0x0000000081c00000, 0x0000000100000000)
  region size 1024K, 76 young (77824K), 1 survivors (1024K)
 Metaspace       used 21625K, capacity 22224K, committed 22524K, reserved 1069056K
  class space    used 2519K, capacity 2758K, committed 2892K, reserved 1048576K
Heap Regions: E=young(eden), S=young(survivor), O=old, HS=humongous(starts), HC=humongous(continues), CS=collection set, F=free, A=archive, TAMS=top-at-mark-start (previous, next)
|   0|0x0000000081c00000, 0x0000000081d00000, 0x0000000081d00000|100%| O|  |TAMS 0x0000000081c74800, 0x0000000081c00000| Untracked 
|   1|0x0000000081d00000, 0x0000000081e00000, 0x0000000081e00000|100%|HS|  |TAMS 0x0000000081e00000, 0x0000000081d00000| Complete 
|   2|0x0000000081e00000, 0x0000000081f00000, 0x0000000081f00000|100%|HS|  |TAMS 0x0000000081f00000, 0x0000000081e00000| Complete 
|   3|0x0000000081f00000, 0x0000000082000000, 0x0000000082000000|100%|HS|  |TAMS 0x0000000082000000, 0x0000000081f00000| Complete 
|   4|0x0000000082000000, 0x0000000082100000, 0x0000000082100000|100%|HC|  |TAMS 0x0000000082100000, 0x0000000082000000| Complete 
|   5|0x0000000082100000, 0x0000000082200000, 0x0000000082200000|100%|HS|  |TAMS 0x0000000082200000, 0x0000000082100000| Complete 
|   6|0x0000000082200000, 0x0000000082300000, 0x0000000082300000|100%|HC|  |TAMS 0x0000000082300000, 0x0000000082200000| Complete 
|   7|0x0000000082300000, 0x0000000082400000, 0x0000000082400000|100%|HS|  |TAMS 0x0000000082400000, 0x0000000082300000| Complete 
|   8|0x0000000082400000, 0x0000000082500000, 0x0000000082500000|100%|HC|  |TAMS 0x0000000082500000, 0x0000000082400000| Complete 
|   9|0x0000000082500000, 0x0000000082600000, 0x0000000082600000|100%|HC|  |TAMS 0x0000000082600000, 0x0000000082500000| Complete 
|  10|0x0000000082600000, 0x0000000082700000, 0x0000000082700000|100%| O|  |TAMS 0x0000000082600000, 0x0000000082600000| Untracked 
|  11|0x0000000082700000, 0x0000000082800000, 0x0000000082800000|100%| O|  |TAMS 0x0000000082700000, 0x0000000082700000| Untracked 
|  12|0x0000000082800000, 0x0000000082900000, 0x0000000082900000|100%| O|  |TAMS 0x0000000082800000, 0x0000000082800000| Untracked 
|  13|0x0000000082900000, 0x0000000082a00000, 0x0000000082a00000|100%| O|  |TAMS 0x0000000082900000, 0x0000000082900000| Untracked 
|  14|0x0000000082a00000, 0x0000000082b00000, 0x0000000082b00000|100%| O|  |TAMS 0x0000000082a00000, 0x0000000082a00000| Untracked 
|  15|0x0000000082b00000, 0x0000000082c00000, 0x0000000082c00000|100%| O|  |TAMS 0x0000000082b00000, 0x0000000082b00000| Untracked 
|  16|0x0000000082c00000, 0x0000000082d00000, 0x0000000082d00000|100%| O|  |TAMS 0x0000000082c00000, 0x0000000082c00000| Untracked 
|  17|0x0000000082d00000, 0x0000000082dc6800, 0x0000000082e00000| 77%| O|  |TAMS 0x0000000082d00000, 0x0000000082d00000| Untracked 
|  18|0x0000000082e00000, 0x0000000082e00000, 0x0000000082f00000|  0%| F|  |TAMS 0x0000000082e00000, 0x0000000082e00000| Untracked 
|  19|0x0000000082f00000, 0x0000000082f00000, 0x0000000083000000|  0%| F|  |TAMS 0x0000000082f00000, 0x0000000082f00000| Untracked 
|  20|0x0000000083000000, 0x0000000083000000, 0x0000000083100000|  0%| F|  |TAMS 0x0000000083000000, 0x0000000083000000| Untracked 
|  21|0x0000000083100000, 0x0000000083100000, 0x0000000083200000|  0%| F|  |TAMS 0x0000000083100000, 0x0000000083100000| Untracked 
|  22|0x0000000083200000, 0x0000000083200000, 0x0000000083300000|  0%| F|  |TAMS 0x0000000083200000, 0x0000000083200000| Untracked 
|  23|0x0000000083300000, 0x0000000083300000, 0x0000000083400000|  0%| F|  |TAMS 0x0000000083300000, 0x0000000083300000| Untracked 
|  24|0x0000000083400000, 0x0000000083400000, 0x0000000083500000|  0%| F|  |TAMS 0x0000000083400000, 0x0000000083400000| Untracked 
|  25|0x0000000083500000, 0x0000000083500000, 0x0000000083600000|  0%| F|  |TAMS 0x0000000083500000, 0x0000000083500000| Untracked 
|  26|0x0000000083600000, 0x0000000083600000, 0x0000000083700000|  0%| F|  |TAMS 0x0000000083600000, 0x0000000083600000| Untracked 
|  27|0x0000000083700000, 0x0000000083700000, 0x0000000083800000|  0%| F|  |TAMS 0x0000000083700000, 0x0000000083700000| Untracked 
|  28|0x0000000083800000, 0x0000000083800000, 0x0000000083900000|  0%| F|  |TAMS 0x0000000083800000, 0x0000000083800000| Untracked 
|  29|0x0000000083900000, 0x0000000083900000, 0x0000000083a00000|  0%| F|  |TAMS 0x0000000083900000, 0x0000000083900000| Untracked 
|  30|0x0000000083a00000, 0x0000000083a00000, 0x0000000083b00000|  0%| F|  |TAMS 0x0000000083a00000, 0x0000000083a00000| Untracked 
|  31|0x0000000083b00000, 0x0000000083b00000, 0x0000000083c00000|  0%| F|  |TAMS 0x0000000083b00000, 0x0000000083b00000| Untracked 
|  32|0x0000000083c00000, 0x0000000083c00000, 0x0000000083d00000|  0%| F|  |TAMS 0x0000000083c00000, 0x0000000083c00000| Untracked 
|  33|0x0000000083d00000, 0x0000000083d00000, 0x0000000083e00000|  0%| F|  |TAMS 0x0000000083d00000, 0x0000000083d00000| Untracked 
|  34|0x0000000083e00000, 0x0000000083e00000, 0x0000000083f00000|  0%| F|  |TAMS 0x0000000083e00000, 0x0000000083e00000| Untracked 
|  35|0x0000000083f00000, 0x0000000083f00000, 0x0000000084000000|  0%| F|  |TAMS 0x0000000083f00000, 0x0000000083f00000| Untracked 
|  36|0x0000000084000000, 0x0000000084000000, 0x0000000084100000|  0%| F|  |TAMS 0x0000000084000000, 0x0000000084000000| Untracked 
|  37|0x0000000084100000, 0x0000000084100000, 0x0000000084200000|  0%| F|  |TAMS 0x0000000084100000, 0x0000000084100000| Untracked 
|  38|0x0000000084200000, 0x0000000084200000, 0x0000000084300000|  0%| F|  |TAMS 0x0000000084200000, 0x0000000084200000| Untracked 
|  39|0x0000000084300000, 0x0000000084300000, 0x0000000084400000|  0%| F|  |TAMS 0x0000000084300000, 0x0000000084300000| Untracked 
|  40|0x0000000084400000, 0x0000000084400000, 0x0000000084500000|  0%| F|  |TAMS 0x0000000084400000, 0x0000000084400000| Untracked 
|  41|0x0000000084500000, 0x0000000084500000, 0x0000000084600000|  0%| F|  |TAMS 0x0000000084500000, 0x0000000084500000| Untracked 
|  42|0x0000000084600000, 0x0000000084600000, 0x0000000084700000|  0%| F|  |TAMS 0x0000000084600000, 0x0000000084600000| Untracked 
|  43|0x0000000084700000, 0x0000000084700000, 0x0000000084800000|  0%| F|  |TAMS 0x0000000084700000, 0x0000000084700000| Untracked 
|  44|0x0000000084800000, 0x0000000084800000, 0x0000000084900000|  0%| F|  |TAMS 0x0000000084800000, 0x0000000084800000| Untracked 
|  45|0x0000000084900000, 0x0000000084900000, 0x0000000084a00000|  0%| F|  |TAMS 0x0000000084900000, 0x0000000084900000| Untracked 
|  46|0x0000000084a00000, 0x0000000084a00000, 0x0000000084b00000|  0%| F|  |TAMS 0x0000000084a00000, 0x0000000084a00000| Untracked 
|  47|0x0000000084b00000, 0x0000000084b00000, 0x0000000084c00000|  0%| F|  |TAMS 0x0000000084b00000, 0x0000000084b00000| Untracked 
|  48|0x0000000084c00000, 0x0000000084c00000, 0x0000000084d00000|  0%| F|  |TAMS 0x0000000084c00000, 0x0000000084c00000| Untracked 
|  49|0x0000000084d00000, 0x0000000084d00000, 0x0000000084e00000|  0%| F|  |TAMS 0x0000000084d00000, 0x0000000084d00000| Untracked 
|  50|0x0000000084e00000, 0x0000000084e00000, 0x0000000084f00000|  0%| F|  |TAMS 0x0000000084e00000, 0x0000000084e00000| Untracked 
|  51|0x0000000084f00000, 0x0000000084f00000, 0x0000000085000000|  0%| F|  |TAMS 0x0000000084f00000, 0x0000000084f00000| Untracked 
|  52|0x0000000085000000, 0x0000000085083a38, 0x0000000085100000| 51%| E|  |TAMS 0x0000000085000000, 0x0000000085000000| Complete 
|  53|0x0000000085100000, 0x0000000085200000, 0x0000000085200000|100%| E|CS|TAMS 0x0000000085100000, 0x0000000085100000| Complete 
|  54|0x0000000085200000, 0x0000000085300000, 0x0000000085300000|100%| E|CS|TAMS 0x0000000085200000, 0x0000000085200000| Complete 
|  55|0x0000000085300000, 0x0000000085400000, 0x0000000085400000|100%| E|CS|TAMS 0x0000000085300000, 0x0000000085300000| Complete 
|  56|0x0000000085400000, 0x0000000085500000, 0x0000000085500000|100%| E|CS|TAMS 0x0000000085400000, 0x0000000085400000| Complete 
|  57|0x0000000085500000, 0x0000000085600000, 0x0000000085600000|100%| E|CS|TAMS 0x0000000085500000, 0x0000000085500000| Complete 
|  58|0x0000000085600000, 0x0000000085700000, 0x0000000085700000|100%| E|CS|TAMS 0x0000000085600000, 0x0000000085600000| Complete 
|  59|0x0000000085700000, 0x0000000085800000, 0x0000000085800000|100%| E|CS|TAMS 0x0000000085700000, 0x0000000085700000| Complete 
|  60|0x0000000085800000, 0x0000000085900000, 0x0000000085900000|100%| E|CS|TAMS 0x0000000085800000, 0x0000000085800000| Complete 
|  61|0x0000000085900000, 0x0000000085a00000, 0x0000000085a00000|100%| E|CS|TAMS 0x0000000085900000, 0x0000000085900000| Complete 
|  62|0x0000000085a00000, 0x0000000085b00000, 0x0000000085b00000|100%| E|CS|TAMS 0x0000000085a00000, 0x0000000085a00000| Complete 
|  63|0x0000000085b00000, 0x0000000085c00000, 0x0000000085c00000|100%| E|CS|TAMS 0x0000000085b00000, 0x0000000085b00000| Complete 
|  64|0x0000000085c00000, 0x0000000085d00000, 0x0000000085d00000|100%| E|CS|TAMS 0x0000000085c00000, 0x0000000085c00000| Complete 
|  65|0x0000000085d00000, 0x0000000085e00000, 0x0000000085e00000|100%| E|CS|TAMS 0x0000000085d00000, 0x0000000085d00000| Complete 
|  66|0x0000000085e00000, 0x0000000085f00000, 0x0000000085f00000|100%| E|CS|TAMS 0x0000000085e00000, 0x0000000085e00000| Complete 
|  67|0x0000000085f00000, 0x0000000086000000, 0x0000000086000000|100%| E|CS|TAMS 0x0000000085f00000, 0x0000000085f00000| Complete 
|  68|0x0000000086000000, 0x0000000086100000, 0x0000000086100000|100%| E|CS|TAMS 0x0000000086000000, 0x0000000086000000| Complete 
|  69|0x0000000086100000, 0x0000000086200000, 0x0000000086200000|100%| E|CS|TAMS 0x0000000086100000, 0x0000000086100000| Complete 
|  70|0x0000000086200000, 0x0000000086300000, 0x0000000086300000|100%| E|CS|TAMS 0x0000000086200000, 0x0000000086200000| Complete 
|  71|0x0000000086300000, 0x000000008632eda8, 0x0000000086400000| 18%| S|CS|TAMS 0x0000000086300000, 0x0000000086300000| Complete 
|  72|0x0000000086400000, 0x0000000086500000, 0x0000000086500000|100%| E|CS|TAMS 0x0000000086400000, 0x0000000086400000| Complete 
|  73|0x0000000086500000, 0x0000000086600000, 0x0000000086600000|100%| E|CS|TAMS 0x0000000086500000, 0x0000000086500000| Complete 
|  74|0x0000000086600000, 0x0000000086700000, 0x0000000086700000|100%| E|CS|TAMS 0x0000000086600000, 0x0000000086600000| Complete 
|  75|0x0000000086700000, 0x0000000086800000, 0x0000000086800000|100%| E|CS|TAMS 0x0000000086700000, 0x0000000086700000| Complete 
|  76|0x0000000086800000, 0x0000000086900000, 0x0000000086900000|100%| E|CS|TAMS 0x0000000086800000, 0x0000000086800000| Complete 
|  77|0x0000000086900000, 0x0000000086a00000, 0x0000000086a00000|100%| E|CS|TAMS 0x0000000086900000, 0x0000000086900000| Complete 
|  78|0x0000000086a00000, 0x0000000086b00000, 0x0000000086b00000|100%| E|CS|TAMS 0x0000000086a00000, 0x0000000086a00000| Complete 
|  79|0x0000000086b00000, 0x0000000086c00000, 0x0000000086c00000|100%| E|CS|TAMS 0x0000000086b00000, 0x0000000086b00000| Complete 
|  80|0x0000000086c00000, 0x0000000086d00000, 0x0000000086d00000|100%| E|CS|TAMS 0x0000000086c00000, 0x0000000086c00000| Complete 
|  81|0x0000000086d00000, 0x0000000086e00000, 0x0000000086e00000|100%| E|CS|TAMS 0x0000000086d00000, 0x0000000086d00000| Complete 
|  82|0x0000000086e00000, 0x0000000086f00000, 0x0000000086f00000|100%| E|CS|TAMS 0x0000000086e00000, 0x0000000086e00000| Complete 
|  83|0x0000000086f00000, 0x0000000087000000, 0x0000000087000000|100%| E|CS|TAMS 0x0000000086f00000, 0x0000000086f00000| Complete 
|  84|0x0000000087000000, 0x0000000087100000, 0x0000000087100000|100%| E|CS|TAMS 0x0000000087000000, 0x0000000087000000| Complete 
|  85|0x0000000087100000, 0x0000000087200000, 0x0000000087200000|100%| E|CS|TAMS 0x0000000087100000, 0x0000000087100000| Complete 
|  86|0x0000000087200000, 0x0000000087300000, 0x0000000087300000|100%| E|CS|TAMS 0x0000000087200000, 0x0000000087200000| Complete 
|  87|0x0000000087300000, 0x0000000087400000, 0x0000000087400000|100%| E|CS|TAMS 0x0000000087300000, 0x0000000087300000| Complete 
|  88|0x0000000087400000, 0x0000000087500000, 0x0000000087500000|100%| E|CS|TAMS 0x0000000087400000, 0x0000000087400000| Complete 
|  89|0x0000000087500000, 0x0000000087600000, 0x0000000087600000|100%| E|CS|TAMS 0x0000000087500000, 0x0000000087500000| Complete 
|  90|0x0000000087600000, 0x0000000087700000, 0x0000000087700000|100%| E|CS|TAMS 0x0000000087600000, 0x0000000087600000| Complete 
|  91|0x0000000087700000, 0x0000000087800000, 0x0000000087800000|100%| E|CS|TAMS 0x0000000087700000, 0x0000000087700000| Complete 
|  92|0x0000000087800000, 0x0000000087900000, 0x0000000087900000|100%| E|CS|TAMS 0x0000000087800000, 0x0000000087800000| Complete 
|  93|0x0000000087900000, 0x0000000087a00000, 0x0000000087a00000|100%| E|CS|TAMS 0x0000000087900000, 0x0000000087900000| Complete 
|  94|0x0000000087a00000, 0x0000000087b00000, 0x0000000087b00000|100%| E|CS|TAMS 0x0000000087a00000, 0x0000000087a00000| Complete 
|  95|0x0000000087b00000, 0x0000000087c00000, 0x0000000087c00000|100%| E|CS|TAMS 0x0000000087b00000, 0x0000000087b00000| Complete 
|  96|0x0000000087c00000, 0x0000000087d00000, 0x0000000087d00000|100%| E|CS|TAMS 0x0000000087c00000, 0x0000000087c00000| Complete 
|  97|0x0000000087d00000, 0x0000000087e00000, 0x0000000087e00000|100%| E|CS|TAMS 0x0000000087d00000, 0x0000000087d00000| Complete 
|  98|0x0000000087e00000, 0x0000000087f00000, 0x0000000087f00000|100%| E|CS|TAMS 0x0000000087e00000, 0x0000000087e00000| Complete 
|  99|0x0000000087f00000, 0x0000000088000000, 0x0000000088000000|100%| E|CS|TAMS 0x0000000087f00000, 0x0000000087f00000| Complete 
| 100|0x0000000088000000, 0x0000000088100000, 0x0000000088100000|100%| E|CS|TAMS 0x0000000088000000, 0x0000000088000000| Complete 
| 101|0x0000000088100000, 0x0000000088200000, 0x0000000088200000|100%| E|CS|TAMS 0x0000000088100000, 0x0000000088100000| Complete 
| 102|0x0000000088200000, 0x0000000088300000, 0x0000000088300000|100%| E|CS|TAMS 0x0000000088200000, 0x0000000088200000| Complete 
| 103|0x0000000088300000, 0x0000000088400000, 0x0000000088400000|100%| E|CS|TAMS 0x0000000088300000, 0x0000000088300000| Complete 
| 104|0x0000000088400000, 0x0000000088500000, 0x0000000088500000|100%| E|CS|TAMS 0x0000000088400000, 0x0000000088400000| Complete 
| 105|0x0000000088500000, 0x0000000088600000, 0x0000000088600000|100%| E|CS|TAMS 0x0000000088500000, 0x0000000088500000| Complete 
| 106|0x0000000088600000, 0x0000000088700000, 0x0000000088700000|100%| E|CS|TAMS 0x0000000088600000, 0x0000000088600000| Complete 
| 107|0x0000000088700000, 0x0000000088800000, 0x0000000088800000|100%| E|CS|TAMS 0x0000000088700000, 0x0000000088700000| Complete 
| 108|0x0000000088800000, 0x0000000088900000, 0x0000000088900000|100%| E|CS|TAMS 0x0000000088800000, 0x0000000088800000| Complete 
| 109|0x0000000088900000, 0x0000000088a00000, 0x0000000088a00000|100%| E|CS|TAMS 0x0000000088900000, 0x0000000088900000| Complete 
| 110|0x0000000088a00000, 0x0000000088b00000, 0x0000000088b00000|100%| E|CS|TAMS 0x0000000088a00000, 0x0000000088a00000| Complete 
| 111|0x0000000088b00000, 0x0000000088c00000, 0x0000000088c00000|100%| E|CS|TAMS 0x0000000088b00000, 0x0000000088b00000| Complete 
| 112|0x0000000088c00000, 0x0000000088d00000, 0x0000000088d00000|100%| E|CS|TAMS 0x0000000088c00000, 0x0000000088c00000| Complete 
| 113|0x0000000088d00000, 0x0000000088e00000, 0x0000000088e00000|100%| E|CS|TAMS 0x0000000088d00000, 0x0000000088d00000| Complete 
| 114|0x0000000088e00000, 0x0000000088f00000, 0x0000000088f00000|100%| E|CS|TAMS 0x0000000088e00000, 0x0000000088e00000| Complete 
| 115|0x0000000088f00000, 0x0000000089000000, 0x0000000089000000|100%| E|CS|TAMS 0x0000000088f00000, 0x0000000088f00000| Complete 
| 116|0x0000000089000000, 0x0000000089100000, 0x0000000089100000|100%| E|CS|TAMS 0x0000000089000000, 0x0000000089000000| Complete 
| 117|0x0000000089100000, 0x0000000089200000, 0x0000000089200000|100%| E|CS|TAMS 0x0000000089100000, 0x0000000089100000| Complete 
| 118|0x0000000089200000, 0x0000000089300000, 0x0000000089300000|100%| E|CS|TAMS 0x0000000089200000, 0x0000000089200000| Complete 
| 119|0x0000000089300000, 0x0000000089400000, 0x0000000089400000|100%| E|CS|TAMS 0x0000000089300000, 0x0000000089300000| Complete 
| 120|0x0000000089400000, 0x0000000089500000, 0x0000000089500000|100%| E|CS|TAMS 0x0000000089400000, 0x0000000089400000| Complete 
| 121|0x0000000089500000, 0x0000000089600000, 0x0000000089600000|100%| E|CS|TAMS 0x0000000089500000, 0x0000000089500000| Complete 
| 122|0x0000000089600000, 0x0000000089700000, 0x0000000089700000|100%| E|CS|TAMS 0x0000000089600000, 0x0000000089600000| Complete 
| 123|0x0000000089700000, 0x0000000089800000, 0x0000000089800000|100%| E|CS|TAMS 0x0000000089700000, 0x0000000089700000| Complete 
| 124|0x0000000089800000, 0x0000000089900000, 0x0000000089900000|100%| E|CS|TAMS 0x0000000089800000, 0x0000000089800000| Complete 
| 125|0x0000000089900000, 0x0000000089a00000, 0x0000000089a00000|100%| E|CS|TAMS 0x0000000089900000, 0x0000000089900000| Complete 
| 126|0x0000000089a00000, 0x0000000089b00000, 0x0000000089b00000|100%| E|CS|TAMS 0x0000000089a00000, 0x0000000089a00000| Complete 
| 127|0x0000000089b00000, 0x0000000089c00000, 0x0000000089c00000|100%| E|CS|TAMS 0x0000000089b00000, 0x0000000089b00000| Complete 

Card table byte_map: [0x0000022246e50000,0x0000022247250000] _byte_map_base: 0x0000022246a42000

Marking Bits (Prev, Next): (CMBitMap*) 0x000002222f35a540, (CMBitMap*) 0x000002222f35a508
 Prev Bits: [0x00000222495e0000, 0x000002224b570000)
 Next Bits: [0x0000022247650000, 0x00000222495e0000)

Polling page: 0x000002222d2a0000

Metaspace:

Usage:
  Non-class:     19.01 MB capacity,    18.66 MB ( 98%) used,   296.15 KB (  2%) free+waste,    64.25 KB ( <1%) overhead. 
      Class:      2.69 MB capacity,     2.46 MB ( 91%) used,   206.48 KB (  7%) free+waste,    31.63 KB (  1%) overhead. 
       Both:     21.70 MB capacity,    21.12 MB ( 97%) used,   502.63 KB (  2%) free+waste,    95.88 KB ( <1%) overhead. 

Virtual space:
  Non-class space:       20.00 MB reserved,      19.17 MB ( 96%) committed 
      Class space:        1.00 GB reserved,       2.82 MB ( <1%) committed 
             Both:        1.02 GB reserved,      22.00 MB (  2%) committed 

Chunk freelists:
   Non-Class:  6.75 KB
       Class:  3.25 KB
        Both:  10.00 KB

CodeHeap 'non-profiled nmethods': size=120000Kb used=1833Kb max_used=1833Kb free=118166Kb
 bounds [0x000002223f1f0000, 0x000002223f460000, 0x0000022246720000]
CodeHeap 'profiled nmethods': size=120000Kb used=5309Kb max_used=5784Kb free=114690Kb
 bounds [0x0000022237cc0000, 0x0000022238270000, 0x000002223f1f0000]
CodeHeap 'non-nmethods': size=5760Kb used=1325Kb max_used=1388Kb free=4435Kb
 bounds [0x0000022237720000, 0x0000022237990000, 0x0000022237cc0000]
 total_blobs=4980 nmethods=2994 adapters=651
 compilation: enabled
              stopped_count=0, restarted_count=0
 full_count=0

Compilation events (10 events):
Event: 7.909 Thread 0x000002224e94f800 3377       2       com.sun.javafx.geom.AreaOp::pruneEdges (981 bytes)
Event: 7.918 Thread 0x000002224e94f800 nmethod 3377 0x000002223809df90 code [0x000002223809e580, 0x00000222380a17c0]
Event: 7.918 Thread 0x000002224e94f800 3378       3       javafx.scene.shape.Shape::computeMode (44 bytes)
Event: 7.919 Thread 0x000002224e94f800 nmethod 3378 0x0000022237d33e10 code [0x0000022237d34060, 0x0000022237d34ca0]
Event: 7.938 Thread 0x000002224f853000 nmethod 3339 0x000002223f31ff10 code [0x000002223f3201e0, 0x000002223f3217d8]
Event: 7.938 Thread 0x000002224f853000 3379       4       java.util.HashMap::getNode (148 bytes)
Event: 7.945 Thread 0x000002224fd16800 nmethod 3348 0x000002223f31c390 code [0x000002223f31c660, 0x000002223f31e900]
Event: 7.945 Thread 0x000002224fd16800 3380       4       com.sun.javafx.font.CompositeStrike::getStrikeSlot (165 bytes)
Event: 7.946 Thread 0x000002224e94f800 3381       1       com.sun.javafx.font.PrismFontStrike::getAAMode (5 bytes)
Event: 7.946 Thread 0x000002224e94f800 nmethod 3381 0x000002223f2f7a10 code [0x000002223f2f7ba0, 0x000002223f2f7cb8]

GC Heap History (8 events):
Event: 0.966 GC heap before
{Heap before GC invocations=0 (full 0):
 garbage-first heap   total 131072K, used 24576K [0x0000000081c00000, 0x0000000100000000)
  region size 1024K, 24 young (24576K), 0 survivors (0K)
 Metaspace       used 12113K, capacity 12500K, committed 12800K, reserved 1060864K
  class space    used 1290K, capacity 1454K, committed 1536K, reserved 1048576K
}
Event: 0.969 GC heap after
{Heap after GC invocations=1 (full 0):
 garbage-first heap   total 131072K, used 3538K [0x0000000081c00000, 0x0000000100000000)
  region size 1024K, 3 young (3072K), 3 survivors (3072K)
 Metaspace       used 12113K, capacity 12500K, committed 12800K, reserved 1060864K
  class space    used 1290K, capacity 1454K, committed 1536K, reserved 1048576K
}
Event: 3.344 GC heap before
{Heap before GC invocations=1 (full 0):
 garbage-first heap   total 131072K, used 49618K [0x0000000081c00000, 0x0000000100000000)
  region size 1024K, 40 young (40960K), 3 survivors (3072K)
 Metaspace       used 20672K, capacity 21168K, committed 21296K, reserved 1069056K
  class space    used 2428K, capacity 2642K, committed 2688K, reserved 1048576K
}
Event: 3.351 GC heap after
{Heap after GC invocations=2 (full 0):
 garbage-first heap   total 131072K, used 18790K [0x0000000081c00000, 0x0000000100000000)
  region size 1024K, 9 young (9216K), 9 survivors (9216K)
 Metaspace       used 20672K, capacity 21168K, committed 21296K, reserved 1069056K
  class space    used 2428K, capacity 2642K, committed 2688K, reserved 1048576K
}
Event: 4.467 GC heap before
{Heap before GC invocations=3 (full 0):
 garbage-first heap   total 131072K, used 63846K [0x0000000081c00000, 0x0000000100000000)
  region size 1024K, 53 young (54272K), 9 survivors (9216K)
 Metaspace       used 21124K, capacity 21712K, committed 21884K, reserved 1069056K
  class space    used 2490K, capacity 2718K, committed 2764K, reserved 1048576K
}
Event: 4.476 GC heap after
{Heap after GC invocations=4 (full 0):
 garbage-first heap   total 131072K, used 18691K [0x0000000081c00000, 0x0000000100000000)
  region size 1024K, 1 young (1024K), 1 survivors (1024K)
 Metaspace       used 21124K, capacity 21712K, committed 21884K, reserved 1069056K
  class space    used 2490K, capacity 2718K, committed 2764K, reserved 1048576K
}
Event: 5.758 GC heap before
{Heap before GC invocations=4 (full 0):
 garbage-first heap   total 131072K, used 75011K [0x0000000081c00000, 0x0000000100000000)
  region size 1024K, 56 young (57344K), 1 survivors (1024K)
 Metaspace       used 21269K, capacity 21849K, committed 22140K, reserved 1069056K
  class space    used 2491K, capacity 2720K, committed 2764K, reserved 1048576K
}
Event: 5.759 GC heap after
{Heap after GC invocations=5 (full 0):
 garbage-first heap   total 131072K, used 18389K [0x0000000081c00000, 0x0000000100000000)
  region size 1024K, 1 young (1024K), 1 survivors (1024K)
 Metaspace       used 21269K, capacity 21849K, committed 22140K, reserved 1069056K
  class space    used 2491K, capacity 2720K, committed 2764K, reserved 1048576K
}

Deoptimization events (10 events):
Event: 7.686 Thread 0x000002224fc3b000 Uncommon trap: reason=unstable_if action=reinterpret pc=0x000002223f30c034 method=com.sun.javafx.geom.AreaOp$IntOp.newClassification(ZZ)Z @ 5 c2
Event: 7.686 Thread 0x000002224fc3b000 Uncommon trap: reason=unstable_if action=reinterpret pc=0x000002223f30c378 method=com.sun.javafx.geom.AreaOp$IntOp.newClassification(ZZ)Z @ 5 c2
Event: 7.686 Thread 0x000002224fc3b000 Uncommon trap: reason=unstable_if action=reinterpret pc=0x000002223f35da98 method=com.sun.javafx.geom.AreaOp.resolveLinks(Ljava/util/Vector;Ljava/util/Vector;Ljava/util/Vector;)V @ 283 c2
Event: 7.695 Thread 0x000002224fc3b000 Uncommon trap: reason=unstable_if action=reinterpret pc=0x000002223f308978 method=com.sun.javafx.geom.CurveLink.getSubCurve()Lcom/sun/javafx/geom/Curve; @ 27 c2
Event: 7.836 Thread 0x000002224fc3b000 Uncommon trap: reason=unstable_if action=reinterpret pc=0x000002223f2e701c method=com.sun.javafx.geom.transform.AffineBase.updateState2D()V @ 51 c2
Event: 7.858 Thread 0x000002224fc3b000 Uncommon trap: reason=unstable_if action=reinterpret pc=0x000002223f2016c0 method=javafx.scene.shape.Shape.getFill()Ljavafx/scene/paint/Paint; @ 4 c2
Event: 7.908 Thread 0x000002224fc3b000 Uncommon trap: reason=profile_predicate action=maybe_recompile pc=0x000002223f3b8cc0 method=com.sun.javafx.geom.AreaOp.pruneEdges(Ljava/util/Vector;)Ljava/util/Vector; @ 468 c2
Event: 7.908 Thread 0x000002224fc3b000 Uncommon trap: reason=profile_predicate action=maybe_recompile pc=0x000002223f3b8cc0 method=com.sun.javafx.geom.AreaOp.pruneEdges(Ljava/util/Vector;)Ljava/util/Vector; @ 468 c2
Event: 7.908 Thread 0x000002224fc3b000 Uncommon trap: reason=profile_predicate action=maybe_recompile pc=0x000002223f3b8cc0 method=com.sun.javafx.geom.AreaOp.pruneEdges(Ljava/util/Vector;)Ljava/util/Vector; @ 468 c2
Event: 7.908 Thread 0x000002224fc3b000 Uncommon trap: reason=profile_predicate action=maybe_recompile pc=0x000002223f3b8cc0 method=com.sun.javafx.geom.AreaOp.pruneEdges(Ljava/util/Vector;)Ljava/util/Vector; @ 468 c2

Classes redefined (0 events):
No events

Internal exceptions (10 events):
Event: 5.158 Thread 0x000002224fc3b000 Exception <a 'java/lang/NullPointerException'{0x0000000087d128a8}> (0x0000000087d128a8) thrown at [./open/src/hotspot/share/interpreter/linkResolver.cpp, line 1436]
Event: 5.320 Thread 0x000002224fc3b000 Exception <a 'java/lang/NullPointerException'{0x00000000877d0b90}> (0x00000000877d0b90) thrown at [./open/src/hotspot/share/interpreter/linkResolver.cpp, line 1436]
Event: 5.492 Thread 0x000002224fc3b000 Exception <a 'java/lang/NullPointerException'{0x000000008705c2c0}> (0x000000008705c2c0) thrown at [./open/src/hotspot/share/interpreter/linkResolver.cpp, line 1436]
Event: 5.715 Thread 0x000002224fc3b000 Exception <a 'java/lang/NullPointerException'{0x000000008686d020}> (0x000000008686d020) thrown at [./open/src/hotspot/share/interpreter/linkResolver.cpp, line 1436]
Event: 6.113 Thread 0x000002224fc3b000 Exception <a 'java/lang/NullPointerException'{0x000000008906dac8}> (0x000000008906dac8) thrown at [./open/src/hotspot/share/interpreter/linkResolver.cpp, line 1436]
Event: 6.198 Thread 0x000002224fc3b000 Exception <a 'java/lang/NullPointerException'{0x0000000088ce07c8}> (0x0000000088ce07c8) thrown at [./open/src/hotspot/share/interpreter/linkResolver.cpp, line 1436]
Event: 6.808 Thread 0x000002224fc3b000 Exception <a 'java/lang/NullPointerException'{0x00000000874b74a8}> (0x00000000874b74a8) thrown at [./open/src/hotspot/share/interpreter/linkResolver.cpp, line 1436]
Event: 7.190 Thread 0x000002224fc3b000 Exception <a 'java/lang/NullPointerException'{0x0000000086667630}> (0x0000000086667630) thrown at [./open/src/hotspot/share/interpreter/linkResolver.cpp, line 1436]
Event: 7.676 Thread 0x000002224fc3b000 Exception <a 'java/lang/NullPointerException'{0x00000000855d61a8}> (0x00000000855d61a8) thrown at [./open/src/hotspot/share/interpreter/linkResolver.cpp, line 1436]
Event: 7.858 Thread 0x000002224fc3b000 Implicit null exception at 0x000002223f201495 to 0x000002223f2016ae

Events (10 events):
Event: 7.908 Thread 0x000002224fc3b000 DEOPT UNPACKING pc=0x0000022237748f2f sp=0x00000089d7cf6960 mode 2
Event: 7.908 Thread 0x000002224fc3b000 Uncommon trap: trap_request=0xffffffbe fr.pc=0x000002223f3b8cc0 relative=0x0000000000005600
Event: 7.908 Thread 0x000002224fc3b000 DEOPT PACKING pc=0x000002223f3b8cc0 sp=0x00000089d7cf69b0
Event: 7.908 Thread 0x000002224fc3b000 DEOPT UNPACKING pc=0x0000022237748f2f sp=0x00000089d7cf6960 mode 2
Event: 7.908 Thread 0x000002224fc3b000 Uncommon trap: trap_request=0xffffffbe fr.pc=0x000002223f3b8cc0 relative=0x0000000000005600
Event: 7.908 Thread 0x000002224fc3b000 DEOPT PACKING pc=0x000002223f3b8cc0 sp=0x00000089d7cf69b0
Event: 7.908 Thread 0x000002224fc3b000 DEOPT UNPACKING pc=0x0000022237748f2f sp=0x00000089d7cf6960 mode 2
Event: 7.908 Thread 0x000002224fc3b000 Uncommon trap: trap_request=0xffffffbe fr.pc=0x000002223f3b8cc0 relative=0x0000000000005600
Event: 7.908 Thread 0x000002224fc3b000 DEOPT PACKING pc=0x000002223f3b8cc0 sp=0x00000089d7cf69b0
Event: 7.908 Thread 0x000002224fc3b000 DEOPT UNPACKING pc=0x0000022237748f2f sp=0x00000089d7cf6960 mode 2


Dynamic libraries:
0x00007ff6b1270000 - 0x00007ff6b12b7000 	C:\Program Files\Java\jdk-11.0.7\bin\java.exe
0x00007fff66ee0000 - 0x00007fff670d0000 	C:\WINDOWS\SYSTEM32\ntdll.dll
0x00007fff65440000 - 0x00007fff654f2000 	C:\WINDOWS\System32\KERNEL32.DLL
0x00007fff64990000 - 0x00007fff64c35000 	C:\WINDOWS\System32\KERNELBASE.dll
0x00007fff66290000 - 0x00007fff66333000 	C:\WINDOWS\System32\ADVAPI32.dll
0x00007fff652d0000 - 0x00007fff6536e000 	C:\WINDOWS\System32\msvcrt.dll
0x00007fff66350000 - 0x00007fff663e7000 	C:\WINDOWS\System32\sechost.dll
0x00007fff66150000 - 0x00007fff66270000 	C:\WINDOWS\System32\RPCRT4.dll
0x00007fff66ba0000 - 0x00007fff66d34000 	C:\WINDOWS\System32\USER32.dll
0x00007fff64c70000 - 0x00007fff64c91000 	C:\WINDOWS\System32\win32u.dll
0x00007fff65580000 - 0x00007fff655a6000 	C:\WINDOWS\System32\GDI32.dll
0x00007fff63ef0000 - 0x00007fff64086000 	C:\WINDOWS\System32\gdi32full.dll
0x00007fff63e50000 - 0x00007fff63eee000 	C:\WINDOWS\System32\msvcp_win.dll
0x00007fff640b0000 - 0x00007fff641aa000 	C:\WINDOWS\System32\ucrtbase.dll
0x00007fff48e30000 - 0x00007fff490b4000 	C:\WINDOWS\WinSxS\amd64_microsoft.windows.common-controls_6595b64144ccf1df_6.0.18362.1256_none_9e7e379be45e40e2\COMCTL32.dll
0x00007fff5caa0000 - 0x00007fff5caaa000 	C:\WINDOWS\SYSTEM32\VERSION.dll
0x00007fff64f90000 - 0x00007fff652c6000 	C:\WINDOWS\System32\combase.dll
0x00007fff64f00000 - 0x00007fff64f81000 	C:\WINDOWS\System32\bcryptPrimitives.dll
0x00007fff66110000 - 0x00007fff6613e000 	C:\WINDOWS\System32\IMM32.DLL
0x00007fff29370000 - 0x00007fff29386000 	C:\Program Files\Java\jdk-11.0.7\bin\vcruntime140.dll
0x00007fff239a0000 - 0x00007fff23a4a000 	C:\Program Files\Java\jdk-11.0.7\bin\msvcp140.dll
0x00007fff07150000 - 0x00007fff07cb1000 	C:\Program Files\Java\jdk-11.0.7\bin\server\jvm.dll
0x00007fff66d40000 - 0x00007fff66d48000 	C:\WINDOWS\System32\PSAPI.DLL
0x00007fff61cb0000 - 0x00007fff61cd4000 	C:\WINDOWS\SYSTEM32\WINMM.dll
0x00007fff5ea40000 - 0x00007fff5ea49000 	C:\WINDOWS\SYSTEM32\WSOCK32.dll
0x00007fff66530000 - 0x00007fff6659f000 	C:\WINDOWS\System32\WS2_32.dll
0x00007fff61830000 - 0x00007fff6185d000 	C:\WINDOWS\SYSTEM32\winmmbase.dll
0x00007fff641b0000 - 0x00007fff641fa000 	C:\WINDOWS\System32\cfgmgr32.dll
0x00007fff63e30000 - 0x00007fff63e41000 	C:\WINDOWS\System32\kernel.appcore.dll
0x00007fff280f0000 - 0x00007fff28101000 	C:\Program Files\Java\jdk-11.0.7\bin\verify.dll
0x00007fff4e350000 - 0x00007fff4e544000 	C:\WINDOWS\SYSTEM32\DBGHELP.DLL
0x00007fff46e10000 - 0x00007fff46e3a000 	C:\WINDOWS\SYSTEM32\dbgcore.DLL
0x00007fff26c90000 - 0x00007fff26cb9000 	C:\Program Files\Java\jdk-11.0.7\bin\java.dll
0x00007fff605c0000 - 0x00007fff605ca000 	C:\Program Files\Java\jdk-11.0.7\bin\jimage.dll
0x00007fff48bb0000 - 0x00007fff48be0000 	C:\Program Files\Java\jdk-11.0.7\bin\instrument.dll
0x00007fff25b90000 - 0x00007fff25ba6000 	C:\Program Files\Java\jdk-11.0.7\bin\zip.dll
0x00007fff655b0000 - 0x00007fff65c97000 	C:\WINDOWS\System32\SHELL32.dll
0x00007fff66af0000 - 0x00007fff66b99000 	C:\WINDOWS\System32\shcore.dll
0x00007fff64200000 - 0x00007fff64981000 	C:\WINDOWS\System32\windows.storage.dll
0x00007fff63d90000 - 0x00007fff63db3000 	C:\WINDOWS\System32\profapi.dll
0x00007fff63dc0000 - 0x00007fff63e0a000 	C:\WINDOWS\System32\powrprof.dll
0x00007fff63d80000 - 0x00007fff63d90000 	C:\WINDOWS\System32\UMPDC.dll
0x00007fff66910000 - 0x00007fff66962000 	C:\WINDOWS\System32\shlwapi.dll
0x00007fff64090000 - 0x00007fff640a7000 	C:\WINDOWS\System32\cryptsp.dll
0x00007fff25b70000 - 0x00007fff25b89000 	C:\Program Files\Java\jdk-11.0.7\bin\net.dll
0x00007fff4c740000 - 0x00007fff4c830000 	C:\WINDOWS\SYSTEM32\WINHTTP.dll
0x00007fff635d0000 - 0x00007fff63637000 	C:\WINDOWS\system32\mswsock.dll
0x00007fff25b50000 - 0x00007fff25b63000 	C:\Program Files\Java\jdk-11.0.7\bin\nio.dll
0x00007fff5ded0000 - 0x00007fff5deea000 	C:\Program Files\JetBrains\IntelliJ IDEA Community Edition 2019.3.3\bin\breakgen64.dll
0x000002222d2f0000 - 0x000002222d2f3000 	F:\openjfx-11.0.2_windows-x64_bin-sdk\javafx-sdk-11.0.2\bin\api-ms-win-core-console-l1-1-0.dll
0x000002222d300000 - 0x000002222d303000 	F:\openjfx-11.0.2_windows-x64_bin-sdk\javafx-sdk-11.0.2\bin\api-ms-win-core-datetime-l1-1-0.dll
0x000002222d310000 - 0x000002222d313000 	F:\openjfx-11.0.2_windows-x64_bin-sdk\javafx-sdk-11.0.2\bin\api-ms-win-core-debug-l1-1-0.dll
0x000002222d320000 - 0x000002222d323000 	F:\openjfx-11.0.2_windows-x64_bin-sdk\javafx-sdk-11.0.2\bin\api-ms-win-core-errorhandling-l1-1-0.dll
0x000002222d330000 - 0x000002222d334000 	F:\openjfx-11.0.2_windows-x64_bin-sdk\javafx-sdk-11.0.2\bin\api-ms-win-core-file-l1-1-0.dll
0x000002222f2c0000 - 0x000002222f2c3000 	F:\openjfx-11.0.2_windows-x64_bin-sdk\javafx-sdk-11.0.2\bin\api-ms-win-core-file-l1-2-0.dll
0x000002222f2d0000 - 0x000002222f2d3000 	F:\openjfx-11.0.2_windows-x64_bin-sdk\javafx-sdk-11.0.2\bin\api-ms-win-core-file-l2-1-0.dll
0x000002222f2e0000 - 0x000002222f2e3000 	F:\openjfx-11.0.2_windows-x64_bin-sdk\javafx-sdk-11.0.2\bin\api-ms-win-core-handle-l1-1-0.dll
0x00000222504d0000 - 0x00000222504d3000 	F:\openjfx-11.0.2_windows-x64_bin-sdk\javafx-sdk-11.0.2\bin\api-ms-win-core-heap-l1-1-0.dll
0x00000222504e0000 - 0x00000222504e3000 	F:\openjfx-11.0.2_windows-x64_bin-sdk\javafx-sdk-11.0.2\bin\api-ms-win-core-interlocked-l1-1-0.dll
0x00000222504f0000 - 0x00000222504f3000 	F:\openjfx-11.0.2_windows-x64_bin-sdk\javafx-sdk-11.0.2\bin\api-ms-win-core-libraryloader-l1-1-0.dll
0x0000022250500000 - 0x0000022250503000 	F:\openjfx-11.0.2_windows-x64_bin-sdk\javafx-sdk-11.0.2\bin\api-ms-win-core-localization-l1-2-0.dll
0x0000022250510000 - 0x0000022250513000 	F:\openjfx-11.0.2_windows-x64_bin-sdk\javafx-sdk-11.0.2\bin\api-ms-win-core-memory-l1-1-0.dll
0x0000022250520000 - 0x0000022250523000 	F:\openjfx-11.0.2_windows-x64_bin-sdk\javafx-sdk-11.0.2\bin\api-ms-win-core-namedpipe-l1-1-0.dll
0x0000022250530000 - 0x0000022250533000 	F:\openjfx-11.0.2_windows-x64_bin-sdk\javafx-sdk-11.0.2\bin\api-ms-win-core-processenvironment-l1-1-0.dll
0x0000022250540000 - 0x0000022250543000 	F:\openjfx-11.0.2_windows-x64_bin-sdk\javafx-sdk-11.0.2\bin\api-ms-win-core-processthreads-l1-1-0.dll
0x0000022250550000 - 0x0000022250553000 	F:\openjfx-11.0.2_windows-x64_bin-sdk\javafx-sdk-11.0.2\bin\api-ms-win-core-processthreads-l1-1-1.dll
0x0000022250560000 - 0x0000022250563000 	F:\openjfx-11.0.2_windows-x64_bin-sdk\javafx-sdk-11.0.2\bin\api-ms-win-core-profile-l1-1-0.dll
0x0000022250570000 - 0x0000022250573000 	F:\openjfx-11.0.2_windows-x64_bin-sdk\javafx-sdk-11.0.2\bin\api-ms-win-core-rtlsupport-l1-1-0.dll
0x0000022250580000 - 0x0000022250583000 	F:\openjfx-11.0.2_windows-x64_bin-sdk\javafx-sdk-11.0.2\bin\api-ms-win-core-string-l1-1-0.dll
0x0000022250590000 - 0x0000022250593000 	F:\openjfx-11.0.2_windows-x64_bin-sdk\javafx-sdk-11.0.2\bin\api-ms-win-core-synch-l1-1-0.dll
0x00000222505a0000 - 0x00000222505a3000 	F:\openjfx-11.0.2_windows-x64_bin-sdk\javafx-sdk-11.0.2\bin\api-ms-win-core-synch-l1-2-0.dll
0x00000222505b0000 - 0x00000222505b3000 	F:\openjfx-11.0.2_windows-x64_bin-sdk\javafx-sdk-11.0.2\bin\api-ms-win-core-sysinfo-l1-1-0.dll
0x00000222505c0000 - 0x00000222505c3000 	F:\openjfx-11.0.2_windows-x64_bin-sdk\javafx-sdk-11.0.2\bin\api-ms-win-core-timezone-l1-1-0.dll
0x00000222505d0000 - 0x00000222505d3000 	F:\openjfx-11.0.2_windows-x64_bin-sdk\javafx-sdk-11.0.2\bin\api-ms-win-core-util-l1-1-0.dll
0x00000222505e0000 - 0x00000222505e3000 	F:\openjfx-11.0.2_windows-x64_bin-sdk\javafx-sdk-11.0.2\bin\api-ms-win-crt-conio-l1-1-0.dll
0x00000222505f0000 - 0x00000222505f4000 	F:\openjfx-11.0.2_windows-x64_bin-sdk\javafx-sdk-11.0.2\bin\api-ms-win-crt-convert-l1-1-0.dll
0x0000022250600000 - 0x0000022250603000 	F:\openjfx-11.0.2_windows-x64_bin-sdk\javafx-sdk-11.0.2\bin\api-ms-win-crt-environment-l1-1-0.dll
0x0000022250610000 - 0x0000022250613000 	F:\openjfx-11.0.2_windows-x64_bin-sdk\javafx-sdk-11.0.2\bin\api-ms-win-crt-filesystem-l1-1-0.dll
0x0000022250620000 - 0x0000022250623000 	F:\openjfx-11.0.2_windows-x64_bin-sdk\javafx-sdk-11.0.2\bin\api-ms-win-crt-heap-l1-1-0.dll
0x0000022250630000 - 0x0000022250633000 	F:\openjfx-11.0.2_windows-x64_bin-sdk\javafx-sdk-11.0.2\bin\api-ms-win-crt-locale-l1-1-0.dll
0x0000022250640000 - 0x0000022250645000 	F:\openjfx-11.0.2_windows-x64_bin-sdk\javafx-sdk-11.0.2\bin\api-ms-win-crt-math-l1-1-0.dll
0x0000022250650000 - 0x0000022250655000 	F:\openjfx-11.0.2_windows-x64_bin-sdk\javafx-sdk-11.0.2\bin\api-ms-win-crt-multibyte-l1-1-0.dll
0x0000022250660000 - 0x0000022250670000 	F:\openjfx-11.0.2_windows-x64_bin-sdk\javafx-sdk-11.0.2\bin\api-ms-win-crt-private-l1-1-0.dll
0x0000022250670000 - 0x0000022250673000 	F:\openjfx-11.0.2_windows-x64_bin-sdk\javafx-sdk-11.0.2\bin\api-ms-win-crt-process-l1-1-0.dll
0x0000022250680000 - 0x0000022250684000 	F:\openjfx-11.0.2_windows-x64_bin-sdk\javafx-sdk-11.0.2\bin\api-ms-win-crt-runtime-l1-1-0.dll
0x0000022250690000 - 0x0000022250694000 	F:\openjfx-11.0.2_windows-x64_bin-sdk\javafx-sdk-11.0.2\bin\api-ms-win-crt-stdio-l1-1-0.dll
0x00000222506a0000 - 0x00000222506a4000 	F:\openjfx-11.0.2_windows-x64_bin-sdk\javafx-sdk-11.0.2\bin\api-ms-win-crt-string-l1-1-0.dll
0x00000222506b0000 - 0x00000222506b3000 	F:\openjfx-11.0.2_windows-x64_bin-sdk\javafx-sdk-11.0.2\bin\api-ms-win-crt-time-l1-1-0.dll
0x00000222506c0000 - 0x00000222506c3000 	F:\openjfx-11.0.2_windows-x64_bin-sdk\javafx-sdk-11.0.2\bin\api-ms-win-crt-utility-l1-1-0.dll
0x00007fff1dbb0000 - 0x00007fff1dcaa000 	F:\openjfx-11.0.2_windows-x64_bin-sdk\javafx-sdk-11.0.2\bin\ucrtbase.dll
0x00007fff5d820000 - 0x00007fff5d836000 	F:\openjfx-11.0.2_windows-x64_bin-sdk\javafx-sdk-11.0.2\bin\vcruntime140.dll
0x00007fff1da20000 - 0x00007fff1dac6000 	F:\openjfx-11.0.2_windows-x64_bin-sdk\javafx-sdk-11.0.2\bin\msvcp140.dll
0x00007fff26d20000 - 0x00007fff26d71000 	F:\openjfx-11.0.2_windows-x64_bin-sdk\javafx-sdk-11.0.2\bin\concrt140.dll
0x00007fff43760000 - 0x00007fff43783000 	F:\openjfx-11.0.2_windows-x64_bin-sdk\javafx-sdk-11.0.2\bin\prism_d3d.dll
0x00007fff4b830000 - 0x00007fff4b9f7000 	C:\WINDOWS\system32\d3d9.dll
0x00007fff624f0000 - 0x00007fff6251d000 	C:\WINDOWS\SYSTEM32\dwmapi.dll
0x00007fff629c0000 - 0x00007fff629e0000 	C:\WINDOWS\SYSTEM32\dxcore.dll
0x00007fff620c0000 - 0x00007fff62159000 	C:\WINDOWS\system32\uxtheme.dll
0x00007ffefceb0000 - 0x00007ffefd014000 	C:\WINDOWS\System32\DriverStore\FileRepository\iigd_dch.inf_amd64_a2d86d775f73d911\igdumdim64.dll
0x00007ffef8b90000 - 0x00007ffefceab000 	C:\WINDOWS\System32\DriverStore\FileRepository\iigd_dch.inf_amd64_a2d86d775f73d911\igd9dxva64.dll
0x00007fff665a0000 - 0x00007fff666f7000 	C:\WINDOWS\System32\ole32.dll
0x00007fff66a20000 - 0x00007fff66ae5000 	C:\WINDOWS\System32\OLEAUT32.dll
0x00007fff57640000 - 0x00007fff577e4000 	C:\WINDOWS\System32\DriverStore\FileRepository\iigd_dch.inf_amd64_a2d86d775f73d911\igdgmm64.dll
0x00007fff2d330000 - 0x00007fff2d375000 	F:\openjfx-11.0.2_windows-x64_bin-sdk\javafx-sdk-11.0.2\bin\glass.dll
0x00007fff66d50000 - 0x00007fff66e20000 	C:\WINDOWS\System32\COMDLG32.dll
0x00007fff663f0000 - 0x00007fff66525000 	C:\WINDOWS\System32\MSCTF.dll
0x00007fff0a100000 - 0x00007fff0a126000 	C:\WINDOWS\System32\DriverStore\FileRepository\iigd_dch.inf_amd64_a2d86d775f73d911\igdinfo64.dll
0x00007fff551f0000 - 0x00007fff57639000 	C:\WINDOWS\System32\DriverStore\FileRepository\iigd_dch.inf_amd64_a2d86d775f73d911\igc64.dll
0x00007fff66970000 - 0x00007fff66a12000 	C:\WINDOWS\System32\clbcatq.dll
0x00007fff5ef60000 - 0x00007fff5f10f000 	C:\WINDOWS\SYSTEM32\WindowsCodecs.dll
0x00007fff3efc0000 - 0x00007fff3effa000 	C:\WINDOWS\system32\dataexchange.dll
0x00007fff60f90000 - 0x00007fff611eb000 	C:\WINDOWS\system32\d3d11.dll
0x00007fff61650000 - 0x00007fff6182d000 	C:\WINDOWS\system32\dcomp.dll
0x00007fff62a50000 - 0x00007fff62b3b000 	C:\WINDOWS\system32\dxgi.dll
0x00007fff62190000 - 0x00007fff623f2000 	C:\WINDOWS\system32\twinapi.appcore.dll
0x00007fff626b0000 - 0x00007fff626d9000 	C:\WINDOWS\system32\RMCLIENT.dll
0x00007fff2b4f0000 - 0x00007fff2b523000 	C:\Program Files\Common Files\Microsoft Shared\Ink\rtscom.dll
0x00007fff44760000 - 0x00007fff447fe000 	C:\WINDOWS\System32\TextInputFramework.dll
0x00007fff5f110000 - 0x00007fff5f43a000 	C:\WINDOWS\System32\CoreUIComponents.dll
0x00007fff61860000 - 0x00007fff61934000 	C:\WINDOWS\System32\CoreMessaging.dll
0x00007fff62dc0000 - 0x00007fff62df1000 	C:\WINDOWS\SYSTEM32\ntmarta.dll
0x00007fff5fa30000 - 0x00007fff5fb83000 	C:\WINDOWS\SYSTEM32\wintypes.dll
0x00007fff4c320000 - 0x00007fff4c5c7000 	C:\WINDOWS\System32\iertutil.dll
0x00007fff48b70000 - 0x00007fff48b84000 	F:\openjfx-11.0.2_windows-x64_bin-sdk\javafx-sdk-11.0.2\bin\javafx_font.dll
0x00007fff40840000 - 0x00007fff40b3e000 	C:\WINDOWS\SYSTEM32\dwrite.dll
0x00007fff609d0000 - 0x00007fff60f90000 	C:\WINDOWS\SYSTEM32\d2d1.dll
0x00007fff5c1f0000 - 0x00007fff5c931000 	C:\WINDOWS\SYSTEM32\D3D10Warp.dll
0x00007fff2b1c0000 - 0x00007fff2b1ec000 	F:\openjfx-11.0.2_windows-x64_bin-sdk\javafx-sdk-11.0.2\bin\javafx_iio.dll

dbghelp: loaded successfully - version: 4.0.5 - missing functions: none
symbol engine: initialized successfully - sym options: 0x614 - pdb path: .;C:\Program Files\Java\jdk-11.0.7\bin;C:\WINDOWS\SYSTEM32;C:\WINDOWS\WinSxS\amd64_microsoft.windows.common-controls_6595b64144ccf1df_6.0.18362.1256_none_9e7e379be45e40e2;C:\Program Files\Java\jdk-11.0.7\bin\server;C:\Program Files\JetBrains\IntelliJ IDEA Community Edition 2019.3.3\bin;F:\openjfx-11.0.2_windows-x64_bin-sdk\javafx-sdk-11.0.2\bin;C:\WINDOWS\System32\DriverStore\FileRepository\iigd_dch.inf_amd64_a2d86d775f73d911;C:\Program Files\Common Files\Microsoft Shared\Ink

VM Arguments:
jvm_args: --module-path=F:\openjfx-11.0.2_windows-x64_bin-sdk\javafx-sdk-11.0.2\lib --add-modules=javafx.controls,javafx.media,javafx.graphics,javafx.fxml --add-exports=javafx.graphics/com.sun.javafx.sg.prism=ALL-UNNAMED --add-modules=javafx.base,javafx.graphics --add-reads=javafx.base=ALL-UNNAMED --add-reads=javafx.graphics=ALL-UNNAMED -javaagent:C:\Program Files\JetBrains\IntelliJ IDEA Community Edition 2019.3.3\lib\idea_rt.jar=64372:C:\Program Files\JetBrains\IntelliJ IDEA Community Edition 2019.3.3\bin -Dfile.encoding=UTF-8 
java_command: sample.Main
java_class_path (initial): D:\Semester 3\Advanced Programming\Project\Color Switch\out\production\Color Switch;F:\openjfx-11.0.2_windows-x64_bin-sdk\javafx-sdk-11.0.2\lib\src.zip;F:\openjfx-11.0.2_windows-x64_bin-sdk\javafx-sdk-11.0.2\lib\javafx-swt.jar;F:\openjfx-11.0.2_windows-x64_bin-sdk\javafx-sdk-11.0.2\lib\javafx.web.jar;F:\openjfx-11.0.2_windows-x64_bin-sdk\javafx-sdk-11.0.2\lib\javafx.base.jar;F:\openjfx-11.0.2_windows-x64_bin-sdk\javafx-sdk-11.0.2\lib\javafx.fxml.jar;F:\openjfx-11.0.2_windows-x64_bin-sdk\javafx-sdk-11.0.2\lib\javafx.media.jar;F:\openjfx-11.0.2_windows-x64_bin-sdk\javafx-sdk-11.0.2\lib\javafx.swing.jar;F:\openjfx-11.0.2_windows-x64_bin-sdk\javafx-sdk-11.0.2\lib\javafx.controls.jar;F:\openjfx-11.0.2_windows-x64_bin-sdk\javafx-sdk-11.0.2\lib\javafx.graphics.jar
Launcher Type: SUN_STANDARD

[Global flags]
     intx CICompilerCount                          = 4                                         {product} {ergonomic}
     uint ConcGCThreads                            = 2                                         {product} {ergonomic}
     uint G1ConcRefinementThreads                  = 8                                         {product} {ergonomic}
   size_t G1HeapRegionSize                         = 1048576                                   {product} {ergonomic}
    uintx GCDrainStackTargetSize                   = 64                                        {product} {ergonomic}
   size_t InitialHeapSize                          = 134217728                                 {product} {ergonomic}
   size_t MarkStackSize                            = 4194304                                   {product} {ergonomic}
   size_t MaxHeapSize                              = 2118123520                                {product} {ergonomic}
   size_t MaxNewSize                               = 1270874112                                {product} {ergonomic}
   size_t MinHeapDeltaBytes                        = 1048576                                   {product} {ergonomic}
    uintx NonNMethodCodeHeapSize                   = 5836300                                {pd product} {ergonomic}
    uintx NonProfiledCodeHeapSize                  = 122910970                              {pd product} {ergonomic}
    uintx ProfiledCodeHeapSize                     = 122910970                              {pd product} {ergonomic}
    uintx ReservedCodeCacheSize                    = 251658240                              {pd product} {ergonomic}
     bool SegmentedCodeCache                       = true                                      {product} {ergonomic}
     bool UseCompressedClassPointers               = true                                 {lp64_product} {ergonomic}
     bool UseCompressedOops                        = true                                 {lp64_product} {ergonomic}
     bool UseG1GC                                  = true                                      {product} {ergonomic}
     bool UseLargePagesIndividualAllocation        = false                                  {pd product} {ergonomic}

Logging:
Log output configuration:
 #0: stdout all=warning uptime,level,tags
 #1: stderr all=off uptime,level,tags

Environment Variables:
PATH=C:\windows\system32;C:\windows;C:\windows\System32\Wbem;C:\windows\System32\WindowsPowerShell\v1.0\;C:\windows\System32\OpenSSH\;C:\Program Files (x86)\NVIDIA Corporation\PhysX\Common;C:\Program Files\NVIDIA Corporation\NVIDIA NvDLISR;C:\WINDOWS\system32;C:\WINDOWS;C:\WINDOWS\System32\Wbem;C:\WINDOWS\System32\WindowsPowerShell\v1.0\;C:\WINDOWS\System32\OpenSSH\;C:\Program Files\MATLAB\R2020a\runtime\win64;C:\Program Files\MATLAB\R2020a\bin;C:\Program Files\Java\jdk-11.0.7\bin;C:\Strawberry\c\bin;C:\Strawberry\perl\site\bin;C:\Strawberry\perl\bin;C:\Program Files\Git\cmd;C:\Users\Rahul Sethi\anaconda3;C:\Users\Rahul Sethi\anaconda3\Library\mingw-w64\bin;C:\Users\Rahul Sethi\anaconda3\Library\usr\bin;C:\Users\Rahul Sethi\anaconda3\Library\bin;C:\Users\Rahul Sethi\anaconda3\Scripts;C:\windows\system32;C:\windows;C:\windows\System32\Wbem;C:\windows\System32\WindowsPowerShell\v1.0\;C:\windows\System32\OpenSSH\;C:\Program Files (x86)\NVIDIA Corporation\PhysX\Common;C:\Program Files\NVIDIA Corporation\NVIDIA NvDLISR;C:\WINDOWS\system32;C:\WINDOWS;C:\WINDOWS\System32\Wbem;C:\WINDOWS\System32\WindowsPowerShell\v1.0\;C:\WINDOWS\System32\OpenSSH\;C:\Program Files\MATLAB\R2020a\runtime\win64;C:\Program Files\MATLAB\R2020a\bin;C:\Program Files\Java\jdk-11.0.7\bin;C:\Strawberry\c\bin;C:\Strawberry\perl\site\bin;C:\Strawberry\perl\bin;C:\Program Files\Java\jdk1.8.0_231\bin;C:\Users\Rahul Sethi\AppData\Local\Programs\Microsoft VS Code\bin;C:\Users\Rahul Sethi\AppData\Local\Microsoft\WindowsApps;C:\Python34\Scripts;C:\Users\Rahul Sethi\AppData\Local\Programs\Python\Python37\Scripts
USERNAME=Rahul Sethi
OS=Windows_NT
PROCESSOR_IDENTIFIER=Intel64 Family 6 Model 142 Stepping 11, GenuineIntel



---------------  S Y S T E M  ---------------

OS: Windows 10 , 64 bit Build 18362 (10.0.18362.1110)

CPU:total 8 (initial active 8) (4 cores per cpu, 2 threads per core) family 6 model 142 stepping 11, cmov, cx8, fxsr, mmx, sse, sse2, sse3, ssse3, sse4.1, sse4.2, popcnt, avx, avx2, aes, clmul, erms, 3dnowpref, lzcnt, ht, tsc, tscinvbit, bmi1, bmi2, adx, fma

Memory: 4k page, system-wide physical 8079M (1186M free)
TotalPageFile size 14479M (AvailPageFile size 3220M)
current process WorkingSet (physical memory assigned to process): 304M, peak: 319M
current process commit charge ("private bytes"): 380M, peak: 393M

vm_info: Java HotSpot(TM) 64-Bit Server VM (11.0.7+8-LTS) for windows-amd64 JRE (11.0.7+8-LTS), built on Mar 12 2020 02:04:32 by "mach5one" with MS VC++ 15.5 (VS2017)

END.
