#
# A fatal error has been detected by the Java Runtime Environment:
#
#  EXCEPTION_ACCESS_VIOLATION (0xc0000005) at pc=0x00007ff830291123, pid=20440, tid=18196
#
# JRE version: Java(TM) SE Runtime Environment 18.9 (11.0.7+8) (build 11.0.7+8-LTS)
# Java VM: Java HotSpot(TM) 64-Bit Server VM 18.9 (11.0.7+8-LTS, mixed mode, tiered, compressed oops, g1 gc, windows-amd64)
# Problematic frame:
# V  [jvm.dll+0x541123]
#
# No core dump will be written. Minidumps are not enabled by default on client versions of Windows
#
# If you would like to submit a bug report, please visit:
#   https://bugreport.java.com/bugreport/crash.jsp
#

---------------  S U M M A R Y ------------

Command Line: --module-path=F:\openjfx-11.0.2_windows-x64_bin-sdk\javafx-sdk-11.0.2\lib --add-modules=javafx.controls,javafx.fxml --add-exports=javafx.graphics/com.sun.javafx.sg.prism=ALL-UNNAMED --add-modules=javafx.base,javafx.graphics --add-reads=javafx.base=ALL-UNNAMED --add-reads=javafx.graphics=ALL-UNNAMED -javaagent:C:\Program Files\JetBrains\IntelliJ IDEA Community Edition 2019.3.3\lib\idea_rt.jar=53104:C:\Program Files\JetBrains\IntelliJ IDEA Community Edition 2019.3.3\bin -Dfile.encoding=UTF-8 sample.Main

Host: Intel(R) Core(TM) i5-8265U CPU @ 1.60GHz, 8 cores, 7G,  Windows 10 , 64 bit Build 18362 (10.0.18362.1110)
Time: Sat Dec  5 14:31:56 2020 India Standard Time elapsed time: 7 seconds (0d 0h 0m 7s)

---------------  T H R E A D  ---------------

Current thread (0x0000011f50964000):  JavaThread "JavaFX Application Thread" [_thread_in_vm, id=18196, stack(0x00000012beb00000,0x00000012bec00000)]

Stack: [0x00000012beb00000,0x00000012bec00000],  sp=0x00000012bebfb878,  free space=1006k
Native frames: (J=compiled Java code, j=interpreted, Vv=VM code, C=native code)
V  [jvm.dll+0x541123]

Java frames: (J=compiled Java code, j=interpreted, Vv=VM code)
j  com.sun.glass.ui.win.WinView._exitFullscreen(JZ)V+0 javafx.graphics
j  com.sun.glass.ui.View.exitFullscreen(Z)V+13 javafx.graphics
j  com.sun.javafx.tk.quantum.WindowStage.applyFullScreen()V+322 javafx.graphics
j  com.sun.javafx.tk.quantum.WindowStage.setFullScreen(Z)V+50 javafx.graphics
j  com.sun.javafx.tk.quantum.WindowStage.exitFullScreen()V+2 javafx.graphics
j  com.sun.javafx.tk.quantum.WindowStage.setScene(Lcom/sun/javafx/tk/TKScene;)V+12 javafx.graphics
j  javafx.stage.Window$SceneModel.updatePeerScene(Lcom/sun/javafx/tk/TKScene;)V+18 javafx.graphics
j  javafx.stage.Window$SceneModel.invalidated()V+35 javafx.graphics
J 1327 c1 javafx.beans.property.ObjectPropertyBase.set(Ljava/lang/Object;)V javafx.base (76 bytes) @ 0x0000011f39be7244 [0x0000011f39be6b20+0x0000000000000724]
j  javafx.stage.Window.setScene(Ljavafx/scene/Scene;)V+5 javafx.graphics
j  javafx.stage.Stage.setScene(Ljavafx/scene/Scene;)V+8 javafx.graphics
j  sample.Square.explode()V+156
j  sample.Square.blast(Ljavafx/scene/shape/Circle;)V+83
j  sample.Game$2.handle(Ljavafx/event/ActionEvent;)V+30
j  sample.Game$2.handle(Ljavafx/event/Event;)V+5
J 3000 c1 com.sun.scenario.animation.shared.TimelineClipCore.visitKeyFrame(IJ)V javafx.graphics (85 bytes) @ 0x0000011f39f0cb14 [0x0000011f39f0c6c0+0x0000000000000454]
J 2814 c1 com.sun.scenario.animation.shared.TimelineClipCore.playTo(J)V javafx.graphics (353 bytes) @ 0x0000011f39eb654c [0x0000011f39eb6240+0x000000000000030c]
J 2813 c1 javafx.animation.Timeline.doPlayTo(JJ)V javafx.graphics (9 bytes) @ 0x0000011f39eb784c [0x0000011f39eb77c0+0x000000000000008c]
J 2087 c1 javafx.animation.AnimationAccessorImpl.playTo(Ljavafx/animation/Animation;JJ)V javafx.graphics (8 bytes) @ 0x0000011f39d459cc [0x0000011f39d458c0+0x000000000000010c]
j  com.sun.scenario.animation.shared.FiniteClipEnvelope.timePulse(J)V+179 javafx.graphics
J 2088 c1 javafx.animation.Animation.doTimePulse(J)V javafx.graphics (60 bytes) @ 0x0000011f39d4605c [0x0000011f39d45de0+0x000000000000027c]
J 2293 c1 javafx.animation.Animation$1$$Lambda$181.run()Ljava/lang/Object; javafx.graphics (12 bytes) @ 0x0000011f39db9d84 [0x0000011f39db9c40+0x0000000000000144]
v  ~StubRoutines::call_stub
J 1965  java.security.AccessController.doPrivileged(Ljava/security/PrivilegedAction;Ljava/security/AccessControlContext;)Ljava/lang/Object; java.base@11.0.7 (0 bytes) @ 0x0000011f40fb38a6 [0x0000011f40fb3840+0x0000000000000066]
J 2208 c1 javafx.animation.Animation$1.timePulse(J)V javafx.graphics (56 bytes) @ 0x0000011f39d901cc [0x0000011f39d8fa40+0x000000000000078c]
J 2864 c1 com.sun.scenario.animation.AbstractMasterTimer.timePulseImpl(J)V javafx.graphics (157 bytes) @ 0x0000011f39ecf984 [0x0000011f39ecf7c0+0x00000000000001c4]
J 2939 c1 com.sun.scenario.animation.AbstractMasterTimer$MainLoop.run()V javafx.graphics (61 bytes) @ 0x0000011f39eee924 [0x0000011f39eee620+0x0000000000000304]
J 2920 c1 com.sun.javafx.tk.quantum.QuantumToolkit.pulse(Z)V javafx.graphics (152 bytes) @ 0x0000011f39ee4d34 [0x0000011f39ee4a20+0x0000000000000314]
J 2969 c1 com.sun.javafx.tk.quantum.QuantumToolkit$$Lambda$95.run()V javafx.graphics (8 bytes) @ 0x0000011f39ef7bc4 [0x0000011f39ef7a80+0x0000000000000144]
j  com.sun.glass.ui.InvokeLaterDispatcher$Future.run()V+4 javafx.graphics
v  ~StubRoutines::call_stub
j  com.sun.glass.ui.win.WinApplication._runLoop(Ljava/lang/Runnable;)V+0 javafx.graphics
j  com.sun.glass.ui.win.WinApplication.lambda$runLoop$3(ILjava/lang/Runnable;)V+8 javafx.graphics
j  com.sun.glass.ui.win.WinApplication$$Lambda$91.run()V+12 javafx.graphics
j  java.lang.Thread.run()V+11 java.base@11.0.7
v  ~StubRoutines::call_stub

siginfo: EXCEPTION_ACCESS_VIOLATION (0xc0000005), reading address 0x000000017edf7400


Register to memory mapping:

RIP=0x00007ff830291123 jvm.dll
RAX=0x0000000000000026 is an unknown value
RBX=0x00007ff830609760 jvm.dll
RCX=0x000000017edf7100 is an unknown value
RDX=0x0000000000000026 is an unknown value
RSP=0x00000012bebfb878 is pointing into the stack for thread: 0x0000011f50964000
RBP=0x00000012bebfb980 is pointing into the stack for thread: 0x0000011f50964000
RSI=0x0000011f50964000 is a thread
RDI=0x0000011f51b6aba0 points into unknown readable memory: 02 00 00 00 5f 63 6f 6d
R8 ={method} {0x0000011f52478b00} 'notifyView' '(I)V' in 'com/sun/glass/ui/View'
R9 =0x0000000000000001 is an unknown value
R10=0x000000010010b0a8 is a pointer to class: 
com.sun.glass.ui.View {0x000000010010b0b0}
R11=0x0000000000000246 is an unknown value
R12=0x00000012bebfba40 is pointing into the stack for thread: 0x0000011f50964000
R13=0x0000000000000002 is an unknown value
R14=0x0000011f51740c00 points into unknown readable memory: 60 97 60 30 f8 7f 00 00
R15=0x0000000000000001 is an unknown value


Registers:
RAX=0x0000000000000026, RBX=0x00007ff830609760, RCX=0x000000017edf7100, RDX=0x0000000000000026
RSP=0x00000012bebfb878, RBP=0x00000012bebfb980, RSI=0x0000011f50964000, RDI=0x0000011f51b6aba0
R8 =0x0000011f52478af8, R9 =0x0000000000000001, R10=0x000000010010b0a8, R11=0x0000000000000246
R12=0x00000012bebfba40, R13=0x0000000000000002, R14=0x0000011f51740c00, R15=0x0000000000000001
RIP=0x00007ff830291123, EFLAGS=0x0000000000010206

Top of Stack: (sp=0x00000012bebfb878)
0x00000012bebfb878:   00007ff830136f57 0000000000000000
0x00000012bebfb888:   00000000881ae3f0 00007ff8521517a0
0x00000012bebfb898:   0000000000000000 0000000000000000
0x00000012bebfb8a8:   0000000000000000 00007ff87d69c520
0x00000012bebfb8b8:   00007ff87bf257ec 00000012bebfba70
0x00000012bebfb8c8:   0000011f50964340 0000000000000000
0x00000012bebfb8d8:   0000000000000000 0000000000000000
0x00000012bebfb8e8:   0000000000000000 0000000000000000
0x00000012bebfb8f8:   0000000000000000 0000000000000000
0x00000012bebfb908:   0000000000000000 0000000040000000
0x00000012bebfb918:   00007ff87bf257ec 00000000c0000388
0x00000012bebfb928:   00007ff87d69c520 00000000003205aa
0x00000012bebfb938:   0000000080000000 0000000000000006
0x00000012bebfb948:   0000000000000000 0000000000000000
0x00000012bebfb958:   00007ff800000001 0000000000000000
0x00000012bebfb968:   0000011f51dd5bf0 0000000000000000 

Instructions: (pc=0x00007ff830291123)
0x00007ff830291103:   0c 00 ff c3 41 3b 9e c4 00 00 00 7c d0 48 83 c4
0x00007ff830291113:   30 41 5e 5f 5e 5b 5d c3 cc cc cc cc cc 48 63 c2
0x00007ff830291123:   48 8b 84 c1 d0 01 00 00 c3 cc cc cc cc 48 89 5c
0x00007ff830291133:   24 08 48 89 6c 24 10 48 89 74 24 18 48 89 7c 24 


Stack slot to memory mapping:
stack at sp + 0 slots: 0x00007ff830136f57 jvm.dll
stack at sp + 1 slots: 0x0 is NULL
stack at sp + 2 slots: 0x00000000881ae3f0 is an oop: java.lang.Class 
{0x00000000881ae3f0} - klass: 'java/lang/Class'
stack at sp + 3 slots: 0x00007ff8521517a0 glass.dll
stack at sp + 4 slots: 0x0 is NULL
stack at sp + 5 slots: 0x0 is NULL
stack at sp + 6 slots: 0x0 is NULL
stack at sp + 7 slots: 0x00007ff87d69c520 ntdll.dll


---------------  P R O C E S S  ---------------

Threads class SMR info:
_java_thread_list=0x0000011f5130fa60, length=19, elements={
0x0000011f3100b800, 0x0000011f4fcb6800, 0x0000011f4fcc2800, 0x0000011f4fcd2800,
0x0000011f4fcd3800, 0x0000011f50622800, 0x0000011f5062e000, 0x0000011f50630000,
0x0000011f50756000, 0x0000011f51224800, 0x0000011f511d7000, 0x0000011f51351800,
0x0000011f515aa000, 0x0000011f50964000, 0x0000011f52098800, 0x0000011f5195a000,
0x0000011f513ba000, 0x0000011f595ff800, 0x0000011f598c6800
}

Java Threads: ( => current thread )
  0x0000011f3100b800 JavaThread "main" [_thread_blocked, id=18296, stack(0x00000012bd500000,0x00000012bd600000)]
  0x0000011f4fcb6800 JavaThread "Reference Handler" daemon [_thread_blocked, id=11304, stack(0x00000012bdc00000,0x00000012bdd00000)]
  0x0000011f4fcc2800 JavaThread "Finalizer" daemon [_thread_blocked, id=17488, stack(0x00000012bdd00000,0x00000012bde00000)]
  0x0000011f4fcd2800 JavaThread "Signal Dispatcher" daemon [_thread_blocked, id=15012, stack(0x00000012bde00000,0x00000012bdf00000)]
  0x0000011f4fcd3800 JavaThread "Attach Listener" daemon [_thread_blocked, id=15268, stack(0x00000012bdf00000,0x00000012be000000)]
  0x0000011f50622800 JavaThread "C2 CompilerThread0" daemon [_thread_blocked, id=2724, stack(0x00000012be000000,0x00000012be100000)]
  0x0000011f5062e000 JavaThread "C1 CompilerThread0" daemon [_thread_blocked, id=2324, stack(0x00000012be100000,0x00000012be200000)]
  0x0000011f50630000 JavaThread "Sweeper thread" daemon [_thread_blocked, id=5532, stack(0x00000012be200000,0x00000012be300000)]
  0x0000011f50756000 JavaThread "Common-Cleaner" daemon [_thread_blocked, id=16716, stack(0x00000012be300000,0x00000012be400000)]
  0x0000011f51224800 JavaThread "Monitor Ctrl-Break" daemon [_thread_in_native, id=1728, stack(0x00000012be600000,0x00000012be700000)]
  0x0000011f511d7000 JavaThread "Service Thread" daemon [_thread_blocked, id=9960, stack(0x00000012be700000,0x00000012be800000)]
  0x0000011f51351800 JavaThread "QuantumRenderer-0" daemon [_thread_blocked, id=13356, stack(0x00000012be900000,0x00000012bea00000)]
  0x0000011f515aa000 JavaThread "InvokeLaterDispatcher" daemon [_thread_blocked, id=14704, stack(0x00000012bea00000,0x00000012beb00000)]
=>0x0000011f50964000 JavaThread "JavaFX Application Thread" [_thread_in_vm, id=18196, stack(0x00000012beb00000,0x00000012bec00000)]
  0x0000011f52098800 JavaThread "JavaFX-Launcher" [_thread_blocked, id=4660, stack(0x00000012bf000000,0x00000012bf100000)]
  0x0000011f5195a000 JavaThread "Thread-2" daemon [_thread_in_native, id=17292, stack(0x00000012bef00000,0x00000012bf000000)]
  0x0000011f513ba000 JavaThread "Prism Font Disposer" daemon [_thread_blocked, id=13396, stack(0x00000012bf900000,0x00000012bfa00000)]
  0x0000011f595ff800 JavaThread "Cleaner-0" daemon [_thread_blocked, id=10764, stack(0x00000012bfa00000,0x00000012bfb00000)]
  0x0000011f598c6800 JavaThread "C2 CompilerThread1" daemon [_thread_blocked, id=548, stack(0x00000012be500000,0x00000012be600000)]

Other Threads:
  0x0000011f4fc91000 VMThread "VM Thread" [stack: 0x00000012bdb00000,0x00000012bdc00000] [id=16812]
  0x0000011f509c7000 WatcherThread [stack: 0x00000012be800000,0x00000012be900000] [id=16592]
  0x0000011f31022800 GCTaskThread "GC Thread#0" [stack: 0x00000012bd600000,0x00000012bd700000] [id=17240]
  0x0000011f52162000 GCTaskThread "GC Thread#1" [stack: 0x00000012bf400000,0x00000012bf500000] [id=9872]
  0x0000011f52162800 GCTaskThread "GC Thread#2" [stack: 0x00000012bf500000,0x00000012bf600000] [id=12300]
  0x0000011f52163000 GCTaskThread "GC Thread#3" [stack: 0x00000012bf600000,0x00000012bf700000] [id=13724]
  0x0000011f5190d000 GCTaskThread "GC Thread#4" [stack: 0x00000012bf700000,0x00000012bf800000] [id=10376]
  0x0000011f5190d800 GCTaskThread "GC Thread#5" [stack: 0x00000012bf800000,0x00000012bf900000] [id=11936]
  0x0000011f31055000 ConcurrentGCThread "G1 Main Marker" [stack: 0x00000012bd700000,0x00000012bd800000] [id=15112]
  0x0000011f31057000 ConcurrentGCThread "G1 Conc#0" [stack: 0x00000012bd800000,0x00000012bd900000] [id=16732]
  0x0000011f310dd800 ConcurrentGCThread "G1 Refine#0" [stack: 0x00000012bd900000,0x00000012bda00000] [id=11896]
  0x0000011f4fafc800 ConcurrentGCThread "G1 Young RemSet Sampling" [stack: 0x00000012bda00000,0x00000012bdb00000] [id=9964]

Threads with active compile tasks:

VM state:not at safepoint (normal execution)

VM Mutex/Monitor currently owned by a thread: None

Heap address: 0x0000000081c00000, size: 2020 MB, Compressed Oops mode: 32-bit
Narrow klass base: 0x0000000000000000, Narrow klass shift: 3
Compressed class space size: 1073741824 Address: 0x0000000100000000

Heap:
 garbage-first heap   total 131072K, used 64834K [0x0000000081c00000, 0x0000000100000000)
  region size 1024K, 55 young (56320K), 3 survivors (3072K)
 Metaspace       used 20098K, capacity 20662K, committed 20736K, reserved 1067008K
  class space    used 2334K, capacity 2536K, committed 2560K, reserved 1048576K
Heap Regions: E=young(eden), S=young(survivor), O=old, HS=humongous(starts), HC=humongous(continues), CS=collection set, F=free, A=archive, TAMS=top-at-mark-start (previous, next)
|   0|0x0000000081c00000, 0x0000000081c50800, 0x0000000081d00000| 31%| O|  |TAMS 0x0000000081c00000, 0x0000000081c00000| Untracked 
|   1|0x0000000081d00000, 0x0000000081e00000, 0x0000000081e00000|100%|HS|  |TAMS 0x0000000081d00000, 0x0000000081d00000| Complete 
|   2|0x0000000081e00000, 0x0000000081f00000, 0x0000000081f00000|100%|HS|  |TAMS 0x0000000081e00000, 0x0000000081e00000| Complete 
|   3|0x0000000081f00000, 0x0000000082000000, 0x0000000082000000|100%|HS|  |TAMS 0x0000000081f00000, 0x0000000081f00000| Complete 
|   4|0x0000000082000000, 0x0000000082100000, 0x0000000082100000|100%|HC|  |TAMS 0x0000000082000000, 0x0000000082000000| Complete 
|   5|0x0000000082100000, 0x0000000082200000, 0x0000000082200000|100%|HS|  |TAMS 0x0000000082100000, 0x0000000082100000| Complete 
|   6|0x0000000082200000, 0x0000000082300000, 0x0000000082300000|100%|HC|  |TAMS 0x0000000082200000, 0x0000000082200000| Complete 
|   7|0x0000000082300000, 0x0000000082400000, 0x0000000082400000|100%|HS|  |TAMS 0x0000000082300000, 0x0000000082300000| Complete 
|   8|0x0000000082400000, 0x0000000082500000, 0x0000000082500000|100%|HC|  |TAMS 0x0000000082400000, 0x0000000082400000| Complete 
|   9|0x0000000082500000, 0x0000000082600000, 0x0000000082600000|100%|HC|  |TAMS 0x0000000082500000, 0x0000000082500000| Complete 
|  10|0x0000000082600000, 0x0000000082600000, 0x0000000082700000|  0%| F|  |TAMS 0x0000000082600000, 0x0000000082600000| Untracked 
|  11|0x0000000082700000, 0x0000000082700000, 0x0000000082800000|  0%| F|  |TAMS 0x0000000082700000, 0x0000000082700000| Untracked 
|  12|0x0000000082800000, 0x0000000082800000, 0x0000000082900000|  0%| F|  |TAMS 0x0000000082800000, 0x0000000082800000| Untracked 
|  13|0x0000000082900000, 0x0000000082900000, 0x0000000082a00000|  0%| F|  |TAMS 0x0000000082900000, 0x0000000082900000| Untracked 
|  14|0x0000000082a00000, 0x0000000082a00000, 0x0000000082b00000|  0%| F|  |TAMS 0x0000000082a00000, 0x0000000082a00000| Untracked 
|  15|0x0000000082b00000, 0x0000000082b00000, 0x0000000082c00000|  0%| F|  |TAMS 0x0000000082b00000, 0x0000000082b00000| Untracked 
|  16|0x0000000082c00000, 0x0000000082c00000, 0x0000000082d00000|  0%| F|  |TAMS 0x0000000082c00000, 0x0000000082c00000| Untracked 
|  17|0x0000000082d00000, 0x0000000082d00000, 0x0000000082e00000|  0%| F|  |TAMS 0x0000000082d00000, 0x0000000082d00000| Untracked 
|  18|0x0000000082e00000, 0x0000000082e00000, 0x0000000082f00000|  0%| F|  |TAMS 0x0000000082e00000, 0x0000000082e00000| Untracked 
|  19|0x0000000082f00000, 0x0000000082f00000, 0x0000000083000000|  0%| F|  |TAMS 0x0000000082f00000, 0x0000000082f00000| Untracked 
|  20|0x0000000083000000, 0x0000000083000000, 0x0000000083100000|  0%| F|  |TAMS 0x0000000083000000, 0x0000000083000000| Untracked 
|  21|0x0000000083100000, 0x0000000083100000, 0x0000000083200000|  0%| F|  |TAMS 0x0000000083100000, 0x0000000083100000| Untracked 
|  22|0x0000000083200000, 0x0000000083200000, 0x0000000083300000|  0%| F|  |TAMS 0x0000000083200000, 0x0000000083200000| Untracked 
|  23|0x0000000083300000, 0x0000000083300000, 0x0000000083400000|  0%| F|  |TAMS 0x0000000083300000, 0x0000000083300000| Untracked 
|  24|0x0000000083400000, 0x0000000083400000, 0x0000000083500000|  0%| F|  |TAMS 0x0000000083400000, 0x0000000083400000| Untracked 
|  25|0x0000000083500000, 0x0000000083500000, 0x0000000083600000|  0%| F|  |TAMS 0x0000000083500000, 0x0000000083500000| Untracked 
|  26|0x0000000083600000, 0x0000000083600000, 0x0000000083700000|  0%| F|  |TAMS 0x0000000083600000, 0x0000000083600000| Untracked 
|  27|0x0000000083700000, 0x0000000083700000, 0x0000000083800000|  0%| F|  |TAMS 0x0000000083700000, 0x0000000083700000| Untracked 
|  28|0x0000000083800000, 0x0000000083800000, 0x0000000083900000|  0%| F|  |TAMS 0x0000000083800000, 0x0000000083800000| Untracked 
|  29|0x0000000083900000, 0x0000000083900000, 0x0000000083a00000|  0%| F|  |TAMS 0x0000000083900000, 0x0000000083900000| Untracked 
|  30|0x0000000083a00000, 0x0000000083a00000, 0x0000000083b00000|  0%| F|  |TAMS 0x0000000083a00000, 0x0000000083a00000| Untracked 
|  31|0x0000000083b00000, 0x0000000083b00000, 0x0000000083c00000|  0%| F|  |TAMS 0x0000000083b00000, 0x0000000083b00000| Untracked 
|  32|0x0000000083c00000, 0x0000000083c00000, 0x0000000083d00000|  0%| F|  |TAMS 0x0000000083c00000, 0x0000000083c00000| Untracked 
|  33|0x0000000083d00000, 0x0000000083d00000, 0x0000000083e00000|  0%| F|  |TAMS 0x0000000083d00000, 0x0000000083d00000| Untracked 
|  34|0x0000000083e00000, 0x0000000083e00000, 0x0000000083f00000|  0%| F|  |TAMS 0x0000000083e00000, 0x0000000083e00000| Untracked 
|  35|0x0000000083f00000, 0x0000000083f00000, 0x0000000084000000|  0%| F|  |TAMS 0x0000000083f00000, 0x0000000083f00000| Untracked 
|  36|0x0000000084000000, 0x0000000084000000, 0x0000000084100000|  0%| F|  |TAMS 0x0000000084000000, 0x0000000084000000| Untracked 
|  37|0x0000000084100000, 0x0000000084100000, 0x0000000084200000|  0%| F|  |TAMS 0x0000000084100000, 0x0000000084100000| Untracked 
|  38|0x0000000084200000, 0x0000000084200000, 0x0000000084300000|  0%| F|  |TAMS 0x0000000084200000, 0x0000000084200000| Untracked 
|  39|0x0000000084300000, 0x0000000084300000, 0x0000000084400000|  0%| F|  |TAMS 0x0000000084300000, 0x0000000084300000| Untracked 
|  40|0x0000000084400000, 0x0000000084400000, 0x0000000084500000|  0%| F|  |TAMS 0x0000000084400000, 0x0000000084400000| Untracked 
|  41|0x0000000084500000, 0x0000000084500000, 0x0000000084600000|  0%| F|  |TAMS 0x0000000084500000, 0x0000000084500000| Untracked 
|  42|0x0000000084600000, 0x0000000084600000, 0x0000000084700000|  0%| F|  |TAMS 0x0000000084600000, 0x0000000084600000| Untracked 
|  43|0x0000000084700000, 0x0000000084700000, 0x0000000084800000|  0%| F|  |TAMS 0x0000000084700000, 0x0000000084700000| Untracked 
|  44|0x0000000084800000, 0x0000000084800000, 0x0000000084900000|  0%| F|  |TAMS 0x0000000084800000, 0x0000000084800000| Untracked 
|  45|0x0000000084900000, 0x0000000084900000, 0x0000000084a00000|  0%| F|  |TAMS 0x0000000084900000, 0x0000000084900000| Untracked 
|  46|0x0000000084a00000, 0x0000000084a00000, 0x0000000084b00000|  0%| F|  |TAMS 0x0000000084a00000, 0x0000000084a00000| Untracked 
|  47|0x0000000084b00000, 0x0000000084b00000, 0x0000000084c00000|  0%| F|  |TAMS 0x0000000084b00000, 0x0000000084b00000| Untracked 
|  48|0x0000000084c00000, 0x0000000084c00000, 0x0000000084d00000|  0%| F|  |TAMS 0x0000000084c00000, 0x0000000084c00000| Untracked 
|  49|0x0000000084d00000, 0x0000000084d00000, 0x0000000084e00000|  0%| F|  |TAMS 0x0000000084d00000, 0x0000000084d00000| Untracked 
|  50|0x0000000084e00000, 0x0000000084e00000, 0x0000000084f00000|  0%| F|  |TAMS 0x0000000084e00000, 0x0000000084e00000| Untracked 
|  51|0x0000000084f00000, 0x0000000084f00000, 0x0000000085000000|  0%| F|  |TAMS 0x0000000084f00000, 0x0000000084f00000| Untracked 
|  52|0x0000000085000000, 0x0000000085000000, 0x0000000085100000|  0%| F|  |TAMS 0x0000000085000000, 0x0000000085000000| Untracked 
|  53|0x0000000085100000, 0x0000000085100000, 0x0000000085200000|  0%| F|  |TAMS 0x0000000085100000, 0x0000000085100000| Untracked 
|  54|0x0000000085200000, 0x0000000085200000, 0x0000000085300000|  0%| F|  |TAMS 0x0000000085200000, 0x0000000085200000| Untracked 
|  55|0x0000000085300000, 0x0000000085300000, 0x0000000085400000|  0%| F|  |TAMS 0x0000000085300000, 0x0000000085300000| Untracked 
|  56|0x0000000085400000, 0x0000000085400000, 0x0000000085500000|  0%| F|  |TAMS 0x0000000085400000, 0x0000000085400000| Untracked 
|  57|0x0000000085500000, 0x0000000085500000, 0x0000000085600000|  0%| F|  |TAMS 0x0000000085500000, 0x0000000085500000| Untracked 
|  58|0x0000000085600000, 0x0000000085600000, 0x0000000085700000|  0%| F|  |TAMS 0x0000000085600000, 0x0000000085600000| Untracked 
|  59|0x0000000085700000, 0x0000000085700000, 0x0000000085800000|  0%| F|  |TAMS 0x0000000085700000, 0x0000000085700000| Untracked 
|  60|0x0000000085800000, 0x0000000085800000, 0x0000000085900000|  0%| F|  |TAMS 0x0000000085800000, 0x0000000085800000| Untracked 
|  61|0x0000000085900000, 0x0000000085900000, 0x0000000085a00000|  0%| F|  |TAMS 0x0000000085900000, 0x0000000085900000| Untracked 
|  62|0x0000000085a00000, 0x0000000085a00000, 0x0000000085b00000|  0%| F|  |TAMS 0x0000000085a00000, 0x0000000085a00000| Untracked 
|  63|0x0000000085b00000, 0x0000000085b00000, 0x0000000085c00000|  0%| F|  |TAMS 0x0000000085b00000, 0x0000000085b00000| Untracked 
|  64|0x0000000085c00000, 0x0000000085c00000, 0x0000000085d00000|  0%| F|  |TAMS 0x0000000085c00000, 0x0000000085c00000| Untracked 
|  65|0x0000000085d00000, 0x0000000085d00000, 0x0000000085e00000|  0%| F|  |TAMS 0x0000000085d00000, 0x0000000085d00000| Untracked 
|  66|0x0000000085e00000, 0x0000000085e00000, 0x0000000085f00000|  0%| F|  |TAMS 0x0000000085e00000, 0x0000000085e00000| Untracked 
|  67|0x0000000085f00000, 0x0000000085f00000, 0x0000000086000000|  0%| F|  |TAMS 0x0000000085f00000, 0x0000000085f00000| Untracked 
|  68|0x0000000086000000, 0x0000000086000000, 0x0000000086100000|  0%| F|  |TAMS 0x0000000086000000, 0x0000000086000000| Untracked 
|  69|0x0000000086100000, 0x0000000086100000, 0x0000000086200000|  0%| F|  |TAMS 0x0000000086100000, 0x0000000086100000| Untracked 
|  70|0x0000000086200000, 0x0000000086200000, 0x0000000086300000|  0%| F|  |TAMS 0x0000000086200000, 0x0000000086200000| Untracked 
|  71|0x0000000086300000, 0x0000000086300000, 0x0000000086400000|  0%| F|  |TAMS 0x0000000086300000, 0x0000000086300000| Untracked 
|  72|0x0000000086400000, 0x0000000086400000, 0x0000000086500000|  0%| F|  |TAMS 0x0000000086400000, 0x0000000086400000| Untracked 
|  73|0x0000000086500000, 0x0000000086600000, 0x0000000086600000|100%| E|  |TAMS 0x0000000086500000, 0x0000000086500000| Complete 
|  74|0x0000000086600000, 0x0000000086700000, 0x0000000086700000|100%| E|CS|TAMS 0x0000000086600000, 0x0000000086600000| Complete 
|  75|0x0000000086700000, 0x0000000086800000, 0x0000000086800000|100%| E|CS|TAMS 0x0000000086700000, 0x0000000086700000| Complete 
|  76|0x0000000086800000, 0x0000000086900000, 0x0000000086900000|100%| E|CS|TAMS 0x0000000086800000, 0x0000000086800000| Complete 
|  77|0x0000000086900000, 0x0000000086a00000, 0x0000000086a00000|100%| E|CS|TAMS 0x0000000086900000, 0x0000000086900000| Complete 
|  78|0x0000000086a00000, 0x0000000086b00000, 0x0000000086b00000|100%| E|CS|TAMS 0x0000000086a00000, 0x0000000086a00000| Complete 
|  79|0x0000000086b00000, 0x0000000086c00000, 0x0000000086c00000|100%| E|CS|TAMS 0x0000000086b00000, 0x0000000086b00000| Complete 
|  80|0x0000000086c00000, 0x0000000086d00000, 0x0000000086d00000|100%| E|CS|TAMS 0x0000000086c00000, 0x0000000086c00000| Complete 
|  81|0x0000000086d00000, 0x0000000086e00000, 0x0000000086e00000|100%| E|CS|TAMS 0x0000000086d00000, 0x0000000086d00000| Complete 
|  82|0x0000000086e00000, 0x0000000086f00000, 0x0000000086f00000|100%| E|CS|TAMS 0x0000000086e00000, 0x0000000086e00000| Complete 
|  83|0x0000000086f00000, 0x0000000087000000, 0x0000000087000000|100%| E|CS|TAMS 0x0000000086f00000, 0x0000000086f00000| Complete 
|  84|0x0000000087000000, 0x0000000087100000, 0x0000000087100000|100%| E|CS|TAMS 0x0000000087000000, 0x0000000087000000| Complete 
|  85|0x0000000087100000, 0x0000000087200000, 0x0000000087200000|100%| E|CS|TAMS 0x0000000087100000, 0x0000000087100000| Complete 
|  86|0x0000000087200000, 0x0000000087300000, 0x0000000087300000|100%| E|CS|TAMS 0x0000000087200000, 0x0000000087200000| Complete 
|  87|0x0000000087300000, 0x0000000087400000, 0x0000000087400000|100%| E|CS|TAMS 0x0000000087300000, 0x0000000087300000| Complete 
|  88|0x0000000087400000, 0x0000000087500000, 0x0000000087500000|100%| E|CS|TAMS 0x0000000087400000, 0x0000000087400000| Complete 
|  89|0x0000000087500000, 0x0000000087600000, 0x0000000087600000|100%| E|CS|TAMS 0x0000000087500000, 0x0000000087500000| Complete 
|  90|0x0000000087600000, 0x0000000087700000, 0x0000000087700000|100%| E|CS|TAMS 0x0000000087600000, 0x0000000087600000| Complete 
|  91|0x0000000087700000, 0x0000000087800000, 0x0000000087800000|100%| E|CS|TAMS 0x0000000087700000, 0x0000000087700000| Complete 
|  92|0x0000000087800000, 0x0000000087900000, 0x0000000087900000|100%| E|CS|TAMS 0x0000000087800000, 0x0000000087800000| Complete 
|  93|0x0000000087900000, 0x0000000087a00000, 0x0000000087a00000|100%| E|CS|TAMS 0x0000000087900000, 0x0000000087900000| Complete 
|  94|0x0000000087a00000, 0x0000000087b00000, 0x0000000087b00000|100%| E|CS|TAMS 0x0000000087a00000, 0x0000000087a00000| Complete 
|  95|0x0000000087b00000, 0x0000000087c00000, 0x0000000087c00000|100%| E|CS|TAMS 0x0000000087b00000, 0x0000000087b00000| Complete 
|  96|0x0000000087c00000, 0x0000000087d00000, 0x0000000087d00000|100%| E|CS|TAMS 0x0000000087c00000, 0x0000000087c00000| Complete 
|  97|0x0000000087d00000, 0x0000000087e00000, 0x0000000087e00000|100%| E|CS|TAMS 0x0000000087d00000, 0x0000000087d00000| Complete 
|  98|0x0000000087e00000, 0x0000000087f00000, 0x0000000087f00000|100%| E|CS|TAMS 0x0000000087e00000, 0x0000000087e00000| Complete 
|  99|0x0000000087f00000, 0x0000000088000000, 0x0000000088000000|100%| E|CS|TAMS 0x0000000087f00000, 0x0000000087f00000| Complete 
| 100|0x0000000088000000, 0x0000000088100000, 0x0000000088100000|100%| E|CS|TAMS 0x0000000088000000, 0x0000000088000000| Complete 
| 101|0x0000000088100000, 0x0000000088200000, 0x0000000088200000|100%| S|CS|TAMS 0x0000000088100000, 0x0000000088100000| Complete 
| 102|0x0000000088200000, 0x0000000088300000, 0x0000000088300000|100%| S|CS|TAMS 0x0000000088200000, 0x0000000088200000| Complete 
| 103|0x0000000088300000, 0x0000000088400000, 0x0000000088400000|100%| S|CS|TAMS 0x0000000088300000, 0x0000000088300000| Complete 
| 104|0x0000000088400000, 0x0000000088500000, 0x0000000088500000|100%| E|CS|TAMS 0x0000000088400000, 0x0000000088400000| Complete 
| 105|0x0000000088500000, 0x0000000088600000, 0x0000000088600000|100%| E|CS|TAMS 0x0000000088500000, 0x0000000088500000| Complete 
| 106|0x0000000088600000, 0x0000000088700000, 0x0000000088700000|100%| E|CS|TAMS 0x0000000088600000, 0x0000000088600000| Complete 
| 107|0x0000000088700000, 0x0000000088800000, 0x0000000088800000|100%| E|CS|TAMS 0x0000000088700000, 0x0000000088700000| Complete 
| 108|0x0000000088800000, 0x0000000088900000, 0x0000000088900000|100%| E|CS|TAMS 0x0000000088800000, 0x0000000088800000| Complete 
| 109|0x0000000088900000, 0x0000000088a00000, 0x0000000088a00000|100%| E|CS|TAMS 0x0000000088900000, 0x0000000088900000| Complete 
| 110|0x0000000088a00000, 0x0000000088b00000, 0x0000000088b00000|100%| E|CS|TAMS 0x0000000088a00000, 0x0000000088a00000| Complete 
| 111|0x0000000088b00000, 0x0000000088c00000, 0x0000000088c00000|100%| E|CS|TAMS 0x0000000088b00000, 0x0000000088b00000| Complete 
| 112|0x0000000088c00000, 0x0000000088d00000, 0x0000000088d00000|100%| E|CS|TAMS 0x0000000088c00000, 0x0000000088c00000| Complete 
| 113|0x0000000088d00000, 0x0000000088e00000, 0x0000000088e00000|100%| E|CS|TAMS 0x0000000088d00000, 0x0000000088d00000| Complete 
| 114|0x0000000088e00000, 0x0000000088f00000, 0x0000000088f00000|100%| E|CS|TAMS 0x0000000088e00000, 0x0000000088e00000| Complete 
| 115|0x0000000088f00000, 0x0000000089000000, 0x0000000089000000|100%| E|CS|TAMS 0x0000000088f00000, 0x0000000088f00000| Complete 
| 116|0x0000000089000000, 0x0000000089100000, 0x0000000089100000|100%| E|CS|TAMS 0x0000000089000000, 0x0000000089000000| Complete 
| 117|0x0000000089100000, 0x0000000089200000, 0x0000000089200000|100%| E|CS|TAMS 0x0000000089100000, 0x0000000089100000| Complete 
| 118|0x0000000089200000, 0x0000000089300000, 0x0000000089300000|100%| E|CS|TAMS 0x0000000089200000, 0x0000000089200000| Complete 
| 119|0x0000000089300000, 0x0000000089400000, 0x0000000089400000|100%| E|CS|TAMS 0x0000000089300000, 0x0000000089300000| Complete 
| 120|0x0000000089400000, 0x0000000089500000, 0x0000000089500000|100%| E|CS|TAMS 0x0000000089400000, 0x0000000089400000| Complete 
| 121|0x0000000089500000, 0x0000000089600000, 0x0000000089600000|100%| E|CS|TAMS 0x0000000089500000, 0x0000000089500000| Complete 
| 122|0x0000000089600000, 0x0000000089700000, 0x0000000089700000|100%| E|CS|TAMS 0x0000000089600000, 0x0000000089600000| Complete 
| 123|0x0000000089700000, 0x0000000089800000, 0x0000000089800000|100%| E|CS|TAMS 0x0000000089700000, 0x0000000089700000| Complete 
| 124|0x0000000089800000, 0x0000000089900000, 0x0000000089900000|100%| E|CS|TAMS 0x0000000089800000, 0x0000000089800000| Complete 
| 125|0x0000000089900000, 0x0000000089a00000, 0x0000000089a00000|100%| E|CS|TAMS 0x0000000089900000, 0x0000000089900000| Complete 
| 126|0x0000000089a00000, 0x0000000089b00000, 0x0000000089b00000|100%| E|CS|TAMS 0x0000000089a00000, 0x0000000089a00000| Complete 
| 127|0x0000000089b00000, 0x0000000089c00000, 0x0000000089c00000|100%| E|CS|TAMS 0x0000000089b00000, 0x0000000089b00000| Complete 

Card table byte_map: [0x0000011f48b40000,0x0000011f48f40000] _byte_map_base: 0x0000011f48732000

Marking Bits (Prev, Next): (CMBitMap*) 0x0000011f3104c4e8, (CMBitMap*) 0x0000011f3104c520
 Prev Bits: [0x0000011f49340000, 0x0000011f4b2d0000)
 Next Bits: [0x0000011f4b2d0000, 0x0000011f4d260000)

Polling page: 0x0000011f2ef10000

Metaspace:

Usage:
  Non-class:     17.70 MB capacity,    17.35 MB ( 98%) used,   302.25 KB (  2%) free+waste,    59.63 KB ( <1%) overhead. 
      Class:      2.48 MB capacity,     2.28 MB ( 92%) used,   172.31 KB (  7%) free+waste,    29.38 KB (  1%) overhead. 
       Both:     20.18 MB capacity,    19.63 MB ( 97%) used,   474.56 KB (  2%) free+waste,    89.00 KB ( <1%) overhead. 

Virtual space:
  Non-class space:       18.00 MB reserved,      17.75 MB ( 99%) committed 
      Class space:        1.00 GB reserved,       2.50 MB ( <1%) committed 
             Both:        1.02 GB reserved,      20.25 MB (  2%) committed 

Chunk freelists:
   Non-Class:  6.25 KB
       Class:  3.00 KB
        Both:  9.25 KB

CodeHeap 'non-profiled nmethods': size=120000Kb used=1916Kb max_used=1916Kb free=118083Kb
 bounds [0x0000011f40ee0000, 0x0000011f41150000, 0x0000011f48410000]
CodeHeap 'profiled nmethods': size=120000Kb used=6141Kb max_used=6141Kb free=113858Kb
 bounds [0x0000011f399b0000, 0x0000011f39fb0000, 0x0000011f40ee0000]
CodeHeap 'non-nmethods': size=5760Kb used=1307Kb max_used=1357Kb free=4452Kb
 bounds [0x0000011f39410000, 0x0000011f39680000, 0x0000011f399b0000]
 total_blobs=4825 nmethods=3197 adapters=628
 compilation: enabled
              stopped_count=0, restarted_count=0
 full_count=0

Compilation events (10 events):
Event: 7.052 Thread 0x0000011f5062e000 3166       3       javafx.scene.Node$TreeVisiblePropertyReadOnly::addListener (14 bytes)
Event: 7.052 Thread 0x0000011f5062e000 nmethod 3166 0x0000011f39fadb10 code [0x0000011f39fadcc0, 0x0000011f39fadeb0]
Event: 7.052 Thread 0x0000011f5062e000 3167       3       javafx.scene.Node::access$1800 (6 bytes)
Event: 7.053 Thread 0x0000011f5062e000 nmethod 3167 0x0000011f39fadf90 code [0x0000011f39fae140, 0x0000011f39fae2b0]
Event: 7.053 Thread 0x0000011f5062e000 3168       3       javafx.scene.Node::access$1900 (5 bytes)
Event: 7.053 Thread 0x0000011f5062e000 nmethod 3168 0x0000011f39fae390 code [0x0000011f39fae560, 0x0000011f39faea70]
Event: 7.053 Thread 0x0000011f5062e000 3169       3       javafx.scene.Parent::access$1500 (6 bytes)
Event: 7.053 Thread 0x0000011f5062e000 nmethod 3169 0x0000011f39faec10 code [0x0000011f39faedc0, 0x0000011f39faefb0]
Event: 7.053 Thread 0x0000011f5062e000 3170       3       javafx.scene.Parent::childIncluded (12 bytes)
Event: 7.053 Thread 0x0000011f5062e000 nmethod 3170 0x0000011f39faf090 code [0x0000011f39faf240, 0x0000011f39faf3f0]

GC Heap History (2 events):
Event: 0.810 GC heap before
{Heap before GC invocations=0 (full 0):
 garbage-first heap   total 131072K, used 23552K [0x0000000081c00000, 0x0000000100000000)
  region size 1024K, 24 young (24576K), 0 survivors (0K)
 Metaspace       used 12374K, capacity 12767K, committed 12800K, reserved 1060864K
  class space    used 1358K, capacity 1521K, committed 1536K, reserved 1048576K
}
Event: 0.816 GC heap after
{Heap after GC invocations=1 (full 0):
 garbage-first heap   total 131072K, used 3394K [0x0000000081c00000, 0x0000000100000000)
  region size 1024K, 3 young (3072K), 3 survivors (3072K)
 Metaspace       used 12374K, capacity 12767K, committed 12800K, reserved 1060864K
  class space    used 1358K, capacity 1521K, committed 1536K, reserved 1048576K
}

Deoptimization events (10 events):
Event: 6.849 Thread 0x0000011f50964000 Uncommon trap: reason=class_check action=maybe_recompile pc=0x0000011f410982c8 method=com.sun.javafx.geom.CurveLink.absorb(Lcom/sun/javafx/geom/Curve;DDI)Z @ 40 c2
Event: 6.849 Thread 0x0000011f50964000 Uncommon trap: reason=class_check action=maybe_recompile pc=0x0000011f41042b34 method=com.sun.javafx.geom.CurveLink.absorb(Lcom/sun/javafx/geom/Curve;DDI)Z @ 40 c2
Event: 6.850 Thread 0x0000011f50964000 Uncommon trap: reason=unstable_if action=reinterpret pc=0x0000011f40fd9fbc method=java.lang.StrictMath.floorOrCeil(DDDD)D @ 14 c2
Event: 6.942 Thread 0x0000011f51351800 Uncommon trap: reason=unstable_if action=reinterpret pc=0x0000011f40fc6198 method=java.lang.Math.round(F)I @ 23 c2
Event: 7.018 Thread 0x0000011f50964000 Uncommon trap: reason=class_check action=maybe_recompile pc=0x0000011f40fc8494 method=com.sun.javafx.geom.Path2D.append(Lcom/sun/javafx/geom/PathIterator;Z)V @ 6 c2
Event: 7.022 Thread 0x0000011f50964000 Uncommon trap: reason=unstable_if action=reinterpret pc=0x0000011f410841cc method=javafx.scene.Parent.setChildDirty(Ljavafx/scene/Node;Z)V @ 22 c2
Event: 7.023 Thread 0x0000011f50964000 Uncommon trap: reason=unstable_if action=reinterpret pc=0x0000011f4107b160 method=javafx.scene.Scene.addToDirtyList(Ljavafx/scene/Node;)V @ 43 c2
Event: 7.023 Thread 0x0000011f50964000 Uncommon trap: reason=unstable_if action=reinterpret pc=0x0000011f4105b4ac method=javafx.scene.Scene.addToDirtyList(Ljavafx/scene/Node;)V @ 43 c2
Event: 7.041 Thread 0x0000011f51351800 Uncommon trap: reason=unstable_if action=reinterpret pc=0x0000011f41026c08 method=com.sun.javafx.sg.prism.NGNode.doRender(Lcom/sun/prism/Graphics;)V @ 230 c2
Event: 7.041 Thread 0x0000011f51351800 Uncommon trap: reason=unstable_if action=reinterpret pc=0x0000011f40f8306c method=com.sun.javafx.geom.transform.AffineBase.doTransform([FI[FIII)V @ 39 c2

Classes redefined (0 events):
No events

Internal exceptions (10 events):
Event: 0.863 Thread 0x0000011f50964000 Exception <a 'java/lang/NoSuchMethodError'{0x0000000089a74088}: java.lang.invoke.DirectMethodHandle$Holder.invokeStatic(Ljava/lang/Object;Ljava/lang/Object;Ljava/lang/Object;Ljava/lang/Object;Ljava/lang/Object;Ljava/lang/Object;Ljava/lang/Object;Ljava/lan
Event: 0.865 Thread 0x0000011f50964000 Exception <a 'java/lang/NoSuchMethodError'{0x0000000089a822d8}: java.lang.invoke.DirectMethodHandle$Holder.invokeStatic(Ljava/lang/Object;Ljava/lang/Object;Ljava/lang/Object;Ljava/lang/Object;Ljava/lang/Object;Ljava/lang/Object;Ljava/lang/Object;Ljava/lan
Event: 0.866 Thread 0x0000011f50964000 Exception <a 'java/lang/NoSuchMethodError'{0x0000000089a8ff80}: java.lang.invoke.DirectMethodHandle$Holder.invokeSpecial(Ljava/lang/Object;Ljava/lang/Object;IILjava/lang/Object;Ljava/lang/Object;Ljava/lang/Object;)Ljava/lang/Object;> (0x0000000089a8ff80) 
Event: 0.866 Thread 0x0000011f50964000 Exception <a 'java/lang/NoSuchMethodError'{0x0000000089a93508}: java.lang.invoke.DelegatingMethodHandle$Holder.reinvoke_L(Ljava/lang/Object;IILjava/lang/Object;Ljava/lang/Object;Ljava/lang/Object;)Ljava/lang/Object;> (0x0000000089a93508) thrown at [./open
Event: 0.867 Thread 0x0000011f50964000 Exception <a 'java/lang/NoSuchMethodError'{0x0000000089a97690}: java.lang.invoke.DirectMethodHandle$Holder.invokeStatic(Ljava/lang/Object;Ljava/lang/Object;Ljava/lang/Object;Ljava/lang/Object;I)Ljava/lang/Object;> (0x0000000089a97690) thrown at [./open/sr
Event: 0.932 Thread 0x0000011f51351800 Exception <a 'java/lang/NoSuchMethodError'{0x00000000895197f8}: java.lang.invoke.DirectMethodHandle$Holder.invokeStaticInit(Ljava/lang/Object;Ljava/lang/Object;)I> (0x00000000895197f8) thrown at [./open/src/hotspot/share/interpreter/linkResolver.cpp, line
Event: 1.338 Thread 0x0000011f50964000 Exception <a 'java/lang/NoSuchMethodError'{0x0000000088c98ad8}: java.lang.invoke.DirectMethodHandle$Holder.invokeStaticInit(Ljava/lang/Object;Ljava/lang/Object;Ljava/lang/Object;)J> (0x0000000088c98ad8) thrown at [./open/src/hotspot/share/interpreter/link
Event: 1.341 Thread 0x0000011f50964000 Exception <a 'java/lang/NoSuchMethodError'{0x0000000088cb1118}: java.lang.invoke.DirectMethodHandle$Holder.invokeStatic(Ljava/lang/Object;Ljava/lang/Object;J)Ljava/lang/Object;> (0x0000000088cb1118) thrown at [./open/src/hotspot/share/interpreter/linkReso
Event: 1.341 Thread 0x0000011f50964000 Exception <a 'java/lang/NoSuchMethodError'{0x0000000088cb7290}: java.lang.invoke.Invokers$Holder.linkToTargetMethod(Ljava/lang/Object;JLjava/lang/Object;)Ljava/lang/Object;> (0x0000000088cb7290) thrown at [./open/src/hotspot/share/interpreter/linkResolver
Event: 3.966 Thread 0x0000011f50964000 Implicit null exception at 0x0000011f40fd7527 to 0x0000011f40fd7e6e

Events (10 events):
Event: 7.023 Thread 0x0000011f50964000 DEOPT UNPACKING pc=0x0000011f39438f2f sp=0x00000012bebf6878 mode 2
Event: 7.023 Thread 0x0000011f50964000 Uncommon trap: trap_request=0xffffff4d fr.pc=0x0000011f4105b4ac relative=0x000000000000036c
Event: 7.023 Thread 0x0000011f50964000 DEOPT PACKING pc=0x0000011f4105b4ac sp=0x00000012bebf6ab0
Event: 7.023 Thread 0x0000011f50964000 DEOPT UNPACKING pc=0x0000011f39438f2f sp=0x00000012bebf6870 mode 2
Event: 7.041 Thread 0x0000011f51351800 Uncommon trap: trap_request=0xffffff4d fr.pc=0x0000011f41026c08 relative=0x00000000000008a8
Event: 7.041 Thread 0x0000011f51351800 DEOPT PACKING pc=0x0000011f41026c08 sp=0x00000012be9fe670
Event: 7.041 Thread 0x0000011f51351800 DEOPT UNPACKING pc=0x0000011f39438f2f sp=0x00000012be9fe590 mode 2
Event: 7.041 Thread 0x0000011f51351800 Uncommon trap: trap_request=0xffffff4d fr.pc=0x0000011f40f8306c relative=0x00000000000006cc
Event: 7.041 Thread 0x0000011f51351800 DEOPT PACKING pc=0x0000011f40f8306c sp=0x00000012be9fe240
Event: 7.041 Thread 0x0000011f51351800 DEOPT UNPACKING pc=0x0000011f39438f2f sp=0x00000012be9fe168 mode 2


Dynamic libraries:
0x00007ff637680000 - 0x00007ff6376c7000 	C:\Program Files\Java\jdk-11.0.7\bin\java.exe
0x00007ff87d600000 - 0x00007ff87d7f0000 	C:\WINDOWS\SYSTEM32\ntdll.dll
0x00007ff87c210000 - 0x00007ff87c2c2000 	C:\WINDOWS\System32\KERNEL32.DLL
0x00007ff87b0a0000 - 0x00007ff87b345000 	C:\WINDOWS\System32\KERNELBASE.dll
0x00007ff87be60000 - 0x00007ff87bf03000 	C:\WINDOWS\System32\ADVAPI32.dll
0x00007ff87c740000 - 0x00007ff87c7de000 	C:\WINDOWS\System32\msvcrt.dll
0x00007ff87b8f0000 - 0x00007ff87b987000 	C:\WINDOWS\System32\sechost.dll
0x00007ff87d410000 - 0x00007ff87d530000 	C:\WINDOWS\System32\RPCRT4.dll
0x00007ff87bf10000 - 0x00007ff87c0a4000 	C:\WINDOWS\System32\USER32.dll
0x00007ff87b450000 - 0x00007ff87b471000 	C:\WINDOWS\System32\win32u.dll
0x00007ff87b850000 - 0x00007ff87b876000 	C:\WINDOWS\System32\GDI32.dll
0x00007ff87aee0000 - 0x00007ff87b076000 	C:\WINDOWS\System32\gdi32full.dll
0x00007ff87b480000 - 0x00007ff87b51e000 	C:\WINDOWS\System32\msvcp_win.dll
0x00007ff87b350000 - 0x00007ff87b44a000 	C:\WINDOWS\System32\ucrtbase.dll
0x00007ff85ec80000 - 0x00007ff85ef04000 	C:\WINDOWS\WinSxS\amd64_microsoft.windows.common-controls_6595b64144ccf1df_6.0.18362.1198_none_9e820b57e45ad92f\COMCTL32.dll
0x00007ff87b9f0000 - 0x00007ff87bd25000 	C:\WINDOWS\System32\combase.dll
0x00007ff87a580000 - 0x00007ff87a600000 	C:\WINDOWS\System32\bcryptPrimitives.dll
0x00007ff872b00000 - 0x00007ff872b0a000 	C:\WINDOWS\SYSTEM32\VERSION.dll
0x00007ff87d590000 - 0x00007ff87d5be000 	C:\WINDOWS\System32\IMM32.DLL
0x00007ff872b10000 - 0x00007ff872b26000 	C:\Program Files\Java\jdk-11.0.7\bin\vcruntime140.dll
0x00007ff84eca0000 - 0x00007ff84ed4a000 	C:\Program Files\Java\jdk-11.0.7\bin\msvcp140.dll
0x00007ff82fd50000 - 0x00007ff8308b1000 	C:\Program Files\Java\jdk-11.0.7\bin\server\jvm.dll
0x00007ff87d3f0000 - 0x00007ff87d3f8000 	C:\WINDOWS\System32\PSAPI.DLL
0x00007ff85a310000 - 0x00007ff85a319000 	C:\WINDOWS\SYSTEM32\WSOCK32.dll
0x00007ff87b880000 - 0x00007ff87b8ef000 	C:\WINDOWS\System32\WS2_32.dll
0x00007ff8783e0000 - 0x00007ff878404000 	C:\WINDOWS\SYSTEM32\WINMM.dll
0x00007ff8783b0000 - 0x00007ff8783dd000 	C:\WINDOWS\SYSTEM32\winmmbase.dll
0x00007ff87b520000 - 0x00007ff87b56a000 	C:\WINDOWS\System32\cfgmgr32.dll
0x00007ff87a4f0000 - 0x00007ff87a501000 	C:\WINDOWS\System32\kernel.appcore.dll
0x00007ff870b50000 - 0x00007ff870b61000 	C:\Program Files\Java\jdk-11.0.7\bin\verify.dll
0x00007ff8647d0000 - 0x00007ff8649c4000 	C:\WINDOWS\SYSTEM32\DBGHELP.DLL
0x00007ff85c920000 - 0x00007ff85c94a000 	C:\WINDOWS\SYSTEM32\dbgcore.DLL
0x00007ff85fbf0000 - 0x00007ff85fc19000 	C:\Program Files\Java\jdk-11.0.7\bin\java.dll
0x00007ff872bc0000 - 0x00007ff872bca000 	C:\Program Files\Java\jdk-11.0.7\bin\jimage.dll
0x00007ff85b000000 - 0x00007ff85b030000 	C:\Program Files\Java\jdk-11.0.7\bin\instrument.dll
0x00007ff85cae0000 - 0x00007ff85caf6000 	C:\Program Files\Java\jdk-11.0.7\bin\zip.dll
0x00007ff87cbd0000 - 0x00007ff87d2b7000 	C:\WINDOWS\System32\SHELL32.dll
0x00007ff87bdb0000 - 0x00007ff87be59000 	C:\WINDOWS\System32\shcore.dll
0x00007ff87a600000 - 0x00007ff87ad81000 	C:\WINDOWS\System32\windows.storage.dll
0x00007ff87a4c0000 - 0x00007ff87a4e3000 	C:\WINDOWS\System32\profapi.dll
0x00007ff87a510000 - 0x00007ff87a55a000 	C:\WINDOWS\System32\powrprof.dll
0x00007ff87a4b0000 - 0x00007ff87a4c0000 	C:\WINDOWS\System32\UMPDC.dll
0x00007ff87c920000 - 0x00007ff87c972000 	C:\WINDOWS\System32\shlwapi.dll
0x00007ff87b080000 - 0x00007ff87b097000 	C:\WINDOWS\System32\cryptsp.dll
0x00007ff85afb0000 - 0x00007ff85afc9000 	C:\Program Files\Java\jdk-11.0.7\bin\net.dll
0x00007ff861b80000 - 0x00007ff861c70000 	C:\WINDOWS\SYSTEM32\WINHTTP.dll
0x00007ff879d00000 - 0x00007ff879d67000 	C:\WINDOWS\system32\mswsock.dll
0x00007ff859ae0000 - 0x00007ff859af3000 	C:\Program Files\Java\jdk-11.0.7\bin\nio.dll
0x00007ff875f00000 - 0x00007ff875f1a000 	C:\Program Files\JetBrains\IntelliJ IDEA Community Edition 2019.3.3\bin\breakgen64.dll
0x0000011f30fd0000 - 0x0000011f30fd3000 	F:\openjfx-11.0.2_windows-x64_bin-sdk\javafx-sdk-11.0.2\bin\api-ms-win-core-console-l1-1-0.dll
0x0000011f521b0000 - 0x0000011f521b3000 	F:\openjfx-11.0.2_windows-x64_bin-sdk\javafx-sdk-11.0.2\bin\api-ms-win-core-datetime-l1-1-0.dll
0x0000011f521c0000 - 0x0000011f521c3000 	F:\openjfx-11.0.2_windows-x64_bin-sdk\javafx-sdk-11.0.2\bin\api-ms-win-core-debug-l1-1-0.dll
0x0000011f521d0000 - 0x0000011f521d3000 	F:\openjfx-11.0.2_windows-x64_bin-sdk\javafx-sdk-11.0.2\bin\api-ms-win-core-errorhandling-l1-1-0.dll
0x0000011f521e0000 - 0x0000011f521e4000 	F:\openjfx-11.0.2_windows-x64_bin-sdk\javafx-sdk-11.0.2\bin\api-ms-win-core-file-l1-1-0.dll
0x0000011f521f0000 - 0x0000011f521f3000 	F:\openjfx-11.0.2_windows-x64_bin-sdk\javafx-sdk-11.0.2\bin\api-ms-win-core-file-l1-2-0.dll
0x0000011f52200000 - 0x0000011f52203000 	F:\openjfx-11.0.2_windows-x64_bin-sdk\javafx-sdk-11.0.2\bin\api-ms-win-core-file-l2-1-0.dll
0x0000011f52210000 - 0x0000011f52213000 	F:\openjfx-11.0.2_windows-x64_bin-sdk\javafx-sdk-11.0.2\bin\api-ms-win-core-handle-l1-1-0.dll
0x0000011f52220000 - 0x0000011f52223000 	F:\openjfx-11.0.2_windows-x64_bin-sdk\javafx-sdk-11.0.2\bin\api-ms-win-core-heap-l1-1-0.dll
0x0000011f52230000 - 0x0000011f52233000 	F:\openjfx-11.0.2_windows-x64_bin-sdk\javafx-sdk-11.0.2\bin\api-ms-win-core-interlocked-l1-1-0.dll
0x0000011f52240000 - 0x0000011f52243000 	F:\openjfx-11.0.2_windows-x64_bin-sdk\javafx-sdk-11.0.2\bin\api-ms-win-core-libraryloader-l1-1-0.dll
0x0000011f52250000 - 0x0000011f52253000 	F:\openjfx-11.0.2_windows-x64_bin-sdk\javafx-sdk-11.0.2\bin\api-ms-win-core-localization-l1-2-0.dll
0x0000011f52260000 - 0x0000011f52263000 	F:\openjfx-11.0.2_windows-x64_bin-sdk\javafx-sdk-11.0.2\bin\api-ms-win-core-memory-l1-1-0.dll
0x0000011f52270000 - 0x0000011f52273000 	F:\openjfx-11.0.2_windows-x64_bin-sdk\javafx-sdk-11.0.2\bin\api-ms-win-core-namedpipe-l1-1-0.dll
0x0000011f52280000 - 0x0000011f52283000 	F:\openjfx-11.0.2_windows-x64_bin-sdk\javafx-sdk-11.0.2\bin\api-ms-win-core-processenvironment-l1-1-0.dll
0x0000011f52290000 - 0x0000011f52293000 	F:\openjfx-11.0.2_windows-x64_bin-sdk\javafx-sdk-11.0.2\bin\api-ms-win-core-processthreads-l1-1-0.dll
0x0000011f522a0000 - 0x0000011f522a3000 	F:\openjfx-11.0.2_windows-x64_bin-sdk\javafx-sdk-11.0.2\bin\api-ms-win-core-processthreads-l1-1-1.dll
0x0000011f522b0000 - 0x0000011f522b3000 	F:\openjfx-11.0.2_windows-x64_bin-sdk\javafx-sdk-11.0.2\bin\api-ms-win-core-profile-l1-1-0.dll
0x0000011f522c0000 - 0x0000011f522c3000 	F:\openjfx-11.0.2_windows-x64_bin-sdk\javafx-sdk-11.0.2\bin\api-ms-win-core-rtlsupport-l1-1-0.dll
0x0000011f522d0000 - 0x0000011f522d3000 	F:\openjfx-11.0.2_windows-x64_bin-sdk\javafx-sdk-11.0.2\bin\api-ms-win-core-string-l1-1-0.dll
0x0000011f522e0000 - 0x0000011f522e3000 	F:\openjfx-11.0.2_windows-x64_bin-sdk\javafx-sdk-11.0.2\bin\api-ms-win-core-synch-l1-1-0.dll
0x0000011f522f0000 - 0x0000011f522f3000 	F:\openjfx-11.0.2_windows-x64_bin-sdk\javafx-sdk-11.0.2\bin\api-ms-win-core-synch-l1-2-0.dll
0x0000011f52300000 - 0x0000011f52303000 	F:\openjfx-11.0.2_windows-x64_bin-sdk\javafx-sdk-11.0.2\bin\api-ms-win-core-sysinfo-l1-1-0.dll
0x0000011f52310000 - 0x0000011f52313000 	F:\openjfx-11.0.2_windows-x64_bin-sdk\javafx-sdk-11.0.2\bin\api-ms-win-core-timezone-l1-1-0.dll
0x0000011f52320000 - 0x0000011f52323000 	F:\openjfx-11.0.2_windows-x64_bin-sdk\javafx-sdk-11.0.2\bin\api-ms-win-core-util-l1-1-0.dll
0x0000011f52330000 - 0x0000011f52333000 	F:\openjfx-11.0.2_windows-x64_bin-sdk\javafx-sdk-11.0.2\bin\api-ms-win-crt-conio-l1-1-0.dll
0x0000011f52340000 - 0x0000011f52344000 	F:\openjfx-11.0.2_windows-x64_bin-sdk\javafx-sdk-11.0.2\bin\api-ms-win-crt-convert-l1-1-0.dll
0x0000011f52350000 - 0x0000011f52353000 	F:\openjfx-11.0.2_windows-x64_bin-sdk\javafx-sdk-11.0.2\bin\api-ms-win-crt-environment-l1-1-0.dll
0x0000011f52360000 - 0x0000011f52363000 	F:\openjfx-11.0.2_windows-x64_bin-sdk\javafx-sdk-11.0.2\bin\api-ms-win-crt-filesystem-l1-1-0.dll
0x0000011f52370000 - 0x0000011f52373000 	F:\openjfx-11.0.2_windows-x64_bin-sdk\javafx-sdk-11.0.2\bin\api-ms-win-crt-heap-l1-1-0.dll
0x0000011f52380000 - 0x0000011f52383000 	F:\openjfx-11.0.2_windows-x64_bin-sdk\javafx-sdk-11.0.2\bin\api-ms-win-crt-locale-l1-1-0.dll
0x0000011f52390000 - 0x0000011f52395000 	F:\openjfx-11.0.2_windows-x64_bin-sdk\javafx-sdk-11.0.2\bin\api-ms-win-crt-math-l1-1-0.dll
0x0000011f523a0000 - 0x0000011f523a5000 	F:\openjfx-11.0.2_windows-x64_bin-sdk\javafx-sdk-11.0.2\bin\api-ms-win-crt-multibyte-l1-1-0.dll
0x0000011f523b0000 - 0x0000011f523c0000 	F:\openjfx-11.0.2_windows-x64_bin-sdk\javafx-sdk-11.0.2\bin\api-ms-win-crt-private-l1-1-0.dll
0x0000011f523c0000 - 0x0000011f523c3000 	F:\openjfx-11.0.2_windows-x64_bin-sdk\javafx-sdk-11.0.2\bin\api-ms-win-crt-process-l1-1-0.dll
0x0000011f523d0000 - 0x0000011f523d4000 	F:\openjfx-11.0.2_windows-x64_bin-sdk\javafx-sdk-11.0.2\bin\api-ms-win-crt-runtime-l1-1-0.dll
0x0000011f523e0000 - 0x0000011f523e4000 	F:\openjfx-11.0.2_windows-x64_bin-sdk\javafx-sdk-11.0.2\bin\api-ms-win-crt-stdio-l1-1-0.dll
0x0000011f523f0000 - 0x0000011f523f4000 	F:\openjfx-11.0.2_windows-x64_bin-sdk\javafx-sdk-11.0.2\bin\api-ms-win-crt-string-l1-1-0.dll
0x0000011f52400000 - 0x0000011f52403000 	F:\openjfx-11.0.2_windows-x64_bin-sdk\javafx-sdk-11.0.2\bin\api-ms-win-crt-time-l1-1-0.dll
0x0000011f52410000 - 0x0000011f52413000 	F:\openjfx-11.0.2_windows-x64_bin-sdk\javafx-sdk-11.0.2\bin\api-ms-win-crt-utility-l1-1-0.dll
0x00007ff85aeb0000 - 0x00007ff85afaa000 	F:\openjfx-11.0.2_windows-x64_bin-sdk\javafx-sdk-11.0.2\bin\ucrtbase.dll
0x00007ff8731c0000 - 0x00007ff8731d6000 	F:\openjfx-11.0.2_windows-x64_bin-sdk\javafx-sdk-11.0.2\bin\vcruntime140.dll
0x00007ff841610000 - 0x00007ff8416b6000 	F:\openjfx-11.0.2_windows-x64_bin-sdk\javafx-sdk-11.0.2\bin\msvcp140.dll
0x00007ff852090000 - 0x00007ff8520e1000 	F:\openjfx-11.0.2_windows-x64_bin-sdk\javafx-sdk-11.0.2\bin\concrt140.dll
0x00007ff85afd0000 - 0x00007ff85aff3000 	F:\openjfx-11.0.2_windows-x64_bin-sdk\javafx-sdk-11.0.2\bin\prism_d3d.dll
0x00007ff862b70000 - 0x00007ff862d37000 	C:\WINDOWS\system32\d3d9.dll
0x00007ff878c20000 - 0x00007ff878c4d000 	C:\WINDOWS\SYSTEM32\dwmapi.dll
0x00007ff8790f0000 - 0x00007ff879110000 	C:\WINDOWS\SYSTEM32\dxcore.dll
0x00007ff8787f0000 - 0x00007ff878889000 	C:\WINDOWS\system32\uxtheme.dll
0x00007ff82de80000 - 0x00007ff82dfe4000 	C:\WINDOWS\System32\DriverStore\FileRepository\iigd_dch.inf_amd64_a2d86d775f73d911\igdumdim64.dll
0x00007ff829b60000 - 0x00007ff82de7b000 	C:\WINDOWS\System32\DriverStore\FileRepository\iigd_dch.inf_amd64_a2d86d775f73d911\igd9dxva64.dll
0x00007ff87c0b0000 - 0x00007ff87c207000 	C:\WINDOWS\System32\ole32.dll
0x00007ff87b6b0000 - 0x00007ff87b775000 	C:\WINDOWS\System32\OLEAUT32.dll
0x00007ff86dc30000 - 0x00007ff86ddd4000 	C:\WINDOWS\System32\DriverStore\FileRepository\iigd_dch.inf_amd64_a2d86d775f73d911\igdgmm64.dll
0x00007ff852150000 - 0x00007ff852195000 	F:\openjfx-11.0.2_windows-x64_bin-sdk\javafx-sdk-11.0.2\bin\glass.dll
0x00007ff87b780000 - 0x00007ff87b850000 	C:\WINDOWS\System32\COMDLG32.dll
0x00007ff87c7e0000 - 0x00007ff87c915000 	C:\WINDOWS\System32\MSCTF.dll
0x00007ff83fd70000 - 0x00007ff83fd96000 	C:\WINDOWS\System32\DriverStore\FileRepository\iigd_dch.inf_amd64_a2d86d775f73d911\igdinfo64.dll
0x00007ff86b7b0000 - 0x00007ff86dbf9000 	C:\WINDOWS\System32\DriverStore\FileRepository\iigd_dch.inf_amd64_a2d86d775f73d911\igc64.dll
0x00007ff87d2d0000 - 0x00007ff87d372000 	C:\WINDOWS\System32\clbcatq.dll
0x00007ff875370000 - 0x00007ff87551f000 	C:\WINDOWS\SYSTEM32\WindowsCodecs.dll
0x00007ff8534e0000 - 0x00007ff85351a000 	C:\WINDOWS\system32\dataexchange.dll
0x00007ff8776c0000 - 0x00007ff87791b000 	C:\WINDOWS\system32\d3d11.dll
0x00007ff877d80000 - 0x00007ff877f5d000 	C:\WINDOWS\system32\dcomp.dll
0x00007ff879180000 - 0x00007ff87926b000 	C:\WINDOWS\system32\dxgi.dll
0x00007ff8788c0000 - 0x00007ff878b22000 	C:\WINDOWS\system32\twinapi.appcore.dll
0x00007ff878d30000 - 0x00007ff878d59000 	C:\WINDOWS\system32\RMCLIENT.dll
0x00007ff85ae70000 - 0x00007ff85aea3000 	C:\Program Files\Common Files\Microsoft Shared\Ink\rtscom.dll
0x00007ff85a500000 - 0x00007ff85a59e000 	C:\WINDOWS\System32\TextInputFramework.dll
0x00007ff875950000 - 0x00007ff875c7a000 	C:\WINDOWS\System32\CoreUIComponents.dll
0x00007ff8782d0000 - 0x00007ff8783a4000 	C:\WINDOWS\System32\CoreMessaging.dll
0x00007ff875fc0000 - 0x00007ff876113000 	C:\WINDOWS\SYSTEM32\wintypes.dll
0x00007ff8794f0000 - 0x00007ff879521000 	C:\WINDOWS\SYSTEM32\ntmarta.dll
0x00007ff863280000 - 0x00007ff863527000 	C:\WINDOWS\System32\iertutil.dll
0x00007ff853910000 - 0x00007ff853924000 	F:\openjfx-11.0.2_windows-x64_bin-sdk\javafx-sdk-11.0.2\bin\javafx_font.dll
0x00007ff857850000 - 0x00007ff857b4e000 	C:\WINDOWS\SYSTEM32\dwrite.dll
0x00007ff877100000 - 0x00007ff8776c0000 	C:\WINDOWS\SYSTEM32\d2d1.dll
0x00007ff871410000 - 0x00007ff871b51000 	C:\WINDOWS\SYSTEM32\D3D10Warp.dll
0x00007ff852be0000 - 0x00007ff852c0c000 	F:\openjfx-11.0.2_windows-x64_bin-sdk\javafx-sdk-11.0.2\bin\javafx_iio.dll

dbghelp: loaded successfully - version: 4.0.5 - missing functions: none
symbol engine: initialized successfully - sym options: 0x614 - pdb path: .;C:\Program Files\Java\jdk-11.0.7\bin;C:\WINDOWS\SYSTEM32;C:\WINDOWS\WinSxS\amd64_microsoft.windows.common-controls_6595b64144ccf1df_6.0.18362.1198_none_9e820b57e45ad92f;C:\Program Files\Java\jdk-11.0.7\bin\server;C:\Program Files\JetBrains\IntelliJ IDEA Community Edition 2019.3.3\bin;F:\openjfx-11.0.2_windows-x64_bin-sdk\javafx-sdk-11.0.2\bin;C:\WINDOWS\System32\DriverStore\FileRepository\iigd_dch.inf_amd64_a2d86d775f73d911;C:\Program Files\Common Files\Microsoft Shared\Ink

VM Arguments:
jvm_args: --module-path=F:\openjfx-11.0.2_windows-x64_bin-sdk\javafx-sdk-11.0.2\lib --add-modules=javafx.controls,javafx.fxml --add-exports=javafx.graphics/com.sun.javafx.sg.prism=ALL-UNNAMED --add-modules=javafx.base,javafx.graphics --add-reads=javafx.base=ALL-UNNAMED --add-reads=javafx.graphics=ALL-UNNAMED -javaagent:C:\Program Files\JetBrains\IntelliJ IDEA Community Edition 2019.3.3\lib\idea_rt.jar=53104:C:\Program Files\JetBrains\IntelliJ IDEA Community Edition 2019.3.3\bin -Dfile.encoding=UTF-8 
java_command: sample.Main
java_class_path (initial): D:\Semester 3\Advanced Programming\Project\Color Switch\out\production\Color Switch;F:\openjfx-11.0.2_windows-x64_bin-sdk\javafx-sdk-11.0.2\lib\src.zip;F:\openjfx-11.0.2_windows-x64_bin-sdk\javafx-sdk-11.0.2\lib\javafx-swt.jar;F:\openjfx-11.0.2_windows-x64_bin-sdk\javafx-sdk-11.0.2\lib\javafx.web.jar;F:\openjfx-11.0.2_windows-x64_bin-sdk\javafx-sdk-11.0.2\lib\javafx.base.jar;F:\openjfx-11.0.2_windows-x64_bin-sdk\javafx-sdk-11.0.2\lib\javafx.fxml.jar;F:\openjfx-11.0.2_windows-x64_bin-sdk\javafx-sdk-11.0.2\lib\javafx.media.jar;F:\openjfx-11.0.2_windows-x64_bin-sdk\javafx-sdk-11.0.2\lib\javafx.swing.jar;F:\openjfx-11.0.2_windows-x64_bin-sdk\javafx-sdk-11.0.2\lib\javafx.controls.jar;F:\openjfx-11.0.2_windows-x64_bin-sdk\javafx-sdk-11.0.2\lib\javafx.graphics.jar
Launcher Type: SUN_STANDARD

[Global flags]
     intx CICompilerCount                          = 4                                         {product} {ergonomic}
     uint ConcGCThreads                            = 2                                         {product} {ergonomic}
     uint G1ConcRefinementThreads                  = 8                                         {product} {ergonomic}
   size_t G1HeapRegionSize                         = 1048576                                   {product} {ergonomic}
    uintx GCDrainStackTargetSize                   = 64                                        {product} {ergonomic}
   size_t InitialHeapSize                          = 134217728                                 {product} {ergonomic}
   size_t MarkStackSize                            = 4194304                                   {product} {ergonomic}
   size_t MaxHeapSize                              = 2118123520                                {product} {ergonomic}
   size_t MaxNewSize                               = 1270874112                                {product} {ergonomic}
   size_t MinHeapDeltaBytes                        = 1048576                                   {product} {ergonomic}
    uintx NonNMethodCodeHeapSize                   = 5836300                                {pd product} {ergonomic}
    uintx NonProfiledCodeHeapSize                  = 122910970                              {pd product} {ergonomic}
    uintx ProfiledCodeHeapSize                     = 122910970                              {pd product} {ergonomic}
    uintx ReservedCodeCacheSize                    = 251658240                              {pd product} {ergonomic}
     bool SegmentedCodeCache                       = true                                      {product} {ergonomic}
     bool UseCompressedClassPointers               = true                                 {lp64_product} {ergonomic}
     bool UseCompressedOops                        = true                                 {lp64_product} {ergonomic}
     bool UseG1GC                                  = true                                      {product} {ergonomic}
     bool UseLargePagesIndividualAllocation        = false                                  {pd product} {ergonomic}

Logging:
Log output configuration:
 #0: stdout all=warning uptime,level,tags
 #1: stderr all=off uptime,level,tags

Environment Variables:
PATH=C:\windows\system32;C:\windows;C:\windows\System32\Wbem;C:\windows\System32\WindowsPowerShell\v1.0\;C:\windows\System32\OpenSSH\;C:\Program Files (x86)\NVIDIA Corporation\PhysX\Common;C:\Program Files\NVIDIA Corporation\NVIDIA NvDLISR;C:\WINDOWS\system32;C:\WINDOWS;C:\WINDOWS\System32\Wbem;C:\WINDOWS\System32\WindowsPowerShell\v1.0\;C:\WINDOWS\System32\OpenSSH\;C:\Program Files\MATLAB\R2020a\runtime\win64;C:\Program Files\MATLAB\R2020a\bin;C:\Program Files\Java\jdk-11.0.7\bin;C:\Strawberry\c\bin;C:\Strawberry\perl\site\bin;C:\Strawberry\perl\bin;C:\Program Files\Git\cmd;C:\Users\Rahul Sethi\anaconda3;C:\Users\Rahul Sethi\anaconda3\Library\mingw-w64\bin;C:\Users\Rahul Sethi\anaconda3\Library\usr\bin;C:\Users\Rahul Sethi\anaconda3\Library\bin;C:\Users\Rahul Sethi\anaconda3\Scripts;C:\windows\system32;C:\windows;C:\windows\System32\Wbem;C:\windows\System32\WindowsPowerShell\v1.0\;C:\windows\System32\OpenSSH\;C:\Program Files (x86)\NVIDIA Corporation\PhysX\Common;C:\Program Files\NVIDIA Corporation\NVIDIA NvDLISR;C:\WINDOWS\system32;C:\WINDOWS;C:\WINDOWS\System32\Wbem;C:\WINDOWS\System32\WindowsPowerShell\v1.0\;C:\WINDOWS\System32\OpenSSH\;C:\Program Files\MATLAB\R2020a\runtime\win64;C:\Program Files\MATLAB\R2020a\bin;C:\Program Files\Java\jdk-11.0.7\bin;C:\Strawberry\c\bin;C:\Strawberry\perl\site\bin;C:\Strawberry\perl\bin;C:\Program Files\Java\jdk1.8.0_231\bin;C:\Users\Rahul Sethi\AppData\Local\Programs\Microsoft VS Code\bin;C:\Users\Rahul Sethi\AppData\Local\Microsoft\WindowsApps;C:\Python34\Scripts;C:\Users\Rahul Sethi\AppData\Local\Programs\Python\Python37\Scripts
USERNAME=Rahul Sethi
OS=Windows_NT
PROCESSOR_IDENTIFIER=Intel64 Family 6 Model 142 Stepping 11, GenuineIntel



---------------  S Y S T E M  ---------------

OS: Windows 10 , 64 bit Build 18362 (10.0.18362.1110)

CPU:total 8 (initial active 8) (4 cores per cpu, 2 threads per core) family 6 model 142 stepping 11, cmov, cx8, fxsr, mmx, sse, sse2, sse3, ssse3, sse4.1, sse4.2, popcnt, avx, avx2, aes, clmul, erms, 3dnowpref, lzcnt, ht, tsc, tscinvbit, bmi1, bmi2, adx, fma

Memory: 4k page, system-wide physical 8079M (1145M free)
TotalPageFile size 14735M (AvailPageFile size 3120M)
current process WorkingSet (physical memory assigned to process): 268M, peak: 268M
current process commit charge ("private bytes"): 371M, peak: 371M

vm_info: Java HotSpot(TM) 64-Bit Server VM (11.0.7+8-LTS) for windows-amd64 JRE (11.0.7+8-LTS), built on Mar 12 2020 02:04:32 by "mach5one" with MS VC++ 15.5 (VS2017)

END.
