#
# A fatal error has been detected by the Java Runtime Environment:
#
#  EXCEPTION_ACCESS_VIOLATION (0xc0000005) at pc=0x00007ffb2dd81390, pid=10156, tid=16304
#
# JRE version: Java(TM) SE Runtime Environment 18.9 (11.0.7+8) (build 11.0.7+8-LTS)
# Java VM: Java HotSpot(TM) 64-Bit Server VM 18.9 (11.0.7+8-LTS, mixed mode, tiered, compressed oops, g1 gc, windows-amd64)
# Problematic frame:
# V  [jvm.dll+0x111390]
#
# No core dump will be written. Minidumps are not enabled by default on client versions of Windows
#
# If you would like to submit a bug report, please visit:
#   https://bugreport.java.com/bugreport/crash.jsp
#

---------------  S U M M A R Y ------------

Command Line: --module-path=F:\openjfx-11.0.2_windows-x64_bin-sdk\javafx-sdk-11.0.2\lib --add-modules=javafx.controls,javafx.fxml --add-exports=javafx.graphics/com.sun.javafx.sg.prism=ALL-UNNAMED --add-modules=javafx.base,javafx.graphics --add-reads=javafx.base=ALL-UNNAMED --add-reads=javafx.graphics=ALL-UNNAMED -javaagent:C:\Program Files\JetBrains\IntelliJ IDEA Community Edition 2019.3.3\lib\idea_rt.jar=60246:C:\Program Files\JetBrains\IntelliJ IDEA Community Edition 2019.3.3\bin -Dfile.encoding=UTF-8 sample.Main

Host: Intel(R) Core(TM) i5-8265U CPU @ 1.60GHz, 8 cores, 7G,  Windows 10 , 64 bit Build 18362 (10.0.18362.1110)
Time: Tue Dec  8 02:17:26 2020 India Standard Time elapsed time: 8 seconds (0d 0h 0m 8s)

---------------  T H R E A D  ---------------

Current thread (0x00000129f9efb000):  JavaThread "JavaFX Application Thread" [_thread_in_vm, id=16304, stack(0x00000004a3400000,0x00000004a3500000)]

Stack: [0x00000004a3400000,0x00000004a3500000],  sp=0x00000004a34efe58,  free space=959k
Native frames: (J=compiled Java code, j=interpreted, Vv=VM code, C=native code)
V  [jvm.dll+0x111390]

Java frames: (J=compiled Java code, j=interpreted, Vv=VM code)
j  com.sun.glass.ui.win.WinView._enterFullscreen(JZZZ)Z+0 javafx.graphics
j  com.sun.glass.ui.View.enterFullscreen(ZZZ)Z+15 javafx.graphics
j  com.sun.javafx.tk.quantum.WindowStage.applyFullScreen()V+77 javafx.graphics
j  com.sun.javafx.tk.quantum.WindowStage.setFullScreen(Z)V+50 javafx.graphics
j  javafx.stage.Stage.setFullScreen(Z)V+26 javafx.graphics
j  sample.Square.explode()V+180
J 3507 c1 sample.Square.blast(Ljavafx/scene/shape/Circle;)V (183 bytes) @ 0x00000129e216192c [0x00000129e21608e0+0x000000000000104c]
j  sample.Game$1.handle(Ljavafx/event/ActionEvent;)V+92
j  sample.Game$1.handle(Ljavafx/event/Event;)V+5
J 3379 c1 com.sun.scenario.animation.shared.TimelineClipCore.visitKeyFrame(IJ)V javafx.graphics (85 bytes) @ 0x00000129e212f71c [0x00000129e212f5a0+0x000000000000017c]
J 3145 c1 com.sun.scenario.animation.shared.TimelineClipCore.playTo(J)V javafx.graphics (353 bytes) @ 0x00000129e20bddfc [0x00000129e20bdcc0+0x000000000000013c]
J 3144 c1 javafx.animation.Timeline.doPlayTo(JJ)V javafx.graphics (9 bytes) @ 0x00000129e20be91c [0x00000129e20be8c0+0x000000000000005c]
J 3784 c2 com.sun.scenario.animation.shared.InfiniteClipEnvelope.timePulse(J)V javafx.graphics (311 bytes) @ 0x00000129e9292388 [0x00000129e9291a80+0x0000000000000908]
J 3710 c2 javafx.animation.Animation.doTimePulse(J)V javafx.graphics (60 bytes) @ 0x00000129e92940f0 [0x00000129e92940a0+0x0000000000000050]
J 2426 c1 javafx.animation.Animation$1$$Lambda$181.run()Ljava/lang/Object; javafx.graphics (12 bytes) @ 0x00000129e1f89604 [0x00000129e1f894c0+0x0000000000000144]
v  ~StubRoutines::call_stub
J 1950  java.security.AccessController.doPrivileged(Ljava/security/PrivilegedAction;Ljava/security/AccessControlContext;)Ljava/lang/Object; java.base@11.0.7 (0 bytes) @ 0x00000129e90ec126 [0x00000129e90ec0c0+0x0000000000000066]
J 3773 c2 javafx.animation.Animation$1.timePulse(J)V javafx.graphics (56 bytes) @ 0x00000129e9294570 [0x00000129e9294440+0x0000000000000130]
J 3058 c1 com.sun.scenario.animation.AbstractMasterTimer.timePulseImpl(J)V javafx.graphics (157 bytes) @ 0x00000129e208d534 [0x00000129e208d420+0x0000000000000114]
J 3610 c1 com.sun.scenario.animation.AbstractMasterTimer$MainLoop.run()V javafx.graphics (61 bytes) @ 0x00000129e2189ffc [0x00000129e2189f00+0x00000000000000fc]
J 3591 c1 com.sun.javafx.tk.quantum.QuantumToolkit.pulse(Z)V javafx.graphics (152 bytes) @ 0x00000129e21817b4 [0x00000129e21816e0+0x00000000000000d4]
j  com.sun.javafx.tk.quantum.PaintCollector.liveRepaintRenderJob(Lcom/sun/javafx/tk/quantum/ViewScene;)V+14 javafx.graphics
j  com.sun.javafx.tk.quantum.GlassViewEventHandler$ViewEventNotification.run()Ljava/lang/Void;+370 javafx.graphics
j  com.sun.javafx.tk.quantum.GlassViewEventHandler$ViewEventNotification.run()Ljava/lang/Object;+1 javafx.graphics
v  ~StubRoutines::call_stub
J 1950  java.security.AccessController.doPrivileged(Ljava/security/PrivilegedAction;Ljava/security/AccessControlContext;)Ljava/lang/Object; java.base@11.0.7 (0 bytes) @ 0x00000129e90ec126 [0x00000129e90ec0c0+0x0000000000000066]
j  com.sun.javafx.tk.quantum.GlassViewEventHandler.lambda$handleViewEvent$15()Ljava/lang/Void;+11 javafx.graphics
j  com.sun.javafx.tk.quantum.GlassViewEventHandler$$Lambda$150.get()Ljava/lang/Object;+4 javafx.graphics
j  com.sun.javafx.tk.quantum.QuantumToolkit.runWithoutRenderLock(Ljava/util/function/Supplier;)Ljava/lang/Object;+18 javafx.graphics
j  com.sun.javafx.tk.quantum.GlassViewEventHandler.handleViewEvent(Lcom/sun/glass/ui/View;JI)V+50 javafx.graphics
j  com.sun.glass.ui.View.handleViewEvent(JI)V+14 javafx.graphics
j  com.sun.glass.ui.View.notifyResize(II)V+34 javafx.graphics
v  ~StubRoutines::call_stub
j  com.sun.glass.ui.win.WinView._enterFullscreen(JZZZ)Z+0 javafx.graphics
j  com.sun.glass.ui.View.enterFullscreen(ZZZ)Z+15 javafx.graphics
j  com.sun.javafx.tk.quantum.WindowStage.applyFullScreen()V+77 javafx.graphics
j  com.sun.javafx.tk.quantum.WindowStage.setFullScreen(Z)V+50 javafx.graphics
j  javafx.stage.Stage.setFullScreen(Z)V+26 javafx.graphics
j  sample.Square.explode()V+180
J 3507 c1 sample.Square.blast(Ljavafx/scene/shape/Circle;)V (183 bytes) @ 0x00000129e216192c [0x00000129e21608e0+0x000000000000104c]
j  sample.Game$1.handle(Ljavafx/event/ActionEvent;)V+92
j  sample.Game$1.handle(Ljavafx/event/Event;)V+5
J 3379 c1 com.sun.scenario.animation.shared.TimelineClipCore.visitKeyFrame(IJ)V javafx.graphics (85 bytes) @ 0x00000129e212f71c [0x00000129e212f5a0+0x000000000000017c]
J 3145 c1 com.sun.scenario.animation.shared.TimelineClipCore.playTo(J)V javafx.graphics (353 bytes) @ 0x00000129e20bddfc [0x00000129e20bdcc0+0x000000000000013c]
J 3144 c1 javafx.animation.Timeline.doPlayTo(JJ)V javafx.graphics (9 bytes) @ 0x00000129e20be91c [0x00000129e20be8c0+0x000000000000005c]
J 3784 c2 com.sun.scenario.animation.shared.InfiniteClipEnvelope.timePulse(J)V javafx.graphics (311 bytes) @ 0x00000129e9292388 [0x00000129e9291a80+0x0000000000000908]
J 3710 c2 javafx.animation.Animation.doTimePulse(J)V javafx.graphics (60 bytes) @ 0x00000129e92940f0 [0x00000129e92940a0+0x0000000000000050]
J 2426 c1 javafx.animation.Animation$1$$Lambda$181.run()Ljava/lang/Object; javafx.graphics (12 bytes) @ 0x00000129e1f89604 [0x00000129e1f894c0+0x0000000000000144]
v  ~StubRoutines::call_stub
J 1950  java.security.AccessController.doPrivileged(Ljava/security/PrivilegedAction;Ljava/security/AccessControlContext;)Ljava/lang/Object; java.base@11.0.7 (0 bytes) @ 0x00000129e90ec126 [0x00000129e90ec0c0+0x0000000000000066]
J 3773 c2 javafx.animation.Animation$1.timePulse(J)V javafx.graphics (56 bytes) @ 0x00000129e9294570 [0x00000129e9294440+0x0000000000000130]
J 3058 c1 com.sun.scenario.animation.AbstractMasterTimer.timePulseImpl(J)V javafx.graphics (157 bytes) @ 0x00000129e208d534 [0x00000129e208d420+0x0000000000000114]
J 3610 c1 com.sun.scenario.animation.AbstractMasterTimer$MainLoop.run()V javafx.graphics (61 bytes) @ 0x00000129e2189ffc [0x00000129e2189f00+0x00000000000000fc]
J 3591 c1 com.sun.javafx.tk.quantum.QuantumToolkit.pulse(Z)V javafx.graphics (152 bytes) @ 0x00000129e21817b4 [0x00000129e21816e0+0x00000000000000d4]
j  com.sun.javafx.tk.quantum.PaintCollector.liveRepaintRenderJob(Lcom/sun/javafx/tk/quantum/ViewScene;)V+14 javafx.graphics
j  com.sun.javafx.tk.quantum.GlassViewEventHandler$ViewEventNotification.run()Ljava/lang/Void;+370 javafx.graphics
j  com.sun.javafx.tk.quantum.GlassViewEventHandler$ViewEventNotification.run()Ljava/lang/Object;+1 javafx.graphics
v  ~StubRoutines::call_stub
J 1950  java.security.AccessController.doPrivileged(Ljava/security/PrivilegedAction;Ljava/security/AccessControlContext;)Ljava/lang/Object; java.base@11.0.7 (0 bytes) @ 0x00000129e90ec126 [0x00000129e90ec0c0+0x0000000000000066]
j  com.sun.javafx.tk.quantum.GlassViewEventHandler.lambda$handleViewEvent$15()Ljava/lang/Void;+11 javafx.graphics
j  com.sun.javafx.tk.quantum.GlassViewEventHandler$$Lambda$150.get()Ljava/lang/Object;+4 javafx.graphics
j  com.sun.javafx.tk.quantum.QuantumToolkit.runWithoutRenderLock(Ljava/util/function/Supplier;)Ljava/lang/Object;+18 javafx.graphics
j  com.sun.javafx.tk.quantum.GlassViewEventHandler.handleViewEvent(Lcom/sun/glass/ui/View;JI)V+50 javafx.graphics
j  com.sun.glass.ui.View.handleViewEvent(JI)V+14 javafx.graphics
j  com.sun.glass.ui.View.notifyResize(II)V+34 javafx.graphics
v  ~StubRoutines::call_stub
j  com.sun.glass.ui.win.WinView._exitFullscreen(JZ)V+0 javafx.graphics
j  com.sun.glass.ui.View.exitFullscreen(Z)V+13 javafx.graphics
j  com.sun.javafx.tk.quantum.WindowStage.applyFullScreen()V+322 javafx.graphics
j  com.sun.javafx.tk.quantum.WindowStage.setFullScreen(Z)V+50 javafx.graphics
j  com.sun.javafx.tk.quantum.WindowStage.exitFullScreen()V+2 javafx.graphics
j  com.sun.javafx.tk.quantum.WindowStage.setScene(Lcom/sun/javafx/tk/TKScene;)V+12 javafx.graphics
j  javafx.stage.Window$SceneModel.updatePeerScene(Lcom/sun/javafx/tk/TKScene;)V+18 javafx.graphics
j  javafx.stage.Window$SceneModel.invalidated()V+35 javafx.graphics
J 3472 c2 javafx.beans.property.ObjectPropertyBase.set(Ljava/lang/Object;)V javafx.base (76 bytes) @ 0x00000129e923751c [0x00000129e9237420+0x00000000000000fc]
j  javafx.stage.Window.setScene(Ljavafx/scene/Scene;)V+5 javafx.graphics
j  javafx.stage.Stage.setScene(Ljavafx/scene/Scene;)V+8 javafx.graphics
j  sample.Square.explode()V+173
J 3507 c1 sample.Square.blast(Ljavafx/scene/shape/Circle;)V (183 bytes) @ 0x00000129e216192c [0x00000129e21608e0+0x000000000000104c]
j  sample.Game$1.handle(Ljavafx/event/ActionEvent;)V+92
j  sample.Game$1.handle(Ljavafx/event/Event;)V+5
J 3379 c1 com.sun.scenario.animation.shared.TimelineClipCore.visitKeyFrame(IJ)V javafx.graphics (85 bytes) @ 0x00000129e212f71c [0x00000129e212f5a0+0x000000000000017c]
J 3145 c1 com.sun.scenario.animation.shared.TimelineClipCore.playTo(J)V javafx.graphics (353 bytes) @ 0x00000129e20bddfc [0x00000129e20bdcc0+0x000000000000013c]
J 3144 c1 javafx.animation.Timeline.doPlayTo(JJ)V javafx.graphics (9 bytes) @ 0x00000129e20be91c [0x00000129e20be8c0+0x000000000000005c]
J 3784 c2 com.sun.scenario.animation.shared.InfiniteClipEnvelope.timePulse(J)V javafx.graphics (311 bytes) @ 0x00000129e9292388 [0x00000129e9291a80+0x0000000000000908]
J 2397 c1 javafx.animation.Animation.doTimePulse(J)V javafx.graphics (60 bytes) @ 0x00000129e1f7aedc [0x00000129e1f7ac60+0x000000000000027c]
J 2426 c1 javafx.animation.Animation$1$$Lambda$181.run()Ljava/lang/Object; javafx.graphics (12 bytes) @ 0x00000129e1f89604 [0x00000129e1f894c0+0x0000000000000144]
v  ~StubRoutines::call_stub
J 1950  java.security.AccessController.doPrivileged(Ljava/security/PrivilegedAction;Ljava/security/AccessControlContext;)Ljava/lang/Object; java.base@11.0.7 (0 bytes) @ 0x00000129e90ec126 [0x00000129e90ec0c0+0x0000000000000066]
J 2400 c1 javafx.animation.Animation$1.timePulse(J)V javafx.graphics (56 bytes) @ 0x00000129e1f7c4c4 [0x00000129e1f7bfc0+0x0000000000000504]
J 3058 c1 com.sun.scenario.animation.AbstractMasterTimer.timePulseImpl(J)V javafx.graphics (157 bytes) @ 0x00000129e208d534 [0x00000129e208d420+0x0000000000000114]
J 3610 c1 com.sun.scenario.animation.AbstractMasterTimer$MainLoop.run()V javafx.graphics (61 bytes) @ 0x00000129e2189ffc [0x00000129e2189f00+0x00000000000000fc]
J 3591 c1 com.sun.javafx.tk.quantum.QuantumToolkit.pulse(Z)V javafx.graphics (152 bytes) @ 0x00000129e21817b4 [0x00000129e21816e0+0x00000000000000d4]
J 3777 c1 com.sun.javafx.tk.quantum.QuantumToolkit$$Lambda$95.run()V javafx.graphics (8 bytes) @ 0x00000129e21bd1cc [0x00000129e21bd160+0x000000000000006c]
j  com.sun.glass.ui.InvokeLaterDispatcher$Future.run()V+4 javafx.graphics
v  ~StubRoutines::call_stub
j  com.sun.glass.ui.win.WinApplication._runLoop(Ljava/lang/Runnable;)V+0 javafx.graphics
j  com.sun.glass.ui.win.WinApplication.lambda$runLoop$3(ILjava/lang/Runnable;)V+8 javafx.graphics
j  com.sun.glass.ui.win.WinApplication$$Lambda$91.run()V+12 javafx.graphics
j  java.lang.Thread.run()V+11 java.base@11.0.7
v  ~StubRoutines::call_stub

siginfo: EXCEPTION_ACCESS_VIOLATION (0xc0000005), reading address 0x000000003ff90000


Register to memory mapping:

RIP=0x00007ffb2dd81390 jvm.dll
RAX=0x00000004a34f0050 is pointing into the stack for thread: 0x00000129f9efb000
RBX=0x00000129f9efb000 is a thread
RCX=0x000000003ff90000 is an unknown value
RDX=0x00000004a34f0020 is pointing into the stack for thread: 0x00000129f9efb000
RSP=0x00000004a34efe58 is pointing into the stack for thread: 0x00000129f9efb000
RBP=0x00000004a34eff60 is pointing into the stack for thread: 0x00000129f9efb000
RSI=0x00000129f9efb000 is a thread
RDI=0x00000129f9efb000 is a thread
R8 =0x000000003ff90000 is an unknown value
R9 =0x0000000000000001 is an unknown value
R10=0x0 is NULL
R11=0x0000000000000246 is an unknown value
R12=0x00000004a34f0020 is pointing into the stack for thread: 0x00000129f9efb000
R13=0x00000129f8e48618 points into unknown readable memory: 00 46 69 fa 29 01 00 00
R14=0x00000129f8e48618 points into unknown readable memory: 00 46 69 fa 29 01 00 00
R15=0x0000000000000001 is an unknown value


Registers:
RAX=0x00000004a34f0050, RBX=0x00000129f9efb000, RCX=0x000000003ff90000, RDX=0x00000004a34f0020
RSP=0x00000004a34efe58, RBP=0x00000004a34eff60, RSI=0x00000129f9efb000, RDI=0x00000129f9efb000
R8 =0x000000003ff90000, R9 =0x0000000000000001, R10=0x0000000000000000, R11=0x0000000000000246
R12=0x00000004a34f0020, R13=0x00000129f8e48618, R14=0x00000129f8e48618, R15=0x0000000000000001
RIP=0x00007ffb2dd81390, EFLAGS=0x0000000000010246

Top of Stack: (sp=0x00000004a34efe58)
0x00000004a34efe58:   00007ffb2e056e98 0000000000000000
0x00000004a34efe68:   0000000000000000 00007ffb9cdfc520
0x00000004a34efe78:   00007ffb9cb957ec 00000000c0000388
0x00000004a34efe88:   00007ffb6d0217a0 0000000000000000
0x00000004a34efe98:   0000000000000000 00000004a34f0050
0x00000004a34efea8:   00000129f9efb340 0000000000000000
0x00000004a34efeb8:   0000000000000000 0000000000000000
0x00000004a34efec8:   0000000000000000 0000000040000000
0x00000004a34efed8:   00007ffb9cb957ec 00000000c0000388
0x00000004a34efee8:   00007ffb9cdfc520 0000000000940786
0x00000004a34efef8:   0000000080000000 0000000000000006
0x00000004a34eff08:   0000000000000000 0000000000000000
0x00000004a34eff18:   00007ffb00000001 0000000000000000
0x00000004a34eff28:   0000000000000000 0000000000000000
0x00000004a34eff38:   00007ffb9cba1f9a 0000000016080000
0x00000004a34eff48:   00000129f9ccead0 0000000000000006 

Instructions: (pc=0x00007ffb2dd81390)
0x00007ffb2dd81370:   8b 01 85 c0 75 03 33 c0 c3 8b 0d 09 2c 93 00 48
0x00007ffb2dd81380:   d3 e0 48 03 05 f7 2b 93 00 c3 cc cc cc cc cc cc
0x00007ffb2dd81390:   48 8b 01 c3 cc cc cc cc cc cc cc cc cc cc cc cc
0x00007ffb2dd813a0:   48 89 5c 24 08 48 89 74 24 10 57 48 83 ec 20 48 


Stack slot to memory mapping:
stack at sp + 0 slots: 0x00007ffb2e056e98 jvm.dll
stack at sp + 1 slots: 0x0 is NULL
stack at sp + 2 slots: 0x0 is NULL
stack at sp + 3 slots: 0x00007ffb9cdfc520 ntdll.dll
stack at sp + 4 slots: 0x00007ffb9cb957ec USER32.dll
stack at sp + 5 slots: 
[error occurred during error reporting (inspecting top of stack), id 0xc0000005, EXCEPTION_ACCESS_VIOLATION (0xc0000005) at pc=0x00007ffb2df64d46]


---------------  P R O C E S S  ---------------

Threads class SMR info:
_java_thread_list=0x00000129ff1ad2d0, length=20, elements={
0x00000129d915c800, 0x00000129f7df5000, 0x00000129f7e25800, 0x00000129f7e36800,
0x00000129f7e37800, 0x00000129f7e39000, 0x00000129f7e3c000, 0x00000129f878e000,
0x00000129f8906800, 0x00000129f8960800, 0x00000129f8f85000, 0x00000129f9733800,
0x00000129f96cc000, 0x00000129f9f0e800, 0x00000129f9efb000, 0x00000129f969f000,
0x00000129f8dd2000, 0x00000129fa041800, 0x00000129ff107800, 0x00000129ff636000
}

Java Threads: ( => current thread )
  0x00000129d915c800 JavaThread "main" [_thread_blocked, id=5636, stack(0x00000004a1e00000,0x00000004a1f00000)]
  0x00000129f7df5000 JavaThread "Reference Handler" daemon [_thread_blocked, id=19356, stack(0x00000004a2500000,0x00000004a2600000)]
  0x00000129f7e25800 JavaThread "Finalizer" daemon [_thread_blocked, id=24268, stack(0x00000004a2600000,0x00000004a2700000)]
  0x00000129f7e36800 JavaThread "Signal Dispatcher" daemon [_thread_blocked, id=24308, stack(0x00000004a2700000,0x00000004a2800000)]
  0x00000129f7e37800 JavaThread "Attach Listener" daemon [_thread_blocked, id=7804, stack(0x00000004a2800000,0x00000004a2900000)]
  0x00000129f7e39000 JavaThread "C2 CompilerThread0" daemon [_thread_blocked, id=3660, stack(0x00000004a2900000,0x00000004a2a00000)]
  0x00000129f7e3c000 JavaThread "C1 CompilerThread0" daemon [_thread_blocked, id=13328, stack(0x00000004a2a00000,0x00000004a2b00000)]
  0x00000129f878e000 JavaThread "Sweeper thread" daemon [_thread_blocked, id=23412, stack(0x00000004a2b00000,0x00000004a2c00000)]
  0x00000129f8906800 JavaThread "Common-Cleaner" daemon [_thread_blocked, id=7656, stack(0x00000004a2c00000,0x00000004a2d00000)]
  0x00000129f8960800 JavaThread "C2 CompilerThread1" daemon [_thread_blocked, id=4788, stack(0x00000004a2d00000,0x00000004a2e00000)]
  0x00000129f8f85000 JavaThread "Monitor Ctrl-Break" daemon [_thread_in_native, id=2688, stack(0x00000004a2f00000,0x00000004a3000000)]
  0x00000129f9733800 JavaThread "Service Thread" daemon [_thread_blocked, id=19096, stack(0x00000004a3000000,0x00000004a3100000)]
  0x00000129f96cc000 JavaThread "QuantumRenderer-0" daemon [_thread_blocked, id=6772, stack(0x00000004a3200000,0x00000004a3300000)]
  0x00000129f9f0e800 JavaThread "InvokeLaterDispatcher" daemon [_thread_blocked, id=22512, stack(0x00000004a3300000,0x00000004a3400000)]
=>0x00000129f9efb000 JavaThread "JavaFX Application Thread" [_thread_in_vm, id=16304, stack(0x00000004a3400000,0x00000004a3500000)]
  0x00000129f969f000 JavaThread "JavaFX-Launcher" [_thread_blocked, id=22636, stack(0x00000004a3900000,0x00000004a3a00000)]
  0x00000129f8dd2000 JavaThread "Thread-2" daemon [_thread_in_native, id=392, stack(0x00000004a3800000,0x00000004a3900000)]
  0x00000129fa041800 JavaThread "Prism Font Disposer" daemon [_thread_blocked, id=22032, stack(0x00000004a2e00000,0x00000004a2f00000)]
  0x00000129ff107800 JavaThread "Cleaner-0" daemon [_thread_blocked, id=18616, stack(0x00000004a4200000,0x00000004a4300000)]
  0x00000129ff636000 JavaThread "C2 CompilerThread2" daemon [_thread_blocked, id=20072, stack(0x00000004a4700000,0x00000004a4800000)]

Other Threads:
  0x00000129f7df2800 VMThread "VM Thread" [stack: 0x00000004a2400000,0x00000004a2500000] [id=8972]
  0x00000129f8bd9800 WatcherThread [stack: 0x00000004a3100000,0x00000004a3200000] [id=24064]
  0x00000129d9172800 GCTaskThread "GC Thread#0" [stack: 0x00000004a1f00000,0x00000004a2000000] [id=23384]
  0x00000129ff435800 GCTaskThread "GC Thread#1" [stack: 0x00000004a3d00000,0x00000004a3e00000] [id=988]
  0x00000129ff460800 GCTaskThread "GC Thread#2" [stack: 0x00000004a3e00000,0x00000004a3f00000] [id=24384]
  0x00000129f9698000 GCTaskThread "GC Thread#3" [stack: 0x00000004a3f00000,0x00000004a4000000] [id=22296]
  0x00000129ff266800 GCTaskThread "GC Thread#4" [stack: 0x00000004a4000000,0x00000004a4100000] [id=2780]
  0x00000129fa012000 GCTaskThread "GC Thread#5" [stack: 0x00000004a4100000,0x00000004a4200000] [id=14256]
  0x00000129d91a5000 ConcurrentGCThread "G1 Main Marker" [stack: 0x00000004a2000000,0x00000004a2100000] [id=22140]
  0x00000129d91a6000 ConcurrentGCThread "G1 Conc#0" [stack: 0x00000004a2100000,0x00000004a2200000] [id=2108]
  0x00000129ffa6a000 ConcurrentGCThread "G1 Conc#1" [stack: 0x00000004a4800000,0x00000004a4900000] [id=17712]
  0x00000129f7c60800 ConcurrentGCThread "G1 Refine#0" [stack: 0x00000004a2200000,0x00000004a2300000] [id=3772]
  0x00000129f7c61800 ConcurrentGCThread "G1 Young RemSet Sampling" [stack: 0x00000004a2300000,0x00000004a2400000] [id=20640]

Threads with active compile tasks:

VM state:not at safepoint (normal execution)

VM Mutex/Monitor currently owned by a thread: None

Heap address: 0x0000000081c00000, size: 2020 MB, Compressed Oops mode: 32-bit
Narrow klass base: 0x0000000000000000, Narrow klass shift: 3
Compressed class space size: 1073741824 Address: 0x0000000100000000

Heap:
 garbage-first heap   total 131072K, used 53690K [0x0000000081c00000, 0x0000000100000000)
  region size 1024K, 42 young (43008K), 6 survivors (6144K)
 Metaspace       used 20861K, capacity 21412K, committed 21552K, reserved 1069056K
  class space    used 2380K, capacity 2616K, committed 2688K, reserved 1048576K
Heap Regions: E=young(eden), S=young(survivor), O=old, HS=humongous(starts), HC=humongous(continues), CS=collection set, F=free, A=archive, TAMS=top-at-mark-start (previous, next)
|   0|0x0000000081c00000, 0x0000000081d00000, 0x0000000081d00000|100%| O|  |TAMS 0x0000000081d00000, 0x0000000081c00000| Untracked 
|   1|0x0000000081d00000, 0x0000000081e00000, 0x0000000081e00000|100%|HS|  |TAMS 0x0000000081e00000, 0x0000000081d00000| Complete 
|   2|0x0000000081e00000, 0x0000000081f00000, 0x0000000081f00000|100%|HS|  |TAMS 0x0000000081f00000, 0x0000000081e00000| Complete 
|   3|0x0000000081f00000, 0x0000000082000000, 0x0000000082000000|100%|HS|  |TAMS 0x0000000082000000, 0x0000000081f00000| Complete 
|   4|0x0000000082000000, 0x0000000082100000, 0x0000000082100000|100%|HC|  |TAMS 0x0000000082100000, 0x0000000082000000| Complete 
|   5|0x0000000082100000, 0x0000000082200000, 0x0000000082200000|100%|HS|  |TAMS 0x0000000082200000, 0x0000000082100000| Complete 
|   6|0x0000000082200000, 0x0000000082300000, 0x0000000082300000|100%|HC|  |TAMS 0x0000000082300000, 0x0000000082200000| Complete 
|   7|0x0000000082300000, 0x0000000082400000, 0x0000000082400000|100%|HS|  |TAMS 0x0000000082400000, 0x0000000082300000| Complete 
|   8|0x0000000082400000, 0x0000000082500000, 0x0000000082500000|100%|HC|  |TAMS 0x0000000082500000, 0x0000000082400000| Complete 
|   9|0x0000000082500000, 0x0000000082600000, 0x0000000082600000|100%|HC|  |TAMS 0x0000000082600000, 0x0000000082500000| Complete 
|  10|0x0000000082600000, 0x0000000082700000, 0x0000000082700000|100%| O|  |TAMS 0x0000000082700000, 0x0000000082600000| Untracked 
|  11|0x0000000082700000, 0x0000000082800000, 0x0000000082800000|100%| O|  |TAMS 0x0000000082800000, 0x0000000082700000| Untracked 
|  12|0x0000000082800000, 0x000000008283f400, 0x0000000082900000| 24%| O|  |TAMS 0x000000008283f400, 0x0000000082800000| Untracked 
|  13|0x0000000082900000, 0x0000000082900000, 0x0000000082a00000|  0%| F|  |TAMS 0x0000000082900000, 0x0000000082900000| Untracked 
|  14|0x0000000082a00000, 0x0000000082a00000, 0x0000000082b00000|  0%| F|  |TAMS 0x0000000082a00000, 0x0000000082a00000| Untracked 
|  15|0x0000000082b00000, 0x0000000082b00000, 0x0000000082c00000|  0%| F|  |TAMS 0x0000000082b00000, 0x0000000082b00000| Untracked 
|  16|0x0000000082c00000, 0x0000000082c00000, 0x0000000082d00000|  0%| F|  |TAMS 0x0000000082c00000, 0x0000000082c00000| Untracked 
|  17|0x0000000082d00000, 0x0000000082d00000, 0x0000000082e00000|  0%| F|  |TAMS 0x0000000082d00000, 0x0000000082d00000| Untracked 
|  18|0x0000000082e00000, 0x0000000082e00000, 0x0000000082f00000|  0%| F|  |TAMS 0x0000000082e00000, 0x0000000082e00000| Untracked 
|  19|0x0000000082f00000, 0x0000000082f00000, 0x0000000083000000|  0%| F|  |TAMS 0x0000000082f00000, 0x0000000082f00000| Untracked 
|  20|0x0000000083000000, 0x0000000083000000, 0x0000000083100000|  0%| F|  |TAMS 0x0000000083000000, 0x0000000083000000| Untracked 
|  21|0x0000000083100000, 0x0000000083100000, 0x0000000083200000|  0%| F|  |TAMS 0x0000000083100000, 0x0000000083100000| Untracked 
|  22|0x0000000083200000, 0x0000000083200000, 0x0000000083300000|  0%| F|  |TAMS 0x0000000083200000, 0x0000000083200000| Untracked 
|  23|0x0000000083300000, 0x0000000083300000, 0x0000000083400000|  0%| F|  |TAMS 0x0000000083300000, 0x0000000083300000| Untracked 
|  24|0x0000000083400000, 0x0000000083400000, 0x0000000083500000|  0%| F|  |TAMS 0x0000000083400000, 0x0000000083400000| Untracked 
|  25|0x0000000083500000, 0x0000000083500000, 0x0000000083600000|  0%| F|  |TAMS 0x0000000083500000, 0x0000000083500000| Untracked 
|  26|0x0000000083600000, 0x0000000083600000, 0x0000000083700000|  0%| F|  |TAMS 0x0000000083600000, 0x0000000083600000| Untracked 
|  27|0x0000000083700000, 0x0000000083700000, 0x0000000083800000|  0%| F|  |TAMS 0x0000000083700000, 0x0000000083700000| Untracked 
|  28|0x0000000083800000, 0x0000000083800000, 0x0000000083900000|  0%| F|  |TAMS 0x0000000083800000, 0x0000000083800000| Untracked 
|  29|0x0000000083900000, 0x0000000083900000, 0x0000000083a00000|  0%| F|  |TAMS 0x0000000083900000, 0x0000000083900000| Untracked 
|  30|0x0000000083a00000, 0x0000000083a00000, 0x0000000083b00000|  0%| F|  |TAMS 0x0000000083a00000, 0x0000000083a00000| Untracked 
|  31|0x0000000083b00000, 0x0000000083b00000, 0x0000000083c00000|  0%| F|  |TAMS 0x0000000083b00000, 0x0000000083b00000| Untracked 
|  32|0x0000000083c00000, 0x0000000083c00000, 0x0000000083d00000|  0%| F|  |TAMS 0x0000000083c00000, 0x0000000083c00000| Untracked 
|  33|0x0000000083d00000, 0x0000000083d00000, 0x0000000083e00000|  0%| F|  |TAMS 0x0000000083d00000, 0x0000000083d00000| Untracked 
|  34|0x0000000083e00000, 0x0000000083e00000, 0x0000000083f00000|  0%| F|  |TAMS 0x0000000083e00000, 0x0000000083e00000| Untracked 
|  35|0x0000000083f00000, 0x0000000083f00000, 0x0000000084000000|  0%| F|  |TAMS 0x0000000083f00000, 0x0000000083f00000| Untracked 
|  36|0x0000000084000000, 0x0000000084000000, 0x0000000084100000|  0%| F|  |TAMS 0x0000000084000000, 0x0000000084000000| Untracked 
|  37|0x0000000084100000, 0x0000000084100000, 0x0000000084200000|  0%| F|  |TAMS 0x0000000084100000, 0x0000000084100000| Untracked 
|  38|0x0000000084200000, 0x0000000084200000, 0x0000000084300000|  0%| F|  |TAMS 0x0000000084200000, 0x0000000084200000| Untracked 
|  39|0x0000000084300000, 0x0000000084300000, 0x0000000084400000|  0%| F|  |TAMS 0x0000000084300000, 0x0000000084300000| Untracked 
|  40|0x0000000084400000, 0x0000000084400000, 0x0000000084500000|  0%| F|  |TAMS 0x0000000084400000, 0x0000000084400000| Untracked 
|  41|0x0000000084500000, 0x0000000084500000, 0x0000000084600000|  0%| F|  |TAMS 0x0000000084500000, 0x0000000084500000| Untracked 
|  42|0x0000000084600000, 0x0000000084600000, 0x0000000084700000|  0%| F|  |TAMS 0x0000000084600000, 0x0000000084600000| Untracked 
|  43|0x0000000084700000, 0x0000000084700000, 0x0000000084800000|  0%| F|  |TAMS 0x0000000084700000, 0x0000000084700000| Untracked 
|  44|0x0000000084800000, 0x0000000084800000, 0x0000000084900000|  0%| F|  |TAMS 0x0000000084800000, 0x0000000084800000| Untracked 
|  45|0x0000000084900000, 0x0000000084900000, 0x0000000084a00000|  0%| F|  |TAMS 0x0000000084900000, 0x0000000084900000| Untracked 
|  46|0x0000000084a00000, 0x0000000084a00000, 0x0000000084b00000|  0%| F|  |TAMS 0x0000000084a00000, 0x0000000084a00000| Untracked 
|  47|0x0000000084b00000, 0x0000000084b00000, 0x0000000084c00000|  0%| F|  |TAMS 0x0000000084b00000, 0x0000000084b00000| Untracked 
|  48|0x0000000084c00000, 0x0000000084c00000, 0x0000000084d00000|  0%| F|  |TAMS 0x0000000084c00000, 0x0000000084c00000| Untracked 
|  49|0x0000000084d00000, 0x0000000084d00000, 0x0000000084e00000|  0%| F|  |TAMS 0x0000000084d00000, 0x0000000084d00000| Untracked 
|  50|0x0000000084e00000, 0x0000000084e00000, 0x0000000084f00000|  0%| F|  |TAMS 0x0000000084e00000, 0x0000000084e00000| Untracked 
|  51|0x0000000084f00000, 0x0000000084f00000, 0x0000000085000000|  0%| F|  |TAMS 0x0000000084f00000, 0x0000000084f00000| Untracked 
|  52|0x0000000085000000, 0x0000000085000000, 0x0000000085100000|  0%| F|  |TAMS 0x0000000085000000, 0x0000000085000000| Untracked 
|  53|0x0000000085100000, 0x0000000085100000, 0x0000000085200000|  0%| F|  |TAMS 0x0000000085100000, 0x0000000085100000| Untracked 
|  54|0x0000000085200000, 0x0000000085200000, 0x0000000085300000|  0%| F|  |TAMS 0x0000000085200000, 0x0000000085200000| Untracked 
|  55|0x0000000085300000, 0x0000000085300000, 0x0000000085400000|  0%| F|  |TAMS 0x0000000085300000, 0x0000000085300000| Untracked 
|  56|0x0000000085400000, 0x0000000085400000, 0x0000000085500000|  0%| F|  |TAMS 0x0000000085400000, 0x0000000085400000| Untracked 
|  57|0x0000000085500000, 0x0000000085500000, 0x0000000085600000|  0%| F|  |TAMS 0x0000000085500000, 0x0000000085500000| Untracked 
|  58|0x0000000085600000, 0x0000000085600000, 0x0000000085700000|  0%| F|  |TAMS 0x0000000085600000, 0x0000000085600000| Untracked 
|  59|0x0000000085700000, 0x0000000085700000, 0x0000000085800000|  0%| F|  |TAMS 0x0000000085700000, 0x0000000085700000| Untracked 
|  60|0x0000000085800000, 0x0000000085800000, 0x0000000085900000|  0%| F|  |TAMS 0x0000000085800000, 0x0000000085800000| Untracked 
|  61|0x0000000085900000, 0x0000000085900000, 0x0000000085a00000|  0%| F|  |TAMS 0x0000000085900000, 0x0000000085900000| Untracked 
|  62|0x0000000085a00000, 0x0000000085a00000, 0x0000000085b00000|  0%| F|  |TAMS 0x0000000085a00000, 0x0000000085a00000| Untracked 
|  63|0x0000000085b00000, 0x0000000085b00000, 0x0000000085c00000|  0%| F|  |TAMS 0x0000000085b00000, 0x0000000085b00000| Untracked 
|  64|0x0000000085c00000, 0x0000000085c00000, 0x0000000085d00000|  0%| F|  |TAMS 0x0000000085c00000, 0x0000000085c00000| Untracked 
|  65|0x0000000085d00000, 0x0000000085d00000, 0x0000000085e00000|  0%| F|  |TAMS 0x0000000085d00000, 0x0000000085d00000| Untracked 
|  66|0x0000000085e00000, 0x0000000085e00000, 0x0000000085f00000|  0%| F|  |TAMS 0x0000000085e00000, 0x0000000085e00000| Untracked 
|  67|0x0000000085f00000, 0x0000000085f00000, 0x0000000086000000|  0%| F|  |TAMS 0x0000000085f00000, 0x0000000085f00000| Untracked 
|  68|0x0000000086000000, 0x0000000086000000, 0x0000000086100000|  0%| F|  |TAMS 0x0000000086000000, 0x0000000086000000| Untracked 
|  69|0x0000000086100000, 0x0000000086100000, 0x0000000086200000|  0%| F|  |TAMS 0x0000000086100000, 0x0000000086100000| Untracked 
|  70|0x0000000086200000, 0x0000000086200000, 0x0000000086300000|  0%| F|  |TAMS 0x0000000086200000, 0x0000000086200000| Untracked 
|  71|0x0000000086300000, 0x0000000086300000, 0x0000000086400000|  0%| F|  |TAMS 0x0000000086300000, 0x0000000086300000| Untracked 
|  72|0x0000000086400000, 0x0000000086400000, 0x0000000086500000|  0%| F|  |TAMS 0x0000000086400000, 0x0000000086400000| Untracked 
|  73|0x0000000086500000, 0x0000000086500000, 0x0000000086600000|  0%| F|  |TAMS 0x0000000086500000, 0x0000000086500000| Untracked 
|  74|0x0000000086600000, 0x0000000086600000, 0x0000000086700000|  0%| F|  |TAMS 0x0000000086600000, 0x0000000086600000| Untracked 
|  75|0x0000000086700000, 0x0000000086700000, 0x0000000086800000|  0%| F|  |TAMS 0x0000000086700000, 0x0000000086700000| Untracked 
|  76|0x0000000086800000, 0x0000000086800000, 0x0000000086900000|  0%| F|  |TAMS 0x0000000086800000, 0x0000000086800000| Untracked 
|  77|0x0000000086900000, 0x0000000086900000, 0x0000000086a00000|  0%| F|  |TAMS 0x0000000086900000, 0x0000000086900000| Untracked 
|  78|0x0000000086a00000, 0x0000000086a00000, 0x0000000086b00000|  0%| F|  |TAMS 0x0000000086a00000, 0x0000000086a00000| Untracked 
|  79|0x0000000086b00000, 0x0000000086b00000, 0x0000000086c00000|  0%| F|  |TAMS 0x0000000086b00000, 0x0000000086b00000| Untracked 
|  80|0x0000000086c00000, 0x0000000086c00000, 0x0000000086d00000|  0%| F|  |TAMS 0x0000000086c00000, 0x0000000086c00000| Untracked 
|  81|0x0000000086d00000, 0x0000000086d00000, 0x0000000086e00000|  0%| F|  |TAMS 0x0000000086d00000, 0x0000000086d00000| Untracked 
|  82|0x0000000086e00000, 0x0000000086e00000, 0x0000000086f00000|  0%| F|  |TAMS 0x0000000086e00000, 0x0000000086e00000| Untracked 
|  83|0x0000000086f00000, 0x0000000086f00000, 0x0000000087000000|  0%| F|  |TAMS 0x0000000086f00000, 0x0000000086f00000| Untracked 
|  84|0x0000000087000000, 0x0000000087000000, 0x0000000087100000|  0%| F|  |TAMS 0x0000000087000000, 0x0000000087000000| Untracked 
|  85|0x0000000087100000, 0x0000000087100000, 0x0000000087200000|  0%| F|  |TAMS 0x0000000087100000, 0x0000000087100000| Untracked 
|  86|0x0000000087200000, 0x0000000087300000, 0x0000000087300000|100%| E|  |TAMS 0x0000000087200000, 0x0000000087200000| Complete 
|  87|0x0000000087300000, 0x0000000087400000, 0x0000000087400000|100%| E|CS|TAMS 0x0000000087300000, 0x0000000087300000| Complete 
|  88|0x0000000087400000, 0x0000000087500000, 0x0000000087500000|100%| E|CS|TAMS 0x0000000087400000, 0x0000000087400000| Complete 
|  89|0x0000000087500000, 0x0000000087600000, 0x0000000087600000|100%| E|CS|TAMS 0x0000000087500000, 0x0000000087500000| Complete 
|  90|0x0000000087600000, 0x0000000087700000, 0x0000000087700000|100%| E|CS|TAMS 0x0000000087600000, 0x0000000087600000| Complete 
|  91|0x0000000087700000, 0x0000000087800000, 0x0000000087800000|100%| E|CS|TAMS 0x0000000087700000, 0x0000000087700000| Complete 
|  92|0x0000000087800000, 0x0000000087900000, 0x0000000087900000|100%| E|CS|TAMS 0x0000000087800000, 0x0000000087800000| Complete 
|  93|0x0000000087900000, 0x0000000087a00000, 0x0000000087a00000|100%| E|CS|TAMS 0x0000000087900000, 0x0000000087900000| Complete 
|  94|0x0000000087a00000, 0x0000000087b00000, 0x0000000087b00000|100%| E|CS|TAMS 0x0000000087a00000, 0x0000000087a00000| Complete 
|  95|0x0000000087b00000, 0x0000000087c00000, 0x0000000087c00000|100%| E|CS|TAMS 0x0000000087b00000, 0x0000000087b00000| Complete 
|  96|0x0000000087c00000, 0x0000000087d00000, 0x0000000087d00000|100%| E|CS|TAMS 0x0000000087c00000, 0x0000000087c00000| Complete 
|  97|0x0000000087d00000, 0x0000000087e00000, 0x0000000087e00000|100%| E|CS|TAMS 0x0000000087d00000, 0x0000000087d00000| Complete 
|  98|0x0000000087e00000, 0x0000000087f00000, 0x0000000087f00000|100%| E|CS|TAMS 0x0000000087e00000, 0x0000000087e00000| Complete 
|  99|0x0000000087f00000, 0x0000000088000000, 0x0000000088000000|100%| E|CS|TAMS 0x0000000087f00000, 0x0000000087f00000| Complete 
| 100|0x0000000088000000, 0x0000000088100000, 0x0000000088100000|100%| E|CS|TAMS 0x0000000088000000, 0x0000000088000000| Complete 
| 101|0x0000000088100000, 0x000000008812f450, 0x0000000088200000| 18%| S|CS|TAMS 0x0000000088100000, 0x0000000088100000| Complete 
| 102|0x0000000088200000, 0x0000000088300000, 0x0000000088300000|100%| S|CS|TAMS 0x0000000088200000, 0x0000000088200000| Complete 
| 103|0x0000000088300000, 0x0000000088400000, 0x0000000088400000|100%| S|CS|TAMS 0x0000000088300000, 0x0000000088300000| Complete 
| 104|0x0000000088400000, 0x0000000088500000, 0x0000000088500000|100%| S|CS|TAMS 0x0000000088400000, 0x0000000088400000| Complete 
| 105|0x0000000088500000, 0x0000000088600000, 0x0000000088600000|100%| S|CS|TAMS 0x0000000088500000, 0x0000000088500000| Complete 
| 106|0x0000000088600000, 0x0000000088700000, 0x0000000088700000|100%| S|CS|TAMS 0x0000000088600000, 0x0000000088600000| Complete 
| 107|0x0000000088700000, 0x0000000088800000, 0x0000000088800000|100%| E|CS|TAMS 0x0000000088700000, 0x0000000088700000| Complete 
| 108|0x0000000088800000, 0x0000000088900000, 0x0000000088900000|100%| E|CS|TAMS 0x0000000088800000, 0x0000000088800000| Complete 
| 109|0x0000000088900000, 0x0000000088a00000, 0x0000000088a00000|100%| E|CS|TAMS 0x0000000088900000, 0x0000000088900000| Complete 
| 110|0x0000000088a00000, 0x0000000088b00000, 0x0000000088b00000|100%| E|CS|TAMS 0x0000000088a00000, 0x0000000088a00000| Complete 
| 111|0x0000000088b00000, 0x0000000088c00000, 0x0000000088c00000|100%| E|CS|TAMS 0x0000000088b00000, 0x0000000088b00000| Complete 
| 112|0x0000000088c00000, 0x0000000088d00000, 0x0000000088d00000|100%| E|CS|TAMS 0x0000000088c00000, 0x0000000088c00000| Complete 
| 113|0x0000000088d00000, 0x0000000088e00000, 0x0000000088e00000|100%| E|CS|TAMS 0x0000000088d00000, 0x0000000088d00000| Complete 
| 114|0x0000000088e00000, 0x0000000088f00000, 0x0000000088f00000|100%| E|CS|TAMS 0x0000000088e00000, 0x0000000088e00000| Complete 
| 115|0x0000000088f00000, 0x0000000089000000, 0x0000000089000000|100%| E|CS|TAMS 0x0000000088f00000, 0x0000000088f00000| Complete 
| 116|0x0000000089000000, 0x0000000089100000, 0x0000000089100000|100%| E|CS|TAMS 0x0000000089000000, 0x0000000089000000| Complete 
| 117|0x0000000089100000, 0x0000000089200000, 0x0000000089200000|100%| E|CS|TAMS 0x0000000089100000, 0x0000000089100000| Complete 
| 118|0x0000000089200000, 0x0000000089300000, 0x0000000089300000|100%| E|CS|TAMS 0x0000000089200000, 0x0000000089200000| Complete 
| 119|0x0000000089300000, 0x0000000089400000, 0x0000000089400000|100%| E|CS|TAMS 0x0000000089300000, 0x0000000089300000| Complete 
| 120|0x0000000089400000, 0x0000000089500000, 0x0000000089500000|100%| E|CS|TAMS 0x0000000089400000, 0x0000000089400000| Complete 
| 121|0x0000000089500000, 0x0000000089600000, 0x0000000089600000|100%| E|CS|TAMS 0x0000000089500000, 0x0000000089500000| Complete 
| 122|0x0000000089600000, 0x0000000089700000, 0x0000000089700000|100%| E|CS|TAMS 0x0000000089600000, 0x0000000089600000| Complete 
| 123|0x0000000089700000, 0x0000000089800000, 0x0000000089800000|100%| E|CS|TAMS 0x0000000089700000, 0x0000000089700000| Complete 
| 124|0x0000000089800000, 0x0000000089900000, 0x0000000089900000|100%| E|CS|TAMS 0x0000000089800000, 0x0000000089800000| Complete 
| 125|0x0000000089900000, 0x0000000089a00000, 0x0000000089a00000|100%| E|CS|TAMS 0x0000000089900000, 0x0000000089900000| Complete 
| 126|0x0000000089a00000, 0x0000000089b00000, 0x0000000089b00000|100%| E|CS|TAMS 0x0000000089a00000, 0x0000000089a00000| Complete 
| 127|0x0000000089b00000, 0x0000000089c00000, 0x0000000089c00000|100%| E|CS|TAMS 0x0000000089b00000, 0x0000000089b00000| Complete 

Card table byte_map: [0x00000129f0c90000,0x00000129f1090000] _byte_map_base: 0x00000129f0882000

Marking Bits (Prev, Next): (CMBitMap*) 0x00000129d919c250, (CMBitMap*) 0x00000129d919c218
 Prev Bits: [0x00000129f3420000, 0x00000129f53b0000)
 Next Bits: [0x00000129f1490000, 0x00000129f3420000)

Polling page: 0x00000129d7120000

Metaspace:

Usage:
  Non-class:     18.36 MB capacity,    18.05 MB ( 98%) used,   253.70 KB (  1%) free+waste,    61.94 KB ( <1%) overhead. 
      Class:      2.55 MB capacity,     2.33 MB ( 91%) used,   204.72 KB (  8%) free+waste,    30.44 KB (  1%) overhead. 
       Both:     20.91 MB capacity,    20.37 MB ( 97%) used,   458.42 KB (  2%) free+waste,    92.38 KB ( <1%) overhead. 

Virtual space:
  Non-class space:       20.00 MB reserved,      18.42 MB ( 92%) committed 
      Class space:        1.00 GB reserved,       2.63 MB ( <1%) committed 
             Both:        1.02 GB reserved,      21.05 MB (  2%) committed 

Chunk freelists:
   Non-Class:  2.50 KB
       Class:  1.00 KB
        Both:  3.50 KB

CodeHeap 'non-profiled nmethods': size=120000Kb used=2614Kb max_used=2614Kb free=117385Kb
 bounds [0x00000129e9030000, 0x00000129e92c0000, 0x00000129f0560000]
CodeHeap 'profiled nmethods': size=120000Kb used=7120Kb max_used=7120Kb free=112879Kb
 bounds [0x00000129e1b00000, 0x00000129e2200000, 0x00000129e9030000]
CodeHeap 'non-nmethods': size=5760Kb used=1317Kb max_used=1372Kb free=4442Kb
 bounds [0x00000129e1560000, 0x00000129e17d0000, 0x00000129e1b00000]
 total_blobs=5680 nmethods=3828 adapters=637
 compilation: enabled
              stopped_count=0, restarted_count=0
 full_count=0

Compilation events (10 events):
Event: 8.509 Thread 0x00000129f7e3c000 3871       3       com.sun.scenario.animation.shared.SingleLoopClipEnvelope::setCycleCount (31 bytes)
Event: 8.509 Thread 0x00000129f7e3c000 nmethod 3871 0x00000129e21f1d10 code [0x00000129e21f1ec0, 0x00000129e21f20f0]
Event: 8.509 Thread 0x00000129f7e3c000 3872       3       javafx.animation.Interpolator$3::curve (59 bytes)
Event: 8.510 Thread 0x00000129f7e3c000 nmethod 3872 0x00000129e21f2190 code [0x00000129e21f23e0, 0x00000129e21f2838]
Event: 8.510 Thread 0x00000129f7e3c000 3873       3       javafx.animation.Interpolator::access$000 (5 bytes)
Event: 8.510 Thread 0x00000129f7e3c000 nmethod 3873 0x00000129e21f2910 code [0x00000129e21f2ae0, 0x00000129e21f2d78]
Event: 8.510 Thread 0x00000129f7e3c000 3874       3       sample.Ball::setLayoutY (17 bytes)
Event: 8.512 Thread 0x00000129f7e3c000 nmethod 3874 0x00000129e21f2e10 code [0x00000129e21f3020, 0x00000129e21f3810]
Event: 8.512 Thread 0x00000129f7e3c000 3875       2       java.util.TimSort::reverseRange (32 bytes)
Event: 8.513 Thread 0x00000129f7e3c000 nmethod 3875 0x00000129e21f3a90 code [0x00000129e21f3c40, 0x00000129e21f3fb8]

GC Heap History (6 events):
Event: 0.984 GC heap before
{Heap before GC invocations=0 (full 0):
 garbage-first heap   total 131072K, used 23552K [0x0000000081c00000, 0x0000000100000000)
  region size 1024K, 24 young (24576K), 0 survivors (0K)
 Metaspace       used 12303K, capacity 12671K, committed 12800K, reserved 1060864K
  class space    used 1325K, capacity 1489K, committed 1536K, reserved 1048576K
}
Event: 0.996 GC heap after
{Heap after GC invocations=1 (full 0):
 garbage-first heap   total 131072K, used 3547K [0x0000000081c00000, 0x0000000100000000)
  region size 1024K, 3 young (3072K), 3 survivors (3072K)
 Metaspace       used 12303K, capacity 12671K, committed 12800K, reserved 1060864K
  class space    used 1325K, capacity 1489K, committed 1536K, reserved 1048576K
}
Event: 5.742 GC heap before
{Heap before GC invocations=1 (full 0):
 garbage-first heap   total 131072K, used 87515K [0x0000000081c00000, 0x0000000100000000)
  region size 1024K, 76 young (77824K), 3 survivors (3072K)
 Metaspace       used 20425K, capacity 20919K, committed 21120K, reserved 1067008K
  class space    used 2353K, capacity 2580K, committed 2688K, reserved 1048576K
}
Event: 5.750 GC heap after
{Heap after GC invocations=2 (full 0):
 garbage-first heap   total 131072K, used 18099K [0x0000000081c00000, 0x0000000100000000)
  region size 1024K, 9 young (9216K), 9 survivors (9216K)
 Metaspace       used 20425K, capacity 20919K, committed 21120K, reserved 1067008K
  class space    used 2353K, capacity 2580K, committed 2688K, reserved 1048576K
}
Event: 6.709 GC heap before
{Heap before GC invocations=2 (full 0):
 garbage-first heap   total 131072K, used 38579K [0x0000000081c00000, 0x0000000100000000)
  region size 1024K, 30 young (30720K), 9 survivors (9216K)
 Metaspace       used 20608K, capacity 21155K, committed 21296K, reserved 1069056K
  class space    used 2373K, capacity 2616K, committed 2688K, reserved 1048576K
}
Event: 6.722 GC heap after
{Heap after GC invocations=3 (full 0):
 garbage-first heap   total 131072K, used 17850K [0x0000000081c00000, 0x0000000100000000)
  region size 1024K, 6 young (6144K), 6 survivors (6144K)
 Metaspace       used 20608K, capacity 21155K, committed 21296K, reserved 1069056K
  class space    used 2373K, capacity 2616K, committed 2688K, reserved 1048576K
}

Deoptimization events (10 events):
Event: 8.442 Thread 0x00000129f9efb000 Uncommon trap: reason=profile_predicate action=maybe_recompile pc=0x00000129e92a024c method=java.util.TimSort.reverseRange([Ljava/lang/Object;II)V @ 5 c2
Event: 8.442 Thread 0x00000129f9efb000 Uncommon trap: reason=profile_predicate action=maybe_recompile pc=0x00000129e92a024c method=java.util.TimSort.reverseRange([Ljava/lang/Object;II)V @ 5 c2
Event: 8.442 Thread 0x00000129f9efb000 Uncommon trap: reason=profile_predicate action=maybe_recompile pc=0x00000129e92a024c method=java.util.TimSort.reverseRange([Ljava/lang/Object;II)V @ 5 c2
Event: 8.442 Thread 0x00000129f9efb000 Uncommon trap: reason=array_check action=maybe_recompile pc=0x00000129e92a1eb0 method=java.util.TimSort.reverseRange([Ljava/lang/Object;II)V @ 20 c2
Event: 8.442 Thread 0x00000129f9efb000 Uncommon trap: reason=array_check action=maybe_recompile pc=0x00000129e92a1eb0 method=java.util.TimSort.reverseRange([Ljava/lang/Object;II)V @ 20 c2
Event: 8.442 Thread 0x00000129f9efb000 Uncommon trap: reason=array_check action=maybe_recompile pc=0x00000129e92a1eb0 method=java.util.TimSort.reverseRange([Ljava/lang/Object;II)V @ 20 c2
Event: 8.442 Thread 0x00000129f9efb000 Uncommon trap: reason=array_check action=maybe_recompile pc=0x00000129e92a1eb0 method=java.util.TimSort.reverseRange([Ljava/lang/Object;II)V @ 20 c2
Event: 8.469 Thread 0x00000129f9efb000 Uncommon trap: reason=class_check action=maybe_recompile pc=0x00000129e925fbb0 method=javafx.scene.Parent.doUpdatePeer()V @ 101 c2
Event: 8.503 Thread 0x00000129f9efb000 Uncommon trap: reason=class_check action=maybe_recompile pc=0x00000129e9234ee8 method=javafx.scene.Parent$1.doComputeGeomBounds(Ljavafx/scene/Node;Lcom/sun/javafx/geom/BaseBounds;Lcom/sun/javafx/geom/transform/BaseTransform;)Lcom/sun/javafx/geom/BaseBound
Event: 8.507 Thread 0x00000129f9efb000 Uncommon trap: reason=class_check action=maybe_recompile pc=0x00000129e9234ee8 method=javafx.scene.Parent$1.doComputeGeomBounds(Ljavafx/scene/Node;Lcom/sun/javafx/geom/BaseBounds;Lcom/sun/javafx/geom/transform/BaseTransform;)Lcom/sun/javafx/geom/BaseBound

Classes redefined (0 events):
No events

Internal exceptions (10 events):
Event: 1.068 Thread 0x00000129f9efb000 Exception <a 'java/lang/NoSuchMethodError'{0x00000000898942c8}: java.lang.invoke.DelegatingMethodHandle$Holder.reinvoke_L(Ljava/lang/Object;IILjava/lang/Object;Ljava/lang/Object;Ljava/lang/Object;)Ljava/lang/Object;> (0x00000000898942c8) thrown at [./open
Event: 1.069 Thread 0x00000129f9efb000 Exception <a 'java/lang/NoSuchMethodError'{0x0000000089898450}: java.lang.invoke.DirectMethodHandle$Holder.invokeStatic(Ljava/lang/Object;Ljava/lang/Object;Ljava/lang/Object;Ljava/lang/Object;I)Ljava/lang/Object;> (0x0000000089898450) thrown at [./open/sr
Event: 1.155 Thread 0x00000129f96cc000 Exception <a 'java/lang/NoSuchMethodError'{0x00000000893197f8}: java.lang.invoke.DirectMethodHandle$Holder.invokeStaticInit(Ljava/lang/Object;Ljava/lang/Object;)I> (0x00000000893197f8) thrown at [./open/src/hotspot/share/interpreter/linkResolver.cpp, line
Event: 1.473 Thread 0x00000129f9efb000 Exception <a 'java/lang/NoSuchMethodError'{0x0000000088b239b8}: java.lang.invoke.DirectMethodHandle$Holder.invokeStaticInit(Ljava/lang/Object;Ljava/lang/Object;Ljava/lang/Object;)J> (0x0000000088b239b8) thrown at [./open/src/hotspot/share/interpreter/link
Event: 1.477 Thread 0x00000129f9efb000 Exception <a 'java/lang/NoSuchMethodError'{0x0000000088b3bff8}: java.lang.invoke.DirectMethodHandle$Holder.invokeStatic(Ljava/lang/Object;Ljava/lang/Object;J)Ljava/lang/Object;> (0x0000000088b3bff8) thrown at [./open/src/hotspot/share/interpreter/linkReso
Event: 1.477 Thread 0x00000129f9efb000 Exception <a 'java/lang/NoSuchMethodError'{0x0000000088b42170}: java.lang.invoke.Invokers$Holder.linkToTargetMethod(Ljava/lang/Object;JLjava/lang/Object;)Ljava/lang/Object;> (0x0000000088b42170) thrown at [./open/src/hotspot/share/interpreter/linkResolver
Event: 2.392 Thread 0x00000129f9efb000 Exception <a 'java/lang/NoSuchMethodError'{0x00000000886a5778}: java.lang.invoke.DirectMethodHandle$Holder.invokeStatic(Ljava/lang/Object;Ljava/lang/Object;IIIIILjava/lang/Object;)Ljava/lang/Object;> (0x00000000886a5778) thrown at [./open/src/hotspot/shar
Event: 2.394 Thread 0x00000129f9efb000 Exception <a 'java/lang/NoSuchMethodError'{0x000000008858db40}: java.lang.invoke.DirectMethodHandle$Holder.invokeStatic(Ljava/lang/Object;Ljava/lang/Object;Ljava/lang/Object;IIIII)Ljava/lang/Object;> (0x000000008858db40) thrown at [./open/src/hotspot/shar
Event: 2.394 Thread 0x00000129f9efb000 Exception <a 'java/lang/NoSuchMethodError'{0x00000000885943a0}: java.lang.invoke.Invokers$Holder.linkToTargetMethod(Ljava/lang/Object;Ljava/lang/Object;IIIIILjava/lang/Object;)Ljava/lang/Object;> (0x00000000885943a0) thrown at [./open/src/hotspot/share/in
Event: 8.125 Thread 0x00000129f9efb000 Implicit null exception at 0x00000129e9252d95 to 0x00000129e9252fae

Events (10 events):
Event: 8.478 Executing VM operation: RevokeBias
Event: 8.479 Executing VM operation: RevokeBias done
Event: 8.492 Thread 0x00000129f9efb000 DEOPT PACKING pc=0x00000129e21d5963 sp=0x00000004a34e5340
Event: 8.492 Thread 0x00000129f9efb000 DEOPT UNPACKING pc=0x00000129e1588d4e sp=0x00000004a34e49b0 mode 0
Event: 8.503 Thread 0x00000129f9efb000 Uncommon trap: trap_request=0xffffffde fr.pc=0x00000129e9234ee8 relative=0x00000000000000a8
Event: 8.503 Thread 0x00000129f9efb000 DEOPT PACKING pc=0x00000129e9234ee8 sp=0x00000004a34eaba0
Event: 8.503 Thread 0x00000129f9efb000 DEOPT UNPACKING pc=0x00000129e1588f2f sp=0x00000004a34eaab8 mode 2
Event: 8.507 Thread 0x00000129f9efb000 Uncommon trap: trap_request=0xffffffde fr.pc=0x00000129e9234ee8 relative=0x00000000000000a8
Event: 8.507 Thread 0x00000129f9efb000 DEOPT PACKING pc=0x00000129e9234ee8 sp=0x00000004a34ea5a0
Event: 8.507 Thread 0x00000129f9efb000 DEOPT UNPACKING pc=0x00000129e1588f2f sp=0x00000004a34ea4b8 mode 2


Dynamic libraries:
0x00007ff77caf0000 - 0x00007ff77cb37000 	C:\Program Files\Java\jdk-11.0.7\bin\java.exe
0x00007ffb9cd60000 - 0x00007ffb9cf50000 	C:\WINDOWS\SYSTEM32\ntdll.dll
0x00007ffb9c4a0000 - 0x00007ffb9c552000 	C:\WINDOWS\System32\KERNEL32.DLL
0x00007ffb9ab30000 - 0x00007ffb9add5000 	C:\WINDOWS\System32\KERNELBASE.dll
0x00007ffb9cad0000 - 0x00007ffb9cb73000 	C:\WINDOWS\System32\ADVAPI32.dll
0x00007ffb9b170000 - 0x00007ffb9b20e000 	C:\WINDOWS\System32\msvcrt.dll
0x00007ffb9c5c0000 - 0x00007ffb9c657000 	C:\WINDOWS\System32\sechost.dll
0x00007ffb9bc10000 - 0x00007ffb9bd30000 	C:\WINDOWS\System32\RPCRT4.dll
0x00007ffb9cb80000 - 0x00007ffb9cd14000 	C:\WINDOWS\System32\USER32.dll
0x00007ffb99ce0000 - 0x00007ffb99d01000 	C:\WINDOWS\System32\win32u.dll
0x00007ffb9b2c0000 - 0x00007ffb9b2e6000 	C:\WINDOWS\System32\GDI32.dll
0x00007ffb99fe0000 - 0x00007ffb9a176000 	C:\WINDOWS\System32\gdi32full.dll
0x00007ffb9a180000 - 0x00007ffb9a21e000 	C:\WINDOWS\System32\msvcp_win.dll
0x00007ffb9a9b0000 - 0x00007ffb9aaaa000 	C:\WINDOWS\System32\ucrtbase.dll
0x00007ffb7f590000 - 0x00007ffb7f814000 	C:\WINDOWS\WinSxS\amd64_microsoft.windows.common-controls_6595b64144ccf1df_6.0.18362.1198_none_9e820b57e45ad92f\COMCTL32.dll
0x00007ffb92080000 - 0x00007ffb9208a000 	C:\WINDOWS\SYSTEM32\VERSION.dll
0x00007ffb9c160000 - 0x00007ffb9c495000 	C:\WINDOWS\System32\combase.dll
0x00007ffb9aab0000 - 0x00007ffb9ab30000 	C:\WINDOWS\System32\bcryptPrimitives.dll
0x00007ffb9bee0000 - 0x00007ffb9bf0e000 	C:\WINDOWS\System32\IMM32.DLL
0x00007ffb7e450000 - 0x00007ffb7e466000 	C:\Program Files\Java\jdk-11.0.7\bin\vcruntime140.dll
0x00007ffb6dd40000 - 0x00007ffb6ddea000 	C:\Program Files\Java\jdk-11.0.7\bin\msvcp140.dll
0x00007ffb2dc70000 - 0x00007ffb2e7d1000 	C:\Program Files\Java\jdk-11.0.7\bin\server\jvm.dll
0x00007ffb9b2f0000 - 0x00007ffb9b2f8000 	C:\WINDOWS\System32\PSAPI.DLL
0x00007ffb97b40000 - 0x00007ffb97b64000 	C:\WINDOWS\SYSTEM32\WINMM.dll
0x00007ffb94880000 - 0x00007ffb94889000 	C:\WINDOWS\SYSTEM32\WSOCK32.dll
0x00007ffb9b300000 - 0x00007ffb9b36f000 	C:\WINDOWS\System32\WS2_32.dll
0x00007ffb97b10000 - 0x00007ffb97b3d000 	C:\WINDOWS\SYSTEM32\WINMMBASE.dll
0x00007ffb99d10000 - 0x00007ffb99d5a000 	C:\WINDOWS\System32\cfgmgr32.dll
0x00007ffb99c90000 - 0x00007ffb99ca1000 	C:\WINDOWS\System32\kernel.appcore.dll
0x00007ffb7b530000 - 0x00007ffb7b541000 	C:\Program Files\Java\jdk-11.0.7\bin\verify.dll
0x00007ffb82d00000 - 0x00007ffb82ef4000 	C:\WINDOWS\SYSTEM32\DBGHELP.DLL
0x00007ffb7c850000 - 0x00007ffb7c87a000 	C:\WINDOWS\SYSTEM32\dbgcore.DLL
0x00007ffb7b500000 - 0x00007ffb7b529000 	C:\Program Files\Java\jdk-11.0.7\bin\java.dll
0x00007ffb96450000 - 0x00007ffb9645a000 	C:\Program Files\Java\jdk-11.0.7\bin\jimage.dll
0x00007ffb7e3a0000 - 0x00007ffb7e3d0000 	C:\Program Files\Java\jdk-11.0.7\bin\instrument.dll
0x00007ffb7b4e0000 - 0x00007ffb7b4f6000 	C:\Program Files\Java\jdk-11.0.7\bin\zip.dll
0x00007ffb9b4a0000 - 0x00007ffb9bb87000 	C:\WINDOWS\System32\SHELL32.dll
0x00007ffb9b0c0000 - 0x00007ffb9b169000 	C:\WINDOWS\System32\shcore.dll
0x00007ffb9a220000 - 0x00007ffb9a9a1000 	C:\WINDOWS\System32\windows.storage.dll
0x00007ffb99cb0000 - 0x00007ffb99cd3000 	C:\WINDOWS\System32\profapi.dll
0x00007ffb99c20000 - 0x00007ffb99c6a000 	C:\WINDOWS\System32\powrprof.dll
0x00007ffb99c10000 - 0x00007ffb99c20000 	C:\WINDOWS\System32\UMPDC.dll
0x00007ffb9bf40000 - 0x00007ffb9bf92000 	C:\WINDOWS\System32\shlwapi.dll
0x00007ffb99f60000 - 0x00007ffb99f77000 	C:\WINDOWS\System32\cryptsp.dll
0x00007ffb75740000 - 0x00007ffb75759000 	C:\Program Files\Java\jdk-11.0.7\bin\net.dll
0x00007ffb81bc0000 - 0x00007ffb81cb0000 	C:\WINDOWS\SYSTEM32\WINHTTP.dll
0x00007ffb99460000 - 0x00007ffb994c7000 	C:\WINDOWS\system32\mswsock.dll
0x00007ffb75720000 - 0x00007ffb75733000 	C:\Program Files\Java\jdk-11.0.7\bin\nio.dll
0x00007ffb80350000 - 0x00007ffb8036a000 	C:\Program Files\JetBrains\IntelliJ IDEA Community Edition 2019.3.3\bin\breakgen64.dll
0x00000129d7170000 - 0x00000129d7173000 	F:\openjfx-11.0.2_windows-x64_bin-sdk\javafx-sdk-11.0.2\bin\api-ms-win-core-console-l1-1-0.dll
0x00000129d90f0000 - 0x00000129d90f3000 	F:\openjfx-11.0.2_windows-x64_bin-sdk\javafx-sdk-11.0.2\bin\api-ms-win-core-datetime-l1-1-0.dll
0x00000129d9100000 - 0x00000129d9103000 	F:\openjfx-11.0.2_windows-x64_bin-sdk\javafx-sdk-11.0.2\bin\api-ms-win-core-debug-l1-1-0.dll
0x00000129d9110000 - 0x00000129d9113000 	F:\openjfx-11.0.2_windows-x64_bin-sdk\javafx-sdk-11.0.2\bin\api-ms-win-core-errorhandling-l1-1-0.dll
0x00000129d9120000 - 0x00000129d9124000 	F:\openjfx-11.0.2_windows-x64_bin-sdk\javafx-sdk-11.0.2\bin\api-ms-win-core-file-l1-1-0.dll
0x00000129fa310000 - 0x00000129fa313000 	F:\openjfx-11.0.2_windows-x64_bin-sdk\javafx-sdk-11.0.2\bin\api-ms-win-core-file-l1-2-0.dll
0x00000129fa320000 - 0x00000129fa323000 	F:\openjfx-11.0.2_windows-x64_bin-sdk\javafx-sdk-11.0.2\bin\api-ms-win-core-file-l2-1-0.dll
0x00000129fa330000 - 0x00000129fa333000 	F:\openjfx-11.0.2_windows-x64_bin-sdk\javafx-sdk-11.0.2\bin\api-ms-win-core-handle-l1-1-0.dll
0x00000129fa340000 - 0x00000129fa343000 	F:\openjfx-11.0.2_windows-x64_bin-sdk\javafx-sdk-11.0.2\bin\api-ms-win-core-heap-l1-1-0.dll
0x00000129fa350000 - 0x00000129fa353000 	F:\openjfx-11.0.2_windows-x64_bin-sdk\javafx-sdk-11.0.2\bin\api-ms-win-core-interlocked-l1-1-0.dll
0x00000129fa360000 - 0x00000129fa363000 	F:\openjfx-11.0.2_windows-x64_bin-sdk\javafx-sdk-11.0.2\bin\api-ms-win-core-libraryloader-l1-1-0.dll
0x00000129fa370000 - 0x00000129fa373000 	F:\openjfx-11.0.2_windows-x64_bin-sdk\javafx-sdk-11.0.2\bin\api-ms-win-core-localization-l1-2-0.dll
0x00000129fa380000 - 0x00000129fa383000 	F:\openjfx-11.0.2_windows-x64_bin-sdk\javafx-sdk-11.0.2\bin\api-ms-win-core-memory-l1-1-0.dll
0x00000129fa390000 - 0x00000129fa393000 	F:\openjfx-11.0.2_windows-x64_bin-sdk\javafx-sdk-11.0.2\bin\api-ms-win-core-namedpipe-l1-1-0.dll
0x00000129fa3a0000 - 0x00000129fa3a3000 	F:\openjfx-11.0.2_windows-x64_bin-sdk\javafx-sdk-11.0.2\bin\api-ms-win-core-processenvironment-l1-1-0.dll
0x00000129fa3b0000 - 0x00000129fa3b3000 	F:\openjfx-11.0.2_windows-x64_bin-sdk\javafx-sdk-11.0.2\bin\api-ms-win-core-processthreads-l1-1-0.dll
0x00000129fa3c0000 - 0x00000129fa3c3000 	F:\openjfx-11.0.2_windows-x64_bin-sdk\javafx-sdk-11.0.2\bin\api-ms-win-core-processthreads-l1-1-1.dll
0x00000129fa3d0000 - 0x00000129fa3d3000 	F:\openjfx-11.0.2_windows-x64_bin-sdk\javafx-sdk-11.0.2\bin\api-ms-win-core-profile-l1-1-0.dll
0x00000129fa3e0000 - 0x00000129fa3e3000 	F:\openjfx-11.0.2_windows-x64_bin-sdk\javafx-sdk-11.0.2\bin\api-ms-win-core-rtlsupport-l1-1-0.dll
0x00000129fa3f0000 - 0x00000129fa3f3000 	F:\openjfx-11.0.2_windows-x64_bin-sdk\javafx-sdk-11.0.2\bin\api-ms-win-core-string-l1-1-0.dll
0x00000129fa400000 - 0x00000129fa403000 	F:\openjfx-11.0.2_windows-x64_bin-sdk\javafx-sdk-11.0.2\bin\api-ms-win-core-synch-l1-1-0.dll
0x00000129fa410000 - 0x00000129fa413000 	F:\openjfx-11.0.2_windows-x64_bin-sdk\javafx-sdk-11.0.2\bin\api-ms-win-core-synch-l1-2-0.dll
0x00000129fa420000 - 0x00000129fa423000 	F:\openjfx-11.0.2_windows-x64_bin-sdk\javafx-sdk-11.0.2\bin\api-ms-win-core-sysinfo-l1-1-0.dll
0x00000129fa430000 - 0x00000129fa433000 	F:\openjfx-11.0.2_windows-x64_bin-sdk\javafx-sdk-11.0.2\bin\api-ms-win-core-timezone-l1-1-0.dll
0x00000129fa440000 - 0x00000129fa443000 	F:\openjfx-11.0.2_windows-x64_bin-sdk\javafx-sdk-11.0.2\bin\api-ms-win-core-util-l1-1-0.dll
0x00000129fa450000 - 0x00000129fa453000 	F:\openjfx-11.0.2_windows-x64_bin-sdk\javafx-sdk-11.0.2\bin\api-ms-win-crt-conio-l1-1-0.dll
0x00000129fa460000 - 0x00000129fa464000 	F:\openjfx-11.0.2_windows-x64_bin-sdk\javafx-sdk-11.0.2\bin\api-ms-win-crt-convert-l1-1-0.dll
0x00000129fa470000 - 0x00000129fa473000 	F:\openjfx-11.0.2_windows-x64_bin-sdk\javafx-sdk-11.0.2\bin\api-ms-win-crt-environment-l1-1-0.dll
0x00000129fa480000 - 0x00000129fa483000 	F:\openjfx-11.0.2_windows-x64_bin-sdk\javafx-sdk-11.0.2\bin\api-ms-win-crt-filesystem-l1-1-0.dll
0x00000129fa490000 - 0x00000129fa493000 	F:\openjfx-11.0.2_windows-x64_bin-sdk\javafx-sdk-11.0.2\bin\api-ms-win-crt-heap-l1-1-0.dll
0x00000129fa4a0000 - 0x00000129fa4a3000 	F:\openjfx-11.0.2_windows-x64_bin-sdk\javafx-sdk-11.0.2\bin\api-ms-win-crt-locale-l1-1-0.dll
0x00000129fa4b0000 - 0x00000129fa4b5000 	F:\openjfx-11.0.2_windows-x64_bin-sdk\javafx-sdk-11.0.2\bin\api-ms-win-crt-math-l1-1-0.dll
0x00000129fa4c0000 - 0x00000129fa4c5000 	F:\openjfx-11.0.2_windows-x64_bin-sdk\javafx-sdk-11.0.2\bin\api-ms-win-crt-multibyte-l1-1-0.dll
0x00000129fa4d0000 - 0x00000129fa4e0000 	F:\openjfx-11.0.2_windows-x64_bin-sdk\javafx-sdk-11.0.2\bin\api-ms-win-crt-private-l1-1-0.dll
0x00000129fa4e0000 - 0x00000129fa4e3000 	F:\openjfx-11.0.2_windows-x64_bin-sdk\javafx-sdk-11.0.2\bin\api-ms-win-crt-process-l1-1-0.dll
0x00000129fa4f0000 - 0x00000129fa4f4000 	F:\openjfx-11.0.2_windows-x64_bin-sdk\javafx-sdk-11.0.2\bin\api-ms-win-crt-runtime-l1-1-0.dll
0x00000129fa630000 - 0x00000129fa634000 	F:\openjfx-11.0.2_windows-x64_bin-sdk\javafx-sdk-11.0.2\bin\api-ms-win-crt-stdio-l1-1-0.dll
0x00000129fa500000 - 0x00000129fa504000 	F:\openjfx-11.0.2_windows-x64_bin-sdk\javafx-sdk-11.0.2\bin\api-ms-win-crt-string-l1-1-0.dll
0x00000129fa510000 - 0x00000129fa513000 	F:\openjfx-11.0.2_windows-x64_bin-sdk\javafx-sdk-11.0.2\bin\api-ms-win-crt-time-l1-1-0.dll
0x00000129fa520000 - 0x00000129fa523000 	F:\openjfx-11.0.2_windows-x64_bin-sdk\javafx-sdk-11.0.2\bin\api-ms-win-crt-utility-l1-1-0.dll
0x00007ffb55830000 - 0x00007ffb5592a000 	F:\openjfx-11.0.2_windows-x64_bin-sdk\javafx-sdk-11.0.2\bin\ucrtbase.dll
0x00007ffb7e380000 - 0x00007ffb7e396000 	F:\openjfx-11.0.2_windows-x64_bin-sdk\javafx-sdk-11.0.2\bin\vcruntime140.dll
0x00007ffb60eb0000 - 0x00007ffb60f56000 	F:\openjfx-11.0.2_windows-x64_bin-sdk\javafx-sdk-11.0.2\bin\msvcp140.dll
0x00007ffb74f80000 - 0x00007ffb74fd1000 	F:\openjfx-11.0.2_windows-x64_bin-sdk\javafx-sdk-11.0.2\bin\concrt140.dll
0x00007ffb6e1a0000 - 0x00007ffb6e1c3000 	F:\openjfx-11.0.2_windows-x64_bin-sdk\javafx-sdk-11.0.2\bin\prism_d3d.dll
0x00007ffb81cb0000 - 0x00007ffb81e77000 	C:\WINDOWS\system32\d3d9.dll
0x00007ffb98380000 - 0x00007ffb983ad000 	C:\WINDOWS\SYSTEM32\dwmapi.dll
0x00007ffb98840000 - 0x00007ffb98860000 	C:\WINDOWS\SYSTEM32\dxcore.dll
0x00007ffb97f50000 - 0x00007ffb97fe9000 	C:\WINDOWS\system32\uxtheme.dll
0x00007ffb61e30000 - 0x00007ffb61f94000 	C:\WINDOWS\System32\DriverStore\FileRepository\iigd_dch.inf_amd64_a2d86d775f73d911\igdumdim64.dll
0x00007ffb33aa0000 - 0x00007ffb37dbb000 	C:\WINDOWS\System32\DriverStore\FileRepository\iigd_dch.inf_amd64_a2d86d775f73d911\igd9dxva64.dll
0x00007ffb9ae10000 - 0x00007ffb9af67000 	C:\WINDOWS\System32\ole32.dll
0x00007ffb9af70000 - 0x00007ffb9b035000 	C:\WINDOWS\System32\OLEAUT32.dll
0x00007ffb8d3e0000 - 0x00007ffb8d584000 	C:\WINDOWS\System32\DriverStore\FileRepository\iigd_dch.inf_amd64_a2d86d775f73d911\igdgmm64.dll
0x00007ffb6d020000 - 0x00007ffb6d065000 	F:\openjfx-11.0.2_windows-x64_bin-sdk\javafx-sdk-11.0.2\bin\glass.dll
0x00007ffb9b370000 - 0x00007ffb9b440000 	C:\WINDOWS\System32\COMDLG32.dll
0x00007ffb9c020000 - 0x00007ffb9c155000 	C:\WINDOWS\System32\MSCTF.dll
0x00007ffb94a00000 - 0x00007ffb94a26000 	C:\WINDOWS\System32\DriverStore\FileRepository\iigd_dch.inf_amd64_a2d86d775f73d911\igdinfo64.dll
0x00007ffb8af90000 - 0x00007ffb8d3d9000 	C:\WINDOWS\System32\DriverStore\FileRepository\iigd_dch.inf_amd64_a2d86d775f73d911\igc64.dll
0x00007ffb9b210000 - 0x00007ffb9b2b2000 	C:\WINDOWS\System32\clbcatq.dll
0x00007ffb94da0000 - 0x00007ffb94f4f000 	C:\WINDOWS\SYSTEM32\WindowsCodecs.dll
0x00007ffb75980000 - 0x00007ffb759ba000 	C:\WINDOWS\system32\dataexchange.dll
0x00007ffb96e20000 - 0x00007ffb9707b000 	C:\WINDOWS\system32\d3d11.dll
0x00007ffb974e0000 - 0x00007ffb976bd000 	C:\WINDOWS\system32\dcomp.dll
0x00007ffb988d0000 - 0x00007ffb989bb000 	C:\WINDOWS\system32\dxgi.dll
0x00007ffb98020000 - 0x00007ffb98282000 	C:\WINDOWS\system32\twinapi.appcore.dll
0x00007ffb98540000 - 0x00007ffb98569000 	C:\WINDOWS\system32\RMCLIENT.dll
0x00007ffb6d3c0000 - 0x00007ffb6d3f3000 	C:\Program Files\Common Files\Microsoft Shared\Ink\rtscom.dll
0x00007ffb79d20000 - 0x00007ffb79dbe000 	C:\WINDOWS\System32\TextInputFramework.dll
0x00007ffb94f50000 - 0x00007ffb9527a000 	C:\WINDOWS\System32\CoreUIComponents.dll
0x00007ffb976c0000 - 0x00007ffb97794000 	C:\WINDOWS\System32\CoreMessaging.dll
0x00007ffb98c50000 - 0x00007ffb98c81000 	C:\WINDOWS\SYSTEM32\ntmarta.dll
0x00007ffb95c80000 - 0x00007ffb95dd3000 	C:\WINDOWS\SYSTEM32\wintypes.dll
0x00007ffb86ca0000 - 0x00007ffb86f47000 	C:\WINDOWS\System32\iertutil.dll
0x00007ffb75090000 - 0x00007ffb750a4000 	F:\openjfx-11.0.2_windows-x64_bin-sdk\javafx-sdk-11.0.2\bin\javafx_font.dll
0x00007ffb76f40000 - 0x00007ffb7723e000 	C:\WINDOWS\SYSTEM32\dwrite.dll
0x00007ffb96860000 - 0x00007ffb96e20000 	C:\WINDOWS\SYSTEM32\d2d1.dll
0x00007ffb91880000 - 0x00007ffb91fc1000 	C:\WINDOWS\SYSTEM32\D3D10Warp.dll
0x00007ffb6dd10000 - 0x00007ffb6dd3c000 	F:\openjfx-11.0.2_windows-x64_bin-sdk\javafx-sdk-11.0.2\bin\javafx_iio.dll

dbghelp: loaded successfully - version: 4.0.5 - missing functions: none
symbol engine: initialized successfully - sym options: 0x614 - pdb path: .;C:\Program Files\Java\jdk-11.0.7\bin;C:\WINDOWS\SYSTEM32;C:\WINDOWS\WinSxS\amd64_microsoft.windows.common-controls_6595b64144ccf1df_6.0.18362.1198_none_9e820b57e45ad92f;C:\Program Files\Java\jdk-11.0.7\bin\server;C:\Program Files\JetBrains\IntelliJ IDEA Community Edition 2019.3.3\bin;F:\openjfx-11.0.2_windows-x64_bin-sdk\javafx-sdk-11.0.2\bin;C:\WINDOWS\System32\DriverStore\FileRepository\iigd_dch.inf_amd64_a2d86d775f73d911;C:\Program Files\Common Files\Microsoft Shared\Ink

VM Arguments:
jvm_args: --module-path=F:\openjfx-11.0.2_windows-x64_bin-sdk\javafx-sdk-11.0.2\lib --add-modules=javafx.controls,javafx.fxml --add-exports=javafx.graphics/com.sun.javafx.sg.prism=ALL-UNNAMED --add-modules=javafx.base,javafx.graphics --add-reads=javafx.base=ALL-UNNAMED --add-reads=javafx.graphics=ALL-UNNAMED -javaagent:C:\Program Files\JetBrains\IntelliJ IDEA Community Edition 2019.3.3\lib\idea_rt.jar=60246:C:\Program Files\JetBrains\IntelliJ IDEA Community Edition 2019.3.3\bin -Dfile.encoding=UTF-8 
java_command: sample.Main
java_class_path (initial): D:\Semester 3\Advanced Programming\Project\Color Switch\out\production\Color Switch;F:\openjfx-11.0.2_windows-x64_bin-sdk\javafx-sdk-11.0.2\lib\src.zip;F:\openjfx-11.0.2_windows-x64_bin-sdk\javafx-sdk-11.0.2\lib\javafx-swt.jar;F:\openjfx-11.0.2_windows-x64_bin-sdk\javafx-sdk-11.0.2\lib\javafx.web.jar;F:\openjfx-11.0.2_windows-x64_bin-sdk\javafx-sdk-11.0.2\lib\javafx.base.jar;F:\openjfx-11.0.2_windows-x64_bin-sdk\javafx-sdk-11.0.2\lib\javafx.fxml.jar;F:\openjfx-11.0.2_windows-x64_bin-sdk\javafx-sdk-11.0.2\lib\javafx.media.jar;F:\openjfx-11.0.2_windows-x64_bin-sdk\javafx-sdk-11.0.2\lib\javafx.swing.jar;F:\openjfx-11.0.2_windows-x64_bin-sdk\javafx-sdk-11.0.2\lib\javafx.controls.jar;F:\openjfx-11.0.2_windows-x64_bin-sdk\javafx-sdk-11.0.2\lib\javafx.graphics.jar
Launcher Type: SUN_STANDARD

[Global flags]
     intx CICompilerCount                          = 4                                         {product} {ergonomic}
     uint ConcGCThreads                            = 2                                         {product} {ergonomic}
     uint G1ConcRefinementThreads                  = 8                                         {product} {ergonomic}
   size_t G1HeapRegionSize                         = 1048576                                   {product} {ergonomic}
    uintx GCDrainStackTargetSize                   = 64                                        {product} {ergonomic}
   size_t InitialHeapSize                          = 134217728                                 {product} {ergonomic}
   size_t MarkStackSize                            = 4194304                                   {product} {ergonomic}
   size_t MaxHeapSize                              = 2118123520                                {product} {ergonomic}
   size_t MaxNewSize                               = 1270874112                                {product} {ergonomic}
   size_t MinHeapDeltaBytes                        = 1048576                                   {product} {ergonomic}
    uintx NonNMethodCodeHeapSize                   = 5836300                                {pd product} {ergonomic}
    uintx NonProfiledCodeHeapSize                  = 122910970                              {pd product} {ergonomic}
    uintx ProfiledCodeHeapSize                     = 122910970                              {pd product} {ergonomic}
    uintx ReservedCodeCacheSize                    = 251658240                              {pd product} {ergonomic}
     bool SegmentedCodeCache                       = true                                      {product} {ergonomic}
     bool UseCompressedClassPointers               = true                                 {lp64_product} {ergonomic}
     bool UseCompressedOops                        = true                                 {lp64_product} {ergonomic}
     bool UseG1GC                                  = true                                      {product} {ergonomic}
     bool UseLargePagesIndividualAllocation        = false                                  {pd product} {ergonomic}

Logging:
Log output configuration:
 #0: stdout all=warning uptime,level,tags
 #1: stderr all=off uptime,level,tags

Environment Variables:
PATH=C:\windows\system32;C:\windows;C:\windows\System32\Wbem;C:\windows\System32\WindowsPowerShell\v1.0\;C:\windows\System32\OpenSSH\;C:\Program Files (x86)\NVIDIA Corporation\PhysX\Common;C:\Program Files\NVIDIA Corporation\NVIDIA NvDLISR;C:\WINDOWS\system32;C:\WINDOWS;C:\WINDOWS\System32\Wbem;C:\WINDOWS\System32\WindowsPowerShell\v1.0\;C:\WINDOWS\System32\OpenSSH\;C:\Program Files\MATLAB\R2020a\runtime\win64;C:\Program Files\MATLAB\R2020a\bin;C:\Program Files\Java\jdk-11.0.7\bin;C:\Strawberry\c\bin;C:\Strawberry\perl\site\bin;C:\Strawberry\perl\bin;C:\Program Files\Git\cmd;C:\Users\Rahul Sethi\anaconda3;C:\Users\Rahul Sethi\anaconda3\Library\mingw-w64\bin;C:\Users\Rahul Sethi\anaconda3\Library\usr\bin;C:\Users\Rahul Sethi\anaconda3\Library\bin;C:\Users\Rahul Sethi\anaconda3\Scripts;C:\windows\system32;C:\windows;C:\windows\System32\Wbem;C:\windows\System32\WindowsPowerShell\v1.0\;C:\windows\System32\OpenSSH\;C:\Program Files (x86)\NVIDIA Corporation\PhysX\Common;C:\Program Files\NVIDIA Corporation\NVIDIA NvDLISR;C:\WINDOWS\system32;C:\WINDOWS;C:\WINDOWS\System32\Wbem;C:\WINDOWS\System32\WindowsPowerShell\v1.0\;C:\WINDOWS\System32\OpenSSH\;C:\Program Files\MATLAB\R2020a\runtime\win64;C:\Program Files\MATLAB\R2020a\bin;C:\Program Files\Java\jdk-11.0.7\bin;C:\Strawberry\c\bin;C:\Strawberry\perl\site\bin;C:\Strawberry\perl\bin;C:\Program Files\Java\jdk1.8.0_231\bin;C:\Users\Rahul Sethi\AppData\Local\Programs\Microsoft VS Code\bin;C:\Users\Rahul Sethi\AppData\Local\Microsoft\WindowsApps;C:\Python34\Scripts;C:\Users\Rahul Sethi\AppData\Local\Programs\Python\Python37\Scripts
USERNAME=Rahul Sethi
OS=Windows_NT
PROCESSOR_IDENTIFIER=Intel64 Family 6 Model 142 Stepping 11, GenuineIntel



---------------  S Y S T E M  ---------------

OS: Windows 10 , 64 bit Build 18362 (10.0.18362.1110)

CPU:total 8 (initial active 8) (4 cores per cpu, 2 threads per core) family 6 model 142 stepping 11, cmov, cx8, fxsr, mmx, sse, sse2, sse3, ssse3, sse4.1, sse4.2, popcnt, avx, avx2, aes, clmul, erms, 3dnowpref, lzcnt, ht, tsc, tscinvbit, bmi1, bmi2, adx, fma

Memory: 4k page, system-wide physical 8079M (1482M free)
TotalPageFile size 14735M (AvailPageFile size 3894M)
current process WorkingSet (physical memory assigned to process): 317M, peak: 333M
current process commit charge ("private bytes"): 388M, peak: 398M

vm_info: Java HotSpot(TM) 64-Bit Server VM (11.0.7+8-LTS) for windows-amd64 JRE (11.0.7+8-LTS), built on Mar 12 2020 02:04:32 by "mach5one" with MS VC++ 15.5 (VS2017)

END.
