#
# A fatal error has been detected by the Java Runtime Environment:
#
#  EXCEPTION_ACCESS_VIOLATION (0xc0000005) at pc=0x00007ff82fe61390, pid=17400, tid=13588
#
# JRE version: Java(TM) SE Runtime Environment 18.9 (11.0.7+8) (build 11.0.7+8-LTS)
# Java VM: Java HotSpot(TM) 64-Bit Server VM 18.9 (11.0.7+8-LTS, mixed mode, tiered, compressed oops, g1 gc, windows-amd64)
# Problematic frame:
# V  [jvm.dll+0x111390]
#
# No core dump will be written. Minidumps are not enabled by default on client versions of Windows
#
# If you would like to submit a bug report, please visit:
#   https://bugreport.java.com/bugreport/crash.jsp
#

---------------  S U M M A R Y ------------

Command Line: --module-path=F:\openjfx-11.0.2_windows-x64_bin-sdk\javafx-sdk-11.0.2\lib --add-modules=javafx.controls,javafx.fxml --add-exports=javafx.graphics/com.sun.javafx.sg.prism=ALL-UNNAMED --add-modules=javafx.base,javafx.graphics --add-reads=javafx.base=ALL-UNNAMED --add-reads=javafx.graphics=ALL-UNNAMED -javaagent:C:\Program Files\JetBrains\IntelliJ IDEA Community Edition 2019.3.3\lib\idea_rt.jar=52984:C:\Program Files\JetBrains\IntelliJ IDEA Community Edition 2019.3.3\bin -Dfile.encoding=UTF-8 sample.Main

Host: Intel(R) Core(TM) i5-8265U CPU @ 1.60GHz, 8 cores, 7G,  Windows 10 , 64 bit Build 18362 (10.0.18362.1110)
Time: Sat Dec  5 14:27:37 2020 India Standard Time elapsed time: 4 seconds (0d 0h 0m 4s)

---------------  T H R E A D  ---------------

Current thread (0x000001fe94ccf000):  JavaThread "JavaFX Application Thread" [_thread_in_Java, id=13588, stack(0x000000aae5a00000,0x000000aae5b00000)]

Stack: [0x000000aae5a00000,0x000000aae5b00000],  sp=0x000000aae5afb348,  free space=1004k
Native frames: (J=compiled Java code, j=interpreted, Vv=VM code, C=native code)
V  [jvm.dll+0x111390]


siginfo: EXCEPTION_ACCESS_VIOLATION (0xc0000005), reading address 0x00000000000001b0


Register to memory mapping:

RIP=0x00007ff82fe61390 jvm.dll
RAX=0x000000aae5afb5f8 is pointing into the stack for thread: 0x000001fe94ccf000
RBX=0x0000000000000001 is an unknown value
RCX=0x00000000000001b0 is an unknown value
RDX=0x00000000000001b0 is an unknown value
RSP=0x000000aae5afb348 is pointing into the stack for thread: 0x000001fe94ccf000
RBP=0x000000aae5afb450 is pointing into the stack for thread: 0x000001fe94ccf000
RSI=0x000000aae5afb5f0 is pointing into the stack for thread: 0x000001fe94ccf000
RDI=0x0000000000000001 is an unknown value
R8 =0x000001fe94f4c740 points into unknown readable memory: 02 00 00 00 00 00 00 00
R9 =0x000000aae5afb700 is pointing into the stack for thread: 0x000001fe94ccf000
R10=0x000000aae5afb570 is pointing into the stack for thread: 0x000001fe94ccf000
R11=0x000000aae5afb2f8 is pointing into the stack for thread: 0x000001fe94ccf000
R12=0x0 is NULL
R13=0x000000aae5afb570 is pointing into the stack for thread: 0x000001fe94ccf000
R14=0x000001fe94ccf000 is a thread
R15=0x0000000000000004 is an unknown value


Registers:
RAX=0x000000aae5afb5f8, RBX=0x0000000000000001, RCX=0x00000000000001b0, RDX=0x00000000000001b0
RSP=0x000000aae5afb348, RBP=0x000000aae5afb450, RSI=0x000000aae5afb5f0, RDI=0x0000000000000001
R8 =0x000001fe94f4c740, R9 =0x000000aae5afb700, R10=0x000000aae5afb570, R11=0x000000aae5afb2f8
R12=0x0000000000000000, R13=0x000000aae5afb570, R14=0x000001fe94ccf000, R15=0x0000000000000004
RIP=0x00007ff82fe61390, EFLAGS=0x0000000000010246

Top of Stack: (sp=0x000000aae5afb348)
0x000000aae5afb348:   00007ff8300e0d35 000000aae5af4350
0x000000aae5afb358:   000000aae5afb450 000000aae5afb5f0
0x000000aae5afb368:   0000000000000000 000001fe94ccf000
0x000000aae5afb378:   000001fef2e30d00 0000b99042d1406e
0x000000aae5afb388:   00007ff87d5945bd 000001fe8000db40
0x000000aae5afb398:   000001fe9548ab68 000001fe94ccf000
0x000000aae5afb3a8:   000001fe94998680 000001fe937b3f18
0x000000aae5afb3b8:   0000000088300000 000000aae5afbb00
0x000000aae5afb3c8:   000001fe8000f008 000000aae5afbb90
0x000000aae5afb3d8:   000000aae5afb700 000000aae5afb708
0x000000aae5afb3e8:   0000000000000047 0000000000000000
0x000000aae5afb3f8:   0000000000000000 0000000000000287
0x000000aae5afb408:   00007ff87bf2251f 000049a9b60646ec
0x000000aae5afb418:   0000000000000000 0000000000000006
0x000000aae5afb428:   0000000000000000 000001fe940310c0
0x000000aae5afb438:   0000000000000287 000001fe94ccf000 

Instructions: (pc=0x00007ff82fe61390)
0x00007ff82fe61370:   8b 01 85 c0 75 03 33 c0 c3 8b 0d 09 2c 93 00 48
0x00007ff82fe61380:   d3 e0 48 03 05 f7 2b 93 00 c3 cc cc cc cc cc cc
0x00007ff82fe61390:   48 8b 01 c3 cc cc cc cc cc cc cc cc cc cc cc cc
0x00007ff82fe613a0:   48 89 5c 24 08 48 89 74 24 10 57 48 83 ec 20 48 


Stack slot to memory mapping:
stack at sp + 0 slots: 0x00007ff8300e0d35 jvm.dll
stack at sp + 1 slots: 0x000000aae5af4350 is pointing into the stack for thread: 0x000001fe94ccf000
stack at sp + 2 slots: 0x000000aae5afb450 is pointing into the stack for thread: 0x000001fe94ccf000
stack at sp + 3 slots: 0x000000aae5afb5f0 is pointing into the stack for thread: 0x000001fe94ccf000
stack at sp + 4 slots: 0x0 is NULL
stack at sp + 5 slots: 0x000001fe94ccf000 is a thread
stack at sp + 6 slots: 0x000001fef2e30d00 points into unknown readable memory: 94 08 20 00 00 00 00 00
stack at sp + 7 slots: 0x0000b99042d1406e is an unknown value


---------------  P R O C E S S  ---------------

Threads class SMR info:
_java_thread_list=0x000001fe94981d10, length=20, elements={
0x000001fef49ec800, 0x000001fe936ba000, 0x000001fe936c6000, 0x000001fe936d6800,
0x000001fe94022800, 0x000001fe94024800, 0x000001fe94028000, 0x000001fe9402e000,
0x000001fe9419f000, 0x000001fe94ee6800, 0x000001fe94d7d000, 0x000001fe94d74000,
0x000001fe953e1000, 0x000001fe94ccf000, 0x000001fe95a35800, 0x000001fe95a79800,
0x000001fe95618000, 0x000001fe94e60800, 0x000001fe9ce90000, 0x000001fe95afa000
}

Java Threads: ( => current thread )
  0x000001fef49ec800 JavaThread "main" [_thread_blocked, id=15760, stack(0x000000aae4400000,0x000000aae4500000)]
  0x000001fe936ba000 JavaThread "Reference Handler" daemon [_thread_blocked, id=18476, stack(0x000000aae4b00000,0x000000aae4c00000)]
  0x000001fe936c6000 JavaThread "Finalizer" daemon [_thread_blocked, id=10180, stack(0x000000aae4c00000,0x000000aae4d00000)]
  0x000001fe936d6800 JavaThread "Signal Dispatcher" daemon [_thread_blocked, id=5464, stack(0x000000aae4d00000,0x000000aae4e00000)]
  0x000001fe94022800 JavaThread "Attach Listener" daemon [_thread_blocked, id=16832, stack(0x000000aae4e00000,0x000000aae4f00000)]
  0x000001fe94024800 JavaThread "C2 CompilerThread0" daemon [_thread_blocked, id=20188, stack(0x000000aae4f00000,0x000000aae5000000)]
  0x000001fe94028000 JavaThread "C1 CompilerThread0" daemon [_thread_blocked, id=11204, stack(0x000000aae5000000,0x000000aae5100000)]
  0x000001fe9402e000 JavaThread "Sweeper thread" daemon [_thread_blocked, id=10228, stack(0x000000aae5100000,0x000000aae5200000)]
  0x000001fe9419f000 JavaThread "Common-Cleaner" daemon [_thread_blocked, id=16776, stack(0x000000aae5200000,0x000000aae5300000)]
  0x000001fe94ee6800 JavaThread "Monitor Ctrl-Break" daemon [_thread_in_native, id=17388, stack(0x000000aae5500000,0x000000aae5600000)]
  0x000001fe94d7d000 JavaThread "Service Thread" daemon [_thread_blocked, id=9992, stack(0x000000aae5600000,0x000000aae5700000)]
  0x000001fe94d74000 JavaThread "QuantumRenderer-0" daemon [_thread_blocked, id=11816, stack(0x000000aae5800000,0x000000aae5900000)]
  0x000001fe953e1000 JavaThread "InvokeLaterDispatcher" daemon [_thread_blocked, id=14904, stack(0x000000aae5900000,0x000000aae5a00000)]
=>0x000001fe94ccf000 JavaThread "JavaFX Application Thread" [_thread_in_Java, id=13588, stack(0x000000aae5a00000,0x000000aae5b00000)]
  0x000001fe95a35800 JavaThread "JavaFX-Launcher" [_thread_blocked, id=8504, stack(0x000000aae5f00000,0x000000aae6000000)]
  0x000001fe95a79800 JavaThread "Thread-2" daemon [_thread_in_native, id=16900, stack(0x000000aae5e00000,0x000000aae5f00000)]
  0x000001fe95618000 JavaThread "Prism Font Disposer" daemon [_thread_blocked, id=17940, stack(0x000000aae6800000,0x000000aae6900000)]
  0x000001fe94e60800 JavaThread "Cleaner-0" daemon [_thread_blocked, id=19844, stack(0x000000aae6900000,0x000000aae6a00000)]
  0x000001fe9ce90000 JavaThread "C2 CompilerThread1" daemon [_thread_blocked, id=19508, stack(0x000000aae5400000,0x000000aae5500000)]
  0x000001fe95afa000 JavaThread "C2 CompilerThread2" daemon [_thread_blocked, id=16000, stack(0x000000aae6d00000,0x000000aae6e00000)]

Other Threads:
  0x000001fe93691800 VMThread "VM Thread" [stack: 0x000000aae4a00000,0x000000aae4b00000] [id=19800]
  0x000001fe95137800 WatcherThread [stack: 0x000000aae5700000,0x000000aae5800000] [id=14468]
  0x000001fef4a04800 GCTaskThread "GC Thread#0" [stack: 0x000000aae4500000,0x000000aae4600000] [id=8308]
  0x000001fe9497f800 GCTaskThread "GC Thread#1" [stack: 0x000000aae6300000,0x000000aae6400000] [id=12464]
  0x000001fe950c6800 GCTaskThread "GC Thread#2" [stack: 0x000000aae6400000,0x000000aae6500000] [id=20280]
  0x000001fe950c7000 GCTaskThread "GC Thread#3" [stack: 0x000000aae6500000,0x000000aae6600000] [id=9300]
  0x000001fe94983800 GCTaskThread "GC Thread#4" [stack: 0x000000aae6600000,0x000000aae6700000] [id=16396]
  0x000001fe94984000 GCTaskThread "GC Thread#5" [stack: 0x000000aae6700000,0x000000aae6800000] [id=19840]
  0x000001fef4a36800 ConcurrentGCThread "G1 Main Marker" [stack: 0x000000aae4600000,0x000000aae4700000] [id=15724]
  0x000001fef4a38000 ConcurrentGCThread "G1 Conc#0" [stack: 0x000000aae4700000,0x000000aae4800000] [id=17644]
  0x000001fe934fa800 ConcurrentGCThread "G1 Refine#0" [stack: 0x000000aae4800000,0x000000aae4900000] [id=18376]
  0x000001fe934fb800 ConcurrentGCThread "G1 Young RemSet Sampling" [stack: 0x000000aae4900000,0x000000aae4a00000] [id=13680]

Threads with active compile tasks:

VM state:not at safepoint (normal execution)

VM Mutex/Monitor currently owned by a thread: None

Heap address: 0x0000000081c00000, size: 2020 MB, Compressed Oops mode: 32-bit
Narrow klass base: 0x0000000000000000, Narrow klass shift: 3
Compressed class space size: 1073741824 Address: 0x0000000100000000

Heap:
 garbage-first heap   total 131072K, used 56856K [0x0000000081c00000, 0x0000000100000000)
  region size 1024K, 47 young (48128K), 3 survivors (3072K)
 Metaspace       used 20112K, capacity 20658K, committed 20736K, reserved 1067008K
  class space    used 2339K, capacity 2536K, committed 2560K, reserved 1048576K
Heap Regions: E=young(eden), S=young(survivor), O=old, HS=humongous(starts), HC=humongous(continues), CS=collection set, F=free, A=archive, TAMS=top-at-mark-start (previous, next)
|   0|0x0000000081c00000, 0x0000000081c86200, 0x0000000081d00000| 52%| O|  |TAMS 0x0000000081c00000, 0x0000000081c00000| Untracked 
|   1|0x0000000081d00000, 0x0000000081e00000, 0x0000000081e00000|100%|HS|  |TAMS 0x0000000081d00000, 0x0000000081d00000| Complete 
|   2|0x0000000081e00000, 0x0000000081f00000, 0x0000000081f00000|100%|HS|  |TAMS 0x0000000081e00000, 0x0000000081e00000| Complete 
|   3|0x0000000081f00000, 0x0000000082000000, 0x0000000082000000|100%|HS|  |TAMS 0x0000000081f00000, 0x0000000081f00000| Complete 
|   4|0x0000000082000000, 0x0000000082100000, 0x0000000082100000|100%|HC|  |TAMS 0x0000000082000000, 0x0000000082000000| Complete 
|   5|0x0000000082100000, 0x0000000082200000, 0x0000000082200000|100%|HS|  |TAMS 0x0000000082100000, 0x0000000082100000| Complete 
|   6|0x0000000082200000, 0x0000000082300000, 0x0000000082300000|100%|HC|  |TAMS 0x0000000082200000, 0x0000000082200000| Complete 
|   7|0x0000000082300000, 0x0000000082400000, 0x0000000082400000|100%|HS|  |TAMS 0x0000000082300000, 0x0000000082300000| Complete 
|   8|0x0000000082400000, 0x0000000082500000, 0x0000000082500000|100%|HC|  |TAMS 0x0000000082400000, 0x0000000082400000| Complete 
|   9|0x0000000082500000, 0x0000000082600000, 0x0000000082600000|100%|HC|  |TAMS 0x0000000082500000, 0x0000000082500000| Complete 
|  10|0x0000000082600000, 0x0000000082600000, 0x0000000082700000|  0%| F|  |TAMS 0x0000000082600000, 0x0000000082600000| Untracked 
|  11|0x0000000082700000, 0x0000000082700000, 0x0000000082800000|  0%| F|  |TAMS 0x0000000082700000, 0x0000000082700000| Untracked 
|  12|0x0000000082800000, 0x0000000082800000, 0x0000000082900000|  0%| F|  |TAMS 0x0000000082800000, 0x0000000082800000| Untracked 
|  13|0x0000000082900000, 0x0000000082900000, 0x0000000082a00000|  0%| F|  |TAMS 0x0000000082900000, 0x0000000082900000| Untracked 
|  14|0x0000000082a00000, 0x0000000082a00000, 0x0000000082b00000|  0%| F|  |TAMS 0x0000000082a00000, 0x0000000082a00000| Untracked 
|  15|0x0000000082b00000, 0x0000000082b00000, 0x0000000082c00000|  0%| F|  |TAMS 0x0000000082b00000, 0x0000000082b00000| Untracked 
|  16|0x0000000082c00000, 0x0000000082c00000, 0x0000000082d00000|  0%| F|  |TAMS 0x0000000082c00000, 0x0000000082c00000| Untracked 
|  17|0x0000000082d00000, 0x0000000082d00000, 0x0000000082e00000|  0%| F|  |TAMS 0x0000000082d00000, 0x0000000082d00000| Untracked 
|  18|0x0000000082e00000, 0x0000000082e00000, 0x0000000082f00000|  0%| F|  |TAMS 0x0000000082e00000, 0x0000000082e00000| Untracked 
|  19|0x0000000082f00000, 0x0000000082f00000, 0x0000000083000000|  0%| F|  |TAMS 0x0000000082f00000, 0x0000000082f00000| Untracked 
|  20|0x0000000083000000, 0x0000000083000000, 0x0000000083100000|  0%| F|  |TAMS 0x0000000083000000, 0x0000000083000000| Untracked 
|  21|0x0000000083100000, 0x0000000083100000, 0x0000000083200000|  0%| F|  |TAMS 0x0000000083100000, 0x0000000083100000| Untracked 
|  22|0x0000000083200000, 0x0000000083200000, 0x0000000083300000|  0%| F|  |TAMS 0x0000000083200000, 0x0000000083200000| Untracked 
|  23|0x0000000083300000, 0x0000000083300000, 0x0000000083400000|  0%| F|  |TAMS 0x0000000083300000, 0x0000000083300000| Untracked 
|  24|0x0000000083400000, 0x0000000083400000, 0x0000000083500000|  0%| F|  |TAMS 0x0000000083400000, 0x0000000083400000| Untracked 
|  25|0x0000000083500000, 0x0000000083500000, 0x0000000083600000|  0%| F|  |TAMS 0x0000000083500000, 0x0000000083500000| Untracked 
|  26|0x0000000083600000, 0x0000000083600000, 0x0000000083700000|  0%| F|  |TAMS 0x0000000083600000, 0x0000000083600000| Untracked 
|  27|0x0000000083700000, 0x0000000083700000, 0x0000000083800000|  0%| F|  |TAMS 0x0000000083700000, 0x0000000083700000| Untracked 
|  28|0x0000000083800000, 0x0000000083800000, 0x0000000083900000|  0%| F|  |TAMS 0x0000000083800000, 0x0000000083800000| Untracked 
|  29|0x0000000083900000, 0x0000000083900000, 0x0000000083a00000|  0%| F|  |TAMS 0x0000000083900000, 0x0000000083900000| Untracked 
|  30|0x0000000083a00000, 0x0000000083a00000, 0x0000000083b00000|  0%| F|  |TAMS 0x0000000083a00000, 0x0000000083a00000| Untracked 
|  31|0x0000000083b00000, 0x0000000083b00000, 0x0000000083c00000|  0%| F|  |TAMS 0x0000000083b00000, 0x0000000083b00000| Untracked 
|  32|0x0000000083c00000, 0x0000000083c00000, 0x0000000083d00000|  0%| F|  |TAMS 0x0000000083c00000, 0x0000000083c00000| Untracked 
|  33|0x0000000083d00000, 0x0000000083d00000, 0x0000000083e00000|  0%| F|  |TAMS 0x0000000083d00000, 0x0000000083d00000| Untracked 
|  34|0x0000000083e00000, 0x0000000083e00000, 0x0000000083f00000|  0%| F|  |TAMS 0x0000000083e00000, 0x0000000083e00000| Untracked 
|  35|0x0000000083f00000, 0x0000000083f00000, 0x0000000084000000|  0%| F|  |TAMS 0x0000000083f00000, 0x0000000083f00000| Untracked 
|  36|0x0000000084000000, 0x0000000084000000, 0x0000000084100000|  0%| F|  |TAMS 0x0000000084000000, 0x0000000084000000| Untracked 
|  37|0x0000000084100000, 0x0000000084100000, 0x0000000084200000|  0%| F|  |TAMS 0x0000000084100000, 0x0000000084100000| Untracked 
|  38|0x0000000084200000, 0x0000000084200000, 0x0000000084300000|  0%| F|  |TAMS 0x0000000084200000, 0x0000000084200000| Untracked 
|  39|0x0000000084300000, 0x0000000084300000, 0x0000000084400000|  0%| F|  |TAMS 0x0000000084300000, 0x0000000084300000| Untracked 
|  40|0x0000000084400000, 0x0000000084400000, 0x0000000084500000|  0%| F|  |TAMS 0x0000000084400000, 0x0000000084400000| Untracked 
|  41|0x0000000084500000, 0x0000000084500000, 0x0000000084600000|  0%| F|  |TAMS 0x0000000084500000, 0x0000000084500000| Untracked 
|  42|0x0000000084600000, 0x0000000084600000, 0x0000000084700000|  0%| F|  |TAMS 0x0000000084600000, 0x0000000084600000| Untracked 
|  43|0x0000000084700000, 0x0000000084700000, 0x0000000084800000|  0%| F|  |TAMS 0x0000000084700000, 0x0000000084700000| Untracked 
|  44|0x0000000084800000, 0x0000000084800000, 0x0000000084900000|  0%| F|  |TAMS 0x0000000084800000, 0x0000000084800000| Untracked 
|  45|0x0000000084900000, 0x0000000084900000, 0x0000000084a00000|  0%| F|  |TAMS 0x0000000084900000, 0x0000000084900000| Untracked 
|  46|0x0000000084a00000, 0x0000000084a00000, 0x0000000084b00000|  0%| F|  |TAMS 0x0000000084a00000, 0x0000000084a00000| Untracked 
|  47|0x0000000084b00000, 0x0000000084b00000, 0x0000000084c00000|  0%| F|  |TAMS 0x0000000084b00000, 0x0000000084b00000| Untracked 
|  48|0x0000000084c00000, 0x0000000084c00000, 0x0000000084d00000|  0%| F|  |TAMS 0x0000000084c00000, 0x0000000084c00000| Untracked 
|  49|0x0000000084d00000, 0x0000000084d00000, 0x0000000084e00000|  0%| F|  |TAMS 0x0000000084d00000, 0x0000000084d00000| Untracked 
|  50|0x0000000084e00000, 0x0000000084e00000, 0x0000000084f00000|  0%| F|  |TAMS 0x0000000084e00000, 0x0000000084e00000| Untracked 
|  51|0x0000000084f00000, 0x0000000084f00000, 0x0000000085000000|  0%| F|  |TAMS 0x0000000084f00000, 0x0000000084f00000| Untracked 
|  52|0x0000000085000000, 0x0000000085000000, 0x0000000085100000|  0%| F|  |TAMS 0x0000000085000000, 0x0000000085000000| Untracked 
|  53|0x0000000085100000, 0x0000000085100000, 0x0000000085200000|  0%| F|  |TAMS 0x0000000085100000, 0x0000000085100000| Untracked 
|  54|0x0000000085200000, 0x0000000085200000, 0x0000000085300000|  0%| F|  |TAMS 0x0000000085200000, 0x0000000085200000| Untracked 
|  55|0x0000000085300000, 0x0000000085300000, 0x0000000085400000|  0%| F|  |TAMS 0x0000000085300000, 0x0000000085300000| Untracked 
|  56|0x0000000085400000, 0x0000000085400000, 0x0000000085500000|  0%| F|  |TAMS 0x0000000085400000, 0x0000000085400000| Untracked 
|  57|0x0000000085500000, 0x0000000085500000, 0x0000000085600000|  0%| F|  |TAMS 0x0000000085500000, 0x0000000085500000| Untracked 
|  58|0x0000000085600000, 0x0000000085600000, 0x0000000085700000|  0%| F|  |TAMS 0x0000000085600000, 0x0000000085600000| Untracked 
|  59|0x0000000085700000, 0x0000000085700000, 0x0000000085800000|  0%| F|  |TAMS 0x0000000085700000, 0x0000000085700000| Untracked 
|  60|0x0000000085800000, 0x0000000085800000, 0x0000000085900000|  0%| F|  |TAMS 0x0000000085800000, 0x0000000085800000| Untracked 
|  61|0x0000000085900000, 0x0000000085900000, 0x0000000085a00000|  0%| F|  |TAMS 0x0000000085900000, 0x0000000085900000| Untracked 
|  62|0x0000000085a00000, 0x0000000085a00000, 0x0000000085b00000|  0%| F|  |TAMS 0x0000000085a00000, 0x0000000085a00000| Untracked 
|  63|0x0000000085b00000, 0x0000000085b00000, 0x0000000085c00000|  0%| F|  |TAMS 0x0000000085b00000, 0x0000000085b00000| Untracked 
|  64|0x0000000085c00000, 0x0000000085c00000, 0x0000000085d00000|  0%| F|  |TAMS 0x0000000085c00000, 0x0000000085c00000| Untracked 
|  65|0x0000000085d00000, 0x0000000085d00000, 0x0000000085e00000|  0%| F|  |TAMS 0x0000000085d00000, 0x0000000085d00000| Untracked 
|  66|0x0000000085e00000, 0x0000000085e00000, 0x0000000085f00000|  0%| F|  |TAMS 0x0000000085e00000, 0x0000000085e00000| Untracked 
|  67|0x0000000085f00000, 0x0000000085f00000, 0x0000000086000000|  0%| F|  |TAMS 0x0000000085f00000, 0x0000000085f00000| Untracked 
|  68|0x0000000086000000, 0x0000000086000000, 0x0000000086100000|  0%| F|  |TAMS 0x0000000086000000, 0x0000000086000000| Untracked 
|  69|0x0000000086100000, 0x0000000086100000, 0x0000000086200000|  0%| F|  |TAMS 0x0000000086100000, 0x0000000086100000| Untracked 
|  70|0x0000000086200000, 0x0000000086200000, 0x0000000086300000|  0%| F|  |TAMS 0x0000000086200000, 0x0000000086200000| Untracked 
|  71|0x0000000086300000, 0x0000000086300000, 0x0000000086400000|  0%| F|  |TAMS 0x0000000086300000, 0x0000000086300000| Untracked 
|  72|0x0000000086400000, 0x0000000086400000, 0x0000000086500000|  0%| F|  |TAMS 0x0000000086400000, 0x0000000086400000| Untracked 
|  73|0x0000000086500000, 0x0000000086500000, 0x0000000086600000|  0%| F|  |TAMS 0x0000000086500000, 0x0000000086500000| Untracked 
|  74|0x0000000086600000, 0x0000000086600000, 0x0000000086700000|  0%| F|  |TAMS 0x0000000086600000, 0x0000000086600000| Untracked 
|  75|0x0000000086700000, 0x0000000086700000, 0x0000000086800000|  0%| F|  |TAMS 0x0000000086700000, 0x0000000086700000| Untracked 
|  76|0x0000000086800000, 0x0000000086800000, 0x0000000086900000|  0%| F|  |TAMS 0x0000000086800000, 0x0000000086800000| Untracked 
|  77|0x0000000086900000, 0x0000000086900000, 0x0000000086a00000|  0%| F|  |TAMS 0x0000000086900000, 0x0000000086900000| Untracked 
|  78|0x0000000086a00000, 0x0000000086a00000, 0x0000000086b00000|  0%| F|  |TAMS 0x0000000086a00000, 0x0000000086a00000| Untracked 
|  79|0x0000000086b00000, 0x0000000086b00000, 0x0000000086c00000|  0%| F|  |TAMS 0x0000000086b00000, 0x0000000086b00000| Untracked 
|  80|0x0000000086c00000, 0x0000000086c00000, 0x0000000086d00000|  0%| F|  |TAMS 0x0000000086c00000, 0x0000000086c00000| Untracked 
|  81|0x0000000086d00000, 0x0000000086d80800, 0x0000000086e00000| 50%| E|  |TAMS 0x0000000086d00000, 0x0000000086d00000| Complete 
|  82|0x0000000086e00000, 0x0000000086f00000, 0x0000000086f00000|100%| E|CS|TAMS 0x0000000086e00000, 0x0000000086e00000| Complete 
|  83|0x0000000086f00000, 0x0000000087000000, 0x0000000087000000|100%| E|CS|TAMS 0x0000000086f00000, 0x0000000086f00000| Complete 
|  84|0x0000000087000000, 0x0000000087100000, 0x0000000087100000|100%| E|CS|TAMS 0x0000000087000000, 0x0000000087000000| Complete 
|  85|0x0000000087100000, 0x0000000087200000, 0x0000000087200000|100%| E|CS|TAMS 0x0000000087100000, 0x0000000087100000| Complete 
|  86|0x0000000087200000, 0x0000000087300000, 0x0000000087300000|100%| E|CS|TAMS 0x0000000087200000, 0x0000000087200000| Complete 
|  87|0x0000000087300000, 0x0000000087400000, 0x0000000087400000|100%| E|CS|TAMS 0x0000000087300000, 0x0000000087300000| Complete 
|  88|0x0000000087400000, 0x0000000087500000, 0x0000000087500000|100%| E|CS|TAMS 0x0000000087400000, 0x0000000087400000| Complete 
|  89|0x0000000087500000, 0x0000000087600000, 0x0000000087600000|100%| E|CS|TAMS 0x0000000087500000, 0x0000000087500000| Complete 
|  90|0x0000000087600000, 0x0000000087700000, 0x0000000087700000|100%| E|CS|TAMS 0x0000000087600000, 0x0000000087600000| Complete 
|  91|0x0000000087700000, 0x0000000087800000, 0x0000000087800000|100%| E|CS|TAMS 0x0000000087700000, 0x0000000087700000| Complete 
|  92|0x0000000087800000, 0x0000000087900000, 0x0000000087900000|100%| E|CS|TAMS 0x0000000087800000, 0x0000000087800000| Complete 
|  93|0x0000000087900000, 0x0000000087a00000, 0x0000000087a00000|100%| E|CS|TAMS 0x0000000087900000, 0x0000000087900000| Complete 
|  94|0x0000000087a00000, 0x0000000087b00000, 0x0000000087b00000|100%| E|CS|TAMS 0x0000000087a00000, 0x0000000087a00000| Complete 
|  95|0x0000000087b00000, 0x0000000087c00000, 0x0000000087c00000|100%| E|CS|TAMS 0x0000000087b00000, 0x0000000087b00000| Complete 
|  96|0x0000000087c00000, 0x0000000087d00000, 0x0000000087d00000|100%| E|CS|TAMS 0x0000000087c00000, 0x0000000087c00000| Complete 
|  97|0x0000000087d00000, 0x0000000087e00000, 0x0000000087e00000|100%| E|CS|TAMS 0x0000000087d00000, 0x0000000087d00000| Complete 
|  98|0x0000000087e00000, 0x0000000087f00000, 0x0000000087f00000|100%| E|CS|TAMS 0x0000000087e00000, 0x0000000087e00000| Complete 
|  99|0x0000000087f00000, 0x0000000088000000, 0x0000000088000000|100%| E|CS|TAMS 0x0000000087f00000, 0x0000000087f00000| Complete 
| 100|0x0000000088000000, 0x0000000088100000, 0x0000000088100000|100%| E|CS|TAMS 0x0000000088000000, 0x0000000088000000| Complete 
| 101|0x0000000088100000, 0x0000000088200000, 0x0000000088200000|100%| S|CS|TAMS 0x0000000088100000, 0x0000000088100000| Complete 
| 102|0x0000000088200000, 0x0000000088300000, 0x0000000088300000|100%| S|CS|TAMS 0x0000000088200000, 0x0000000088200000| Complete 
| 103|0x0000000088300000, 0x0000000088400000, 0x0000000088400000|100%| S|CS|TAMS 0x0000000088300000, 0x0000000088300000| Complete 
| 104|0x0000000088400000, 0x0000000088500000, 0x0000000088500000|100%| E|CS|TAMS 0x0000000088400000, 0x0000000088400000| Complete 
| 105|0x0000000088500000, 0x0000000088600000, 0x0000000088600000|100%| E|CS|TAMS 0x0000000088500000, 0x0000000088500000| Complete 
| 106|0x0000000088600000, 0x0000000088700000, 0x0000000088700000|100%| E|CS|TAMS 0x0000000088600000, 0x0000000088600000| Complete 
| 107|0x0000000088700000, 0x0000000088800000, 0x0000000088800000|100%| E|CS|TAMS 0x0000000088700000, 0x0000000088700000| Complete 
| 108|0x0000000088800000, 0x0000000088900000, 0x0000000088900000|100%| E|CS|TAMS 0x0000000088800000, 0x0000000088800000| Complete 
| 109|0x0000000088900000, 0x0000000088a00000, 0x0000000088a00000|100%| E|CS|TAMS 0x0000000088900000, 0x0000000088900000| Complete 
| 110|0x0000000088a00000, 0x0000000088b00000, 0x0000000088b00000|100%| E|CS|TAMS 0x0000000088a00000, 0x0000000088a00000| Complete 
| 111|0x0000000088b00000, 0x0000000088c00000, 0x0000000088c00000|100%| E|CS|TAMS 0x0000000088b00000, 0x0000000088b00000| Complete 
| 112|0x0000000088c00000, 0x0000000088d00000, 0x0000000088d00000|100%| E|CS|TAMS 0x0000000088c00000, 0x0000000088c00000| Complete 
| 113|0x0000000088d00000, 0x0000000088e00000, 0x0000000088e00000|100%| E|CS|TAMS 0x0000000088d00000, 0x0000000088d00000| Complete 
| 114|0x0000000088e00000, 0x0000000088f00000, 0x0000000088f00000|100%| E|CS|TAMS 0x0000000088e00000, 0x0000000088e00000| Complete 
| 115|0x0000000088f00000, 0x0000000089000000, 0x0000000089000000|100%| E|CS|TAMS 0x0000000088f00000, 0x0000000088f00000| Complete 
| 116|0x0000000089000000, 0x0000000089100000, 0x0000000089100000|100%| E|CS|TAMS 0x0000000089000000, 0x0000000089000000| Complete 
| 117|0x0000000089100000, 0x0000000089200000, 0x0000000089200000|100%| E|CS|TAMS 0x0000000089100000, 0x0000000089100000| Complete 
| 118|0x0000000089200000, 0x0000000089300000, 0x0000000089300000|100%| E|CS|TAMS 0x0000000089200000, 0x0000000089200000| Complete 
| 119|0x0000000089300000, 0x0000000089400000, 0x0000000089400000|100%| E|CS|TAMS 0x0000000089300000, 0x0000000089300000| Complete 
| 120|0x0000000089400000, 0x0000000089500000, 0x0000000089500000|100%| E|CS|TAMS 0x0000000089400000, 0x0000000089400000| Complete 
| 121|0x0000000089500000, 0x0000000089600000, 0x0000000089600000|100%| E|CS|TAMS 0x0000000089500000, 0x0000000089500000| Complete 
| 122|0x0000000089600000, 0x0000000089700000, 0x0000000089700000|100%| E|CS|TAMS 0x0000000089600000, 0x0000000089600000| Complete 
| 123|0x0000000089700000, 0x0000000089800000, 0x0000000089800000|100%| E|CS|TAMS 0x0000000089700000, 0x0000000089700000| Complete 
| 124|0x0000000089800000, 0x0000000089900000, 0x0000000089900000|100%| E|CS|TAMS 0x0000000089800000, 0x0000000089800000| Complete 
| 125|0x0000000089900000, 0x0000000089a00000, 0x0000000089a00000|100%| E|CS|TAMS 0x0000000089900000, 0x0000000089900000| Complete 
| 126|0x0000000089a00000, 0x0000000089b00000, 0x0000000089b00000|100%| E|CS|TAMS 0x0000000089a00000, 0x0000000089a00000| Complete 
| 127|0x0000000089b00000, 0x0000000089c00000, 0x0000000089c00000|100%| E|CS|TAMS 0x0000000089b00000, 0x0000000089b00000| Complete 

Card table byte_map: [0x000001fefd530000,0x000001fefd930000] _byte_map_base: 0x000001fefd122000

Marking Bits (Prev, Next): (CMBitMap*) 0x000001fef4a2ded8, (CMBitMap*) 0x000001fef4a2df10
 Prev Bits: [0x000001fefdd30000, 0x000001feffcc0000)
 Next Bits: [0x000001fe8f000000, 0x000001fe90f90000)

Polling page: 0x000001fef2760000

Metaspace:

Usage:
  Non-class:     17.70 MB capacity,    17.36 MB ( 98%) used,   289.55 KB (  2%) free+waste,    59.38 KB ( <1%) overhead. 
      Class:      2.48 MB capacity,     2.28 MB ( 92%) used,   167.05 KB (  7%) free+waste,    29.38 KB (  1%) overhead. 
       Both:     20.17 MB capacity,    19.64 MB ( 97%) used,   456.60 KB (  2%) free+waste,    88.75 KB ( <1%) overhead. 

Virtual space:
  Non-class space:       18.00 MB reserved,      17.75 MB ( 99%) committed 
      Class space:        1.00 GB reserved,       2.50 MB ( <1%) committed 
             Both:        1.02 GB reserved,      20.25 MB (  2%) committed 

Chunk freelists:
   Non-Class:  6.75 KB
       Class:  3.00 KB
        Both:  9.75 KB

CodeHeap 'non-profiled nmethods': size=120000Kb used=1733Kb max_used=1733Kb free=118266Kb
 bounds [0x000001fe87ad0000, 0x000001fe87d40000, 0x000001fe8f000000]
CodeHeap 'profiled nmethods': size=120000Kb used=6052Kb max_used=6052Kb free=113947Kb
 bounds [0x000001fe805a0000, 0x000001fe80b90000, 0x000001fe87ad0000]
CodeHeap 'non-nmethods': size=5760Kb used=1309Kb max_used=1371Kb free=4450Kb
 bounds [0x000001fe80000000, 0x000001fe80270000, 0x000001fe805a0000]
 total_blobs=4762 nmethods=3172 adapters=628
 compilation: enabled
              stopped_count=0, restarted_count=0
 full_count=0

Compilation events (10 events):
Event: 4.834 Thread 0x000001fe95afa000 nmethod 3162 0x000001fe87c6ba90 code [0x000001fe87c6bc20, 0x000001fe87c6bd38]
Event: 4.834 Thread 0x000001fe95afa000 3160       4       com.sun.javafx.scene.NodeHelper::markDirtyImpl (11 bytes)
Event: 4.835 Thread 0x000001fe94028000 nmethod 3170 0x000001fe80b84290 code [0x000001fe80b84500, 0x000001fe80b84f60]
Event: 4.835 Thread 0x000001fe94028000 3171       3       com.sun.prism.impl.ps.BaseShaderGraphics::fillRect (149 bytes)
Event: 4.836 Thread 0x000001fe94028000 nmethod 3171 0x000001fe80b85190 code [0x000001fe80b85380, 0x000001fe80b85910]
Event: 4.836 Thread 0x000001fe94028000 3173       3       com.sun.javafx.sg.prism.NGShape::hasOverlappingContents (16 bytes)
Event: 4.836 Thread 0x000001fe94028000 nmethod 3173 0x000001fe80b85a90 code [0x000001fe80b85c40, 0x000001fe80b85e18]
Event: 4.836 Thread 0x000001fe94028000 3172       3       com.sun.javafx.sg.prism.NGNode::renderOpacity (322 bytes)
Event: 4.839 Thread 0x000001fe94028000 nmethod 3172 0x000001fe80b85e90 code [0x000001fe80b862c0, 0x000001fe80b887d0]
Event: 4.842 Thread 0x000001fe95afa000 nmethod 3160 0x000001fe87c6be90 code [0x000001fe87c6c040, 0x000001fe87c6c5b8]

GC Heap History (2 events):
Event: 0.822 GC heap before
{Heap before GC invocations=0 (full 0):
 garbage-first heap   total 131072K, used 23552K [0x0000000081c00000, 0x0000000100000000)
  region size 1024K, 24 young (24576K), 0 survivors (0K)
 Metaspace       used 12364K, capacity 12700K, committed 12800K, reserved 1060864K
  class space    used 1357K, capacity 1521K, committed 1536K, reserved 1048576K
}
Event: 0.826 GC heap after
{Heap after GC invocations=1 (full 0):
 garbage-first heap   total 131072K, used 3608K [0x0000000081c00000, 0x0000000100000000)
  region size 1024K, 3 young (3072K), 3 survivors (3072K)
 Metaspace       used 12364K, capacity 12700K, committed 12800K, reserved 1060864K
  class space    used 1357K, capacity 1521K, committed 1536K, reserved 1048576K
}

Deoptimization events (10 events):
Event: 4.535 Thread 0x000001fe94ccf000 Uncommon trap: reason=unstable_if action=reinterpret pc=0x000001fe87c43168 method=com.sun.javafx.geom.CurveLink.getSubCurve()Lcom/sun/javafx/geom/Curve; @ 27 c2
Event: 4.535 Thread 0x000001fe94ccf000 Uncommon trap: reason=class_check action=maybe_recompile pc=0x000001fe87c42034 method=com.sun.javafx.geom.CurveLink.absorb(Lcom/sun/javafx/geom/Curve;DDI)Z @ 40 c2
Event: 4.535 Thread 0x000001fe94ccf000 Uncommon trap: reason=class_check action=maybe_recompile pc=0x000001fe87c42034 method=com.sun.javafx.geom.CurveLink.absorb(Lcom/sun/javafx/geom/Curve;DDI)Z @ 40 c2
Event: 4.540 Thread 0x000001fe94ccf000 Uncommon trap: reason=unstable_if action=reinterpret pc=0x000001fe87bc2e3c method=java.lang.StrictMath.floorOrCeil(DDDD)D @ 14 c2
Event: 4.560 Thread 0x000001fe94ccf000 Uncommon trap: reason=class_check action=maybe_recompile pc=0x000001fe87c42034 method=com.sun.javafx.geom.CurveLink.absorb(Lcom/sun/javafx/geom/Curve;DDI)Z @ 40 c2
Event: 4.560 Thread 0x000001fe94ccf000 Uncommon trap: reason=class_check action=maybe_recompile pc=0x000001fe87c42034 method=com.sun.javafx.geom.CurveLink.absorb(Lcom/sun/javafx/geom/Curve;DDI)Z @ 40 c2
Event: 4.742 Thread 0x000001fe94d74000 Uncommon trap: reason=unstable_if action=reinterpret pc=0x000001fe87bb8918 method=java.lang.Math.round(F)I @ 23 c2
Event: 4.775 Thread 0x000001fe94ccf000 Uncommon trap: reason=class_check action=maybe_recompile pc=0x000001fe87bbdb10 method=com.sun.javafx.geom.Path2D.append(Lcom/sun/javafx/geom/PathIterator;Z)V @ 6 c2
Event: 4.801 Thread 0x000001fe94ccf000 Uncommon trap: reason=unstable_if action=reinterpret pc=0x000001fe87c667a4 method=java.lang.Math.min(FF)F @ 17 c2
Event: 4.828 Thread 0x000001fe94d74000 Uncommon trap: reason=unstable_if action=reinterpret pc=0x000001fe87b6fd6c method=com.sun.javafx.geom.transform.AffineBase.doTransform([FI[FIII)V @ 39 c2

Classes redefined (0 events):
No events

Internal exceptions (10 events):
Event: 0.872 Thread 0x000001fe94ccf000 Exception <a 'java/lang/NoSuchMethodError'{0x000000008990c590}: java.lang.invoke.DirectMethodHandle$Holder.invokeStatic(Ljava/lang/Object;Ljava/lang/Object;Ljava/lang/Object;Ljava/lang/Object;Ljava/lang/Object;Ljava/lang/Object;Ljava/lang/Object;Ljava/lan
Event: 0.873 Thread 0x000001fe94ccf000 Exception <a 'java/lang/NoSuchMethodError'{0x000000008991a238}: java.lang.invoke.DirectMethodHandle$Holder.invokeSpecial(Ljava/lang/Object;Ljava/lang/Object;IILjava/lang/Object;Ljava/lang/Object;Ljava/lang/Object;)Ljava/lang/Object;> (0x000000008991a238) 
Event: 0.873 Thread 0x000001fe94ccf000 Exception <a 'java/lang/NoSuchMethodError'{0x000000008991d7c0}: java.lang.invoke.DelegatingMethodHandle$Holder.reinvoke_L(Ljava/lang/Object;IILjava/lang/Object;Ljava/lang/Object;Ljava/lang/Object;)Ljava/lang/Object;> (0x000000008991d7c0) thrown at [./open
Event: 0.873 Thread 0x000001fe94ccf000 Exception <a 'java/lang/NoSuchMethodError'{0x0000000089921948}: java.lang.invoke.DirectMethodHandle$Holder.invokeStatic(Ljava/lang/Object;Ljava/lang/Object;Ljava/lang/Object;Ljava/lang/Object;I)Ljava/lang/Object;> (0x0000000089921948) thrown at [./open/sr
Event: 0.936 Thread 0x000001fe94d74000 Exception <a 'java/lang/NoSuchMethodError'{0x0000000089599cc8}: java.lang.invoke.DirectMethodHandle$Holder.invokeStaticInit(Ljava/lang/Object;Ljava/lang/Object;)I> (0x0000000089599cc8) thrown at [./open/src/hotspot/share/interpreter/linkResolver.cpp, line
Event: 1.230 Thread 0x000001fe94ccf000 Exception <a 'java/lang/NoSuchMethodError'{0x0000000088cabf20}: java.lang.invoke.DirectMethodHandle$Holder.invokeStaticInit(Ljava/lang/Object;Ljava/lang/Object;Ljava/lang/Object;)J> (0x0000000088cabf20) thrown at [./open/src/hotspot/share/interpreter/link
Event: 1.233 Thread 0x000001fe94ccf000 Exception <a 'java/lang/NoSuchMethodError'{0x0000000088cc4560}: java.lang.invoke.DirectMethodHandle$Holder.invokeStatic(Ljava/lang/Object;Ljava/lang/Object;J)Ljava/lang/Object;> (0x0000000088cc4560) thrown at [./open/src/hotspot/share/interpreter/linkReso
Event: 1.233 Thread 0x000001fe94ccf000 Exception <a 'java/lang/NoSuchMethodError'{0x0000000088cca6d8}: java.lang.invoke.Invokers$Holder.linkToTargetMethod(Ljava/lang/Object;JLjava/lang/Object;)Ljava/lang/Object;> (0x0000000088cca6d8) thrown at [./open/src/hotspot/share/interpreter/linkResolver
Event: 2.405 Thread 0x000001fe94ccf000 Implicit null exception at 0x000001fe87bc00a7 to 0x000001fe87bc09ee
Event: 4.803 Thread 0x000001fe94ccf000 Exception <a 'java/lang/NullPointerException'{0x0000000086ed5048}> (0x0000000086ed5048) thrown at [./open/src/hotspot/share/prims/jni.cpp, line 1131]

Events (10 events):
Event: 4.801 Thread 0x000001fe94ccf000 Uncommon trap: trap_request=0xffffff4d fr.pc=0x000001fe87c667a4 relative=0x0000000000000064
Event: 4.801 Thread 0x000001fe94ccf000 DEOPT PACKING pc=0x000001fe87c667a4 sp=0x000000aae5aea9c0
Event: 4.801 Thread 0x000001fe94ccf000 DEOPT UNPACKING pc=0x000001fe80028f2f sp=0x000000aae5aea950 mode 2
Event: 4.803 loading class java/lang/Throwable$WrappedPrintStream
Event: 4.803 loading class java/lang/Throwable$PrintStreamOrWriter
Event: 4.803 loading class java/lang/Throwable$PrintStreamOrWriter done
Event: 4.803 loading class java/lang/Throwable$WrappedPrintStream done
Event: 4.828 Thread 0x000001fe94d74000 Uncommon trap: trap_request=0xffffff4d fr.pc=0x000001fe87b6fd6c relative=0x00000000000006cc
Event: 4.828 Thread 0x000001fe94d74000 DEOPT PACKING pc=0x000001fe87b6fd6c sp=0x000000aae58fe0c0
Event: 4.828 Thread 0x000001fe94d74000 DEOPT UNPACKING pc=0x000001fe80028f2f sp=0x000000aae58fdfe8 mode 2


Dynamic libraries:
0x00007ff637680000 - 0x00007ff6376c7000 	C:\Program Files\Java\jdk-11.0.7\bin\java.exe
0x00007ff87d600000 - 0x00007ff87d7f0000 	C:\WINDOWS\SYSTEM32\ntdll.dll
0x00007ff87c210000 - 0x00007ff87c2c2000 	C:\WINDOWS\System32\KERNEL32.DLL
0x00007ff87b0a0000 - 0x00007ff87b345000 	C:\WINDOWS\System32\KERNELBASE.dll
0x00007ff87be60000 - 0x00007ff87bf03000 	C:\WINDOWS\System32\ADVAPI32.dll
0x00007ff87c740000 - 0x00007ff87c7de000 	C:\WINDOWS\System32\msvcrt.dll
0x00007ff87b8f0000 - 0x00007ff87b987000 	C:\WINDOWS\System32\sechost.dll
0x00007ff87d410000 - 0x00007ff87d530000 	C:\WINDOWS\System32\RPCRT4.dll
0x00007ff87bf10000 - 0x00007ff87c0a4000 	C:\WINDOWS\System32\USER32.dll
0x00007ff87b450000 - 0x00007ff87b471000 	C:\WINDOWS\System32\win32u.dll
0x00007ff87b850000 - 0x00007ff87b876000 	C:\WINDOWS\System32\GDI32.dll
0x00007ff87aee0000 - 0x00007ff87b076000 	C:\WINDOWS\System32\gdi32full.dll
0x00007ff87b480000 - 0x00007ff87b51e000 	C:\WINDOWS\System32\msvcp_win.dll
0x00007ff87b350000 - 0x00007ff87b44a000 	C:\WINDOWS\System32\ucrtbase.dll
0x00007ff85ec80000 - 0x00007ff85ef04000 	C:\WINDOWS\WinSxS\amd64_microsoft.windows.common-controls_6595b64144ccf1df_6.0.18362.1198_none_9e820b57e45ad92f\COMCTL32.dll
0x00007ff872b00000 - 0x00007ff872b0a000 	C:\WINDOWS\SYSTEM32\VERSION.dll
0x00007ff87b9f0000 - 0x00007ff87bd25000 	C:\WINDOWS\System32\combase.dll
0x00007ff87a580000 - 0x00007ff87a600000 	C:\WINDOWS\System32\bcryptPrimitives.dll
0x00007ff87d590000 - 0x00007ff87d5be000 	C:\WINDOWS\System32\IMM32.DLL
0x00007ff872b10000 - 0x00007ff872b26000 	C:\Program Files\Java\jdk-11.0.7\bin\vcruntime140.dll
0x00007ff84eca0000 - 0x00007ff84ed4a000 	C:\Program Files\Java\jdk-11.0.7\bin\msvcp140.dll
0x00007ff82fd50000 - 0x00007ff8308b1000 	C:\Program Files\Java\jdk-11.0.7\bin\server\jvm.dll
0x00007ff87d3f0000 - 0x00007ff87d3f8000 	C:\WINDOWS\System32\PSAPI.DLL
0x00007ff8783e0000 - 0x00007ff878404000 	C:\WINDOWS\SYSTEM32\WINMM.dll
0x00007ff85a310000 - 0x00007ff85a319000 	C:\WINDOWS\SYSTEM32\WSOCK32.dll
0x000001fef28f0000 - 0x000001fef295f000 	C:\WINDOWS\System32\ws2_32.DLL
0x00007ff8783b0000 - 0x00007ff8783dd000 	C:\WINDOWS\SYSTEM32\WINMMBASE.dll
0x00007ff87b520000 - 0x00007ff87b56a000 	C:\WINDOWS\System32\cfgmgr32.dll
0x00007ff87a4f0000 - 0x00007ff87a501000 	C:\WINDOWS\System32\kernel.appcore.dll
0x00007ff870b50000 - 0x00007ff870b61000 	C:\Program Files\Java\jdk-11.0.7\bin\verify.dll
0x00007ff8647d0000 - 0x00007ff8649c4000 	C:\WINDOWS\SYSTEM32\DBGHELP.DLL
0x00007ff85c920000 - 0x00007ff85c94a000 	C:\WINDOWS\SYSTEM32\dbgcore.DLL
0x00007ff85fbf0000 - 0x00007ff85fc19000 	C:\Program Files\Java\jdk-11.0.7\bin\java.dll
0x00007ff872bc0000 - 0x00007ff872bca000 	C:\Program Files\Java\jdk-11.0.7\bin\jimage.dll
0x00007ff85b000000 - 0x00007ff85b030000 	C:\Program Files\Java\jdk-11.0.7\bin\instrument.dll
0x00007ff85cae0000 - 0x00007ff85caf6000 	C:\Program Files\Java\jdk-11.0.7\bin\zip.dll
0x00007ff87cbd0000 - 0x00007ff87d2b7000 	C:\WINDOWS\System32\SHELL32.dll
0x00007ff87bdb0000 - 0x00007ff87be59000 	C:\WINDOWS\System32\shcore.dll
0x00007ff87a600000 - 0x00007ff87ad81000 	C:\WINDOWS\System32\windows.storage.dll
0x00007ff87a4c0000 - 0x00007ff87a4e3000 	C:\WINDOWS\System32\profapi.dll
0x00007ff87a510000 - 0x00007ff87a55a000 	C:\WINDOWS\System32\powrprof.dll
0x00007ff87a4b0000 - 0x00007ff87a4c0000 	C:\WINDOWS\System32\UMPDC.dll
0x00007ff87c920000 - 0x00007ff87c972000 	C:\WINDOWS\System32\shlwapi.dll
0x00007ff87b080000 - 0x00007ff87b097000 	C:\WINDOWS\System32\cryptsp.dll
0x00007ff85afb0000 - 0x00007ff85afc9000 	C:\Program Files\Java\jdk-11.0.7\bin\net.dll
0x00007ff861b80000 - 0x00007ff861c70000 	C:\WINDOWS\SYSTEM32\WINHTTP.dll
0x00007ff879d00000 - 0x00007ff879d67000 	C:\WINDOWS\system32\mswsock.dll
0x00007ff859ae0000 - 0x00007ff859af3000 	C:\Program Files\Java\jdk-11.0.7\bin\nio.dll
0x00007ff875f00000 - 0x00007ff875f1a000 	C:\Program Files\JetBrains\IntelliJ IDEA Community Edition 2019.3.3\bin\breakgen64.dll
0x000001fef4920000 - 0x000001fef4923000 	F:\openjfx-11.0.2_windows-x64_bin-sdk\javafx-sdk-11.0.2\bin\api-ms-win-core-console-l1-1-0.dll
0x000001fef4930000 - 0x000001fef4933000 	F:\openjfx-11.0.2_windows-x64_bin-sdk\javafx-sdk-11.0.2\bin\api-ms-win-core-datetime-l1-1-0.dll
0x000001fef4940000 - 0x000001fef4943000 	F:\openjfx-11.0.2_windows-x64_bin-sdk\javafx-sdk-11.0.2\bin\api-ms-win-core-debug-l1-1-0.dll
0x000001fef4950000 - 0x000001fef4953000 	F:\openjfx-11.0.2_windows-x64_bin-sdk\javafx-sdk-11.0.2\bin\api-ms-win-core-errorhandling-l1-1-0.dll
0x000001fef4960000 - 0x000001fef4964000 	F:\openjfx-11.0.2_windows-x64_bin-sdk\javafx-sdk-11.0.2\bin\api-ms-win-core-file-l1-1-0.dll
0x000001fef4970000 - 0x000001fef4973000 	F:\openjfx-11.0.2_windows-x64_bin-sdk\javafx-sdk-11.0.2\bin\api-ms-win-core-file-l1-2-0.dll
0x000001fef4980000 - 0x000001fef4983000 	F:\openjfx-11.0.2_windows-x64_bin-sdk\javafx-sdk-11.0.2\bin\api-ms-win-core-file-l2-1-0.dll
0x000001fef4990000 - 0x000001fef4993000 	F:\openjfx-11.0.2_windows-x64_bin-sdk\javafx-sdk-11.0.2\bin\api-ms-win-core-handle-l1-1-0.dll
0x000001fef49a0000 - 0x000001fef49a3000 	F:\openjfx-11.0.2_windows-x64_bin-sdk\javafx-sdk-11.0.2\bin\api-ms-win-core-heap-l1-1-0.dll
0x000001fef49b0000 - 0x000001fef49b3000 	F:\openjfx-11.0.2_windows-x64_bin-sdk\javafx-sdk-11.0.2\bin\api-ms-win-core-interlocked-l1-1-0.dll
0x000001feffff0000 - 0x000001feffff3000 	F:\openjfx-11.0.2_windows-x64_bin-sdk\javafx-sdk-11.0.2\bin\api-ms-win-core-libraryloader-l1-1-0.dll
0x000001fe95bb0000 - 0x000001fe95bb3000 	F:\openjfx-11.0.2_windows-x64_bin-sdk\javafx-sdk-11.0.2\bin\api-ms-win-core-localization-l1-2-0.dll
0x000001fe95bc0000 - 0x000001fe95bc3000 	F:\openjfx-11.0.2_windows-x64_bin-sdk\javafx-sdk-11.0.2\bin\api-ms-win-core-memory-l1-1-0.dll
0x000001fe95bd0000 - 0x000001fe95bd3000 	F:\openjfx-11.0.2_windows-x64_bin-sdk\javafx-sdk-11.0.2\bin\api-ms-win-core-namedpipe-l1-1-0.dll
0x000001fe95be0000 - 0x000001fe95be3000 	F:\openjfx-11.0.2_windows-x64_bin-sdk\javafx-sdk-11.0.2\bin\api-ms-win-core-processenvironment-l1-1-0.dll
0x000001fe95bf0000 - 0x000001fe95bf3000 	F:\openjfx-11.0.2_windows-x64_bin-sdk\javafx-sdk-11.0.2\bin\api-ms-win-core-processthreads-l1-1-0.dll
0x000001fe95c00000 - 0x000001fe95c03000 	F:\openjfx-11.0.2_windows-x64_bin-sdk\javafx-sdk-11.0.2\bin\api-ms-win-core-processthreads-l1-1-1.dll
0x000001fe95c10000 - 0x000001fe95c13000 	F:\openjfx-11.0.2_windows-x64_bin-sdk\javafx-sdk-11.0.2\bin\api-ms-win-core-profile-l1-1-0.dll
0x000001fe95c20000 - 0x000001fe95c23000 	F:\openjfx-11.0.2_windows-x64_bin-sdk\javafx-sdk-11.0.2\bin\api-ms-win-core-rtlsupport-l1-1-0.dll
0x000001fe95c30000 - 0x000001fe95c33000 	F:\openjfx-11.0.2_windows-x64_bin-sdk\javafx-sdk-11.0.2\bin\api-ms-win-core-string-l1-1-0.dll
0x000001fe95c40000 - 0x000001fe95c43000 	F:\openjfx-11.0.2_windows-x64_bin-sdk\javafx-sdk-11.0.2\bin\api-ms-win-core-synch-l1-1-0.dll
0x000001fe95c50000 - 0x000001fe95c53000 	F:\openjfx-11.0.2_windows-x64_bin-sdk\javafx-sdk-11.0.2\bin\api-ms-win-core-synch-l1-2-0.dll
0x000001fe95c60000 - 0x000001fe95c63000 	F:\openjfx-11.0.2_windows-x64_bin-sdk\javafx-sdk-11.0.2\bin\api-ms-win-core-sysinfo-l1-1-0.dll
0x000001fe95c70000 - 0x000001fe95c73000 	F:\openjfx-11.0.2_windows-x64_bin-sdk\javafx-sdk-11.0.2\bin\api-ms-win-core-timezone-l1-1-0.dll
0x000001fe95c80000 - 0x000001fe95c83000 	F:\openjfx-11.0.2_windows-x64_bin-sdk\javafx-sdk-11.0.2\bin\api-ms-win-core-util-l1-1-0.dll
0x000001fe95c90000 - 0x000001fe95c93000 	F:\openjfx-11.0.2_windows-x64_bin-sdk\javafx-sdk-11.0.2\bin\api-ms-win-crt-conio-l1-1-0.dll
0x000001fe95ca0000 - 0x000001fe95ca4000 	F:\openjfx-11.0.2_windows-x64_bin-sdk\javafx-sdk-11.0.2\bin\api-ms-win-crt-convert-l1-1-0.dll
0x000001fe95cb0000 - 0x000001fe95cb3000 	F:\openjfx-11.0.2_windows-x64_bin-sdk\javafx-sdk-11.0.2\bin\api-ms-win-crt-environment-l1-1-0.dll
0x000001fe95cc0000 - 0x000001fe95cc3000 	F:\openjfx-11.0.2_windows-x64_bin-sdk\javafx-sdk-11.0.2\bin\api-ms-win-crt-filesystem-l1-1-0.dll
0x000001fe95cd0000 - 0x000001fe95cd3000 	F:\openjfx-11.0.2_windows-x64_bin-sdk\javafx-sdk-11.0.2\bin\api-ms-win-crt-heap-l1-1-0.dll
0x000001fe95ce0000 - 0x000001fe95ce3000 	F:\openjfx-11.0.2_windows-x64_bin-sdk\javafx-sdk-11.0.2\bin\api-ms-win-crt-locale-l1-1-0.dll
0x000001fe95cf0000 - 0x000001fe95cf5000 	F:\openjfx-11.0.2_windows-x64_bin-sdk\javafx-sdk-11.0.2\bin\api-ms-win-crt-math-l1-1-0.dll
0x000001fe95d00000 - 0x000001fe95d05000 	F:\openjfx-11.0.2_windows-x64_bin-sdk\javafx-sdk-11.0.2\bin\api-ms-win-crt-multibyte-l1-1-0.dll
0x000001fe95d10000 - 0x000001fe95d20000 	F:\openjfx-11.0.2_windows-x64_bin-sdk\javafx-sdk-11.0.2\bin\api-ms-win-crt-private-l1-1-0.dll
0x000001fe95d20000 - 0x000001fe95d23000 	F:\openjfx-11.0.2_windows-x64_bin-sdk\javafx-sdk-11.0.2\bin\api-ms-win-crt-process-l1-1-0.dll
0x000001fe95d30000 - 0x000001fe95d34000 	F:\openjfx-11.0.2_windows-x64_bin-sdk\javafx-sdk-11.0.2\bin\api-ms-win-crt-runtime-l1-1-0.dll
0x000001fe95d40000 - 0x000001fe95d44000 	F:\openjfx-11.0.2_windows-x64_bin-sdk\javafx-sdk-11.0.2\bin\api-ms-win-crt-stdio-l1-1-0.dll
0x000001fe95d50000 - 0x000001fe95d54000 	F:\openjfx-11.0.2_windows-x64_bin-sdk\javafx-sdk-11.0.2\bin\api-ms-win-crt-string-l1-1-0.dll
0x000001fe95d60000 - 0x000001fe95d63000 	F:\openjfx-11.0.2_windows-x64_bin-sdk\javafx-sdk-11.0.2\bin\api-ms-win-crt-time-l1-1-0.dll
0x000001fe95d70000 - 0x000001fe95d73000 	F:\openjfx-11.0.2_windows-x64_bin-sdk\javafx-sdk-11.0.2\bin\api-ms-win-crt-utility-l1-1-0.dll
0x00007ff85aeb0000 - 0x00007ff85afaa000 	F:\openjfx-11.0.2_windows-x64_bin-sdk\javafx-sdk-11.0.2\bin\ucrtbase.dll
0x00007ff8731c0000 - 0x00007ff8731d6000 	F:\openjfx-11.0.2_windows-x64_bin-sdk\javafx-sdk-11.0.2\bin\vcruntime140.dll
0x00007ff841610000 - 0x00007ff8416b6000 	F:\openjfx-11.0.2_windows-x64_bin-sdk\javafx-sdk-11.0.2\bin\msvcp140.dll
0x00007ff852090000 - 0x00007ff8520e1000 	F:\openjfx-11.0.2_windows-x64_bin-sdk\javafx-sdk-11.0.2\bin\concrt140.dll
0x00007ff85afd0000 - 0x00007ff85aff3000 	F:\openjfx-11.0.2_windows-x64_bin-sdk\javafx-sdk-11.0.2\bin\prism_d3d.dll
0x00007ff862b70000 - 0x00007ff862d37000 	C:\WINDOWS\system32\d3d9.dll
0x00007ff878c20000 - 0x00007ff878c4d000 	C:\WINDOWS\SYSTEM32\dwmapi.dll
0x00007ff8790f0000 - 0x00007ff879110000 	C:\WINDOWS\SYSTEM32\dxcore.dll
0x00007ff8787f0000 - 0x00007ff878889000 	C:\WINDOWS\system32\uxtheme.dll
0x00007ff82de80000 - 0x00007ff82dfe4000 	C:\WINDOWS\System32\DriverStore\FileRepository\iigd_dch.inf_amd64_a2d86d775f73d911\igdumdim64.dll
0x00007ff829b60000 - 0x00007ff82de7b000 	C:\WINDOWS\System32\DriverStore\FileRepository\iigd_dch.inf_amd64_a2d86d775f73d911\igd9dxva64.dll
0x00007ff87c0b0000 - 0x00007ff87c207000 	C:\WINDOWS\System32\ole32.dll
0x00007ff87b6b0000 - 0x00007ff87b775000 	C:\WINDOWS\System32\OLEAUT32.dll
0x00007ff86dc30000 - 0x00007ff86ddd4000 	C:\WINDOWS\System32\DriverStore\FileRepository\iigd_dch.inf_amd64_a2d86d775f73d911\igdgmm64.dll
0x00007ff852150000 - 0x00007ff852195000 	F:\openjfx-11.0.2_windows-x64_bin-sdk\javafx-sdk-11.0.2\bin\glass.dll
0x00007ff87b780000 - 0x00007ff87b850000 	C:\WINDOWS\System32\COMDLG32.dll
0x00007ff87c7e0000 - 0x00007ff87c915000 	C:\WINDOWS\System32\MSCTF.dll
0x00007ff83fd70000 - 0x00007ff83fd96000 	C:\WINDOWS\System32\DriverStore\FileRepository\iigd_dch.inf_amd64_a2d86d775f73d911\igdinfo64.dll
0x00007ff86b7b0000 - 0x00007ff86dbf9000 	C:\WINDOWS\System32\DriverStore\FileRepository\iigd_dch.inf_amd64_a2d86d775f73d911\igc64.dll
0x00007ff87d2d0000 - 0x00007ff87d372000 	C:\WINDOWS\System32\clbcatq.dll
0x00007ff875370000 - 0x00007ff87551f000 	C:\WINDOWS\SYSTEM32\WindowsCodecs.dll
0x00007ff8534e0000 - 0x00007ff85351a000 	C:\WINDOWS\system32\dataexchange.dll
0x00007ff877d80000 - 0x00007ff877f5d000 	C:\WINDOWS\system32\dcomp.dll
0x00007ff8776c0000 - 0x00007ff87791b000 	C:\WINDOWS\system32\d3d11.dll
0x00007ff879180000 - 0x00007ff87926b000 	C:\WINDOWS\system32\dxgi.dll
0x00007ff8788c0000 - 0x00007ff878b22000 	C:\WINDOWS\system32\twinapi.appcore.dll
0x00007ff878d30000 - 0x00007ff878d59000 	C:\WINDOWS\system32\RMCLIENT.dll
0x00007ff85ae70000 - 0x00007ff85aea3000 	C:\Program Files\Common Files\Microsoft Shared\Ink\rtscom.dll
0x00007ff85a500000 - 0x00007ff85a59e000 	C:\WINDOWS\System32\TextInputFramework.dll
0x00007ff8782d0000 - 0x00007ff8783a4000 	C:\WINDOWS\System32\CoreMessaging.dll
0x00007ff875950000 - 0x00007ff875c7a000 	C:\WINDOWS\System32\CoreUIComponents.dll
0x00007ff875fc0000 - 0x00007ff876113000 	C:\WINDOWS\SYSTEM32\wintypes.dll
0x00007ff8794f0000 - 0x00007ff879521000 	C:\WINDOWS\SYSTEM32\ntmarta.dll
0x00007ff863280000 - 0x00007ff863527000 	C:\WINDOWS\System32\iertutil.dll
0x00007ff853910000 - 0x00007ff853924000 	F:\openjfx-11.0.2_windows-x64_bin-sdk\javafx-sdk-11.0.2\bin\javafx_font.dll
0x00007ff857850000 - 0x00007ff857b4e000 	C:\WINDOWS\SYSTEM32\dwrite.dll
0x00007ff877100000 - 0x00007ff8776c0000 	C:\WINDOWS\SYSTEM32\d2d1.dll
0x00007ff871410000 - 0x00007ff871b51000 	C:\WINDOWS\SYSTEM32\D3D10Warp.dll
0x00007ff852be0000 - 0x00007ff852c0c000 	F:\openjfx-11.0.2_windows-x64_bin-sdk\javafx-sdk-11.0.2\bin\javafx_iio.dll

dbghelp: loaded successfully - version: 4.0.5 - missing functions: none
symbol engine: initialized successfully - sym options: 0x614 - pdb path: .;C:\Program Files\Java\jdk-11.0.7\bin;C:\WINDOWS\SYSTEM32;C:\WINDOWS\WinSxS\amd64_microsoft.windows.common-controls_6595b64144ccf1df_6.0.18362.1198_none_9e820b57e45ad92f;C:\Program Files\Java\jdk-11.0.7\bin\server;C:\Program Files\JetBrains\IntelliJ IDEA Community Edition 2019.3.3\bin;F:\openjfx-11.0.2_windows-x64_bin-sdk\javafx-sdk-11.0.2\bin;C:\WINDOWS\System32\DriverStore\FileRepository\iigd_dch.inf_amd64_a2d86d775f73d911;C:\Program Files\Common Files\Microsoft Shared\Ink

VM Arguments:
jvm_args: --module-path=F:\openjfx-11.0.2_windows-x64_bin-sdk\javafx-sdk-11.0.2\lib --add-modules=javafx.controls,javafx.fxml --add-exports=javafx.graphics/com.sun.javafx.sg.prism=ALL-UNNAMED --add-modules=javafx.base,javafx.graphics --add-reads=javafx.base=ALL-UNNAMED --add-reads=javafx.graphics=ALL-UNNAMED -javaagent:C:\Program Files\JetBrains\IntelliJ IDEA Community Edition 2019.3.3\lib\idea_rt.jar=52984:C:\Program Files\JetBrains\IntelliJ IDEA Community Edition 2019.3.3\bin -Dfile.encoding=UTF-8 
java_command: sample.Main
java_class_path (initial): D:\Semester 3\Advanced Programming\Project\Color Switch\out\production\Color Switch;F:\openjfx-11.0.2_windows-x64_bin-sdk\javafx-sdk-11.0.2\lib\src.zip;F:\openjfx-11.0.2_windows-x64_bin-sdk\javafx-sdk-11.0.2\lib\javafx-swt.jar;F:\openjfx-11.0.2_windows-x64_bin-sdk\javafx-sdk-11.0.2\lib\javafx.web.jar;F:\openjfx-11.0.2_windows-x64_bin-sdk\javafx-sdk-11.0.2\lib\javafx.base.jar;F:\openjfx-11.0.2_windows-x64_bin-sdk\javafx-sdk-11.0.2\lib\javafx.fxml.jar;F:\openjfx-11.0.2_windows-x64_bin-sdk\javafx-sdk-11.0.2\lib\javafx.media.jar;F:\openjfx-11.0.2_windows-x64_bin-sdk\javafx-sdk-11.0.2\lib\javafx.swing.jar;F:\openjfx-11.0.2_windows-x64_bin-sdk\javafx-sdk-11.0.2\lib\javafx.controls.jar;F:\openjfx-11.0.2_windows-x64_bin-sdk\javafx-sdk-11.0.2\lib\javafx.graphics.jar
Launcher Type: SUN_STANDARD

[Global flags]
     intx CICompilerCount                          = 4                                         {product} {ergonomic}
     uint ConcGCThreads                            = 2                                         {product} {ergonomic}
     uint G1ConcRefinementThreads                  = 8                                         {product} {ergonomic}
   size_t G1HeapRegionSize                         = 1048576                                   {product} {ergonomic}
    uintx GCDrainStackTargetSize                   = 64                                        {product} {ergonomic}
   size_t InitialHeapSize                          = 134217728                                 {product} {ergonomic}
   size_t MarkStackSize                            = 4194304                                   {product} {ergonomic}
   size_t MaxHeapSize                              = 2118123520                                {product} {ergonomic}
   size_t MaxNewSize                               = 1270874112                                {product} {ergonomic}
   size_t MinHeapDeltaBytes                        = 1048576                                   {product} {ergonomic}
    uintx NonNMethodCodeHeapSize                   = 5836300                                {pd product} {ergonomic}
    uintx NonProfiledCodeHeapSize                  = 122910970                              {pd product} {ergonomic}
    uintx ProfiledCodeHeapSize                     = 122910970                              {pd product} {ergonomic}
    uintx ReservedCodeCacheSize                    = 251658240                              {pd product} {ergonomic}
     bool SegmentedCodeCache                       = true                                      {product} {ergonomic}
     bool UseCompressedClassPointers               = true                                 {lp64_product} {ergonomic}
     bool UseCompressedOops                        = true                                 {lp64_product} {ergonomic}
     bool UseG1GC                                  = true                                      {product} {ergonomic}
     bool UseLargePagesIndividualAllocation        = false                                  {pd product} {ergonomic}

Logging:
Log output configuration:
 #0: stdout all=warning uptime,level,tags
 #1: stderr all=off uptime,level,tags

Environment Variables:
PATH=C:\windows\system32;C:\windows;C:\windows\System32\Wbem;C:\windows\System32\WindowsPowerShell\v1.0\;C:\windows\System32\OpenSSH\;C:\Program Files (x86)\NVIDIA Corporation\PhysX\Common;C:\Program Files\NVIDIA Corporation\NVIDIA NvDLISR;C:\WINDOWS\system32;C:\WINDOWS;C:\WINDOWS\System32\Wbem;C:\WINDOWS\System32\WindowsPowerShell\v1.0\;C:\WINDOWS\System32\OpenSSH\;C:\Program Files\MATLAB\R2020a\runtime\win64;C:\Program Files\MATLAB\R2020a\bin;C:\Program Files\Java\jdk-11.0.7\bin;C:\Strawberry\c\bin;C:\Strawberry\perl\site\bin;C:\Strawberry\perl\bin;C:\Program Files\Git\cmd;C:\Users\Rahul Sethi\anaconda3;C:\Users\Rahul Sethi\anaconda3\Library\mingw-w64\bin;C:\Users\Rahul Sethi\anaconda3\Library\usr\bin;C:\Users\Rahul Sethi\anaconda3\Library\bin;C:\Users\Rahul Sethi\anaconda3\Scripts;C:\windows\system32;C:\windows;C:\windows\System32\Wbem;C:\windows\System32\WindowsPowerShell\v1.0\;C:\windows\System32\OpenSSH\;C:\Program Files (x86)\NVIDIA Corporation\PhysX\Common;C:\Program Files\NVIDIA Corporation\NVIDIA NvDLISR;C:\WINDOWS\system32;C:\WINDOWS;C:\WINDOWS\System32\Wbem;C:\WINDOWS\System32\WindowsPowerShell\v1.0\;C:\WINDOWS\System32\OpenSSH\;C:\Program Files\MATLAB\R2020a\runtime\win64;C:\Program Files\MATLAB\R2020a\bin;C:\Program Files\Java\jdk-11.0.7\bin;C:\Strawberry\c\bin;C:\Strawberry\perl\site\bin;C:\Strawberry\perl\bin;C:\Program Files\Java\jdk1.8.0_231\bin;C:\Users\Rahul Sethi\AppData\Local\Programs\Microsoft VS Code\bin;C:\Users\Rahul Sethi\AppData\Local\Microsoft\WindowsApps;C:\Python34\Scripts;C:\Users\Rahul Sethi\AppData\Local\Programs\Python\Python37\Scripts
USERNAME=Rahul Sethi
OS=Windows_NT
PROCESSOR_IDENTIFIER=Intel64 Family 6 Model 142 Stepping 11, GenuineIntel



---------------  S Y S T E M  ---------------

OS: Windows 10 , 64 bit Build 18362 (10.0.18362.1110)

CPU:total 8 (initial active 8) (4 cores per cpu, 2 threads per core) family 6 model 142 stepping 11, cmov, cx8, fxsr, mmx, sse, sse2, sse3, ssse3, sse4.1, sse4.2, popcnt, avx, avx2, aes, clmul, erms, 3dnowpref, lzcnt, ht, tsc, tscinvbit, bmi1, bmi2, adx, fma

Memory: 4k page, system-wide physical 8079M (1325M free)
TotalPageFile size 14735M (AvailPageFile size 3288M)
current process WorkingSet (physical memory assigned to process): 252M, peak: 261M
current process commit charge ("private bytes"): 363M, peak: 373M

vm_info: Java HotSpot(TM) 64-Bit Server VM (11.0.7+8-LTS) for windows-amd64 JRE (11.0.7+8-LTS), built on Mar 12 2020 02:04:32 by "mach5one" with MS VC++ 15.5 (VS2017)

END.
