#
# A fatal error has been detected by the Java Runtime Environment:
#
#  EXCEPTION_ACCESS_VIOLATION (0xc0000005) at pc=0x00007ff830136f42, pid=15752, tid=13588
#
# JRE version: Java(TM) SE Runtime Environment 18.9 (11.0.7+8) (build 11.0.7+8-LTS)
# Java VM: Java HotSpot(TM) 64-Bit Server VM 18.9 (11.0.7+8-LTS, mixed mode, tiered, compressed oops, g1 gc, windows-amd64)
# Problematic frame:
# V  [jvm.dll+0x3e6f42]
#
# No core dump will be written. Minidumps are not enabled by default on client versions of Windows
#
# If you would like to submit a bug report, please visit:
#   https://bugreport.java.com/bugreport/crash.jsp
#

---------------  S U M M A R Y ------------

Command Line: --module-path=F:\openjfx-11.0.2_windows-x64_bin-sdk\javafx-sdk-11.0.2\lib --add-modules=javafx.controls,javafx.fxml --add-exports=javafx.graphics/com.sun.javafx.sg.prism=ALL-UNNAMED --add-modules=javafx.base,javafx.graphics --add-reads=javafx.base=ALL-UNNAMED --add-reads=javafx.graphics=ALL-UNNAMED -javaagent:C:\Program Files\JetBrains\IntelliJ IDEA Community Edition 2019.3.3\lib\idea_rt.jar=53113:C:\Program Files\JetBrains\IntelliJ IDEA Community Edition 2019.3.3\bin -Dfile.encoding=UTF-8 sample.Main

Host: Intel(R) Core(TM) i5-8265U CPU @ 1.60GHz, 8 cores, 7G,  Windows 10 , 64 bit Build 18362 (10.0.18362.1110)
Time: Sat Dec  5 14:32:07 2020 India Standard Time elapsed time: 5 seconds (0d 0h 0m 5s)

---------------  T H R E A D  ---------------

Current thread (0x0000020762cb1800):  JavaThread "JavaFX Application Thread" [_thread_in_vm, id=13588, stack(0x0000004dab300000,0x0000004dab400000)]

Stack: [0x0000004dab300000,0x0000004dab400000],  sp=0x0000004dab3e4660,  free space=913k
Native frames: (J=compiled Java code, j=interpreted, Vv=VM code, C=native code)
V  [jvm.dll+0x3e6f42]
V  [jvm.dll+0x3e15f4]
C  [glass.dll+0x504c]

Java frames: (J=compiled Java code, j=interpreted, Vv=VM code)
j  com.sun.glass.ui.win.WinView._enterFullscreen(JZZZ)Z+0 javafx.graphics
j  com.sun.glass.ui.View.enterFullscreen(ZZZ)Z+15 javafx.graphics
j  com.sun.javafx.tk.quantum.WindowStage.applyFullScreen()V+77 javafx.graphics
j  com.sun.javafx.tk.quantum.WindowStage.setFullScreen(Z)V+50 javafx.graphics
j  javafx.stage.Stage.setFullScreen(Z)V+26 javafx.graphics
j  sample.Square.explode()V+163
j  sample.Square.blast(Ljavafx/scene/shape/Circle;)V+169
j  sample.Game$1.handle(Ljavafx/event/ActionEvent;)V+19
j  sample.Game$1.handle(Ljavafx/event/Event;)V+5
j  com.sun.scenario.animation.shared.TimelineClipCore.visitKeyFrame(IJ)V+58 javafx.graphics
J 2829 c1 com.sun.scenario.animation.shared.TimelineClipCore.playTo(J)V javafx.graphics (353 bytes) @ 0x000002074af708cc [0x000002074af705c0+0x000000000000030c]
J 2828 c1 javafx.animation.Timeline.doPlayTo(JJ)V javafx.graphics (9 bytes) @ 0x000002074af71bcc [0x000002074af71b40+0x000000000000008c]
J 2001 c1 javafx.animation.AnimationAccessorImpl.playTo(Ljavafx/animation/Animation;JJ)V javafx.graphics (8 bytes) @ 0x000002074add7ecc [0x000002074add7dc0+0x000000000000010c]
J 2051 c1 com.sun.scenario.animation.shared.InfiniteClipEnvelope.timePulse(J)V javafx.graphics (311 bytes) @ 0x000002074adf622c [0x000002074adf5da0+0x000000000000048c]
J 2000 c1 javafx.animation.Animation.doTimePulse(J)V javafx.graphics (60 bytes) @ 0x000002074add795c [0x000002074add76e0+0x000000000000027c]
J 2229 c1 javafx.animation.Animation$1$$Lambda$181.run()Ljava/lang/Object; javafx.graphics (12 bytes) @ 0x000002074ae44604 [0x000002074ae444c0+0x0000000000000144]
v  ~StubRoutines::call_stub
J 1935  java.security.AccessController.doPrivileged(Ljava/security/PrivilegedAction;Ljava/security/AccessControlContext;)Ljava/lang/Object; java.base@11.0.7 (0 bytes) @ 0x0000020752059ba6 [0x0000020752059b40+0x0000000000000066]
J 2143 c1 javafx.animation.Animation$1.timePulse(J)V javafx.graphics (56 bytes) @ 0x000002074ae25ecc [0x000002074ae25740+0x000000000000078c]
J 2872 c1 com.sun.scenario.animation.AbstractMasterTimer.timePulseImpl(J)V javafx.graphics (157 bytes) @ 0x000002074af83904 [0x000002074af83740+0x00000000000001c4]
j  com.sun.scenario.animation.AbstractMasterTimer$MainLoop.run()V+41 javafx.graphics
j  com.sun.javafx.tk.quantum.QuantumToolkit.pulse(Z)V+76 javafx.graphics
j  com.sun.javafx.tk.quantum.PaintCollector.liveRepaintRenderJob(Lcom/sun/javafx/tk/quantum/ViewScene;)V+14 javafx.graphics
j  com.sun.javafx.tk.quantum.GlassViewEventHandler$ViewEventNotification.run()Ljava/lang/Void;+370 javafx.graphics
j  com.sun.javafx.tk.quantum.GlassViewEventHandler$ViewEventNotification.run()Ljava/lang/Object;+1 javafx.graphics
v  ~StubRoutines::call_stub
J 1935  java.security.AccessController.doPrivileged(Ljava/security/PrivilegedAction;Ljava/security/AccessControlContext;)Ljava/lang/Object; java.base@11.0.7 (0 bytes) @ 0x0000020752059ba6 [0x0000020752059b40+0x0000000000000066]
j  com.sun.javafx.tk.quantum.GlassViewEventHandler.lambda$handleViewEvent$15()Ljava/lang/Void;+11 javafx.graphics
j  com.sun.javafx.tk.quantum.GlassViewEventHandler$$Lambda$146.get()Ljava/lang/Object;+4 javafx.graphics
j  com.sun.javafx.tk.quantum.QuantumToolkit.runWithoutRenderLock(Ljava/util/function/Supplier;)Ljava/lang/Object;+18 javafx.graphics
j  com.sun.javafx.tk.quantum.GlassViewEventHandler.handleViewEvent(Lcom/sun/glass/ui/View;JI)V+50 javafx.graphics
j  com.sun.glass.ui.View.handleViewEvent(JI)V+14 javafx.graphics
j  com.sun.glass.ui.View.notifyResize(II)V+34 javafx.graphics
v  ~StubRoutines::call_stub
j  com.sun.glass.ui.win.WinWindow._setBounds(JIIZZIIIIFF)V+0 javafx.graphics
j  com.sun.glass.ui.win.WinWindow.setBounds(FFZZFFFFFF)V+543 javafx.graphics
j  com.sun.javafx.tk.quantum.WindowStage.setBounds(FFZZFFFFFFFF)V+141 javafx.graphics
j  javafx.stage.Window$TKBoundsConfigurator.apply()V+154 javafx.graphics
j  javafx.stage.Window.applyBounds()V+4 javafx.graphics
j  javafx.stage.Window.adjustSize(Z)V+198 javafx.graphics
j  javafx.stage.Window.access$1200(Ljavafx/stage/Window;Z)V+2 javafx.graphics
j  javafx.stage.Window$SceneModel.invalidated()V+149 javafx.graphics
J 2989 c2 javafx.beans.property.ObjectPropertyBase.set(Ljava/lang/Object;)V javafx.base (76 bytes) @ 0x000002075217181c [0x0000020752171720+0x00000000000000fc]
j  javafx.stage.Window.setScene(Ljavafx/scene/Scene;)V+5 javafx.graphics
j  javafx.stage.Stage.setScene(Ljavafx/scene/Scene;)V+8 javafx.graphics
j  sample.Square.explode()V+156
j  sample.Square.blast(Ljavafx/scene/shape/Circle;)V+169
j  sample.Game$2.handle(Ljavafx/event/ActionEvent;)V+30
j  sample.Game$2.handle(Ljavafx/event/Event;)V+5
j  com.sun.scenario.animation.shared.TimelineClipCore.visitKeyFrame(IJ)V+58 javafx.graphics
J 2829 c1 com.sun.scenario.animation.shared.TimelineClipCore.playTo(J)V javafx.graphics (353 bytes) @ 0x000002074af708cc [0x000002074af705c0+0x000000000000030c]
J 2828 c1 javafx.animation.Timeline.doPlayTo(JJ)V javafx.graphics (9 bytes) @ 0x000002074af71bcc [0x000002074af71b40+0x000000000000008c]
J 2001 c1 javafx.animation.AnimationAccessorImpl.playTo(Ljavafx/animation/Animation;JJ)V javafx.graphics (8 bytes) @ 0x000002074add7ecc [0x000002074add7dc0+0x000000000000010c]
j  com.sun.scenario.animation.shared.FiniteClipEnvelope.timePulse(J)V+179 javafx.graphics
J 2000 c1 javafx.animation.Animation.doTimePulse(J)V javafx.graphics (60 bytes) @ 0x000002074add795c [0x000002074add76e0+0x000000000000027c]
J 2229 c1 javafx.animation.Animation$1$$Lambda$181.run()Ljava/lang/Object; javafx.graphics (12 bytes) @ 0x000002074ae44604 [0x000002074ae444c0+0x0000000000000144]
v  ~StubRoutines::call_stub
J 1935  java.security.AccessController.doPrivileged(Ljava/security/PrivilegedAction;Ljava/security/AccessControlContext;)Ljava/lang/Object; java.base@11.0.7 (0 bytes) @ 0x0000020752059ba6 [0x0000020752059b40+0x0000000000000066]
J 2143 c1 javafx.animation.Animation$1.timePulse(J)V javafx.graphics (56 bytes) @ 0x000002074ae25ecc [0x000002074ae25740+0x000000000000078c]
J 2872 c1 com.sun.scenario.animation.AbstractMasterTimer.timePulseImpl(J)V javafx.graphics (157 bytes) @ 0x000002074af83904 [0x000002074af83740+0x00000000000001c4]
j  com.sun.scenario.animation.AbstractMasterTimer$MainLoop.run()V+41 javafx.graphics
j  com.sun.javafx.tk.quantum.QuantumToolkit.pulse(Z)V+76 javafx.graphics
j  com.sun.javafx.tk.quantum.PaintCollector.liveRepaintRenderJob(Lcom/sun/javafx/tk/quantum/ViewScene;)V+14 javafx.graphics
j  com.sun.javafx.tk.quantum.GlassViewEventHandler$ViewEventNotification.run()Ljava/lang/Void;+370 javafx.graphics
j  com.sun.javafx.tk.quantum.GlassViewEventHandler$ViewEventNotification.run()Ljava/lang/Object;+1 javafx.graphics
v  ~StubRoutines::call_stub
J 1935  java.security.AccessController.doPrivileged(Ljava/security/PrivilegedAction;Ljava/security/AccessControlContext;)Ljava/lang/Object; java.base@11.0.7 (0 bytes) @ 0x0000020752059ba6 [0x0000020752059b40+0x0000000000000066]
j  com.sun.javafx.tk.quantum.GlassViewEventHandler.lambda$handleViewEvent$15()Ljava/lang/Void;+11 javafx.graphics
j  com.sun.javafx.tk.quantum.GlassViewEventHandler$$Lambda$146.get()Ljava/lang/Object;+4 javafx.graphics
j  com.sun.javafx.tk.quantum.QuantumToolkit.runWithoutRenderLock(Ljava/util/function/Supplier;)Ljava/lang/Object;+18 javafx.graphics
j  com.sun.javafx.tk.quantum.GlassViewEventHandler.handleViewEvent(Lcom/sun/glass/ui/View;JI)V+50 javafx.graphics
j  com.sun.glass.ui.View.handleViewEvent(JI)V+14 javafx.graphics
j  com.sun.glass.ui.View.notifyResize(II)V+34 javafx.graphics
v  ~StubRoutines::call_stub
j  com.sun.glass.ui.win.WinView._enterFullscreen(JZZZ)Z+0 javafx.graphics
j  com.sun.glass.ui.View.enterFullscreen(ZZZ)Z+15 javafx.graphics
j  com.sun.javafx.tk.quantum.WindowStage.applyFullScreen()V+77 javafx.graphics
j  com.sun.javafx.tk.quantum.WindowStage.setFullScreen(Z)V+50 javafx.graphics
j  javafx.stage.Stage.setFullScreen(Z)V+26 javafx.graphics
j  sample.Square.explode()V+163
j  sample.Square.blast(Ljavafx/scene/shape/Circle;)V+169
j  sample.Game$1.handle(Ljavafx/event/ActionEvent;)V+19
j  sample.Game$1.handle(Ljavafx/event/Event;)V+5
j  com.sun.scenario.animation.shared.TimelineClipCore.visitKeyFrame(IJ)V+58 javafx.graphics
J 2829 c1 com.sun.scenario.animation.shared.TimelineClipCore.playTo(J)V javafx.graphics (353 bytes) @ 0x000002074af708cc [0x000002074af705c0+0x000000000000030c]
J 2828 c1 javafx.animation.Timeline.doPlayTo(JJ)V javafx.graphics (9 bytes) @ 0x000002074af71bcc [0x000002074af71b40+0x000000000000008c]
J 2001 c1 javafx.animation.AnimationAccessorImpl.playTo(Ljavafx/animation/Animation;JJ)V javafx.graphics (8 bytes) @ 0x000002074add7ecc [0x000002074add7dc0+0x000000000000010c]
J 2051 c1 com.sun.scenario.animation.shared.InfiniteClipEnvelope.timePulse(J)V javafx.graphics (311 bytes) @ 0x000002074adf622c [0x000002074adf5da0+0x000000000000048c]
J 2000 c1 javafx.animation.Animation.doTimePulse(J)V javafx.graphics (60 bytes) @ 0x000002074add795c [0x000002074add76e0+0x000000000000027c]
J 2229 c1 javafx.animation.Animation$1$$Lambda$181.run()Ljava/lang/Object; javafx.graphics (12 bytes) @ 0x000002074ae44604 [0x000002074ae444c0+0x0000000000000144]
v  ~StubRoutines::call_stub
J 1935  java.security.AccessController.doPrivileged(Ljava/security/PrivilegedAction;Ljava/security/AccessControlContext;)Ljava/lang/Object; java.base@11.0.7 (0 bytes) @ 0x0000020752059ba6 [0x0000020752059b40+0x0000000000000066]
J 2143 c1 javafx.animation.Animation$1.timePulse(J)V javafx.graphics (56 bytes) @ 0x000002074ae25ecc [0x000002074ae25740+0x000000000000078c]
J 2872 c1 com.sun.scenario.animation.AbstractMasterTimer.timePulseImpl(J)V javafx.graphics (157 bytes) @ 0x000002074af83904 [0x000002074af83740+0x00000000000001c4]
j  com.sun.scenario.animation.AbstractMasterTimer$MainLoop.run()V+41 javafx.graphics
j  com.sun.javafx.tk.quantum.QuantumToolkit.pulse(Z)V+76 javafx.graphics
j  com.sun.javafx.tk.quantum.PaintCollector.liveRepaintRenderJob(Lcom/sun/javafx/tk/quantum/ViewScene;)V+14 javafx.graphics
j  com.sun.javafx.tk.quantum.GlassViewEventHandler$ViewEventNotification.run()Ljava/lang/Void;+370 javafx.graphics
j  com.sun.javafx.tk.quantum.GlassViewEventHandler$ViewEventNotification.run()Ljava/lang/Object;+1 javafx.graphics
v  ~StubRoutines::call_stub
J 1935  java.security.AccessController.doPrivileged(Ljava/security/PrivilegedAction;Ljava/security/AccessControlContext;)Ljava/lang/Object; java.base@11.0.7 (0 bytes) @ 0x0000020752059ba6 [0x0000020752059b40+0x0000000000000066]
j  com.sun.javafx.tk.quantum.GlassViewEventHandler.lambda$handleViewEvent$15()Ljava/lang/Void;+11 javafx.graphics
j  com.sun.javafx.tk.quantum.GlassViewEventHandler$$Lambda$146.get()Ljava/lang/Object;+4 javafx.graphics
j  com.sun.javafx.tk.quantum.QuantumToolkit.runWithoutRenderLock(Ljava/util/function/Supplier;)Ljava/lang/Object;+18 javafx.graphics
j  com.sun.javafx.tk.quantum.GlassViewEventHandler.handleViewEvent(Lcom/sun/glass/ui/View;JI)V+50 javafx.graphics
j  com.sun.glass.ui.View.handleViewEvent(JI)V+14 javafx.graphics
j  com.sun.glass.ui.View.notifyResize(II)V+34 javafx.graphics
v  ~StubRoutines::call_stub
j  com.sun.glass.ui.win.WinWindow._setBounds(JIIZZIIIIFF)V+0 javafx.graphics
j  com.sun.glass.ui.win.WinWindow.setBounds(FFZZFFFFFF)V+543 javafx.graphics
j  com.sun.javafx.tk.quantum.WindowStage.setBounds(FFZZFFFFFFFF)V+141 javafx.graphics
j  javafx.stage.Window$TKBoundsConfigurator.apply()V+154 javafx.graphics
j  javafx.stage.Window.applyBounds()V+4 javafx.graphics
j  javafx.stage.Window.adjustSize(Z)V+198 javafx.graphics
j  javafx.stage.Window.access$1200(Ljavafx/stage/Window;Z)V+2 javafx.graphics
j  javafx.stage.Window$SceneModel.invalidated()V+149 javafx.graphics
J 1310 c1 javafx.beans.property.ObjectPropertyBase.set(Ljava/lang/Object;)V javafx.base (76 bytes) @ 0x000002074ac91f44 [0x000002074ac91820+0x0000000000000724]
j  javafx.stage.Window.setScene(Ljavafx/scene/Scene;)V+5 javafx.graphics
j  javafx.stage.Stage.setScene(Ljavafx/scene/Scene;)V+8 javafx.graphics
j  sample.Square.explode()V+156
j  sample.Square.blast(Ljavafx/scene/shape/Circle;)V+169
j  sample.Game$2.handle(Ljavafx/event/ActionEvent;)V+30
j  sample.Game$2.handle(Ljavafx/event/Event;)V+5
j  com.sun.scenario.animation.shared.TimelineClipCore.visitKeyFrame(IJ)V+58 javafx.graphics
J 2829 c1 com.sun.scenario.animation.shared.TimelineClipCore.playTo(J)V javafx.graphics (353 bytes) @ 0x000002074af708cc [0x000002074af705c0+0x000000000000030c]
J 2828 c1 javafx.animation.Timeline.doPlayTo(JJ)V javafx.graphics (9 bytes) @ 0x000002074af71bcc [0x000002074af71b40+0x000000000000008c]
J 2001 c1 javafx.animation.AnimationAccessorImpl.playTo(Ljavafx/animation/Animation;JJ)V javafx.graphics (8 bytes) @ 0x000002074add7ecc [0x000002074add7dc0+0x000000000000010c]
j  com.sun.scenario.animation.shared.FiniteClipEnvelope.timePulse(J)V+179 javafx.graphics
J 2000 c1 javafx.animation.Animation.doTimePulse(J)V javafx.graphics (60 bytes) @ 0x000002074add795c [0x000002074add76e0+0x000000000000027c]
J 2229 c1 javafx.animation.Animation$1$$Lambda$181.run()Ljava/lang/Object; javafx.graphics (12 bytes) @ 0x000002074ae44604 [0x000002074ae444c0+0x0000000000000144]
v  ~StubRoutines::call_stub
J 1935  java.security.AccessController.doPrivileged(Ljava/security/PrivilegedAction;Ljava/security/AccessControlContext;)Ljava/lang/Object; java.base@11.0.7 (0 bytes) @ 0x0000020752059ba6 [0x0000020752059b40+0x0000000000000066]
J 2143 c1 javafx.animation.Animation$1.timePulse(J)V javafx.graphics (56 bytes) @ 0x000002074ae25ecc [0x000002074ae25740+0x000000000000078c]
J 2872 c1 com.sun.scenario.animation.AbstractMasterTimer.timePulseImpl(J)V javafx.graphics (157 bytes) @ 0x000002074af83904 [0x000002074af83740+0x00000000000001c4]
j  com.sun.scenario.animation.AbstractMasterTimer$MainLoop.run()V+41 javafx.graphics
j  com.sun.javafx.tk.quantum.QuantumToolkit.pulse(Z)V+76 javafx.graphics
j  com.sun.javafx.tk.quantum.PaintCollector.liveRepaintRenderJob(Lcom/sun/javafx/tk/quantum/ViewScene;)V+14 javafx.graphics
j  com.sun.javafx.tk.quantum.GlassViewEventHandler$ViewEventNotification.run()Ljava/lang/Void;+370 javafx.graphics
j  com.sun.javafx.tk.quantum.GlassViewEventHandler$ViewEventNotification.run()Ljava/lang/Object;+1 javafx.graphics
v  ~StubRoutines::call_stub
J 1935  java.security.AccessController.doPrivileged(Ljava/security/PrivilegedAction;Ljava/security/AccessControlContext;)Ljava/lang/Object; java.base@11.0.7 (0 bytes) @ 0x0000020752059ba6 [0x0000020752059b40+0x0000000000000066]
j  com.sun.javafx.tk.quantum.GlassViewEventHandler.lambda$handleViewEvent$15()Ljava/lang/Void;+11 javafx.graphics
j  com.sun.javafx.tk.quantum.GlassViewEventHandler$$Lambda$146.get()Ljava/lang/Object;+4 javafx.graphics
j  com.sun.javafx.tk.quantum.QuantumToolkit.runWithoutRenderLock(Ljava/util/function/Supplier;)Ljava/lang/Object;+18 javafx.graphics
j  com.sun.javafx.tk.quantum.GlassViewEventHandler.handleViewEvent(Lcom/sun/glass/ui/View;JI)V+50 javafx.graphics
j  com.sun.glass.ui.View.handleViewEvent(JI)V+14 javafx.graphics
j  com.sun.glass.ui.View.notifyResize(II)V+34 javafx.graphics
v  ~StubRoutines::call_stub
j  com.sun.glass.ui.win.WinView._exitFullscreen(JZ)V+0 javafx.graphics
j  com.sun.glass.ui.View.exitFullscreen(Z)V+13 javafx.graphics
j  com.sun.javafx.tk.quantum.WindowStage.applyFullScreen()V+322 javafx.graphics
j  com.sun.javafx.tk.quantum.WindowStage.setFullScreen(Z)V+50 javafx.graphics
j  com.sun.javafx.tk.quantum.WindowStage.exitFullScreen()V+2 javafx.graphics
j  com.sun.javafx.tk.quantum.WindowStage.setScene(Lcom/sun/javafx/tk/TKScene;)V+12 javafx.graphics
j  javafx.stage.Window$SceneModel.updatePeerScene(Lcom/sun/javafx/tk/TKScene;)V+18 javafx.graphics
j  javafx.stage.Window$SceneModel.invalidated()V+35 javafx.graphics
J 1310 c1 javafx.beans.property.ObjectPropertyBase.set(Ljava/lang/Object;)V javafx.base (76 bytes) @ 0x000002074ac91f44 [0x000002074ac91820+0x0000000000000724]
j  javafx.stage.Window.setScene(Ljavafx/scene/Scene;)V+5 javafx.graphics
j  javafx.stage.Stage.setScene(Ljavafx/scene/Scene;)V+8 javafx.graphics
j  sample.Square.explode()V+156
j  sample.Square.blast(Ljavafx/scene/shape/Circle;)V+169
j  sample.Game$2.handle(Ljavafx/event/ActionEvent;)V+30
j  sample.Game$2.handle(Ljavafx/event/Event;)V+5
j  com.sun.scenario.animation.shared.TimelineClipCore.visitKeyFrame(IJ)V+58 javafx.graphics
J 2829 c1 com.sun.scenario.animation.shared.TimelineClipCore.playTo(J)V javafx.graphics (353 bytes) @ 0x000002074af708cc [0x000002074af705c0+0x000000000000030c]
J 2828 c1 javafx.animation.Timeline.doPlayTo(JJ)V javafx.graphics (9 bytes) @ 0x000002074af71bcc [0x000002074af71b40+0x000000000000008c]
J 2001 c1 javafx.animation.AnimationAccessorImpl.playTo(Ljavafx/animation/Animation;JJ)V javafx.graphics (8 bytes) @ 0x000002074add7ecc [0x000002074add7dc0+0x000000000000010c]
j  com.sun.scenario.animation.shared.FiniteClipEnvelope.timePulse(J)V+179 javafx.graphics
J 2000 c1 javafx.animation.Animation.doTimePulse(J)V javafx.graphics (60 bytes) @ 0x000002074add795c [0x000002074add76e0+0x000000000000027c]
J 2229 c1 javafx.animation.Animation$1$$Lambda$181.run()Ljava/lang/Object; javafx.graphics (12 bytes) @ 0x000002074ae44604 [0x000002074ae444c0+0x0000000000000144]
v  ~StubRoutines::call_stub
J 1935  java.security.AccessController.doPrivileged(Ljava/security/PrivilegedAction;Ljava/security/AccessControlContext;)Ljava/lang/Object; java.base@11.0.7 (0 bytes) @ 0x0000020752059ba6 [0x0000020752059b40+0x0000000000000066]
J 2143 c1 javafx.animation.Animation$1.timePulse(J)V javafx.graphics (56 bytes) @ 0x000002074ae25ecc [0x000002074ae25740+0x000000000000078c]
J 2872 c1 com.sun.scenario.animation.AbstractMasterTimer.timePulseImpl(J)V javafx.graphics (157 bytes) @ 0x000002074af83904 [0x000002074af83740+0x00000000000001c4]
j  com.sun.scenario.animation.AbstractMasterTimer$MainLoop.run()V+41 javafx.graphics
j  com.sun.javafx.tk.quantum.QuantumToolkit.pulse(Z)V+76 javafx.graphics
j  com.sun.javafx.tk.quantum.QuantumToolkit.pulse()V+2 javafx.graphics
j  com.sun.javafx.tk.quantum.QuantumToolkit.pulseFromQueue()V+1 javafx.graphics
j  com.sun.javafx.tk.quantum.QuantumToolkit.lambda$runToolkit$11()V+1 javafx.graphics
j  com.sun.javafx.tk.quantum.QuantumToolkit$$Lambda$95.run()V+4 javafx.graphics
j  com.sun.glass.ui.InvokeLaterDispatcher$Future.run()V+4 javafx.graphics
v  ~StubRoutines::call_stub
j  com.sun.glass.ui.win.WinApplication._runLoop(Ljava/lang/Runnable;)V+0 javafx.graphics
j  com.sun.glass.ui.win.WinApplication.lambda$runLoop$3(ILjava/lang/Runnable;)V+8 javafx.graphics
j  com.sun.glass.ui.win.WinApplication$$Lambda$91.run()V+12 javafx.graphics
j  java.lang.Thread.run()V+11 java.base@11.0.7
v  ~StubRoutines::call_stub

siginfo: EXCEPTION_ACCESS_VIOLATION (0xc0000005), reading address 0xffffffffffffffff


Register to memory mapping:

RIP=0x00007ff830136f42 jvm.dll
RAX=0x0000020763e22468 is pointing into metadata
RBX=0x52505f42d48068a1 is an unknown value
RCX=0x0000000000000003 is an unknown value
RDX=0x0000000000000027 is an unknown value
RSP=0x0000004dab3e4660 is pointing into the stack for thread: 0x0000020762cb1800
RBP=0x0000004dab3e4760 is pointing into the stack for thread: 0x0000020762cb1800
RSI=0x0000020762cb1800 is a thread
RDI=0x00000207634a86f0 points into unknown readable memory: 02 00 00 00 00 00 1d 00
R8 ={method} {0x0000020763e26a30} 'notifyView' '(I)V' in 'com/sun/glass/ui/View'
R9 =0x0000000000000001 is an unknown value
R10=0x000000010010c790 is a pointer to class: 
com.sun.glass.ui.View {0x000000010010c798}
R11=0x0000000000000246 is an unknown value
R12=0x0000004dab3e4820 is pointing into the stack for thread: 0x0000020762cb1800
R13=0x0000000000000002 is an unknown value
R14=0x0000020762f138a0 points into unknown readable memory: a1 68 80 d4 42 5f 50 52
R15=0x0000000000000001 is an unknown value


Registers:
RAX=0x0000020763e22468, RBX=0x52505f42d48068a1, RCX=0x0000000000000003, RDX=0x0000000000000027
RSP=0x0000004dab3e4660, RBP=0x0000004dab3e4760, RSI=0x0000020762cb1800, RDI=0x00000207634a86f0
R8 =0x0000020763e26a28, R9 =0x0000000000000001, R10=0x000000010010c790, R11=0x0000000000000246
R12=0x0000004dab3e4820, R13=0x0000000000000002, R14=0x0000020762f138a0, R15=0x0000000000000001
RIP=0x00007ff830136f42, EFLAGS=0x0000000000010202

Top of Stack: (sp=0x0000004dab3e4660)
0x0000004dab3e4660:   0000000000000000 0000000000000000
0x0000004dab3e4670:   00007ff87d69c520 00007ff87bf257ec
0x0000004dab3e4680:   00000000c0000388 00007ff8521517a0
0x0000004dab3e4690:   0000000000000000 0000000000000000
0x0000004dab3e46a0:   0000004dab3e4850 0000020762cb1b40
0x0000004dab3e46b0:   0000000000000000 0000000000000000
0x0000004dab3e46c0:   0000000000000000 0000000000000000
0x0000004dab3e46d0:   0000000040000000 00007ff87bf257ec
0x0000004dab3e46e0:   00000000c0000388 00007ff87d69c520
0x0000004dab3e46f0:   00000000003008f0 0000000080000000
0x0000004dab3e4700:   0000000000000006 0000000000000000
0x0000004dab3e4710:   0000000000000000 00007ff800000001
0x0000004dab3e4720:   0000000000000000 0000000000000000
0x0000004dab3e4730:   0000000000000000 00007ff87bf31f9a
0x0000004dab3e4740:   0000000000000000 0000000000000000
0x0000004dab3e4750:   0000000000000006 0000000000000000 

Instructions: (pc=0x00007ff830136f42)
0x00007ff830136f22:   8b 50 24 83 fa f6 7e 43 83 fa fe 0f 84 81 00 00
0x00007ff830136f32:   00 80 3d 07 5a 6a 00 00 74 20 8b 0d 56 d0 65 00
0x00007ff830136f42:   8b 43 08 48 d3 e0 48 03 05 41 d0 65 00 48 8b c8
0x00007ff830136f52:   e8 c9 a1 15 00 4c 8b c0 eb 58 48 8b 43 08 48 8b 


Stack slot to memory mapping:
stack at sp + 0 slots: 0x0 is NULL
stack at sp + 1 slots: 0x0 is NULL
stack at sp + 2 slots: 0x00007ff87d69c520 ntdll.dll
stack at sp + 3 slots: 0x00007ff87bf257ec USER32.dll
stack at sp + 4 slots: 
[error occurred during error reporting (inspecting top of stack), id 0xc0000005, EXCEPTION_ACCESS_VIOLATION (0xc0000005) at pc=0x00007ff830044d46]


---------------  P R O C E S S  ---------------

Threads class SMR info:
_java_thread_list=0x0000020762f289b0, length=20, elements={
0x00000207408bb800, 0x0000020761527000, 0x0000020761555800, 0x0000020761565800,
0x0000020761567000, 0x000002076156b000, 0x0000020761ebb000, 0x0000020761ebd000,
0x0000020762036000, 0x00000207621cd000, 0x0000020762a69800, 0x0000020762e1c800,
0x00000207634a7800, 0x0000020762cb1800, 0x0000020763a3e000, 0x00000207621cb000,
0x0000020762f02000, 0x0000020763494800, 0x00000207637c8000, 0x000002076ac9f000
}

Java Threads: ( => current thread )
  0x00000207408bb800 JavaThread "main" [_thread_blocked, id=19724, stack(0x0000004da9d00000,0x0000004da9e00000)]
  0x0000020761527000 JavaThread "Reference Handler" daemon [_thread_blocked, id=3984, stack(0x0000004daa400000,0x0000004daa500000)]
  0x0000020761555800 JavaThread "Finalizer" daemon [_thread_blocked, id=17852, stack(0x0000004daa500000,0x0000004daa600000)]
  0x0000020761565800 JavaThread "Signal Dispatcher" daemon [_thread_blocked, id=18768, stack(0x0000004daa600000,0x0000004daa700000)]
  0x0000020761567000 JavaThread "Attach Listener" daemon [_thread_blocked, id=13176, stack(0x0000004daa700000,0x0000004daa800000)]
  0x000002076156b000 JavaThread "C2 CompilerThread0" daemon [_thread_blocked, id=19596, stack(0x0000004daa800000,0x0000004daa900000)]
  0x0000020761ebb000 JavaThread "C1 CompilerThread0" daemon [_thread_blocked, id=17560, stack(0x0000004daa900000,0x0000004daaa00000)]
  0x0000020761ebd000 JavaThread "Sweeper thread" daemon [_thread_blocked, id=17152, stack(0x0000004daaa00000,0x0000004daab00000)]
  0x0000020762036000 JavaThread "Common-Cleaner" daemon [_thread_blocked, id=3524, stack(0x0000004daab00000,0x0000004daac00000)]
  0x00000207621cd000 JavaThread "Monitor Ctrl-Break" daemon [_thread_in_native, id=17044, stack(0x0000004daae00000,0x0000004daaf00000)]
  0x0000020762a69800 JavaThread "Service Thread" daemon [_thread_blocked, id=7140, stack(0x0000004daaf00000,0x0000004dab000000)]
  0x0000020762e1c800 JavaThread "QuantumRenderer-0" daemon [_thread_blocked, id=17548, stack(0x0000004dab100000,0x0000004dab200000)]
  0x00000207634a7800 JavaThread "InvokeLaterDispatcher" daemon [_thread_blocked, id=2508, stack(0x0000004dab200000,0x0000004dab300000)]
=>0x0000020762cb1800 JavaThread "JavaFX Application Thread" [_thread_in_vm, id=13588, stack(0x0000004dab300000,0x0000004dab400000)]
  0x0000020763a3e000 JavaThread "JavaFX-Launcher" [_thread_blocked, id=20396, stack(0x0000004dab800000,0x0000004dab900000)]
  0x00000207621cb000 JavaThread "Thread-2" daemon [_thread_in_native, id=12108, stack(0x0000004dab700000,0x0000004dab800000)]
  0x0000020762f02000 JavaThread "Prism Font Disposer" daemon [_thread_blocked, id=17076, stack(0x0000004dac100000,0x0000004dac200000)]
  0x0000020763494800 JavaThread "Cleaner-0" daemon [_thread_blocked, id=18604, stack(0x0000004dac200000,0x0000004dac300000)]
  0x00000207637c8000 JavaThread "C2 CompilerThread1" daemon [_thread_blocked, id=600, stack(0x0000004daac00000,0x0000004daad00000)]
  0x000002076ac9f000 JavaThread "C2 CompilerThread2" daemon [_thread_blocked, id=12544, stack(0x0000004daad00000,0x0000004daae00000)]

Other Threads:
  0x0000020761525000 VMThread "VM Thread" [stack: 0x0000004daa300000,0x0000004daa400000] [id=14040]
  0x0000020762c63000 WatcherThread [stack: 0x0000004dab000000,0x0000004dab100000] [id=16468]
  0x00000207408d2800 GCTaskThread "GC Thread#0" [stack: 0x0000004da9e00000,0x0000004da9f00000] [id=11084]
  0x0000020762eac800 GCTaskThread "GC Thread#1" [stack: 0x0000004dabc00000,0x0000004dabd00000] [id=20140]
  0x0000020762ead800 GCTaskThread "GC Thread#2" [stack: 0x0000004dabd00000,0x0000004dabe00000] [id=11460]
  0x000002076ae95800 GCTaskThread "GC Thread#3" [stack: 0x0000004dabe00000,0x0000004dabf00000] [id=19944]
  0x000002076ae96000 GCTaskThread "GC Thread#4" [stack: 0x0000004dabf00000,0x0000004dac000000] [id=17112]
  0x000002076ac2e000 GCTaskThread "GC Thread#5" [stack: 0x0000004dac000000,0x0000004dac100000] [id=18812]
  0x0000020740905000 ConcurrentGCThread "G1 Main Marker" [stack: 0x0000004da9f00000,0x0000004daa000000] [id=17376]
  0x0000020740907000 ConcurrentGCThread "G1 Conc#0" [stack: 0x0000004daa000000,0x0000004daa100000] [id=9704]
  0x0000020761390800 ConcurrentGCThread "G1 Refine#0" [stack: 0x0000004daa100000,0x0000004daa200000] [id=4788]
  0x0000020761391800 ConcurrentGCThread "G1 Young RemSet Sampling" [stack: 0x0000004daa200000,0x0000004daa300000] [id=3616]

Threads with active compile tasks:

VM state:not at safepoint (normal execution)

VM Mutex/Monitor currently owned by a thread: None

Heap address: 0x0000000081c00000, size: 2020 MB, Compressed Oops mode: 32-bit
Narrow klass base: 0x0000000000000000, Narrow klass shift: 3
Compressed class space size: 1073741824 Address: 0x0000000100000000

Heap:
 garbage-first heap   total 131072K, used 62879K [0x0000000081c00000, 0x0000000100000000)
  region size 1024K, 53 young (54272K), 3 survivors (3072K)
 Metaspace       used 20051K, capacity 20531K, committed 20736K, reserved 1067008K
  class space    used 2333K, capacity 2535K, committed 2560K, reserved 1048576K
Heap Regions: E=young(eden), S=young(survivor), O=old, HS=humongous(starts), HC=humongous(continues), CS=collection set, F=free, A=archive, TAMS=top-at-mark-start (previous, next)
|   0|0x0000000081c00000, 0x0000000081c67e00, 0x0000000081d00000| 40%| O|  |TAMS 0x0000000081c00000, 0x0000000081c00000| Untracked 
|   1|0x0000000081d00000, 0x0000000081e00000, 0x0000000081e00000|100%|HS|  |TAMS 0x0000000081d00000, 0x0000000081d00000| Complete 
|   2|0x0000000081e00000, 0x0000000081f00000, 0x0000000081f00000|100%|HS|  |TAMS 0x0000000081e00000, 0x0000000081e00000| Complete 
|   3|0x0000000081f00000, 0x0000000082000000, 0x0000000082000000|100%|HS|  |TAMS 0x0000000081f00000, 0x0000000081f00000| Complete 
|   4|0x0000000082000000, 0x0000000082100000, 0x0000000082100000|100%|HC|  |TAMS 0x0000000082000000, 0x0000000082000000| Complete 
|   5|0x0000000082100000, 0x0000000082200000, 0x0000000082200000|100%|HS|  |TAMS 0x0000000082100000, 0x0000000082100000| Complete 
|   6|0x0000000082200000, 0x0000000082300000, 0x0000000082300000|100%|HC|  |TAMS 0x0000000082200000, 0x0000000082200000| Complete 
|   7|0x0000000082300000, 0x0000000082400000, 0x0000000082400000|100%|HS|  |TAMS 0x0000000082300000, 0x0000000082300000| Complete 
|   8|0x0000000082400000, 0x0000000082500000, 0x0000000082500000|100%|HC|  |TAMS 0x0000000082400000, 0x0000000082400000| Complete 
|   9|0x0000000082500000, 0x0000000082600000, 0x0000000082600000|100%|HC|  |TAMS 0x0000000082500000, 0x0000000082500000| Complete 
|  10|0x0000000082600000, 0x0000000082600000, 0x0000000082700000|  0%| F|  |TAMS 0x0000000082600000, 0x0000000082600000| Untracked 
|  11|0x0000000082700000, 0x0000000082700000, 0x0000000082800000|  0%| F|  |TAMS 0x0000000082700000, 0x0000000082700000| Untracked 
|  12|0x0000000082800000, 0x0000000082800000, 0x0000000082900000|  0%| F|  |TAMS 0x0000000082800000, 0x0000000082800000| Untracked 
|  13|0x0000000082900000, 0x0000000082900000, 0x0000000082a00000|  0%| F|  |TAMS 0x0000000082900000, 0x0000000082900000| Untracked 
|  14|0x0000000082a00000, 0x0000000082a00000, 0x0000000082b00000|  0%| F|  |TAMS 0x0000000082a00000, 0x0000000082a00000| Untracked 
|  15|0x0000000082b00000, 0x0000000082b00000, 0x0000000082c00000|  0%| F|  |TAMS 0x0000000082b00000, 0x0000000082b00000| Untracked 
|  16|0x0000000082c00000, 0x0000000082c00000, 0x0000000082d00000|  0%| F|  |TAMS 0x0000000082c00000, 0x0000000082c00000| Untracked 
|  17|0x0000000082d00000, 0x0000000082d00000, 0x0000000082e00000|  0%| F|  |TAMS 0x0000000082d00000, 0x0000000082d00000| Untracked 
|  18|0x0000000082e00000, 0x0000000082e00000, 0x0000000082f00000|  0%| F|  |TAMS 0x0000000082e00000, 0x0000000082e00000| Untracked 
|  19|0x0000000082f00000, 0x0000000082f00000, 0x0000000083000000|  0%| F|  |TAMS 0x0000000082f00000, 0x0000000082f00000| Untracked 
|  20|0x0000000083000000, 0x0000000083000000, 0x0000000083100000|  0%| F|  |TAMS 0x0000000083000000, 0x0000000083000000| Untracked 
|  21|0x0000000083100000, 0x0000000083100000, 0x0000000083200000|  0%| F|  |TAMS 0x0000000083100000, 0x0000000083100000| Untracked 
|  22|0x0000000083200000, 0x0000000083200000, 0x0000000083300000|  0%| F|  |TAMS 0x0000000083200000, 0x0000000083200000| Untracked 
|  23|0x0000000083300000, 0x0000000083300000, 0x0000000083400000|  0%| F|  |TAMS 0x0000000083300000, 0x0000000083300000| Untracked 
|  24|0x0000000083400000, 0x0000000083400000, 0x0000000083500000|  0%| F|  |TAMS 0x0000000083400000, 0x0000000083400000| Untracked 
|  25|0x0000000083500000, 0x0000000083500000, 0x0000000083600000|  0%| F|  |TAMS 0x0000000083500000, 0x0000000083500000| Untracked 
|  26|0x0000000083600000, 0x0000000083600000, 0x0000000083700000|  0%| F|  |TAMS 0x0000000083600000, 0x0000000083600000| Untracked 
|  27|0x0000000083700000, 0x0000000083700000, 0x0000000083800000|  0%| F|  |TAMS 0x0000000083700000, 0x0000000083700000| Untracked 
|  28|0x0000000083800000, 0x0000000083800000, 0x0000000083900000|  0%| F|  |TAMS 0x0000000083800000, 0x0000000083800000| Untracked 
|  29|0x0000000083900000, 0x0000000083900000, 0x0000000083a00000|  0%| F|  |TAMS 0x0000000083900000, 0x0000000083900000| Untracked 
|  30|0x0000000083a00000, 0x0000000083a00000, 0x0000000083b00000|  0%| F|  |TAMS 0x0000000083a00000, 0x0000000083a00000| Untracked 
|  31|0x0000000083b00000, 0x0000000083b00000, 0x0000000083c00000|  0%| F|  |TAMS 0x0000000083b00000, 0x0000000083b00000| Untracked 
|  32|0x0000000083c00000, 0x0000000083c00000, 0x0000000083d00000|  0%| F|  |TAMS 0x0000000083c00000, 0x0000000083c00000| Untracked 
|  33|0x0000000083d00000, 0x0000000083d00000, 0x0000000083e00000|  0%| F|  |TAMS 0x0000000083d00000, 0x0000000083d00000| Untracked 
|  34|0x0000000083e00000, 0x0000000083e00000, 0x0000000083f00000|  0%| F|  |TAMS 0x0000000083e00000, 0x0000000083e00000| Untracked 
|  35|0x0000000083f00000, 0x0000000083f00000, 0x0000000084000000|  0%| F|  |TAMS 0x0000000083f00000, 0x0000000083f00000| Untracked 
|  36|0x0000000084000000, 0x0000000084000000, 0x0000000084100000|  0%| F|  |TAMS 0x0000000084000000, 0x0000000084000000| Untracked 
|  37|0x0000000084100000, 0x0000000084100000, 0x0000000084200000|  0%| F|  |TAMS 0x0000000084100000, 0x0000000084100000| Untracked 
|  38|0x0000000084200000, 0x0000000084200000, 0x0000000084300000|  0%| F|  |TAMS 0x0000000084200000, 0x0000000084200000| Untracked 
|  39|0x0000000084300000, 0x0000000084300000, 0x0000000084400000|  0%| F|  |TAMS 0x0000000084300000, 0x0000000084300000| Untracked 
|  40|0x0000000084400000, 0x0000000084400000, 0x0000000084500000|  0%| F|  |TAMS 0x0000000084400000, 0x0000000084400000| Untracked 
|  41|0x0000000084500000, 0x0000000084500000, 0x0000000084600000|  0%| F|  |TAMS 0x0000000084500000, 0x0000000084500000| Untracked 
|  42|0x0000000084600000, 0x0000000084600000, 0x0000000084700000|  0%| F|  |TAMS 0x0000000084600000, 0x0000000084600000| Untracked 
|  43|0x0000000084700000, 0x0000000084700000, 0x0000000084800000|  0%| F|  |TAMS 0x0000000084700000, 0x0000000084700000| Untracked 
|  44|0x0000000084800000, 0x0000000084800000, 0x0000000084900000|  0%| F|  |TAMS 0x0000000084800000, 0x0000000084800000| Untracked 
|  45|0x0000000084900000, 0x0000000084900000, 0x0000000084a00000|  0%| F|  |TAMS 0x0000000084900000, 0x0000000084900000| Untracked 
|  46|0x0000000084a00000, 0x0000000084a00000, 0x0000000084b00000|  0%| F|  |TAMS 0x0000000084a00000, 0x0000000084a00000| Untracked 
|  47|0x0000000084b00000, 0x0000000084b00000, 0x0000000084c00000|  0%| F|  |TAMS 0x0000000084b00000, 0x0000000084b00000| Untracked 
|  48|0x0000000084c00000, 0x0000000084c00000, 0x0000000084d00000|  0%| F|  |TAMS 0x0000000084c00000, 0x0000000084c00000| Untracked 
|  49|0x0000000084d00000, 0x0000000084d00000, 0x0000000084e00000|  0%| F|  |TAMS 0x0000000084d00000, 0x0000000084d00000| Untracked 
|  50|0x0000000084e00000, 0x0000000084e00000, 0x0000000084f00000|  0%| F|  |TAMS 0x0000000084e00000, 0x0000000084e00000| Untracked 
|  51|0x0000000084f00000, 0x0000000084f00000, 0x0000000085000000|  0%| F|  |TAMS 0x0000000084f00000, 0x0000000084f00000| Untracked 
|  52|0x0000000085000000, 0x0000000085000000, 0x0000000085100000|  0%| F|  |TAMS 0x0000000085000000, 0x0000000085000000| Untracked 
|  53|0x0000000085100000, 0x0000000085100000, 0x0000000085200000|  0%| F|  |TAMS 0x0000000085100000, 0x0000000085100000| Untracked 
|  54|0x0000000085200000, 0x0000000085200000, 0x0000000085300000|  0%| F|  |TAMS 0x0000000085200000, 0x0000000085200000| Untracked 
|  55|0x0000000085300000, 0x0000000085300000, 0x0000000085400000|  0%| F|  |TAMS 0x0000000085300000, 0x0000000085300000| Untracked 
|  56|0x0000000085400000, 0x0000000085400000, 0x0000000085500000|  0%| F|  |TAMS 0x0000000085400000, 0x0000000085400000| Untracked 
|  57|0x0000000085500000, 0x0000000085500000, 0x0000000085600000|  0%| F|  |TAMS 0x0000000085500000, 0x0000000085500000| Untracked 
|  58|0x0000000085600000, 0x0000000085600000, 0x0000000085700000|  0%| F|  |TAMS 0x0000000085600000, 0x0000000085600000| Untracked 
|  59|0x0000000085700000, 0x0000000085700000, 0x0000000085800000|  0%| F|  |TAMS 0x0000000085700000, 0x0000000085700000| Untracked 
|  60|0x0000000085800000, 0x0000000085800000, 0x0000000085900000|  0%| F|  |TAMS 0x0000000085800000, 0x0000000085800000| Untracked 
|  61|0x0000000085900000, 0x0000000085900000, 0x0000000085a00000|  0%| F|  |TAMS 0x0000000085900000, 0x0000000085900000| Untracked 
|  62|0x0000000085a00000, 0x0000000085a00000, 0x0000000085b00000|  0%| F|  |TAMS 0x0000000085a00000, 0x0000000085a00000| Untracked 
|  63|0x0000000085b00000, 0x0000000085b00000, 0x0000000085c00000|  0%| F|  |TAMS 0x0000000085b00000, 0x0000000085b00000| Untracked 
|  64|0x0000000085c00000, 0x0000000085c00000, 0x0000000085d00000|  0%| F|  |TAMS 0x0000000085c00000, 0x0000000085c00000| Untracked 
|  65|0x0000000085d00000, 0x0000000085d00000, 0x0000000085e00000|  0%| F|  |TAMS 0x0000000085d00000, 0x0000000085d00000| Untracked 
|  66|0x0000000085e00000, 0x0000000085e00000, 0x0000000085f00000|  0%| F|  |TAMS 0x0000000085e00000, 0x0000000085e00000| Untracked 
|  67|0x0000000085f00000, 0x0000000085f00000, 0x0000000086000000|  0%| F|  |TAMS 0x0000000085f00000, 0x0000000085f00000| Untracked 
|  68|0x0000000086000000, 0x0000000086000000, 0x0000000086100000|  0%| F|  |TAMS 0x0000000086000000, 0x0000000086000000| Untracked 
|  69|0x0000000086100000, 0x0000000086100000, 0x0000000086200000|  0%| F|  |TAMS 0x0000000086100000, 0x0000000086100000| Untracked 
|  70|0x0000000086200000, 0x0000000086200000, 0x0000000086300000|  0%| F|  |TAMS 0x0000000086200000, 0x0000000086200000| Untracked 
|  71|0x0000000086300000, 0x0000000086300000, 0x0000000086400000|  0%| F|  |TAMS 0x0000000086300000, 0x0000000086300000| Untracked 
|  72|0x0000000086400000, 0x0000000086400000, 0x0000000086500000|  0%| F|  |TAMS 0x0000000086400000, 0x0000000086400000| Untracked 
|  73|0x0000000086500000, 0x0000000086500000, 0x0000000086600000|  0%| F|  |TAMS 0x0000000086500000, 0x0000000086500000| Untracked 
|  74|0x0000000086600000, 0x0000000086600000, 0x0000000086700000|  0%| F|  |TAMS 0x0000000086600000, 0x0000000086600000| Untracked 
|  75|0x0000000086700000, 0x0000000086800000, 0x0000000086800000|100%| E|  |TAMS 0x0000000086700000, 0x0000000086700000| Complete 
|  76|0x0000000086800000, 0x0000000086900000, 0x0000000086900000|100%| E|CS|TAMS 0x0000000086800000, 0x0000000086800000| Complete 
|  77|0x0000000086900000, 0x0000000086a00000, 0x0000000086a00000|100%| E|CS|TAMS 0x0000000086900000, 0x0000000086900000| Complete 
|  78|0x0000000086a00000, 0x0000000086b00000, 0x0000000086b00000|100%| E|CS|TAMS 0x0000000086a00000, 0x0000000086a00000| Complete 
|  79|0x0000000086b00000, 0x0000000086c00000, 0x0000000086c00000|100%| E|CS|TAMS 0x0000000086b00000, 0x0000000086b00000| Complete 
|  80|0x0000000086c00000, 0x0000000086d00000, 0x0000000086d00000|100%| E|CS|TAMS 0x0000000086c00000, 0x0000000086c00000| Complete 
|  81|0x0000000086d00000, 0x0000000086e00000, 0x0000000086e00000|100%| E|CS|TAMS 0x0000000086d00000, 0x0000000086d00000| Complete 
|  82|0x0000000086e00000, 0x0000000086f00000, 0x0000000086f00000|100%| E|CS|TAMS 0x0000000086e00000, 0x0000000086e00000| Complete 
|  83|0x0000000086f00000, 0x0000000087000000, 0x0000000087000000|100%| E|CS|TAMS 0x0000000086f00000, 0x0000000086f00000| Complete 
|  84|0x0000000087000000, 0x0000000087100000, 0x0000000087100000|100%| E|CS|TAMS 0x0000000087000000, 0x0000000087000000| Complete 
|  85|0x0000000087100000, 0x0000000087200000, 0x0000000087200000|100%| E|CS|TAMS 0x0000000087100000, 0x0000000087100000| Complete 
|  86|0x0000000087200000, 0x0000000087300000, 0x0000000087300000|100%| E|CS|TAMS 0x0000000087200000, 0x0000000087200000| Complete 
|  87|0x0000000087300000, 0x0000000087400000, 0x0000000087400000|100%| E|CS|TAMS 0x0000000087300000, 0x0000000087300000| Complete 
|  88|0x0000000087400000, 0x0000000087500000, 0x0000000087500000|100%| E|CS|TAMS 0x0000000087400000, 0x0000000087400000| Complete 
|  89|0x0000000087500000, 0x0000000087600000, 0x0000000087600000|100%| E|CS|TAMS 0x0000000087500000, 0x0000000087500000| Complete 
|  90|0x0000000087600000, 0x0000000087700000, 0x0000000087700000|100%| E|CS|TAMS 0x0000000087600000, 0x0000000087600000| Complete 
|  91|0x0000000087700000, 0x0000000087800000, 0x0000000087800000|100%| E|CS|TAMS 0x0000000087700000, 0x0000000087700000| Complete 
|  92|0x0000000087800000, 0x0000000087900000, 0x0000000087900000|100%| E|CS|TAMS 0x0000000087800000, 0x0000000087800000| Complete 
|  93|0x0000000087900000, 0x0000000087a00000, 0x0000000087a00000|100%| E|CS|TAMS 0x0000000087900000, 0x0000000087900000| Complete 
|  94|0x0000000087a00000, 0x0000000087b00000, 0x0000000087b00000|100%| E|CS|TAMS 0x0000000087a00000, 0x0000000087a00000| Complete 
|  95|0x0000000087b00000, 0x0000000087c00000, 0x0000000087c00000|100%| E|CS|TAMS 0x0000000087b00000, 0x0000000087b00000| Complete 
|  96|0x0000000087c00000, 0x0000000087d00000, 0x0000000087d00000|100%| E|CS|TAMS 0x0000000087c00000, 0x0000000087c00000| Complete 
|  97|0x0000000087d00000, 0x0000000087e00000, 0x0000000087e00000|100%| E|CS|TAMS 0x0000000087d00000, 0x0000000087d00000| Complete 
|  98|0x0000000087e00000, 0x0000000087f00000, 0x0000000087f00000|100%| E|CS|TAMS 0x0000000087e00000, 0x0000000087e00000| Complete 
|  99|0x0000000087f00000, 0x0000000088000000, 0x0000000088000000|100%| E|CS|TAMS 0x0000000087f00000, 0x0000000087f00000| Complete 
| 100|0x0000000088000000, 0x0000000088100000, 0x0000000088100000|100%| E|CS|TAMS 0x0000000088000000, 0x0000000088000000| Complete 
| 101|0x0000000088100000, 0x0000000088200000, 0x0000000088200000|100%| S|CS|TAMS 0x0000000088100000, 0x0000000088100000| Complete 
| 102|0x0000000088200000, 0x0000000088300000, 0x0000000088300000|100%| S|CS|TAMS 0x0000000088200000, 0x0000000088200000| Complete 
| 103|0x0000000088300000, 0x0000000088400000, 0x0000000088400000|100%| S|CS|TAMS 0x0000000088300000, 0x0000000088300000| Complete 
| 104|0x0000000088400000, 0x0000000088500000, 0x0000000088500000|100%| E|CS|TAMS 0x0000000088400000, 0x0000000088400000| Complete 
| 105|0x0000000088500000, 0x0000000088600000, 0x0000000088600000|100%| E|CS|TAMS 0x0000000088500000, 0x0000000088500000| Complete 
| 106|0x0000000088600000, 0x0000000088700000, 0x0000000088700000|100%| E|CS|TAMS 0x0000000088600000, 0x0000000088600000| Complete 
| 107|0x0000000088700000, 0x0000000088800000, 0x0000000088800000|100%| E|CS|TAMS 0x0000000088700000, 0x0000000088700000| Complete 
| 108|0x0000000088800000, 0x0000000088900000, 0x0000000088900000|100%| E|CS|TAMS 0x0000000088800000, 0x0000000088800000| Complete 
| 109|0x0000000088900000, 0x0000000088a00000, 0x0000000088a00000|100%| E|CS|TAMS 0x0000000088900000, 0x0000000088900000| Complete 
| 110|0x0000000088a00000, 0x0000000088b00000, 0x0000000088b00000|100%| E|CS|TAMS 0x0000000088a00000, 0x0000000088a00000| Complete 
| 111|0x0000000088b00000, 0x0000000088c00000, 0x0000000088c00000|100%| E|CS|TAMS 0x0000000088b00000, 0x0000000088b00000| Complete 
| 112|0x0000000088c00000, 0x0000000088d00000, 0x0000000088d00000|100%| E|CS|TAMS 0x0000000088c00000, 0x0000000088c00000| Complete 
| 113|0x0000000088d00000, 0x0000000088e00000, 0x0000000088e00000|100%| E|CS|TAMS 0x0000000088d00000, 0x0000000088d00000| Complete 
| 114|0x0000000088e00000, 0x0000000088f00000, 0x0000000088f00000|100%| E|CS|TAMS 0x0000000088e00000, 0x0000000088e00000| Complete 
| 115|0x0000000088f00000, 0x0000000089000000, 0x0000000089000000|100%| E|CS|TAMS 0x0000000088f00000, 0x0000000088f00000| Complete 
| 116|0x0000000089000000, 0x0000000089100000, 0x0000000089100000|100%| E|CS|TAMS 0x0000000089000000, 0x0000000089000000| Complete 
| 117|0x0000000089100000, 0x0000000089200000, 0x0000000089200000|100%| E|CS|TAMS 0x0000000089100000, 0x0000000089100000| Complete 
| 118|0x0000000089200000, 0x0000000089300000, 0x0000000089300000|100%| E|CS|TAMS 0x0000000089200000, 0x0000000089200000| Complete 
| 119|0x0000000089300000, 0x0000000089400000, 0x0000000089400000|100%| E|CS|TAMS 0x0000000089300000, 0x0000000089300000| Complete 
| 120|0x0000000089400000, 0x0000000089500000, 0x0000000089500000|100%| E|CS|TAMS 0x0000000089400000, 0x0000000089400000| Complete 
| 121|0x0000000089500000, 0x0000000089600000, 0x0000000089600000|100%| E|CS|TAMS 0x0000000089500000, 0x0000000089500000| Complete 
| 122|0x0000000089600000, 0x0000000089700000, 0x0000000089700000|100%| E|CS|TAMS 0x0000000089600000, 0x0000000089600000| Complete 
| 123|0x0000000089700000, 0x0000000089800000, 0x0000000089800000|100%| E|CS|TAMS 0x0000000089700000, 0x0000000089700000| Complete 
| 124|0x0000000089800000, 0x0000000089900000, 0x0000000089900000|100%| E|CS|TAMS 0x0000000089800000, 0x0000000089800000| Complete 
| 125|0x0000000089900000, 0x0000000089a00000, 0x0000000089a00000|100%| E|CS|TAMS 0x0000000089900000, 0x0000000089900000| Complete 
| 126|0x0000000089a00000, 0x0000000089b00000, 0x0000000089b00000|100%| E|CS|TAMS 0x0000000089a00000, 0x0000000089a00000| Complete 
| 127|0x0000000089b00000, 0x0000000089c00000, 0x0000000089c00000|100%| E|CS|TAMS 0x0000000089b00000, 0x0000000089b00000| Complete 

Card table byte_map: [0x000002075a340000,0x000002075a740000] _byte_map_base: 0x0000020759f32000

Marking Bits (Prev, Next): (CMBitMap*) 0x00000207408fc4a8, (CMBitMap*) 0x00000207408fc4e0
 Prev Bits: [0x000002075ab40000, 0x000002075cad0000)
 Next Bits: [0x000002075cad0000, 0x000002075ea60000)

Polling page: 0x0000020740990000

Metaspace:

Usage:
  Non-class:     17.57 MB capacity,    17.30 MB ( 98%) used,   218.73 KB (  1%) free+waste,    59.38 KB ( <1%) overhead. 
      Class:      2.48 MB capacity,     2.28 MB ( 92%) used,   171.92 KB (  7%) free+waste,    29.31 KB (  1%) overhead. 
       Both:     20.05 MB capacity,    19.58 MB ( 98%) used,   390.66 KB (  2%) free+waste,    88.69 KB ( <1%) overhead. 

Virtual space:
  Non-class space:       18.00 MB reserved,      17.75 MB ( 99%) committed 
      Class space:        1.00 GB reserved,       2.50 MB ( <1%) committed 
             Both:        1.02 GB reserved,      20.25 MB (  2%) committed 

Chunk freelists:
   Non-Class:  6.50 KB
       Class:  3.13 KB
        Both:  9.63 KB

CodeHeap 'non-profiled nmethods': size=120000Kb used=2095Kb max_used=2095Kb free=117904Kb
 bounds [0x0000020751f90000, 0x0000020752200000, 0x00000207594c0000]
CodeHeap 'profiled nmethods': size=120000Kb used=6099Kb max_used=6099Kb free=113900Kb
 bounds [0x000002074aa60000, 0x000002074b060000, 0x0000020751f90000]
CodeHeap 'non-nmethods': size=5760Kb used=1307Kb max_used=1355Kb free=4452Kb
 bounds [0x000002074a4c0000, 0x000002074a730000, 0x000002074aa60000]
 total_blobs=4944 nmethods=3230 adapters=628
 compilation: enabled
              stopped_count=0, restarted_count=0
 full_count=0

Compilation events (10 events):
Event: 5.963 Thread 0x0000020761ebb000 nmethod 3218 0x000002074b04f510 code [0x000002074b04f6e0, 0x000002074b04faf0]
Event: 5.963 Thread 0x0000020761ebb000 3219       3       javafx.scene.Node$NodeTransformation$2::invalidated (11 bytes)
Event: 5.963 Thread 0x0000020761ebb000 nmethod 3219 0x000002074b04fc10 code [0x000002074b04fe00, 0x000002074b050220]
Event: 5.963 Thread 0x0000020761ebb000 3220       3       javafx.scene.Node::setTranslateY (9 bytes)
Event: 5.964 Thread 0x0000020761ebb000 nmethod 3220 0x000002074b050410 code [0x000002074b050620, 0x000002074b050ea0]
Event: 5.964 Thread 0x0000020761ebb000 3221       3       javafx.scene.Node::translateYProperty (8 bytes)
Event: 5.964 Thread 0x000002076156b000 nmethod 3227 0x000002075218c790 code [0x000002075218c920, 0x000002075218cad8]
Event: 5.964 Thread 0x0000020761ebb000 nmethod 3221 0x000002074b051190 code [0x000002074b0513a0, 0x000002074b051af0]
Event: 5.964 Thread 0x000002076156b000 3229       4       com.sun.javafx.geom.RectBounds::deriveWithNewBounds (80 bytes)
Event: 5.964 Thread 0x0000020761ebb000 3222       3       javafx.scene.Node$NodeTransformation::translateYProperty (25 bytes)

GC Heap History (2 events):
Event: 0.824 GC heap before
{Heap before GC invocations=0 (full 0):
 garbage-first heap   total 131072K, used 23552K [0x0000000081c00000, 0x0000000100000000)
  region size 1024K, 24 young (24576K), 0 survivors (0K)
 Metaspace       used 12342K, capacity 12703K, committed 12800K, reserved 1060864K
  class space    used 1355K, capacity 1521K, committed 1536K, reserved 1048576K
}
Event: 0.829 GC heap after
{Heap after GC invocations=1 (full 0):
 garbage-first heap   total 131072K, used 3487K [0x0000000081c00000, 0x0000000100000000)
  region size 1024K, 3 young (3072K), 3 survivors (3072K)
 Metaspace       used 12342K, capacity 12703K, committed 12800K, reserved 1060864K
  class space    used 1355K, capacity 1521K, committed 1536K, reserved 1048576K
}

Deoptimization events (10 events):
Event: 5.579 Thread 0x0000020762cb1800 Uncommon trap: reason=class_check action=maybe_recompile pc=0x000002075216a7c8 method=com.sun.javafx.geom.CurveLink.absorb(Lcom/sun/javafx/geom/Curve;DDI)Z @ 40 c2
Event: 5.579 Thread 0x0000020762cb1800 Uncommon trap: reason=class_check action=maybe_recompile pc=0x000002075216a7c8 method=com.sun.javafx.geom.CurveLink.absorb(Lcom/sun/javafx/geom/Curve;DDI)Z @ 40 c2
Event: 5.652 Thread 0x0000020762cb1800 Uncommon trap: reason=class_check action=maybe_recompile pc=0x0000020752152534 method=com.sun.javafx.geom.CurveLink.absorb(Lcom/sun/javafx/geom/Curve;DDI)Z @ 40 c2
Event: 5.666 Thread 0x0000020762cb1800 Uncommon trap: reason=unstable_if action=reinterpret pc=0x0000020752156ef8 method=com.sun.javafx.geom.AreaOp$CAGOp.getState()I @ 4 c2
Event: 5.919 Thread 0x0000020762e1c800 Uncommon trap: reason=unstable_if action=reinterpret pc=0x0000020752070b98 method=java.lang.Math.round(F)I @ 23 c2
Event: 5.943 Thread 0x0000020762cb1800 Uncommon trap: reason=class_check action=maybe_recompile pc=0x0000020752072d94 method=com.sun.javafx.geom.Path2D.append(Lcom/sun/javafx/geom/PathIterator;Z)V @ 6 c2
Event: 5.953 Thread 0x0000020762cb1800 Uncommon trap: reason=unstable_if action=reinterpret pc=0x0000020752156654 method=javafx.scene.Parent.setChildDirty(Ljavafx/scene/Node;Z)V @ 22 c2
Event: 5.953 Thread 0x0000020762cb1800 Uncommon trap: reason=unstable_if action=reinterpret pc=0x0000020752155ae4 method=javafx.scene.Scene.addToDirtyList(Ljavafx/scene/Node;)V @ 43 c2
Event: 5.953 Thread 0x0000020762cb1800 Uncommon trap: reason=unstable_if action=reinterpret pc=0x0000020752157cb0 method=javafx.scene.Scene.addToDirtyList(Ljavafx/scene/Node;)V @ 43 c2
Event: 5.954 Thread 0x0000020762cb1800 Uncommon trap: reason=unstable_if action=reinterpret pc=0x0000020752116c7c method=javafx.scene.Scene.addToDirtyList(Ljavafx/scene/Node;)V @ 43 c2

Classes redefined (0 events):
No events

Internal exceptions (10 events):
Event: 0.879 Thread 0x0000020762cb1800 Exception <a 'java/lang/NoSuchMethodError'{0x0000000089afe140}: java.lang.invoke.DirectMethodHandle$Holder.invokeStatic(Ljava/lang/Object;Ljava/lang/Object;Ljava/lang/Object;Ljava/lang/Object;Ljava/lang/Object;Ljava/lang/Object;Ljava/lang/Object;Ljava/lan
Event: 0.880 Thread 0x0000020762cb1800 Exception <a 'java/lang/NoSuchMethodError'{0x000000008990c590}: java.lang.invoke.DirectMethodHandle$Holder.invokeStatic(Ljava/lang/Object;Ljava/lang/Object;Ljava/lang/Object;Ljava/lang/Object;Ljava/lang/Object;Ljava/lang/Object;Ljava/lang/Object;Ljava/lan
Event: 0.881 Thread 0x0000020762cb1800 Exception <a 'java/lang/NoSuchMethodError'{0x000000008991a238}: java.lang.invoke.DirectMethodHandle$Holder.invokeSpecial(Ljava/lang/Object;Ljava/lang/Object;IILjava/lang/Object;Ljava/lang/Object;Ljava/lang/Object;)Ljava/lang/Object;> (0x000000008991a238) 
Event: 0.881 Thread 0x0000020762cb1800 Exception <a 'java/lang/NoSuchMethodError'{0x000000008991d7c0}: java.lang.invoke.DelegatingMethodHandle$Holder.reinvoke_L(Ljava/lang/Object;IILjava/lang/Object;Ljava/lang/Object;Ljava/lang/Object;)Ljava/lang/Object;> (0x000000008991d7c0) thrown at [./open
Event: 0.882 Thread 0x0000020762cb1800 Exception <a 'java/lang/NoSuchMethodError'{0x0000000089921948}: java.lang.invoke.DirectMethodHandle$Holder.invokeStatic(Ljava/lang/Object;Ljava/lang/Object;Ljava/lang/Object;Ljava/lang/Object;I)Ljava/lang/Object;> (0x0000000089921948) thrown at [./open/sr
Event: 0.953 Thread 0x0000020762e1c800 Exception <a 'java/lang/NoSuchMethodError'{0x0000000089599cc8}: java.lang.invoke.DirectMethodHandle$Holder.invokeStaticInit(Ljava/lang/Object;Ljava/lang/Object;)I> (0x0000000089599cc8) thrown at [./open/src/hotspot/share/interpreter/linkResolver.cpp, line
Event: 1.223 Thread 0x0000020762cb1800 Exception <a 'java/lang/NoSuchMethodError'{0x0000000088cabf20}: java.lang.invoke.DirectMethodHandle$Holder.invokeStaticInit(Ljava/lang/Object;Ljava/lang/Object;Ljava/lang/Object;)J> (0x0000000088cabf20) thrown at [./open/src/hotspot/share/interpreter/link
Event: 1.226 Thread 0x0000020762cb1800 Exception <a 'java/lang/NoSuchMethodError'{0x0000000088cc4560}: java.lang.invoke.DirectMethodHandle$Holder.invokeStatic(Ljava/lang/Object;Ljava/lang/Object;J)Ljava/lang/Object;> (0x0000000088cc4560) thrown at [./open/src/hotspot/share/interpreter/linkReso
Event: 1.227 Thread 0x0000020762cb1800 Exception <a 'java/lang/NoSuchMethodError'{0x0000000088cca6d8}: java.lang.invoke.Invokers$Holder.linkToTargetMethod(Ljava/lang/Object;JLjava/lang/Object;)Ljava/lang/Object;> (0x0000000088cca6d8) thrown at [./open/src/hotspot/share/interpreter/linkResolver
Event: 2.186 Thread 0x0000020762cb1800 Implicit null exception at 0x00000207520775a7 to 0x0000020752077eee

Events (10 events):
Event: 5.953 Thread 0x0000020762cb1800 DEOPT UNPACKING pc=0x000002074a4e8f2f sp=0x0000004dab3d9b18 mode 2
Event: 5.953 Thread 0x0000020762cb1800 Uncommon trap: trap_request=0xffffff4d fr.pc=0x0000020752155ae4 relative=0x0000000000000404
Event: 5.953 Thread 0x0000020762cb1800 DEOPT PACKING pc=0x0000020752155ae4 sp=0x0000004dab3d9d20
Event: 5.953 Thread 0x0000020762cb1800 DEOPT UNPACKING pc=0x000002074a4e8f2f sp=0x0000004dab3d9a58 mode 2
Event: 5.953 Thread 0x0000020762cb1800 Uncommon trap: trap_request=0xffffff4d fr.pc=0x0000020752157cb0 relative=0x0000000000000370
Event: 5.953 Thread 0x0000020762cb1800 DEOPT PACKING pc=0x0000020752157cb0 sp=0x0000004dab3d9c90
Event: 5.953 Thread 0x0000020762cb1800 DEOPT UNPACKING pc=0x000002074a4e8f2f sp=0x0000004dab3d9a50 mode 2
Event: 5.954 Thread 0x0000020762cb1800 Uncommon trap: trap_request=0xffffff4d fr.pc=0x0000020752116c7c relative=0x000000000000033c
Event: 5.954 Thread 0x0000020762cb1800 DEOPT PACKING pc=0x0000020752116c7c sp=0x0000004dab3d9c80
Event: 5.954 Thread 0x0000020762cb1800 DEOPT UNPACKING pc=0x000002074a4e8f2f sp=0x0000004dab3d9b70 mode 2


Dynamic libraries:
0x00007ff637680000 - 0x00007ff6376c7000 	C:\Program Files\Java\jdk-11.0.7\bin\java.exe
0x00007ff87d600000 - 0x00007ff87d7f0000 	C:\WINDOWS\SYSTEM32\ntdll.dll
0x00007ff87c210000 - 0x00007ff87c2c2000 	C:\WINDOWS\System32\KERNEL32.DLL
0x00007ff87b0a0000 - 0x00007ff87b345000 	C:\WINDOWS\System32\KERNELBASE.dll
0x00007ff87be60000 - 0x00007ff87bf03000 	C:\WINDOWS\System32\ADVAPI32.dll
0x00007ff87c740000 - 0x00007ff87c7de000 	C:\WINDOWS\System32\msvcrt.dll
0x00007ff87b8f0000 - 0x00007ff87b987000 	C:\WINDOWS\System32\sechost.dll
0x00007ff87d410000 - 0x00007ff87d530000 	C:\WINDOWS\System32\RPCRT4.dll
0x00007ff87bf10000 - 0x00007ff87c0a4000 	C:\WINDOWS\System32\USER32.dll
0x00007ff87b450000 - 0x00007ff87b471000 	C:\WINDOWS\System32\win32u.dll
0x00007ff87b850000 - 0x00007ff87b876000 	C:\WINDOWS\System32\GDI32.dll
0x00007ff87aee0000 - 0x00007ff87b076000 	C:\WINDOWS\System32\gdi32full.dll
0x00007ff87b480000 - 0x00007ff87b51e000 	C:\WINDOWS\System32\msvcp_win.dll
0x00007ff87b350000 - 0x00007ff87b44a000 	C:\WINDOWS\System32\ucrtbase.dll
0x00007ff85ec80000 - 0x00007ff85ef04000 	C:\WINDOWS\WinSxS\amd64_microsoft.windows.common-controls_6595b64144ccf1df_6.0.18362.1198_none_9e820b57e45ad92f\COMCTL32.dll
0x00007ff872b00000 - 0x00007ff872b0a000 	C:\WINDOWS\SYSTEM32\VERSION.dll
0x00007ff87b9f0000 - 0x00007ff87bd25000 	C:\WINDOWS\System32\combase.dll
0x00007ff87a580000 - 0x00007ff87a600000 	C:\WINDOWS\System32\bcryptPrimitives.dll
0x00007ff87d590000 - 0x00007ff87d5be000 	C:\WINDOWS\System32\IMM32.DLL
0x00007ff872b10000 - 0x00007ff872b26000 	C:\Program Files\Java\jdk-11.0.7\bin\vcruntime140.dll
0x00007ff84eca0000 - 0x00007ff84ed4a000 	C:\Program Files\Java\jdk-11.0.7\bin\msvcp140.dll
0x00007ff82fd50000 - 0x00007ff8308b1000 	C:\Program Files\Java\jdk-11.0.7\bin\server\jvm.dll
0x00007ff87d3f0000 - 0x00007ff87d3f8000 	C:\WINDOWS\System32\PSAPI.DLL
0x00007ff8783e0000 - 0x00007ff878404000 	C:\WINDOWS\SYSTEM32\WINMM.dll
0x00007ff85a310000 - 0x00007ff85a319000 	C:\WINDOWS\SYSTEM32\WSOCK32.dll
0x00007ff87b880000 - 0x00007ff87b8ef000 	C:\WINDOWS\System32\WS2_32.dll
0x00007ff8783b0000 - 0x00007ff8783dd000 	C:\WINDOWS\SYSTEM32\winmmbase.dll
0x00007ff87b520000 - 0x00007ff87b56a000 	C:\WINDOWS\System32\cfgmgr32.dll
0x00007ff87a4f0000 - 0x00007ff87a501000 	C:\WINDOWS\System32\kernel.appcore.dll
0x00007ff870b50000 - 0x00007ff870b61000 	C:\Program Files\Java\jdk-11.0.7\bin\verify.dll
0x00007ff8647d0000 - 0x00007ff8649c4000 	C:\WINDOWS\SYSTEM32\DBGHELP.DLL
0x00007ff85c920000 - 0x00007ff85c94a000 	C:\WINDOWS\SYSTEM32\dbgcore.DLL
0x00007ff85fbf0000 - 0x00007ff85fc19000 	C:\Program Files\Java\jdk-11.0.7\bin\java.dll
0x00007ff872bc0000 - 0x00007ff872bca000 	C:\Program Files\Java\jdk-11.0.7\bin\jimage.dll
0x00007ff85b000000 - 0x00007ff85b030000 	C:\Program Files\Java\jdk-11.0.7\bin\instrument.dll
0x00007ff85cae0000 - 0x00007ff85caf6000 	C:\Program Files\Java\jdk-11.0.7\bin\zip.dll
0x00007ff87cbd0000 - 0x00007ff87d2b7000 	C:\WINDOWS\System32\SHELL32.dll
0x00007ff87bdb0000 - 0x00007ff87be59000 	C:\WINDOWS\System32\shcore.dll
0x00007ff87a600000 - 0x00007ff87ad81000 	C:\WINDOWS\System32\windows.storage.dll
0x00007ff87a4c0000 - 0x00007ff87a4e3000 	C:\WINDOWS\System32\profapi.dll
0x00007ff87a510000 - 0x00007ff87a55a000 	C:\WINDOWS\System32\powrprof.dll
0x00007ff87a4b0000 - 0x00007ff87a4c0000 	C:\WINDOWS\System32\UMPDC.dll
0x00007ff87c920000 - 0x00007ff87c972000 	C:\WINDOWS\System32\shlwapi.dll
0x00007ff87b080000 - 0x00007ff87b097000 	C:\WINDOWS\System32\cryptsp.dll
0x00007ff85afb0000 - 0x00007ff85afc9000 	C:\Program Files\Java\jdk-11.0.7\bin\net.dll
0x00007ff861b80000 - 0x00007ff861c70000 	C:\WINDOWS\SYSTEM32\WINHTTP.dll
0x00007ff879d00000 - 0x00007ff879d67000 	C:\WINDOWS\system32\mswsock.dll
0x00007ff859ae0000 - 0x00007ff859af3000 	C:\Program Files\Java\jdk-11.0.7\bin\nio.dll
0x00007ff875f00000 - 0x00007ff875f1a000 	C:\Program Files\JetBrains\IntelliJ IDEA Community Edition 2019.3.3\bin\breakgen64.dll
0x0000020763a40000 - 0x0000020763a43000 	F:\openjfx-11.0.2_windows-x64_bin-sdk\javafx-sdk-11.0.2\bin\api-ms-win-core-console-l1-1-0.dll
0x0000020763a50000 - 0x0000020763a53000 	F:\openjfx-11.0.2_windows-x64_bin-sdk\javafx-sdk-11.0.2\bin\api-ms-win-core-datetime-l1-1-0.dll
0x0000020763a60000 - 0x0000020763a63000 	F:\openjfx-11.0.2_windows-x64_bin-sdk\javafx-sdk-11.0.2\bin\api-ms-win-core-debug-l1-1-0.dll
0x0000020763a70000 - 0x0000020763a73000 	F:\openjfx-11.0.2_windows-x64_bin-sdk\javafx-sdk-11.0.2\bin\api-ms-win-core-errorhandling-l1-1-0.dll
0x0000020763a80000 - 0x0000020763a84000 	F:\openjfx-11.0.2_windows-x64_bin-sdk\javafx-sdk-11.0.2\bin\api-ms-win-core-file-l1-1-0.dll
0x0000020763a90000 - 0x0000020763a93000 	F:\openjfx-11.0.2_windows-x64_bin-sdk\javafx-sdk-11.0.2\bin\api-ms-win-core-file-l1-2-0.dll
0x0000020763aa0000 - 0x0000020763aa3000 	F:\openjfx-11.0.2_windows-x64_bin-sdk\javafx-sdk-11.0.2\bin\api-ms-win-core-file-l2-1-0.dll
0x0000020763ab0000 - 0x0000020763ab3000 	F:\openjfx-11.0.2_windows-x64_bin-sdk\javafx-sdk-11.0.2\bin\api-ms-win-core-handle-l1-1-0.dll
0x0000020763ac0000 - 0x0000020763ac3000 	F:\openjfx-11.0.2_windows-x64_bin-sdk\javafx-sdk-11.0.2\bin\api-ms-win-core-heap-l1-1-0.dll
0x0000020763ad0000 - 0x0000020763ad3000 	F:\openjfx-11.0.2_windows-x64_bin-sdk\javafx-sdk-11.0.2\bin\api-ms-win-core-interlocked-l1-1-0.dll
0x0000020763ae0000 - 0x0000020763ae3000 	F:\openjfx-11.0.2_windows-x64_bin-sdk\javafx-sdk-11.0.2\bin\api-ms-win-core-libraryloader-l1-1-0.dll
0x0000020763af0000 - 0x0000020763af3000 	F:\openjfx-11.0.2_windows-x64_bin-sdk\javafx-sdk-11.0.2\bin\api-ms-win-core-localization-l1-2-0.dll
0x0000020763b00000 - 0x0000020763b03000 	F:\openjfx-11.0.2_windows-x64_bin-sdk\javafx-sdk-11.0.2\bin\api-ms-win-core-memory-l1-1-0.dll
0x0000020763b10000 - 0x0000020763b13000 	F:\openjfx-11.0.2_windows-x64_bin-sdk\javafx-sdk-11.0.2\bin\api-ms-win-core-namedpipe-l1-1-0.dll
0x0000020763b20000 - 0x0000020763b23000 	F:\openjfx-11.0.2_windows-x64_bin-sdk\javafx-sdk-11.0.2\bin\api-ms-win-core-processenvironment-l1-1-0.dll
0x0000020763b30000 - 0x0000020763b33000 	F:\openjfx-11.0.2_windows-x64_bin-sdk\javafx-sdk-11.0.2\bin\api-ms-win-core-processthreads-l1-1-0.dll
0x0000020763b40000 - 0x0000020763b43000 	F:\openjfx-11.0.2_windows-x64_bin-sdk\javafx-sdk-11.0.2\bin\api-ms-win-core-processthreads-l1-1-1.dll
0x0000020763b50000 - 0x0000020763b53000 	F:\openjfx-11.0.2_windows-x64_bin-sdk\javafx-sdk-11.0.2\bin\api-ms-win-core-profile-l1-1-0.dll
0x0000020763b60000 - 0x0000020763b63000 	F:\openjfx-11.0.2_windows-x64_bin-sdk\javafx-sdk-11.0.2\bin\api-ms-win-core-rtlsupport-l1-1-0.dll
0x0000020763b70000 - 0x0000020763b73000 	F:\openjfx-11.0.2_windows-x64_bin-sdk\javafx-sdk-11.0.2\bin\api-ms-win-core-string-l1-1-0.dll
0x0000020763b80000 - 0x0000020763b83000 	F:\openjfx-11.0.2_windows-x64_bin-sdk\javafx-sdk-11.0.2\bin\api-ms-win-core-synch-l1-1-0.dll
0x0000020763b90000 - 0x0000020763b93000 	F:\openjfx-11.0.2_windows-x64_bin-sdk\javafx-sdk-11.0.2\bin\api-ms-win-core-synch-l1-2-0.dll
0x0000020763ba0000 - 0x0000020763ba3000 	F:\openjfx-11.0.2_windows-x64_bin-sdk\javafx-sdk-11.0.2\bin\api-ms-win-core-sysinfo-l1-1-0.dll
0x0000020763bb0000 - 0x0000020763bb3000 	F:\openjfx-11.0.2_windows-x64_bin-sdk\javafx-sdk-11.0.2\bin\api-ms-win-core-timezone-l1-1-0.dll
0x0000020763bc0000 - 0x0000020763bc3000 	F:\openjfx-11.0.2_windows-x64_bin-sdk\javafx-sdk-11.0.2\bin\api-ms-win-core-util-l1-1-0.dll
0x0000020763bd0000 - 0x0000020763bd3000 	F:\openjfx-11.0.2_windows-x64_bin-sdk\javafx-sdk-11.0.2\bin\api-ms-win-crt-conio-l1-1-0.dll
0x0000020763be0000 - 0x0000020763be4000 	F:\openjfx-11.0.2_windows-x64_bin-sdk\javafx-sdk-11.0.2\bin\api-ms-win-crt-convert-l1-1-0.dll
0x0000020763bf0000 - 0x0000020763bf3000 	F:\openjfx-11.0.2_windows-x64_bin-sdk\javafx-sdk-11.0.2\bin\api-ms-win-crt-environment-l1-1-0.dll
0x0000020763c00000 - 0x0000020763c03000 	F:\openjfx-11.0.2_windows-x64_bin-sdk\javafx-sdk-11.0.2\bin\api-ms-win-crt-filesystem-l1-1-0.dll
0x0000020763c10000 - 0x0000020763c13000 	F:\openjfx-11.0.2_windows-x64_bin-sdk\javafx-sdk-11.0.2\bin\api-ms-win-crt-heap-l1-1-0.dll
0x0000020763c20000 - 0x0000020763c23000 	F:\openjfx-11.0.2_windows-x64_bin-sdk\javafx-sdk-11.0.2\bin\api-ms-win-crt-locale-l1-1-0.dll
0x0000020763c30000 - 0x0000020763c35000 	F:\openjfx-11.0.2_windows-x64_bin-sdk\javafx-sdk-11.0.2\bin\api-ms-win-crt-math-l1-1-0.dll
0x0000020763c40000 - 0x0000020763c45000 	F:\openjfx-11.0.2_windows-x64_bin-sdk\javafx-sdk-11.0.2\bin\api-ms-win-crt-multibyte-l1-1-0.dll
0x0000020763c50000 - 0x0000020763c60000 	F:\openjfx-11.0.2_windows-x64_bin-sdk\javafx-sdk-11.0.2\bin\api-ms-win-crt-private-l1-1-0.dll
0x0000020763c60000 - 0x0000020763c63000 	F:\openjfx-11.0.2_windows-x64_bin-sdk\javafx-sdk-11.0.2\bin\api-ms-win-crt-process-l1-1-0.dll
0x0000020763c70000 - 0x0000020763c74000 	F:\openjfx-11.0.2_windows-x64_bin-sdk\javafx-sdk-11.0.2\bin\api-ms-win-crt-runtime-l1-1-0.dll
0x0000020763db0000 - 0x0000020763db4000 	F:\openjfx-11.0.2_windows-x64_bin-sdk\javafx-sdk-11.0.2\bin\api-ms-win-crt-stdio-l1-1-0.dll
0x0000020763c80000 - 0x0000020763c84000 	F:\openjfx-11.0.2_windows-x64_bin-sdk\javafx-sdk-11.0.2\bin\api-ms-win-crt-string-l1-1-0.dll
0x0000020763c90000 - 0x0000020763c93000 	F:\openjfx-11.0.2_windows-x64_bin-sdk\javafx-sdk-11.0.2\bin\api-ms-win-crt-time-l1-1-0.dll
0x0000020763ca0000 - 0x0000020763ca3000 	F:\openjfx-11.0.2_windows-x64_bin-sdk\javafx-sdk-11.0.2\bin\api-ms-win-crt-utility-l1-1-0.dll
0x00007ff85aeb0000 - 0x00007ff85afaa000 	F:\openjfx-11.0.2_windows-x64_bin-sdk\javafx-sdk-11.0.2\bin\ucrtbase.dll
0x00007ff8731c0000 - 0x00007ff8731d6000 	F:\openjfx-11.0.2_windows-x64_bin-sdk\javafx-sdk-11.0.2\bin\vcruntime140.dll
0x00007ff841610000 - 0x00007ff8416b6000 	F:\openjfx-11.0.2_windows-x64_bin-sdk\javafx-sdk-11.0.2\bin\msvcp140.dll
0x00007ff852090000 - 0x00007ff8520e1000 	F:\openjfx-11.0.2_windows-x64_bin-sdk\javafx-sdk-11.0.2\bin\concrt140.dll
0x00007ff85afd0000 - 0x00007ff85aff3000 	F:\openjfx-11.0.2_windows-x64_bin-sdk\javafx-sdk-11.0.2\bin\prism_d3d.dll
0x00007ff862b70000 - 0x00007ff862d37000 	C:\WINDOWS\system32\d3d9.dll
0x00007ff878c20000 - 0x00007ff878c4d000 	C:\WINDOWS\SYSTEM32\dwmapi.dll
0x00007ff8790f0000 - 0x00007ff879110000 	C:\WINDOWS\SYSTEM32\dxcore.dll
0x00007ff8787f0000 - 0x00007ff878889000 	C:\WINDOWS\system32\uxtheme.dll
0x00007ff82de80000 - 0x00007ff82dfe4000 	C:\WINDOWS\System32\DriverStore\FileRepository\iigd_dch.inf_amd64_a2d86d775f73d911\igdumdim64.dll
0x00007ff829b60000 - 0x00007ff82de7b000 	C:\WINDOWS\System32\DriverStore\FileRepository\iigd_dch.inf_amd64_a2d86d775f73d911\igd9dxva64.dll
0x00007ff87c0b0000 - 0x00007ff87c207000 	C:\WINDOWS\System32\ole32.dll
0x00007ff87b6b0000 - 0x00007ff87b775000 	C:\WINDOWS\System32\OLEAUT32.dll
0x00007ff86dc30000 - 0x00007ff86ddd4000 	C:\WINDOWS\System32\DriverStore\FileRepository\iigd_dch.inf_amd64_a2d86d775f73d911\igdgmm64.dll
0x00007ff852150000 - 0x00007ff852195000 	F:\openjfx-11.0.2_windows-x64_bin-sdk\javafx-sdk-11.0.2\bin\glass.dll
0x00007ff87b780000 - 0x00007ff87b850000 	C:\WINDOWS\System32\COMDLG32.dll
0x00007ff87c7e0000 - 0x00007ff87c915000 	C:\WINDOWS\System32\MSCTF.dll
0x00007ff83fd70000 - 0x00007ff83fd96000 	C:\WINDOWS\System32\DriverStore\FileRepository\iigd_dch.inf_amd64_a2d86d775f73d911\igdinfo64.dll
0x00007ff86b7b0000 - 0x00007ff86dbf9000 	C:\WINDOWS\System32\DriverStore\FileRepository\iigd_dch.inf_amd64_a2d86d775f73d911\igc64.dll
0x00007ff87d2d0000 - 0x00007ff87d372000 	C:\WINDOWS\System32\clbcatq.dll
0x00007ff875370000 - 0x00007ff87551f000 	C:\WINDOWS\SYSTEM32\WindowsCodecs.dll
0x00007ff8534e0000 - 0x00007ff85351a000 	C:\WINDOWS\system32\dataexchange.dll
0x00007ff8776c0000 - 0x00007ff87791b000 	C:\WINDOWS\system32\d3d11.dll
0x00007ff877d80000 - 0x00007ff877f5d000 	C:\WINDOWS\system32\dcomp.dll
0x00007ff879180000 - 0x00007ff87926b000 	C:\WINDOWS\system32\dxgi.dll
0x00007ff8788c0000 - 0x00007ff878b22000 	C:\WINDOWS\system32\twinapi.appcore.dll
0x00007ff878d30000 - 0x00007ff878d59000 	C:\WINDOWS\system32\RMCLIENT.dll
0x00007ff85ae70000 - 0x00007ff85aea3000 	C:\Program Files\Common Files\Microsoft Shared\Ink\rtscom.dll
0x00007ff85a500000 - 0x00007ff85a59e000 	C:\WINDOWS\System32\TextInputFramework.dll
0x00007ff875950000 - 0x00007ff875c7a000 	C:\WINDOWS\System32\CoreUIComponents.dll
0x00007ff8794f0000 - 0x00007ff879521000 	C:\WINDOWS\SYSTEM32\ntmarta.dll
0x00007ff8782d0000 - 0x00007ff8783a4000 	C:\WINDOWS\System32\CoreMessaging.dll
0x00007ff875fc0000 - 0x00007ff876113000 	C:\WINDOWS\SYSTEM32\wintypes.dll
0x00007ff863280000 - 0x00007ff863527000 	C:\WINDOWS\System32\iertutil.dll
0x00007ff853910000 - 0x00007ff853924000 	F:\openjfx-11.0.2_windows-x64_bin-sdk\javafx-sdk-11.0.2\bin\javafx_font.dll
0x00007ff857850000 - 0x00007ff857b4e000 	C:\WINDOWS\SYSTEM32\dwrite.dll
0x00007ff877100000 - 0x00007ff8776c0000 	C:\WINDOWS\SYSTEM32\d2d1.dll
0x00007ff871410000 - 0x00007ff871b51000 	C:\WINDOWS\SYSTEM32\D3D10Warp.dll
0x00007ff852be0000 - 0x00007ff852c0c000 	F:\openjfx-11.0.2_windows-x64_bin-sdk\javafx-sdk-11.0.2\bin\javafx_iio.dll

dbghelp: loaded successfully - version: 4.0.5 - missing functions: none
symbol engine: initialized successfully - sym options: 0x614 - pdb path: .;C:\Program Files\Java\jdk-11.0.7\bin;C:\WINDOWS\SYSTEM32;C:\WINDOWS\WinSxS\amd64_microsoft.windows.common-controls_6595b64144ccf1df_6.0.18362.1198_none_9e820b57e45ad92f;C:\Program Files\Java\jdk-11.0.7\bin\server;C:\Program Files\JetBrains\IntelliJ IDEA Community Edition 2019.3.3\bin;F:\openjfx-11.0.2_windows-x64_bin-sdk\javafx-sdk-11.0.2\bin;C:\WINDOWS\System32\DriverStore\FileRepository\iigd_dch.inf_amd64_a2d86d775f73d911;C:\Program Files\Common Files\Microsoft Shared\Ink

VM Arguments:
jvm_args: --module-path=F:\openjfx-11.0.2_windows-x64_bin-sdk\javafx-sdk-11.0.2\lib --add-modules=javafx.controls,javafx.fxml --add-exports=javafx.graphics/com.sun.javafx.sg.prism=ALL-UNNAMED --add-modules=javafx.base,javafx.graphics --add-reads=javafx.base=ALL-UNNAMED --add-reads=javafx.graphics=ALL-UNNAMED -javaagent:C:\Program Files\JetBrains\IntelliJ IDEA Community Edition 2019.3.3\lib\idea_rt.jar=53113:C:\Program Files\JetBrains\IntelliJ IDEA Community Edition 2019.3.3\bin -Dfile.encoding=UTF-8 
java_command: sample.Main
java_class_path (initial): D:\Semester 3\Advanced Programming\Project\Color Switch\out\production\Color Switch;F:\openjfx-11.0.2_windows-x64_bin-sdk\javafx-sdk-11.0.2\lib\src.zip;F:\openjfx-11.0.2_windows-x64_bin-sdk\javafx-sdk-11.0.2\lib\javafx-swt.jar;F:\openjfx-11.0.2_windows-x64_bin-sdk\javafx-sdk-11.0.2\lib\javafx.web.jar;F:\openjfx-11.0.2_windows-x64_bin-sdk\javafx-sdk-11.0.2\lib\javafx.base.jar;F:\openjfx-11.0.2_windows-x64_bin-sdk\javafx-sdk-11.0.2\lib\javafx.fxml.jar;F:\openjfx-11.0.2_windows-x64_bin-sdk\javafx-sdk-11.0.2\lib\javafx.media.jar;F:\openjfx-11.0.2_windows-x64_bin-sdk\javafx-sdk-11.0.2\lib\javafx.swing.jar;F:\openjfx-11.0.2_windows-x64_bin-sdk\javafx-sdk-11.0.2\lib\javafx.controls.jar;F:\openjfx-11.0.2_windows-x64_bin-sdk\javafx-sdk-11.0.2\lib\javafx.graphics.jar
Launcher Type: SUN_STANDARD

[Global flags]
     intx CICompilerCount                          = 4                                         {product} {ergonomic}
     uint ConcGCThreads                            = 2                                         {product} {ergonomic}
     uint G1ConcRefinementThreads                  = 8                                         {product} {ergonomic}
   size_t G1HeapRegionSize                         = 1048576                                   {product} {ergonomic}
    uintx GCDrainStackTargetSize                   = 64                                        {product} {ergonomic}
   size_t InitialHeapSize                          = 134217728                                 {product} {ergonomic}
   size_t MarkStackSize                            = 4194304                                   {product} {ergonomic}
   size_t MaxHeapSize                              = 2118123520                                {product} {ergonomic}
   size_t MaxNewSize                               = 1270874112                                {product} {ergonomic}
   size_t MinHeapDeltaBytes                        = 1048576                                   {product} {ergonomic}
    uintx NonNMethodCodeHeapSize                   = 5836300                                {pd product} {ergonomic}
    uintx NonProfiledCodeHeapSize                  = 122910970                              {pd product} {ergonomic}
    uintx ProfiledCodeHeapSize                     = 122910970                              {pd product} {ergonomic}
    uintx ReservedCodeCacheSize                    = 251658240                              {pd product} {ergonomic}
     bool SegmentedCodeCache                       = true                                      {product} {ergonomic}
     bool UseCompressedClassPointers               = true                                 {lp64_product} {ergonomic}
     bool UseCompressedOops                        = true                                 {lp64_product} {ergonomic}
     bool UseG1GC                                  = true                                      {product} {ergonomic}
     bool UseLargePagesIndividualAllocation        = false                                  {pd product} {ergonomic}

Logging:
Log output configuration:
 #0: stdout all=warning uptime,level,tags
 #1: stderr all=off uptime,level,tags

Environment Variables:
PATH=C:\windows\system32;C:\windows;C:\windows\System32\Wbem;C:\windows\System32\WindowsPowerShell\v1.0\;C:\windows\System32\OpenSSH\;C:\Program Files (x86)\NVIDIA Corporation\PhysX\Common;C:\Program Files\NVIDIA Corporation\NVIDIA NvDLISR;C:\WINDOWS\system32;C:\WINDOWS;C:\WINDOWS\System32\Wbem;C:\WINDOWS\System32\WindowsPowerShell\v1.0\;C:\WINDOWS\System32\OpenSSH\;C:\Program Files\MATLAB\R2020a\runtime\win64;C:\Program Files\MATLAB\R2020a\bin;C:\Program Files\Java\jdk-11.0.7\bin;C:\Strawberry\c\bin;C:\Strawberry\perl\site\bin;C:\Strawberry\perl\bin;C:\Program Files\Git\cmd;C:\Users\Rahul Sethi\anaconda3;C:\Users\Rahul Sethi\anaconda3\Library\mingw-w64\bin;C:\Users\Rahul Sethi\anaconda3\Library\usr\bin;C:\Users\Rahul Sethi\anaconda3\Library\bin;C:\Users\Rahul Sethi\anaconda3\Scripts;C:\windows\system32;C:\windows;C:\windows\System32\Wbem;C:\windows\System32\WindowsPowerShell\v1.0\;C:\windows\System32\OpenSSH\;C:\Program Files (x86)\NVIDIA Corporation\PhysX\Common;C:\Program Files\NVIDIA Corporation\NVIDIA NvDLISR;C:\WINDOWS\system32;C:\WINDOWS;C:\WINDOWS\System32\Wbem;C:\WINDOWS\System32\WindowsPowerShell\v1.0\;C:\WINDOWS\System32\OpenSSH\;C:\Program Files\MATLAB\R2020a\runtime\win64;C:\Program Files\MATLAB\R2020a\bin;C:\Program Files\Java\jdk-11.0.7\bin;C:\Strawberry\c\bin;C:\Strawberry\perl\site\bin;C:\Strawberry\perl\bin;C:\Program Files\Java\jdk1.8.0_231\bin;C:\Users\Rahul Sethi\AppData\Local\Programs\Microsoft VS Code\bin;C:\Users\Rahul Sethi\AppData\Local\Microsoft\WindowsApps;C:\Python34\Scripts;C:\Users\Rahul Sethi\AppData\Local\Programs\Python\Python37\Scripts
USERNAME=Rahul Sethi
OS=Windows_NT
PROCESSOR_IDENTIFIER=Intel64 Family 6 Model 142 Stepping 11, GenuineIntel



---------------  S Y S T E M  ---------------

OS: Windows 10 , 64 bit Build 18362 (10.0.18362.1110)

CPU:total 8 (initial active 8) (4 cores per cpu, 2 threads per core) family 6 model 142 stepping 11, cmov, cx8, fxsr, mmx, sse, sse2, sse3, ssse3, sse4.1, sse4.2, popcnt, avx, avx2, aes, clmul, erms, 3dnowpref, lzcnt, ht, tsc, tscinvbit, bmi1, bmi2, adx, fma

Memory: 4k page, system-wide physical 8079M (1122M free)
TotalPageFile size 14735M (AvailPageFile size 3108M)
current process WorkingSet (physical memory assigned to process): 260M, peak: 268M
current process commit charge ("private bytes"): 367M, peak: 375M

vm_info: Java HotSpot(TM) 64-Bit Server VM (11.0.7+8-LTS) for windows-amd64 JRE (11.0.7+8-LTS), built on Mar 12 2020 02:04:32 by "mach5one" with MS VC++ 15.5 (VS2017)

END.
